[2.182s] Invoking command in '/home/sudhindra/irc/rover_essentials/src/joy_can': PYTHONPATH=/home/sudhindra/irc/rover_essentials/build/joy_can/prefix_override:/usr/lib/python3/dist-packages/colcon_core/task/python/colcon_distutils_commands:/home/sudhindra/irc/rover_essentials/install/joy_can/lib/python3.10/site-packages:${PYTHONPATH} /usr/bin/python3 -W ignore:setup.py install is deprecated setup.py egg_info --egg-base ../../build/joy_can build --build-base /home/sudhindra/irc/rover_essentials/build/joy_can/build install --record /home/sudhindra/irc/rover_essentials/build/joy_can/install.log --single-version-externally-managed install_data
[2.633s] running egg_info
[2.634s] writing ../../build/joy_can/joy_can.egg-info/PKG-INFO
[2.634s] writing dependency_links to ../../build/joy_can/joy_can.egg-info/dependency_links.txt
[2.634s] writing entry points to ../../build/joy_can/joy_can.egg-info/entry_points.txt
[2.634s] writing requirements to ../../build/joy_can/joy_can.egg-info/requires.txt
[2.635s] writing top-level names to ../../build/joy_can/joy_can.egg-info/top_level.txt
[2.638s] reading manifest file '../../build/joy_can/joy_can.egg-info/SOURCES.txt'
[2.639s] writing manifest file '../../build/joy_can/joy_can.egg-info/SOURCES.txt'
[2.640s] running build
[2.640s] running build_py
[2.640s] running install
[2.640s] running install_lib
[2.642s] running install_data
[2.643s] running install_egg_info
[2.646s] removing '/home/sudhindra/irc/rover_essentials/install/joy_can/lib/python3.10/site-packages/joy_can-0.0.0-py3.10.egg-info' (and everything under it)
[2.646s] Copying ../../build/joy_can/joy_can.egg-info to /home/sudhindra/irc/rover_essentials/install/joy_can/lib/python3.10/site-packages/joy_can-0.0.0-py3.10.egg-info
[2.647s] running install_scripts
[2.673s] Installing arm_master script to /home/sudhindra/irc/rover_essentials/install/joy_can/lib/joy_can
[2.673s] Installing drive_master script to /home/sudhindra/irc/rover_essentials/install/joy_can/lib/joy_can
[2.673s] Installing gripper script to /home/sudhindra/irc/rover_essentials/install/joy_can/lib/joy_can
[2.673s] Installing master script to /home/sudhindra/irc/rover_essentials/install/joy_can/lib/joy_can
[2.673s] writing list of installed files to '/home/sudhindra/irc/rover_essentials/build/joy_can/install.log'
[2.709s] Invoked command in '/home/sudhindra/irc/rover_essentials/src/joy_can' returned '0': PYTHONPATH=/home/sudhindra/irc/rover_essentials/build/joy_can/prefix_override:/usr/lib/python3/dist-packages/colcon_core/task/python/colcon_distutils_commands:/home/sudhindra/irc/rover_essentials/install/joy_can/lib/python3.10/site-packages:${PYTHONPATH} /usr/bin/python3 -W ignore:setup.py install is deprecated setup.py egg_info --egg-base ../../build/joy_can build --build-base /home/sudhindra/irc/rover_essentials/build/joy_can/build install --record /home/sudhindra/irc/rover_essentials/build/joy_can/install.log --single-version-externally-managed install_data
