running egg_info
writing ../../build/auto_bridge/auto_bridge.egg-info/PKG-INFO
writing dependency_links to ../../build/auto_bridge/auto_bridge.egg-info/dependency_links.txt
writing entry points to ../../build/auto_bridge/auto_bridge.egg-info/entry_points.txt
writing requirements to ../../build/auto_bridge/auto_bridge.egg-info/requires.txt
writing top-level names to ../../build/auto_bridge/auto_bridge.egg-info/top_level.txt
reading manifest file '../../build/auto_bridge/auto_bridge.egg-info/SOURCES.txt'
writing manifest file '../../build/auto_bridge/auto_bridge.egg-info/SOURCES.txt'
running build
running build_py
running install
running install_lib
running install_data
running install_egg_info
removing '/home/sudhindra/irc/rover_essentials/install/auto_bridge/lib/python3.10/site-packages/auto_bridge-0.0.0-py3.10.egg-info' (and everything under it)
Copying ../../build/auto_bridge/auto_bridge.egg-info to /home/sudhindra/irc/rover_essentials/install/auto_bridge/lib/python3.10/site-packages/auto_bridge-0.0.0-py3.10.egg-info
running install_scripts
Installing auto_drive script to /home/sudhindra/irc/rover_essentials/install/auto_bridge/lib/auto_bridge
Installing relay_auto script to /home/sudhindra/irc/rover_essentials/install/auto_bridge/lib/auto_bridge
writing list of installed files to '/home/sudhindra/irc/rover_essentials/build/auto_bridge/install.log'
