[2.194s] Invoking command in '/home/sudhindra/irc/rover_essentials/src/auto_bridge': PYTHONPATH=/home/sudhindra/irc/rover_essentials/build/auto_bridge/prefix_override:/usr/lib/python3/dist-packages/colcon_core/task/python/colcon_distutils_commands:/home/sudhindra/irc/rover_essentials/install/auto_bridge/lib/python3.10/site-packages:${PYTHONPATH} /usr/bin/python3 -W ignore:setup.py install is deprecated setup.py egg_info --egg-base ../../build/auto_bridge build --build-base /home/sudhindra/irc/rover_essentials/build/auto_bridge/build install --record /home/sudhindra/irc/rover_essentials/build/auto_bridge/install.log --single-version-externally-managed install_data
[2.536s] running egg_info
[2.536s] writing ../../build/auto_bridge/auto_bridge.egg-info/PKG-INFO
[2.539s] writing dependency_links to ../../build/auto_bridge/auto_bridge.egg-info/dependency_links.txt
[2.539s] writing entry points to ../../build/auto_bridge/auto_bridge.egg-info/entry_points.txt
[2.539s] writing requirements to ../../build/auto_bridge/auto_bridge.egg-info/requires.txt
[2.539s] writing top-level names to ../../build/auto_bridge/auto_bridge.egg-info/top_level.txt
[2.539s] reading manifest file '../../build/auto_bridge/auto_bridge.egg-info/SOURCES.txt'
[2.540s] writing manifest file '../../build/auto_bridge/auto_bridge.egg-info/SOURCES.txt'
[2.540s] running build
[2.540s] running build_py
[2.540s] running install
[2.541s] running install_lib
[2.542s] running install_data
[2.542s] running install_egg_info
[2.544s] removing '/home/sudhindra/irc/rover_essentials/install/auto_bridge/lib/python3.10/site-packages/auto_bridge-0.0.0-py3.10.egg-info' (and everything under it)
[2.544s] Copying ../../build/auto_bridge/auto_bridge.egg-info to /home/sudhindra/irc/rover_essentials/install/auto_bridge/lib/python3.10/site-packages/auto_bridge-0.0.0-py3.10.egg-info
[2.545s] running install_scripts
[2.568s] Installing auto_drive script to /home/sudhindra/irc/rover_essentials/install/auto_bridge/lib/auto_bridge
[2.568s] Installing relay_auto script to /home/sudhindra/irc/rover_essentials/install/auto_bridge/lib/auto_bridge
[2.568s] writing list of installed files to '/home/sudhindra/irc/rover_essentials/build/auto_bridge/install.log'
[2.610s] Invoked command in '/home/sudhindra/irc/rover_essentials/src/auto_bridge' returned '0': PYTHONPATH=/home/sudhindra/irc/rover_essentials/build/auto_bridge/prefix_override:/usr/lib/python3/dist-packages/colcon_core/task/python/colcon_distutils_commands:/home/sudhindra/irc/rover_essentials/install/auto_bridge/lib/python3.10/site-packages:${PYTHONPATH} /usr/bin/python3 -W ignore:setup.py install is deprecated setup.py egg_info --egg-base ../../build/auto_bridge build --build-base /home/sudhindra/irc/rover_essentials/build/auto_bridge/build install --record /home/sudhindra/irc/rover_essentials/build/auto_bridge/install.log --single-version-externally-managed install_data
