running egg_info
creating ../../build/auto_bridge/auto_bridge.egg-info
writing ../../build/auto_bridge/auto_bridge.egg-info/PKG-INFO
writing dependency_links to ../../build/auto_bridge/auto_bridge.egg-info/dependency_links.txt
writing entry points to ../../build/auto_bridge/auto_bridge.egg-info/entry_points.txt
writing requirements to ../../build/auto_bridge/auto_bridge.egg-info/requires.txt
writing top-level names to ../../build/auto_bridge/auto_bridge.egg-info/top_level.txt
writing manifest file '../../build/auto_bridge/auto_bridge.egg-info/SOURCES.txt'
reading manifest file '../../build/auto_bridge/auto_bridge.egg-info/SOURCES.txt'
writing manifest file '../../build/auto_bridge/auto_bridge.egg-info/SOURCES.txt'
running build
running build_py
creating /home/sudhindra/irc_2025/rover_essentials/build/auto_bridge/build
creating /home/sudhindra/irc_2025/rover_essentials/build/auto_bridge/build/lib
creating /home/sudhindra/irc_2025/rover_essentials/build/auto_bridge/build/lib/auto_bridge
copying auto_bridge/__init__.py -> /home/sudhindra/irc_2025/rover_essentials/build/auto_bridge/build/lib/auto_bridge
running install
running install_lib
creating /home/sudhindra/irc_2025/rover_essentials/install/auto_bridge/lib/python3.10/site-packages/auto_bridge
copying /home/sudhindra/irc_2025/rover_essentials/build/auto_bridge/build/lib/auto_bridge/__init__.py -> /home/sudhindra/irc_2025/rover_essentials/install/auto_bridge/lib/python3.10/site-packages/auto_bridge
byte-compiling /home/sudhindra/irc_2025/rover_essentials/install/auto_bridge/lib/python3.10/site-packages/auto_bridge/__init__.py to __init__.cpython-310.pyc
running install_data
creating /home/sudhindra/irc_2025/rover_essentials/install/auto_bridge/share/ament_index
creating /home/sudhindra/irc_2025/rover_essentials/install/auto_bridge/share/ament_index/resource_index
creating /home/sudhindra/irc_2025/rover_essentials/install/auto_bridge/share/ament_index/resource_index/packages
copying resource/auto_bridge -> /home/sudhindra/irc_2025/rover_essentials/install/auto_bridge/share/ament_index/resource_index/packages
copying package.xml -> /home/sudhindra/irc_2025/rover_essentials/install/auto_bridge/share/auto_bridge
running install_egg_info
Copying ../../build/auto_bridge/auto_bridge.egg-info to /home/sudhindra/irc_2025/rover_essentials/install/auto_bridge/lib/python3.10/site-packages/auto_bridge-0.0.0-py3.10.egg-info
running install_scripts
writing list of installed files to '/home/sudhindra/irc_2025/rover_essentials/build/auto_bridge/install.log'
