[2.075s] Invoking command in '/home/sudhindra/irc_2025/rover_essentials/src/bio_package': PYTHONPATH=/home/sudhindra/irc_2025/rover_essentials/build/bio_package/prefix_override:/usr/lib/python3/dist-packages/colcon_core/task/python/colcon_distutils_commands:/home/sudhindra/irc_2025/rover_essentials/install/bio_package/lib/python3.10/site-packages:${PYTHONPATH} /usr/bin/python3 -W ignore:setup.py install is deprecated setup.py egg_info --egg-base ../../build/bio_package build --build-base /home/sudhindra/irc_2025/rover_essentials/build/bio_package/build install --record /home/sudhindra/irc_2025/rover_essentials/build/bio_package/install.log --single-version-externally-managed install_data
[2.861s] running egg_info
[2.864s] writing ../../build/bio_package/bio_package.egg-info/PKG-INFO
[2.866s] writing dependency_links to ../../build/bio_package/bio_package.egg-info/dependency_links.txt
[2.866s] writing entry points to ../../build/bio_package/bio_package.egg-info/entry_points.txt
[2.866s] writing requirements to ../../build/bio_package/bio_package.egg-info/requires.txt
[2.867s] writing top-level names to ../../build/bio_package/bio_package.egg-info/top_level.txt
[2.872s] reading manifest file '../../build/bio_package/bio_package.egg-info/SOURCES.txt'
[2.872s] writing manifest file '../../build/bio_package/bio_package.egg-info/SOURCES.txt'
[2.872s] running build
[2.873s] running build_py
[2.873s] copying bio_package/cameras.py -> /home/sudhindra/irc_2025/rover_essentials/build/bio_package/build/lib/bio_package
[2.874s] copying bio_package/joining_node.py -> /home/sudhindra/irc_2025/rover_essentials/build/bio_package/build/lib/bio_package
[2.875s] copying bio_package/node_mcu_interface.py -> /home/sudhindra/irc_2025/rover_essentials/build/bio_package/build/lib/bio_package
[2.875s] copying bio_package/relay.py -> /home/sudhindra/irc_2025/rover_essentials/build/bio_package/build/lib/bio_package
[2.875s] copying bio_package/pid.py -> /home/sudhindra/irc_2025/rover_essentials/build/bio_package/build/lib/bio_package
[2.878s] copying bio_package/bio_controller.py -> /home/sudhindra/irc_2025/rover_essentials/build/bio_package/build/lib/bio_package
[2.878s] running install
[2.878s] running install_lib
[2.879s] copying /home/sudhindra/irc_2025/rover_essentials/build/bio_package/build/lib/bio_package/cameras.py -> /home/sudhindra/irc_2025/rover_essentials/install/bio_package/lib/python3.10/site-packages/bio_package
[2.879s] copying /home/sudhindra/irc_2025/rover_essentials/build/bio_package/build/lib/bio_package/joining_node.py -> /home/sudhindra/irc_2025/rover_essentials/install/bio_package/lib/python3.10/site-packages/bio_package
[2.879s] copying /home/sudhindra/irc_2025/rover_essentials/build/bio_package/build/lib/bio_package/node_mcu_interface.py -> /home/sudhindra/irc_2025/rover_essentials/install/bio_package/lib/python3.10/site-packages/bio_package
[2.879s] copying /home/sudhindra/irc_2025/rover_essentials/build/bio_package/build/lib/bio_package/relay.py -> /home/sudhindra/irc_2025/rover_essentials/install/bio_package/lib/python3.10/site-packages/bio_package
[2.880s] copying /home/sudhindra/irc_2025/rover_essentials/build/bio_package/build/lib/bio_package/pid.py -> /home/sudhindra/irc_2025/rover_essentials/install/bio_package/lib/python3.10/site-packages/bio_package
[2.880s] copying /home/sudhindra/irc_2025/rover_essentials/build/bio_package/build/lib/bio_package/bio_controller.py -> /home/sudhindra/irc_2025/rover_essentials/install/bio_package/lib/python3.10/site-packages/bio_package
[2.880s] byte-compiling /home/sudhindra/irc_2025/rover_essentials/install/bio_package/lib/python3.10/site-packages/bio_package/cameras.py to cameras.cpython-310.pyc
[2.883s] byte-compiling /home/sudhindra/irc_2025/rover_essentials/install/bio_package/lib/python3.10/site-packages/bio_package/joining_node.py to joining_node.cpython-310.pyc
[2.885s] byte-compiling /home/sudhindra/irc_2025/rover_essentials/install/bio_package/lib/python3.10/site-packages/bio_package/node_mcu_interface.py to node_mcu_interface.cpython-310.pyc
[2.886s] byte-compiling /home/sudhindra/irc_2025/rover_essentials/install/bio_package/lib/python3.10/site-packages/bio_package/relay.py to relay.cpython-310.pyc
[2.888s] byte-compiling /home/sudhindra/irc_2025/rover_essentials/install/bio_package/lib/python3.10/site-packages/bio_package/pid.py to pid.cpython-310.pyc
[2.893s] byte-compiling /home/sudhindra/irc_2025/rover_essentials/install/bio_package/lib/python3.10/site-packages/bio_package/bio_controller.py to bio_controller.cpython-310.pyc
[2.896s] running install_data
[2.896s] creating /home/sudhindra/irc_2025/rover_essentials/install/bio_package/share/bio_package/launch
[2.896s] copying launch/bio_launch.py -> /home/sudhindra/irc_2025/rover_essentials/install/bio_package/share/bio_package/launch
[2.897s] running install_egg_info
[2.902s] removing '/home/sudhindra/irc_2025/rover_essentials/install/bio_package/lib/python3.10/site-packages/bio_package-0.0.0-py3.10.egg-info' (and everything under it)
[2.902s] Copying ../../build/bio_package/bio_package.egg-info to /home/sudhindra/irc_2025/rover_essentials/install/bio_package/lib/python3.10/site-packages/bio_package-0.0.0-py3.10.egg-info
[2.903s] running install_scripts
[2.957s] Installing bio_cache script to /home/sudhindra/irc_2025/rover_essentials/install/bio_package/lib/bio_package
[2.957s] Installing bio_controller script to /home/sudhindra/irc_2025/rover_essentials/install/bio_package/lib/bio_package
[2.960s] Installing cameras script to /home/sudhindra/irc_2025/rover_essentials/install/bio_package/lib/bio_package
[2.961s] Installing joining_node script to /home/sudhindra/irc_2025/rover_essentials/install/bio_package/lib/bio_package
[2.961s] Installing node_mcu_interface script to /home/sudhindra/irc_2025/rover_essentials/install/bio_package/lib/bio_package
[2.961s] Installing pid script to /home/sudhindra/irc_2025/rover_essentials/install/bio_package/lib/bio_package
[2.961s] Installing relay script to /home/sudhindra/irc_2025/rover_essentials/install/bio_package/lib/bio_package
[2.961s] writing list of installed files to '/home/sudhindra/irc_2025/rover_essentials/build/bio_package/install.log'
[3.018s] Invoked command in '/home/sudhindra/irc_2025/rover_essentials/src/bio_package' returned '0': PYTHONPATH=/home/sudhindra/irc_2025/rover_essentials/build/bio_package/prefix_override:/usr/lib/python3/dist-packages/colcon_core/task/python/colcon_distutils_commands:/home/sudhindra/irc_2025/rover_essentials/install/bio_package/lib/python3.10/site-packages:${PYTHONPATH} /usr/bin/python3 -W ignore:setup.py install is deprecated setup.py egg_info --egg-base ../../build/bio_package build --build-base /home/sudhindra/irc_2025/rover_essentials/build/bio_package/build install --record /home/sudhindra/irc_2025/rover_essentials/build/bio_package/install.log --single-version-externally-managed install_data
