[2.370s] Invoking command in '/home/sudhindra/irc_2025/rover_essentials/src/joy_can': PYTHONPATH=/home/sudhindra/irc_2025/rover_essentials/build/joy_can/prefix_override:/usr/lib/python3/dist-packages/colcon_core/task/python/colcon_distutils_commands:/home/sudhindra/irc_2025/rover_essentials/install/joy_can/lib/python3.10/site-packages:${PYTHONPATH} /usr/bin/python3 -W ignore:setup.py install is deprecated setup.py egg_info --egg-base ../../build/joy_can build --build-base /home/sudhindra/irc_2025/rover_essentials/build/joy_can/build install --record /home/sudhindra/irc_2025/rover_essentials/build/joy_can/install.log --single-version-externally-managed install_data
[2.906s] running egg_info
[2.907s] creating ../../build/joy_can/joy_can.egg-info
[2.907s] writing ../../build/joy_can/joy_can.egg-info/PKG-INFO
[2.907s] writing dependency_links to ../../build/joy_can/joy_can.egg-info/dependency_links.txt
[2.908s] writing entry points to ../../build/joy_can/joy_can.egg-info/entry_points.txt
[2.908s] writing requirements to ../../build/joy_can/joy_can.egg-info/requires.txt
[2.908s] writing top-level names to ../../build/joy_can/joy_can.egg-info/top_level.txt
[2.908s] writing manifest file '../../build/joy_can/joy_can.egg-info/SOURCES.txt'
[2.911s] reading manifest file '../../build/joy_can/joy_can.egg-info/SOURCES.txt'
[2.912s] writing manifest file '../../build/joy_can/joy_can.egg-info/SOURCES.txt'
[2.913s] running build
[2.913s] running build_py
[2.913s] creating /home/sudhindra/irc_2025/rover_essentials/build/joy_can/build
[2.913s] creating /home/sudhindra/irc_2025/rover_essentials/build/joy_can/build/lib
[2.913s] creating /home/sudhindra/irc_2025/rover_essentials/build/joy_can/build/lib/joy_can
[2.914s] copying joy_can/__init__.py -> /home/sudhindra/irc_2025/rover_essentials/build/joy_can/build/lib/joy_can
[2.914s] running install
[2.914s] running install_lib
[2.915s] creating /home/sudhindra/irc_2025/rover_essentials/install/joy_can/lib/python3.10/site-packages/joy_can
[2.915s] copying /home/sudhindra/irc_2025/rover_essentials/build/joy_can/build/lib/joy_can/__init__.py -> /home/sudhindra/irc_2025/rover_essentials/install/joy_can/lib/python3.10/site-packages/joy_can
[2.916s] byte-compiling /home/sudhindra/irc_2025/rover_essentials/install/joy_can/lib/python3.10/site-packages/joy_can/__init__.py to __init__.cpython-310.pyc
[2.916s] running install_data
[2.916s] creating /home/sudhindra/irc_2025/rover_essentials/install/joy_can/share/ament_index
[2.917s] creating /home/sudhindra/irc_2025/rover_essentials/install/joy_can/share/ament_index/resource_index
[2.917s] creating /home/sudhindra/irc_2025/rover_essentials/install/joy_can/share/ament_index/resource_index/packages
[2.917s] copying resource/joy_can -> /home/sudhindra/irc_2025/rover_essentials/install/joy_can/share/ament_index/resource_index/packages
[2.917s] copying package.xml -> /home/sudhindra/irc_2025/rover_essentials/install/joy_can/share/joy_can
[2.917s] running install_egg_info
[2.920s] Copying ../../build/joy_can/joy_can.egg-info to /home/sudhindra/irc_2025/rover_essentials/install/joy_can/lib/python3.10/site-packages/joy_can-0.0.0-py3.10.egg-info
[2.921s] running install_scripts
[2.958s] writing list of installed files to '/home/sudhindra/irc_2025/rover_essentials/build/joy_can/install.log'
[2.995s] Invoked command in '/home/sudhindra/irc_2025/rover_essentials/src/joy_can' returned '0': PYTHONPATH=/home/sudhindra/irc_2025/rover_essentials/build/joy_can/prefix_override:/usr/lib/python3/dist-packages/colcon_core/task/python/colcon_distutils_commands:/home/sudhindra/irc_2025/rover_essentials/install/joy_can/lib/python3.10/site-packages:${PYTHONPATH} /usr/bin/python3 -W ignore:setup.py install is deprecated setup.py egg_info --egg-base ../../build/joy_can build --build-base /home/sudhindra/irc_2025/rover_essentials/build/joy_can/build install --record /home/sudhindra/irc_2025/rover_essentials/build/joy_can/install.log --single-version-externally-managed install_data
