[2.339s] Invoking command in '/home/sudhindra/irc_2025/rover_essentials/src/joy_can': PYTHONPATH=/home/sudhindra/irc_2025/rover_essentials/build/joy_can/prefix_override:/usr/lib/python3/dist-packages/colcon_core/task/python/colcon_distutils_commands:/home/sudhindra/irc_2025/rover_essentials/install/joy_can/lib/python3.10/site-packages:${PYTHONPATH} /usr/bin/python3 -W ignore:setup.py install is deprecated setup.py egg_info --egg-base ../../build/joy_can build --build-base /home/sudhindra/irc_2025/rover_essentials/build/joy_can/build install --record /home/sudhindra/irc_2025/rover_essentials/build/joy_can/install.log --single-version-externally-managed install_data
[3.107s] running egg_info
[3.109s] writing ../../build/joy_can/joy_can.egg-info/PKG-INFO
[3.110s] writing dependency_links to ../../build/joy_can/joy_can.egg-info/dependency_links.txt
[3.111s] writing entry points to ../../build/joy_can/joy_can.egg-info/entry_points.txt
[3.111s] writing requirements to ../../build/joy_can/joy_can.egg-info/requires.txt
[3.111s] writing top-level names to ../../build/joy_can/joy_can.egg-info/top_level.txt
[3.116s] reading manifest file '../../build/joy_can/joy_can.egg-info/SOURCES.txt'
[3.118s] writing manifest file '../../build/joy_can/joy_can.egg-info/SOURCES.txt'
[3.119s] running build
[3.119s] running build_py
[3.119s] copying joy_can/CANIn.py -> /home/sudhindra/irc_2025/rover_essentials/build/joy_can/build/lib/joy_can
[3.119s] copying joy_can/gripper.py -> /home/sudhindra/irc_2025/rover_essentials/build/joy_can/build/lib/joy_can
[3.120s] copying joy_can/DriveCAN.py -> /home/sudhindra/irc_2025/rover_essentials/build/joy_can/build/lib/joy_can
[3.120s] copying joy_can/ArmCAN.py -> /home/sudhindra/irc_2025/rover_essentials/build/joy_can/build/lib/joy_can
[3.121s] running install
[3.122s] running install_lib
[3.123s] copying /home/sudhindra/irc_2025/rover_essentials/build/joy_can/build/lib/joy_can/CANIn.py -> /home/sudhindra/irc_2025/rover_essentials/install/joy_can/lib/python3.10/site-packages/joy_can
[3.124s] copying /home/sudhindra/irc_2025/rover_essentials/build/joy_can/build/lib/joy_can/gripper.py -> /home/sudhindra/irc_2025/rover_essentials/install/joy_can/lib/python3.10/site-packages/joy_can
[3.124s] copying /home/sudhindra/irc_2025/rover_essentials/build/joy_can/build/lib/joy_can/DriveCAN.py -> /home/sudhindra/irc_2025/rover_essentials/install/joy_can/lib/python3.10/site-packages/joy_can
[3.124s] copying /home/sudhindra/irc_2025/rover_essentials/build/joy_can/build/lib/joy_can/ArmCAN.py -> /home/sudhindra/irc_2025/rover_essentials/install/joy_can/lib/python3.10/site-packages/joy_can
[3.126s] byte-compiling /home/sudhindra/irc_2025/rover_essentials/install/joy_can/lib/python3.10/site-packages/joy_can/CANIn.py to CANIn.cpython-310.pyc
[3.132s] byte-compiling /home/sudhindra/irc_2025/rover_essentials/install/joy_can/lib/python3.10/site-packages/joy_can/gripper.py to gripper.cpython-310.pyc
[3.133s] byte-compiling /home/sudhindra/irc_2025/rover_essentials/install/joy_can/lib/python3.10/site-packages/joy_can/DriveCAN.py to DriveCAN.cpython-310.pyc
[3.137s] byte-compiling /home/sudhindra/irc_2025/rover_essentials/install/joy_can/lib/python3.10/site-packages/joy_can/ArmCAN.py to ArmCAN.cpython-310.pyc
[3.141s] running install_data
[3.141s] creating /home/sudhindra/irc_2025/rover_essentials/install/joy_can/share/joy_can/launch
[3.142s] copying launch/DriveCAN.sh -> /home/sudhindra/irc_2025/rover_essentials/install/joy_can/share/joy_can/launch
[3.142s] copying launch/ArmLaunch.py -> /home/sudhindra/irc_2025/rover_essentials/install/joy_can/share/joy_can/launch
[3.143s] copying launch/ArmCAN.sh -> /home/sudhindra/irc_2025/rover_essentials/install/joy_can/share/joy_can/launch
[3.145s] copying launch/DriveLaunch.py -> /home/sudhindra/irc_2025/rover_essentials/install/joy_can/share/joy_can/launch
[3.146s] running install_egg_info
[3.148s] removing '/home/sudhindra/irc_2025/rover_essentials/install/joy_can/lib/python3.10/site-packages/joy_can-0.0.0-py3.10.egg-info' (and everything under it)
[3.148s] Copying ../../build/joy_can/joy_can.egg-info to /home/sudhindra/irc_2025/rover_essentials/install/joy_can/lib/python3.10/site-packages/joy_can-0.0.0-py3.10.egg-info
[3.149s] running install_scripts
[3.187s] Installing arm_master script to /home/sudhindra/irc_2025/rover_essentials/install/joy_can/lib/joy_can
[3.187s] Installing drive_master script to /home/sudhindra/irc_2025/rover_essentials/install/joy_can/lib/joy_can
[3.187s] Installing gripper script to /home/sudhindra/irc_2025/rover_essentials/install/joy_can/lib/joy_can
[3.188s] Installing master script to /home/sudhindra/irc_2025/rover_essentials/install/joy_can/lib/joy_can
[3.188s] writing list of installed files to '/home/sudhindra/irc_2025/rover_essentials/build/joy_can/install.log'
[3.242s] Invoked command in '/home/sudhindra/irc_2025/rover_essentials/src/joy_can' returned '0': PYTHONPATH=/home/sudhindra/irc_2025/rover_essentials/build/joy_can/prefix_override:/usr/lib/python3/dist-packages/colcon_core/task/python/colcon_distutils_commands:/home/sudhindra/irc_2025/rover_essentials/install/joy_can/lib/python3.10/site-packages:${PYTHONPATH} /usr/bin/python3 -W ignore:setup.py install is deprecated setup.py egg_info --egg-base ../../build/joy_can build --build-base /home/sudhindra/irc_2025/rover_essentials/build/joy_can/build install --record /home/sudhindra/irc_2025/rover_essentials/build/joy_can/install.log --single-version-externally-managed install_data
