running egg_info
writing ../../build/bio_package/bio_package.egg-info/PKG-INFO
writing dependency_links to ../../build/bio_package/bio_package.egg-info/dependency_links.txt
writing entry points to ../../build/bio_package/bio_package.egg-info/entry_points.txt
writing requirements to ../../build/bio_package/bio_package.egg-info/requires.txt
writing top-level names to ../../build/bio_package/bio_package.egg-info/top_level.txt
reading manifest file '../../build/bio_package/bio_package.egg-info/SOURCES.txt'
writing manifest file '../../build/bio_package/bio_package.egg-info/SOURCES.txt'
running build
running build_py
running install
running install_lib
running install_data
running install_egg_info
removing '/home/sudhindra/irc/rover_essentials/install/bio_package/lib/python3.10/site-packages/bio_package-0.0.0-py3.10.egg-info' (and everything under it)
Copying ../../build/bio_package/bio_package.egg-info to /home/sudhindra/irc/rover_essentials/install/bio_package/lib/python3.10/site-packages/bio_package-0.0.0-py3.10.egg-info
running install_scripts
Installing bio_cache script to /home/sudhindra/irc/rover_essentials/install/bio_package/lib/bio_package
Installing bio_controller script to /home/sudhindra/irc/rover_essentials/install/bio_package/lib/bio_package
Installing cameras script to /home/sudhindra/irc/rover_essentials/install/bio_package/lib/bio_package
Installing joining_node script to /home/sudhindra/irc/rover_essentials/install/bio_package/lib/bio_package
Installing node_mcu_interface script to /home/sudhindra/irc/rover_essentials/install/bio_package/lib/bio_package
Installing pid script to /home/sudhindra/irc/rover_essentials/install/bio_package/lib/bio_package
Installing relay script to /home/sudhindra/irc/rover_essentials/install/bio_package/lib/bio_package
writing list of installed files to '/home/sudhindra/irc/rover_essentials/build/bio_package/install.log'
