[1.937s] Invoking command in '/home/sudhindra/irc/rover_essentials/src/bio_package': PYTHONPATH=/home/sudhindra/irc/rover_essentials/build/bio_package/prefix_override:/usr/lib/python3/dist-packages/colcon_core/task/python/colcon_distutils_commands:/home/sudhindra/irc/rover_essentials/install/bio_package/lib/python3.10/site-packages:${PYTHONPATH} /usr/bin/python3 -W ignore:setup.py install is deprecated setup.py egg_info --egg-base ../../build/bio_package build --build-base /home/sudhindra/irc/rover_essentials/build/bio_package/build install --record /home/sudhindra/irc/rover_essentials/build/bio_package/install.log --single-version-externally-managed install_data
[2.388s] running egg_info
[2.389s] writing ../../build/bio_package/bio_package.egg-info/PKG-INFO
[2.390s] writing dependency_links to ../../build/bio_package/bio_package.egg-info/dependency_links.txt
[2.390s] writing entry points to ../../build/bio_package/bio_package.egg-info/entry_points.txt
[2.390s] writing requirements to ../../build/bio_package/bio_package.egg-info/requires.txt
[2.391s] writing top-level names to ../../build/bio_package/bio_package.egg-info/top_level.txt
[2.393s] reading manifest file '../../build/bio_package/bio_package.egg-info/SOURCES.txt'
[2.395s] writing manifest file '../../build/bio_package/bio_package.egg-info/SOURCES.txt'
[2.395s] running build
[2.395s] running build_py
[2.396s] running install
[2.396s] running install_lib
[2.398s] running install_data
[2.398s] running install_egg_info
[2.407s] removing '/home/sudhindra/irc/rover_essentials/install/bio_package/lib/python3.10/site-packages/bio_package-0.0.0-py3.10.egg-info' (and everything under it)
[2.408s] Copying ../../build/bio_package/bio_package.egg-info to /home/sudhindra/irc/rover_essentials/install/bio_package/lib/python3.10/site-packages/bio_package-0.0.0-py3.10.egg-info
[2.408s] running install_scripts
[2.433s] Installing bio_cache script to /home/sudhindra/irc/rover_essentials/install/bio_package/lib/bio_package
[2.433s] Installing bio_controller script to /home/sudhindra/irc/rover_essentials/install/bio_package/lib/bio_package
[2.434s] Installing cameras script to /home/sudhindra/irc/rover_essentials/install/bio_package/lib/bio_package
[2.434s] Installing joining_node script to /home/sudhindra/irc/rover_essentials/install/bio_package/lib/bio_package
[2.434s] Installing node_mcu_interface script to /home/sudhindra/irc/rover_essentials/install/bio_package/lib/bio_package
[2.434s] Installing pid script to /home/sudhindra/irc/rover_essentials/install/bio_package/lib/bio_package
[2.435s] Installing relay script to /home/sudhindra/irc/rover_essentials/install/bio_package/lib/bio_package
[2.435s] writing list of installed files to '/home/sudhindra/irc/rover_essentials/build/bio_package/install.log'
[2.472s] Invoked command in '/home/sudhindra/irc/rover_essentials/src/bio_package' returned '0': PYTHONPATH=/home/sudhindra/irc/rover_essentials/build/bio_package/prefix_override:/usr/lib/python3/dist-packages/colcon_core/task/python/colcon_distutils_commands:/home/sudhindra/irc/rover_essentials/install/bio_package/lib/python3.10/site-packages:${PYTHONPATH} /usr/bin/python3 -W ignore:setup.py install is deprecated setup.py egg_info --egg-base ../../build/bio_package build --build-base /home/sudhindra/irc/rover_essentials/build/bio_package/build install --record /home/sudhindra/irc/rover_essentials/build/bio_package/install.log --single-version-externally-managed install_data
