running egg_info
writing ../../build/fpv_pkg/fpv_pkg.egg-info/PKG-INFO
writing dependency_links to ../../build/fpv_pkg/fpv_pkg.egg-info/dependency_links.txt
writing entry points to ../../build/fpv_pkg/fpv_pkg.egg-info/entry_points.txt
writing requirements to ../../build/fpv_pkg/fpv_pkg.egg-info/requires.txt
writing top-level names to ../../build/fpv_pkg/fpv_pkg.egg-info/top_level.txt
reading manifest file '../../build/fpv_pkg/fpv_pkg.egg-info/SOURCES.txt'
writing manifest file '../../build/fpv_pkg/fpv_pkg.egg-info/SOURCES.txt'
running build
running build_py
copying fpv_pkg/drive_FPV.py -> /home/sudhindra/irc_2025/rover_essentials/build/fpv_pkg/build/lib/fpv_pkg
copying fpv_pkg/cam_pano.py -> /home/sudhindra/irc_2025/rover_essentials/build/fpv_pkg/build/lib/fpv_pkg
running install
running install_lib
copying /home/sudhindra/irc_2025/rover_essentials/build/fpv_pkg/build/lib/fpv_pkg/drive_FPV.py -> /home/sudhindra/irc_2025/rover_essentials/install/fpv_pkg/lib/python3.10/site-packages/fpv_pkg
copying /home/sudhindra/irc_2025/rover_essentials/build/fpv_pkg/build/lib/fpv_pkg/cam_pano.py -> /home/sudhindra/irc_2025/rover_essentials/install/fpv_pkg/lib/python3.10/site-packages/fpv_pkg
byte-compiling /home/sudhindra/irc_2025/rover_essentials/install/fpv_pkg/lib/python3.10/site-packages/fpv_pkg/drive_FPV.py to drive_FPV.cpython-310.pyc
byte-compiling /home/sudhindra/irc_2025/rover_essentials/install/fpv_pkg/lib/python3.10/site-packages/fpv_pkg/cam_pano.py to cam_pano.cpython-310.pyc
running install_data
running install_egg_info
removing '/home/sudhindra/irc_2025/rover_essentials/install/fpv_pkg/lib/python3.10/site-packages/fpv_pkg-0.0.0-py3.10.egg-info' (and everything under it)
Copying ../../build/fpv_pkg/fpv_pkg.egg-info to /home/sudhindra/irc_2025/rover_essentials/install/fpv_pkg/lib/python3.10/site-packages/fpv_pkg-0.0.0-py3.10.egg-info
running install_scripts
Installing drive_fpv script to /home/sudhindra/irc_2025/rover_essentials/install/fpv_pkg/lib/fpv_pkg
writing list of installed files to '/home/sudhindra/irc_2025/rover_essentials/build/fpv_pkg/install.log'
