[2.190s] Invoking command in '/home/sudhindra/irc_2025/rover_essentials/src/fpv_pkg': PYTHONPATH=/home/sudhindra/irc_2025/rover_essentials/build/fpv_pkg/prefix_override:/usr/lib/python3/dist-packages/colcon_core/task/python/colcon_distutils_commands:/home/sudhindra/irc_2025/rover_essentials/install/fpv_pkg/lib/python3.10/site-packages:${PYTHONPATH} /usr/bin/python3 -W ignore:setup.py install is deprecated setup.py egg_info --egg-base ../../build/fpv_pkg build --build-base /home/sudhindra/irc_2025/rover_essentials/build/fpv_pkg/build install --record /home/sudhindra/irc_2025/rover_essentials/build/fpv_pkg/install.log --single-version-externally-managed install_data
[3.006s] running egg_info
[3.014s] writing ../../build/fpv_pkg/fpv_pkg.egg-info/PKG-INFO
[3.014s] writing dependency_links to ../../build/fpv_pkg/fpv_pkg.egg-info/dependency_links.txt
[3.014s] writing entry points to ../../build/fpv_pkg/fpv_pkg.egg-info/entry_points.txt
[3.016s] writing requirements to ../../build/fpv_pkg/fpv_pkg.egg-info/requires.txt
[3.017s] writing top-level names to ../../build/fpv_pkg/fpv_pkg.egg-info/top_level.txt
[3.017s] reading manifest file '../../build/fpv_pkg/fpv_pkg.egg-info/SOURCES.txt'
[3.021s] writing manifest file '../../build/fpv_pkg/fpv_pkg.egg-info/SOURCES.txt'
[3.021s] running build
[3.021s] running build_py
[3.022s] copying fpv_pkg/drive_FPV.py -> /home/sudhindra/irc_2025/rover_essentials/build/fpv_pkg/build/lib/fpv_pkg
[3.022s] copying fpv_pkg/cam_pano.py -> /home/sudhindra/irc_2025/rover_essentials/build/fpv_pkg/build/lib/fpv_pkg
[3.022s] running install
[3.022s] running install_lib
[3.022s] copying /home/sudhindra/irc_2025/rover_essentials/build/fpv_pkg/build/lib/fpv_pkg/drive_FPV.py -> /home/sudhindra/irc_2025/rover_essentials/install/fpv_pkg/lib/python3.10/site-packages/fpv_pkg
[3.023s] copying /home/sudhindra/irc_2025/rover_essentials/build/fpv_pkg/build/lib/fpv_pkg/cam_pano.py -> /home/sudhindra/irc_2025/rover_essentials/install/fpv_pkg/lib/python3.10/site-packages/fpv_pkg
[3.023s] byte-compiling /home/sudhindra/irc_2025/rover_essentials/install/fpv_pkg/lib/python3.10/site-packages/fpv_pkg/drive_FPV.py to drive_FPV.cpython-310.pyc
[3.025s] byte-compiling /home/sudhindra/irc_2025/rover_essentials/install/fpv_pkg/lib/python3.10/site-packages/fpv_pkg/cam_pano.py to cam_pano.cpython-310.pyc
[3.027s] running install_data
[3.030s] running install_egg_info
[3.033s] removing '/home/sudhindra/irc_2025/rover_essentials/install/fpv_pkg/lib/python3.10/site-packages/fpv_pkg-0.0.0-py3.10.egg-info' (and everything under it)
[3.034s] Copying ../../build/fpv_pkg/fpv_pkg.egg-info to /home/sudhindra/irc_2025/rover_essentials/install/fpv_pkg/lib/python3.10/site-packages/fpv_pkg-0.0.0-py3.10.egg-info
[3.036s] running install_scripts
[3.091s] Installing drive_fpv script to /home/sudhindra/irc_2025/rover_essentials/install/fpv_pkg/lib/fpv_pkg
[3.092s] writing list of installed files to '/home/sudhindra/irc_2025/rover_essentials/build/fpv_pkg/install.log'
[3.150s] Invoked command in '/home/sudhindra/irc_2025/rover_essentials/src/fpv_pkg' returned '0': PYTHONPATH=/home/sudhindra/irc_2025/rover_essentials/build/fpv_pkg/prefix_override:/usr/lib/python3/dist-packages/colcon_core/task/python/colcon_distutils_commands:/home/sudhindra/irc_2025/rover_essentials/install/fpv_pkg/lib/python3.10/site-packages:${PYTHONPATH} /usr/bin/python3 -W ignore:setup.py install is deprecated setup.py egg_info --egg-base ../../build/fpv_pkg build --build-base /home/sudhindra/irc_2025/rover_essentials/build/fpv_pkg/build install --record /home/sudhindra/irc_2025/rover_essentials/build/fpv_pkg/install.log --single-version-externally-managed install_data
