/home/sudhindra/irc/rover_essentials/install/joy_can/lib/python3.10/site-packages/joy_can/CANIn.py
/home/sudhindra/irc/rover_essentials/install/joy_can/lib/python3.10/site-packages/joy_can/gripper.py
/home/sudhindra/irc/rover_essentials/install/joy_can/lib/python3.10/site-packages/joy_can/__init__.py
/home/sudhindra/irc/rover_essentials/install/joy_can/lib/python3.10/site-packages/joy_can/DriveCAN.py
/home/sudhindra/irc/rover_essentials/install/joy_can/lib/python3.10/site-packages/joy_can/ArmCAN.py
/home/sudhindra/irc/rover_essentials/install/joy_can/lib/python3.10/site-packages/joy_can/__pycache__/CANIn.cpython-310.pyc
/home/sudhindra/irc/rover_essentials/install/joy_can/lib/python3.10/site-packages/joy_can/__pycache__/gripper.cpython-310.pyc
/home/sudhindra/irc/rover_essentials/install/joy_can/lib/python3.10/site-packages/joy_can/__pycache__/__init__.cpython-310.pyc
/home/sudhindra/irc/rover_essentials/install/joy_can/lib/python3.10/site-packages/joy_can/__pycache__/DriveCAN.cpython-310.pyc
/home/sudhindra/irc/rover_essentials/install/joy_can/lib/python3.10/site-packages/joy_can/__pycache__/ArmCAN.cpython-310.pyc
/home/sudhindra/irc/rover_essentials/install/joy_can/share/ament_index/resource_index/packages/joy_can
/home/sudhindra/irc/rover_essentials/install/joy_can/share/joy_can/package.xml
/home/sudhindra/irc/rover_essentials/install/joy_can/share/joy_can/launch/DriveCAN.sh
/home/sudhindra/irc/rover_essentials/install/joy_can/share/joy_can/launch/ArmLaunch.py
/home/sudhindra/irc/rover_essentials/install/joy_can/share/joy_can/launch/ArmCAN.sh
/home/sudhindra/irc/rover_essentials/install/joy_can/share/joy_can/launch/DriveLaunch.py
/home/sudhindra/irc/rover_essentials/install/joy_can/lib/python3.10/site-packages/joy_can-0.0.0-py3.10.egg-info/top_level.txt
/home/sudhindra/irc/rover_essentials/install/joy_can/lib/python3.10/site-packages/joy_can-0.0.0-py3.10.egg-info/SOURCES.txt
/home/sudhindra/irc/rover_essentials/install/joy_can/lib/python3.10/site-packages/joy_can-0.0.0-py3.10.egg-info/requires.txt
/home/sudhindra/irc/rover_essentials/install/joy_can/lib/python3.10/site-packages/joy_can-0.0.0-py3.10.egg-info/zip-safe
/home/sudhindra/irc/rover_essentials/install/joy_can/lib/python3.10/site-packages/joy_can-0.0.0-py3.10.egg-info/PKG-INFO
/home/sudhindra/irc/rover_essentials/install/joy_can/lib/python3.10/site-packages/joy_can-0.0.0-py3.10.egg-info/entry_points.txt
/home/sudhindra/irc/rover_essentials/install/joy_can/lib/python3.10/site-packages/joy_can-0.0.0-py3.10.egg-info/dependency_links.txt
/home/sudhindra/irc/rover_essentials/install/joy_can/lib/joy_can/arm_master
/home/sudhindra/irc/rover_essentials/install/joy_can/lib/joy_can/drive_master
/home/sudhindra/irc/rover_essentials/install/joy_can/lib/joy_can/gripper
/home/sudhindra/irc/rover_essentials/install/joy_can/lib/joy_can/master
