[2.065s] Invoking command in '/home/sudhindra/irc/rover_essentials/src/fpv_pkg': PYTHONPATH=/home/sudhindra/irc/rover_essentials/build/fpv_pkg/prefix_override:/usr/lib/python3/dist-packages/colcon_core/task/python/colcon_distutils_commands:/home/sudhindra/irc/rover_essentials/install/fpv_pkg/lib/python3.10/site-packages:${PYTHONPATH} /usr/bin/python3 -W ignore:setup.py install is deprecated setup.py egg_info --egg-base ../../build/fpv_pkg build --build-base /home/sudhindra/irc/rover_essentials/build/fpv_pkg/build install --record /home/sudhindra/irc/rover_essentials/build/fpv_pkg/install.log --single-version-externally-managed install_data
[2.501s] running egg_info
[2.502s] writing ../../build/fpv_pkg/fpv_pkg.egg-info/PKG-INFO
[2.502s] writing dependency_links to ../../build/fpv_pkg/fpv_pkg.egg-info/dependency_links.txt
[2.502s] writing entry points to ../../build/fpv_pkg/fpv_pkg.egg-info/entry_points.txt
[2.505s] writing requirements to ../../build/fpv_pkg/fpv_pkg.egg-info/requires.txt
[2.506s] writing top-level names to ../../build/fpv_pkg/fpv_pkg.egg-info/top_level.txt
[2.506s] reading manifest file '../../build/fpv_pkg/fpv_pkg.egg-info/SOURCES.txt'
[2.506s] writing manifest file '../../build/fpv_pkg/fpv_pkg.egg-info/SOURCES.txt'
[2.507s] running build
[2.507s] running build_py
[2.507s] running install
[2.507s] running install_lib
[2.508s] running install_data
[2.508s] running install_egg_info
[2.511s] removing '/home/sudhindra/irc/rover_essentials/install/fpv_pkg/lib/python3.10/site-packages/fpv_pkg-0.0.0-py3.10.egg-info' (and everything under it)
[2.511s] Copying ../../build/fpv_pkg/fpv_pkg.egg-info to /home/sudhindra/irc/rover_essentials/install/fpv_pkg/lib/python3.10/site-packages/fpv_pkg-0.0.0-py3.10.egg-info
[2.512s] running install_scripts
[2.535s] Installing drive_fpv script to /home/sudhindra/irc/rover_essentials/install/fpv_pkg/lib/fpv_pkg
[2.536s] writing list of installed files to '/home/sudhindra/irc/rover_essentials/build/fpv_pkg/install.log'
[2.580s] Invoked command in '/home/sudhindra/irc/rover_essentials/src/fpv_pkg' returned '0': PYTHONPATH=/home/sudhindra/irc/rover_essentials/build/fpv_pkg/prefix_override:/usr/lib/python3/dist-packages/colcon_core/task/python/colcon_distutils_commands:/home/sudhindra/irc/rover_essentials/install/fpv_pkg/lib/python3.10/site-packages:${PYTHONPATH} /usr/bin/python3 -W ignore:setup.py install is deprecated setup.py egg_info --egg-base ../../build/fpv_pkg build --build-base /home/sudhindra/irc/rover_essentials/build/fpv_pkg/build install --record /home/sudhindra/irc/rover_essentials/build/fpv_pkg/install.log --single-version-externally-managed install_data
