[1.216s] Invoking command in '/home/sudhindra/irc_2025/rover_essentials/build/msg_interfaces': CMAKE_PREFIX_PATH=${CMAKE_PREFIX_PATH}:/opt/ros/humble /usr/bin/cmake /home/sudhindra/irc_2025/rover_essentials/src/msg_interfaces -DCMAKE_INSTALL_PREFIX=/home/sudhindra/irc_2025/rover_essentials/install/msg_interfaces
[1.260s] -- The C compiler identification is GNU 11.4.0
[1.307s] -- The CXX compiler identification is GNU 11.4.0
[1.315s] -- Detecting C compiler ABI info
[1.369s] -- Detecting C compiler ABI info - done
[1.381s] -- Check for working C compiler: /usr/bin/cc - skipped
[1.382s] -- Detecting C compile features
[1.382s] -- Detecting C compile features - done
[1.386s] -- Detecting CXX compiler ABI info
[1.448s] -- Detecting CXX compiler ABI info - done
[1.455s] -- Check for working CXX compiler: /usr/bin/c++ - skipped
[1.455s] -- Detecting CXX compile features
[1.456s] -- Detecting CXX compile features - done
[1.458s] -- Found ament_cmake: 1.3.10 (/opt/ros/humble/share/ament_cmake/cmake)
[1.638s] -- Found Python3: /usr/bin/python3 (found version "3.10.12") found components: Interpreter 
[1.764s] -- Found geometry_msgs: 4.2.4 (/opt/ros/humble/share/geometry_msgs/cmake)
[1.826s] -- Found rosidl_generator_c: 3.1.5 (/opt/ros/humble/share/rosidl_generator_c/cmake)
[1.836s] -- Found rosidl_adapter: 3.1.5 (/opt/ros/humble/share/rosidl_adapter/cmake)
[1.849s] -- Found rosidl_generator_cpp: 3.1.5 (/opt/ros/humble/share/rosidl_generator_cpp/cmake)
[1.871s] -- Using all available rosidl_typesupport_c: rosidl_typesupport_fastrtps_c;rosidl_typesupport_introspection_c
[1.904s] -- Using all available rosidl_typesupport_cpp: rosidl_typesupport_fastrtps_cpp;rosidl_typesupport_introspection_cpp
[1.987s] -- Found rosidl_default_generators: 1.2.0 (/opt/ros/humble/share/rosidl_default_generators/cmake)
[2.915s] -- Found ament_cmake_ros: 0.10.0 (/opt/ros/humble/share/ament_cmake_ros/cmake)
[3.776s] -- Using all available rosidl_typesupport_c: rosidl_typesupport_fastrtps_c;rosidl_typesupport_introspection_c
[4.095s] -- Using all available rosidl_typesupport_cpp: rosidl_typesupport_fastrtps_cpp;rosidl_typesupport_introspection_cpp
[4.117s] -- Found PythonInterp: /usr/bin/python3 (found suitable version "3.10.12", minimum required is "3.6") 
[4.119s] -- Found python_cmake_module: 0.10.0 (/opt/ros/humble/share/python_cmake_module/cmake)
[4.148s] -- Found PythonLibs: /usr/lib/x86_64-linux-gnu/libpython3.10.so (found suitable version "3.10.12", minimum required is "3.5") 
[4.148s] -- Using PYTHON_EXECUTABLE: /usr/bin/python3
[4.148s] -- Using PYTHON_INCLUDE_DIRS: /usr/include/python3.10
[4.149s] -- Using PYTHON_LIBRARIES: /usr/lib/x86_64-linux-gnu/libpython3.10.so
[4.169s] -- Found PythonExtra: .so  
[4.226s] -- Found ament_lint_auto: 0.12.11 (/opt/ros/humble/share/ament_lint_auto/cmake)
[4.245s] -- Added test 'lint_cmake' to check CMake code style
[4.246s] -- Added test 'xmllint' to check XML markup files
[4.248s] -- Configuring done
[4.310s] -- Generating done
[4.312s] -- Build files have been written to: /home/sudhindra/irc_2025/rover_essentials/build/msg_interfaces
[4.319s] Invoked command in '/home/sudhindra/irc_2025/rover_essentials/build/msg_interfaces' returned '0': CMAKE_PREFIX_PATH=${CMAKE_PREFIX_PATH}:/opt/ros/humble /usr/bin/cmake /home/sudhindra/irc_2025/rover_essentials/src/msg_interfaces -DCMAKE_INSTALL_PREFIX=/home/sudhindra/irc_2025/rover_essentials/install/msg_interfaces
[4.321s] Invoking command in '/home/sudhindra/irc_2025/rover_essentials/build/msg_interfaces': CMAKE_PREFIX_PATH=${CMAKE_PREFIX_PATH}:/opt/ros/humble /usr/bin/cmake --build /home/sudhindra/irc_2025/rover_essentials/build/msg_interfaces -- -j8 -l8
[4.352s] [  1%] [34m[1mGenerating C code for ROS interfaces[0m
[4.361s] [  1%] [34m[1mGenerating C++ code for ROS interfaces[0m
[4.367s] [  1%] Built target ament_cmake_python_copy_msg_interfaces
[4.655s] running egg_info
[4.655s] creating msg_interfaces.egg-info
[4.656s] writing msg_interfaces.egg-info/PKG-INFO
[4.656s] writing dependency_links to msg_interfaces.egg-info/dependency_links.txt
[4.656s] writing top-level names to msg_interfaces.egg-info/top_level.txt
[4.656s] writing manifest file 'msg_interfaces.egg-info/SOURCES.txt'
[4.659s] reading manifest file 'msg_interfaces.egg-info/SOURCES.txt'
[4.659s] writing manifest file 'msg_interfaces.egg-info/SOURCES.txt'
[4.693s] [  1%] Built target ament_cmake_python_build_msg_interfaces_egg
[5.160s] [  1%] Built target msg_interfaces__cpp
[5.168s] [  4%] [34m[1mGenerating C++ type support for eProsima Fast-RTPS[0m
[5.168s] [  4%] [34m[1mGenerating C++ introspection for ROS interfaces[0m
[5.168s] [  4%] [34m[1mGenerating C++ type support dispatch for ROS interfaces[0m
[5.369s] [  9%] [32mBuilding C object CMakeFiles/msg_interfaces__rosidl_generator_c.dir/rosidl_generator_c/msg_interfaces/msg/detail/shoulder_joint_velocity__functions.c.o[0m
[5.370s] [  9%] [32mBuilding C object CMakeFiles/msg_interfaces__rosidl_generator_c.dir/rosidl_generator_c/msg_interfaces/msg/detail/encoder_drive__functions.c.o[0m
[5.370s] [  9%] [32mBuilding C object CMakeFiles/msg_interfaces__rosidl_generator_c.dir/rosidl_generator_c/msg_interfaces/msg/detail/drive__functions.c.o[0m
[5.370s] [  9%] [32mBuilding C object CMakeFiles/msg_interfaces__rosidl_generator_c.dir/rosidl_generator_c/msg_interfaces/msg/detail/arm_end_motion__functions.c.o[0m
[5.370s] [  9%] [32mBuilding C object CMakeFiles/msg_interfaces__rosidl_generator_c.dir/rosidl_generator_c/msg_interfaces/msg/detail/encoder_arm__functions.c.o[0m
[5.444s] [ 10%] [32mBuilding C object CMakeFiles/msg_interfaces__rosidl_generator_c.dir/rosidl_generator_c/msg_interfaces/msg/detail/wrist_joint_velocity__functions.c.o[0m
[5.446s] [ 11%] [32mBuilding C object CMakeFiles/msg_interfaces__rosidl_generator_c.dir/rosidl_generator_c/msg_interfaces/msg/detail/base_motion__functions.c.o[0m
[5.446s] [ 12%] [32mBuilding C object CMakeFiles/msg_interfaces__rosidl_generator_c.dir/rosidl_generator_c/msg_interfaces/msg/detail/final_vel__functions.c.o[0m
[5.450s] [ 13%] [32mBuilding C object CMakeFiles/msg_interfaces__rosidl_generator_c.dir/rosidl_generator_c/msg_interfaces/msg/detail/target_pose__functions.c.o[0m
[5.453s] [ 14%] [32mBuilding C object CMakeFiles/msg_interfaces__rosidl_generator_c.dir/rosidl_generator_c/msg_interfaces/msg/detail/arm_angle__functions.c.o[0m
[5.524s] [ 15%] [32m[1mLinking C shared library libmsg_interfaces__rosidl_generator_c.so[0m
[5.559s] [ 15%] Built target msg_interfaces__rosidl_generator_c
[5.573s] [ 16%] [34m[1mGenerating C introspection for ROS interfaces[0m
[5.575s] [ 18%] [34m[1mGenerating C type support for eProsima Fast-RTPS[0m
[5.575s] [ 18%] [34m[1mGenerating C type support dispatch for ROS interfaces[0m
[6.084s] [ 19%] [32mBuilding CXX object CMakeFiles/msg_interfaces__rosidl_typesupport_cpp.dir/rosidl_typesupport_cpp/msg_interfaces/msg/drive__type_support.cpp.o[0m
[6.089s] [ 20%] [32mBuilding CXX object CMakeFiles/msg_interfaces__rosidl_typesupport_cpp.dir/rosidl_typesupport_cpp/msg_interfaces/msg/arm_end_motion__type_support.cpp.o[0m
[6.112s] [ 21%] [32mBuilding CXX object CMakeFiles/msg_interfaces__rosidl_typesupport_cpp.dir/rosidl_typesupport_cpp/msg_interfaces/msg/encoder_arm__type_support.cpp.o[0m
[6.152s] [ 22%] [32mBuilding CXX object CMakeFiles/msg_interfaces__rosidl_typesupport_introspection_cpp.dir/rosidl_typesupport_introspection_cpp/msg_interfaces/msg/detail/drive__type_support.cpp.o[0m
[6.736s] [ 23%] [32mBuilding CXX object CMakeFiles/msg_interfaces__rosidl_typesupport_introspection_cpp.dir/rosidl_typesupport_introspection_cpp/msg_interfaces/msg/detail/arm_end_motion__type_support.cpp.o[0m
[6.736s] [ 24%] [32mBuilding CXX object CMakeFiles/msg_interfaces__rosidl_typesupport_fastrtps_cpp.dir/rosidl_typesupport_fastrtps_cpp/msg_interfaces/msg/detail/dds_fastrtps/drive__type_support.cpp.o[0m
[6.762s] [ 25%] [32mBuilding CXX object CMakeFiles/msg_interfaces__rosidl_typesupport_cpp.dir/rosidl_typesupport_cpp/msg_interfaces/msg/encoder_drive__type_support.cpp.o[0m
[6.835s] [ 26%] [32mBuilding CXX object CMakeFiles/msg_interfaces__rosidl_typesupport_introspection_cpp.dir/rosidl_typesupport_introspection_cpp/msg_interfaces/msg/detail/encoder_arm__type_support.cpp.o[0m
[6.887s] [ 27%] [32mBuilding CXX object CMakeFiles/msg_interfaces__rosidl_typesupport_c.dir/rosidl_typesupport_c/msg_interfaces/msg/drive__type_support.cpp.o[0m
[6.977s] [ 28%] [32mBuilding CXX object CMakeFiles/msg_interfaces__rosidl_typesupport_c.dir/rosidl_typesupport_c/msg_interfaces/msg/arm_end_motion__type_support.cpp.o[0m
[7.035s] [ 29%] [32mBuilding CXX object CMakeFiles/msg_interfaces__rosidl_typesupport_c.dir/rosidl_typesupport_c/msg_interfaces/msg/encoder_arm__type_support.cpp.o[0m
[7.079s] [ 30%] [32mBuilding CXX object CMakeFiles/msg_interfaces__rosidl_typesupport_introspection_cpp.dir/rosidl_typesupport_introspection_cpp/msg_interfaces/msg/detail/encoder_drive__type_support.cpp.o[0m
[7.170s] [ 31%] [32mBuilding CXX object CMakeFiles/msg_interfaces__rosidl_typesupport_c.dir/rosidl_typesupport_c/msg_interfaces/msg/encoder_drive__type_support.cpp.o[0m
[7.315s] [ 32%] [32mBuilding CXX object CMakeFiles/msg_interfaces__rosidl_typesupport_c.dir/rosidl_typesupport_c/msg_interfaces/msg/shoulder_joint_velocity__type_support.cpp.o[0m
[7.421s] [ 33%] [32mBuilding CXX object CMakeFiles/msg_interfaces__rosidl_typesupport_fastrtps_c.dir/rosidl_typesupport_fastrtps_c/msg_interfaces/msg/detail/drive__type_support_c.cpp.o[0m
[7.439s] [ 34%] [32mBuilding CXX object CMakeFiles/msg_interfaces__rosidl_typesupport_c.dir/rosidl_typesupport_c/msg_interfaces/msg/wrist_joint_velocity__type_support.cpp.o[0m
[7.459s] [ 35%] [32mBuilding C object CMakeFiles/msg_interfaces__rosidl_typesupport_introspection_c.dir/rosidl_typesupport_introspection_c/msg_interfaces/msg/detail/drive__type_support.c.o[0m
[7.532s] [ 36%] [32mBuilding CXX object CMakeFiles/msg_interfaces__rosidl_typesupport_c.dir/rosidl_typesupport_c/msg_interfaces/msg/base_motion__type_support.cpp.o[0m
[7.597s] [ 37%] [32mBuilding C object CMakeFiles/msg_interfaces__rosidl_typesupport_introspection_c.dir/rosidl_typesupport_introspection_c/msg_interfaces/msg/detail/arm_end_motion__type_support.c.o[0m
[7.606s] [ 38%] [32mBuilding CXX object CMakeFiles/msg_interfaces__rosidl_typesupport_cpp.dir/rosidl_typesupport_cpp/msg_interfaces/msg/shoulder_joint_velocity__type_support.cpp.o[0m
[7.655s] [ 39%] [32mBuilding CXX object CMakeFiles/msg_interfaces__rosidl_typesupport_c.dir/rosidl_typesupport_c/msg_interfaces/msg/final_vel__type_support.cpp.o[0m
[7.757s] [ 40%] [32mBuilding C object CMakeFiles/msg_interfaces__rosidl_typesupport_introspection_c.dir/rosidl_typesupport_introspection_c/msg_interfaces/msg/detail/encoder_arm__type_support.c.o[0m
[7.770s] [ 41%] [32mBuilding CXX object CMakeFiles/msg_interfaces__rosidl_typesupport_fastrtps_cpp.dir/rosidl_typesupport_fastrtps_cpp/msg_interfaces/msg/detail/dds_fastrtps/arm_end_motion__type_support.cpp.o[0m
[7.794s] [ 41%] [32mBuilding CXX object CMakeFiles/msg_interfaces__rosidl_typesupport_c.dir/rosidl_typesupport_c/msg_interfaces/msg/target_pose__type_support.cpp.o[0m
[7.794s] [ 42%] [32mBuilding CXX object CMakeFiles/msg_interfaces__rosidl_typesupport_cpp.dir/rosidl_typesupport_cpp/msg_interfaces/msg/wrist_joint_velocity__type_support.cpp.o[0m
[7.929s] [ 43%] [32mBuilding CXX object CMakeFiles/msg_interfaces__rosidl_typesupport_c.dir/rosidl_typesupport_c/msg_interfaces/msg/arm_angle__type_support.cpp.o[0m
[7.944s] [ 44%] [32mBuilding C object CMakeFiles/msg_interfaces__rosidl_typesupport_introspection_c.dir/rosidl_typesupport_introspection_c/msg_interfaces/msg/detail/encoder_drive__type_support.c.o[0m
[7.980s] [ 45%] [32mBuilding C object CMakeFiles/msg_interfaces__rosidl_typesupport_introspection_c.dir/rosidl_typesupport_introspection_c/msg_interfaces/msg/detail/shoulder_joint_velocity__type_support.c.o[0m
[8.018s] [ 46%] [32m[1mLinking CXX shared library libmsg_interfaces__rosidl_typesupport_c.so[0m
[8.089s] [ 47%] [32mBuilding C object CMakeFiles/msg_interfaces__rosidl_typesupport_introspection_c.dir/rosidl_typesupport_introspection_c/msg_interfaces/msg/detail/wrist_joint_velocity__type_support.c.o[0m
[8.128s] [ 47%] Built target msg_interfaces__rosidl_typesupport_c
[8.136s] [ 47%] [32mBuilding CXX object CMakeFiles/msg_interfaces__rosidl_typesupport_fastrtps_cpp.dir/rosidl_typesupport_fastrtps_cpp/msg_interfaces/msg/detail/dds_fastrtps/encoder_arm__type_support.cpp.o[0m
[8.150s] [ 48%] [32mBuilding CXX object CMakeFiles/msg_interfaces__rosidl_typesupport_cpp.dir/rosidl_typesupport_cpp/msg_interfaces/msg/base_motion__type_support.cpp.o[0m
[8.188s] [ 49%] [32mBuilding C object CMakeFiles/msg_interfaces__rosidl_typesupport_introspection_c.dir/rosidl_typesupport_introspection_c/msg_interfaces/msg/detail/base_motion__type_support.c.o[0m
[8.289s] [ 50%] [32mBuilding C object CMakeFiles/msg_interfaces__rosidl_typesupport_introspection_c.dir/rosidl_typesupport_introspection_c/msg_interfaces/msg/detail/final_vel__type_support.c.o[0m
[8.296s] [ 51%] [32mBuilding CXX object CMakeFiles/msg_interfaces__rosidl_typesupport_introspection_cpp.dir/rosidl_typesupport_introspection_cpp/msg_interfaces/msg/detail/shoulder_joint_velocity__type_support.cpp.o[0m
[8.320s] [ 52%] [32mBuilding CXX object CMakeFiles/msg_interfaces__rosidl_typesupport_fastrtps_c.dir/rosidl_typesupport_fastrtps_c/msg_interfaces/msg/detail/arm_end_motion__type_support_c.cpp.o[0m
[8.423s] [ 53%] [32mBuilding CXX object CMakeFiles/msg_interfaces__rosidl_typesupport_fastrtps_cpp.dir/rosidl_typesupport_fastrtps_cpp/msg_interfaces/msg/detail/dds_fastrtps/encoder_drive__type_support.cpp.o[0m
[8.430s] [ 54%] [32mBuilding C object CMakeFiles/msg_interfaces__rosidl_typesupport_introspection_c.dir/rosidl_typesupport_introspection_c/msg_interfaces/msg/detail/target_pose__type_support.c.o[0m
[8.591s] [ 55%] [32mBuilding C object CMakeFiles/msg_interfaces__rosidl_typesupport_introspection_c.dir/rosidl_typesupport_introspection_c/msg_interfaces/msg/detail/arm_angle__type_support.c.o[0m
[8.644s] [ 56%] [32mBuilding CXX object CMakeFiles/msg_interfaces__rosidl_typesupport_cpp.dir/rosidl_typesupport_cpp/msg_interfaces/msg/final_vel__type_support.cpp.o[0m
[8.749s] [ 57%] [32m[1mLinking C shared library libmsg_interfaces__rosidl_typesupport_introspection_c.so[0m
[8.907s] [ 58%] [32mBuilding CXX object CMakeFiles/msg_interfaces__rosidl_typesupport_introspection_cpp.dir/rosidl_typesupport_introspection_cpp/msg_interfaces/msg/detail/wrist_joint_velocity__type_support.cpp.o[0m
[8.916s] [ 58%] Built target msg_interfaces__rosidl_typesupport_introspection_c
[8.953s] [ 59%] [32mBuilding CXX object CMakeFiles/msg_interfaces__rosidl_typesupport_fastrtps_c.dir/rosidl_typesupport_fastrtps_c/msg_interfaces/msg/detail/encoder_arm__type_support_c.cpp.o[0m
[8.954s] [ 60%] [32mBuilding CXX object CMakeFiles/msg_interfaces__rosidl_typesupport_introspection_cpp.dir/rosidl_typesupport_introspection_cpp/msg_interfaces/msg/detail/base_motion__type_support.cpp.o[0m
[9.213s] [ 61%] [32mBuilding CXX object CMakeFiles/msg_interfaces__rosidl_typesupport_cpp.dir/rosidl_typesupport_cpp/msg_interfaces/msg/target_pose__type_support.cpp.o[0m
[9.281s] [ 62%] [32mBuilding CXX object CMakeFiles/msg_interfaces__rosidl_typesupport_introspection_cpp.dir/rosidl_typesupport_introspection_cpp/msg_interfaces/msg/detail/final_vel__type_support.cpp.o[0m
[9.404s] [ 63%] [32mBuilding CXX object CMakeFiles/msg_interfaces__rosidl_typesupport_cpp.dir/rosidl_typesupport_cpp/msg_interfaces/msg/arm_angle__type_support.cpp.o[0m
[9.423s] [ 64%] [32mBuilding CXX object CMakeFiles/msg_interfaces__rosidl_typesupport_fastrtps_c.dir/rosidl_typesupport_fastrtps_c/msg_interfaces/msg/detail/encoder_drive__type_support_c.cpp.o[0m
[9.435s] [ 65%] [32mBuilding CXX object CMakeFiles/msg_interfaces__rosidl_typesupport_fastrtps_cpp.dir/rosidl_typesupport_fastrtps_cpp/msg_interfaces/msg/detail/dds_fastrtps/shoulder_joint_velocity__type_support.cpp.o[0m
[9.550s] [ 66%] [32mBuilding CXX object CMakeFiles/msg_interfaces__rosidl_typesupport_introspection_cpp.dir/rosidl_typesupport_introspection_cpp/msg_interfaces/msg/detail/target_pose__type_support.cpp.o[0m
[9.635s] [ 67%] [32mBuilding CXX object CMakeFiles/msg_interfaces__rosidl_typesupport_fastrtps_c.dir/rosidl_typesupport_fastrtps_c/msg_interfaces/msg/detail/shoulder_joint_velocity__type_support_c.cpp.o[0m
[9.656s] [ 68%] [32mBuilding CXX object CMakeFiles/msg_interfaces__rosidl_typesupport_fastrtps_cpp.dir/rosidl_typesupport_fastrtps_cpp/msg_interfaces/msg/detail/dds_fastrtps/wrist_joint_velocity__type_support.cpp.o[0m
[9.787s] [ 69%] [32mBuilding CXX object CMakeFiles/msg_interfaces__rosidl_typesupport_fastrtps_cpp.dir/rosidl_typesupport_fastrtps_cpp/msg_interfaces/msg/detail/dds_fastrtps/base_motion__type_support.cpp.o[0m
[9.934s] [ 70%] [32mBuilding CXX object CMakeFiles/msg_interfaces__rosidl_typesupport_fastrtps_c.dir/rosidl_typesupport_fastrtps_c/msg_interfaces/msg/detail/wrist_joint_velocity__type_support_c.cpp.o[0m
[10.146s] [ 71%] [32m[1mLinking CXX shared library libmsg_interfaces__rosidl_typesupport_cpp.so[0m
[10.175s] [ 72%] [32mBuilding CXX object CMakeFiles/msg_interfaces__rosidl_typesupport_fastrtps_cpp.dir/rosidl_typesupport_fastrtps_cpp/msg_interfaces/msg/detail/dds_fastrtps/final_vel__type_support.cpp.o[0m
[10.238s] [ 73%] [32mBuilding CXX object CMakeFiles/msg_interfaces__rosidl_typesupport_introspection_cpp.dir/rosidl_typesupport_introspection_cpp/msg_interfaces/msg/detail/arm_angle__type_support.cpp.o[0m
[10.252s] [ 74%] [32mBuilding CXX object CMakeFiles/msg_interfaces__rosidl_typesupport_fastrtps_cpp.dir/rosidl_typesupport_fastrtps_cpp/msg_interfaces/msg/detail/dds_fastrtps/target_pose__type_support.cpp.o[0m
[10.304s] [ 74%] Built target msg_interfaces__rosidl_typesupport_cpp
[10.337s] [ 75%] [32mBuilding CXX object CMakeFiles/msg_interfaces__rosidl_typesupport_fastrtps_cpp.dir/rosidl_typesupport_fastrtps_cpp/msg_interfaces/msg/detail/dds_fastrtps/arm_angle__type_support.cpp.o[0m
[10.410s] [ 76%] [32mBuilding CXX object CMakeFiles/msg_interfaces__rosidl_typesupport_fastrtps_c.dir/rosidl_typesupport_fastrtps_c/msg_interfaces/msg/detail/base_motion__type_support_c.cpp.o[0m
[10.486s] [ 77%] [32mBuilding CXX object CMakeFiles/msg_interfaces__rosidl_typesupport_fastrtps_c.dir/rosidl_typesupport_fastrtps_c/msg_interfaces/msg/detail/final_vel__type_support_c.cpp.o[0m
[10.573s] [ 78%] [32mBuilding CXX object CMakeFiles/msg_interfaces__rosidl_typesupport_fastrtps_c.dir/rosidl_typesupport_fastrtps_c/msg_interfaces/msg/detail/target_pose__type_support_c.cpp.o[0m
[10.655s] [ 79%] [32mBuilding CXX object CMakeFiles/msg_interfaces__rosidl_typesupport_fastrtps_c.dir/rosidl_typesupport_fastrtps_c/msg_interfaces/msg/detail/arm_angle__type_support_c.cpp.o[0m
[11.030s] [ 80%] [32m[1mLinking CXX shared library libmsg_interfaces__rosidl_typesupport_introspection_cpp.so[0m
[11.056s] [ 81%] [32m[1mLinking CXX shared library libmsg_interfaces__rosidl_typesupport_fastrtps_cpp.so[0m
[11.174s] [ 81%] Built target msg_interfaces__rosidl_typesupport_introspection_cpp
[11.197s] [ 81%] Built target msg_interfaces__rosidl_typesupport_fastrtps_cpp
[11.223s] [ 82%] [32m[1mLinking CXX shared library libmsg_interfaces__rosidl_typesupport_fastrtps_c.so[0m
[11.289s] [ 82%] Built target msg_interfaces__rosidl_typesupport_fastrtps_c
[11.304s] [ 82%] Built target msg_interfaces
[11.319s] [ 83%] [34m[1mGenerating Python code for ROS interfaces[0m
[12.325s] [ 83%] Built target msg_interfaces__py
[12.344s] [ 86%] [32mBuilding C object CMakeFiles/msg_interfaces__rosidl_generator_py.dir/rosidl_generator_py/msg_interfaces/msg/_arm_end_motion_s.c.o[0m
[12.346s] [ 86%] [32mBuilding C object CMakeFiles/msg_interfaces__rosidl_generator_py.dir/rosidl_generator_py/msg_interfaces/msg/_drive_s.c.o[0m
[12.346s] [ 86%] [32mBuilding C object CMakeFiles/msg_interfaces__rosidl_generator_py.dir/rosidl_generator_py/msg_interfaces/msg/_encoder_arm_s.c.o[0m
[12.346s] [ 88%] [32mBuilding C object CMakeFiles/msg_interfaces__rosidl_generator_py.dir/rosidl_generator_py/msg_interfaces/msg/_wrist_joint_velocity_s.c.o[0m
[12.346s] [ 88%] [32mBuilding C object CMakeFiles/msg_interfaces__rosidl_generator_py.dir/rosidl_generator_py/msg_interfaces/msg/_shoulder_joint_velocity_s.c.o[0m
[12.346s] [ 89%] [32mBuilding C object CMakeFiles/msg_interfaces__rosidl_generator_py.dir/rosidl_generator_py/msg_interfaces/msg/_final_vel_s.c.o[0m
[12.346s] [ 90%] [32mBuilding C object CMakeFiles/msg_interfaces__rosidl_generator_py.dir/rosidl_generator_py/msg_interfaces/msg/_encoder_drive_s.c.o[0m
[12.347s] [ 91%] [32mBuilding C object CMakeFiles/msg_interfaces__rosidl_generator_py.dir/rosidl_generator_py/msg_interfaces/msg/_base_motion_s.c.o[0m
[12.502s] [ 92%] [32mBuilding C object CMakeFiles/msg_interfaces__rosidl_generator_py.dir/rosidl_generator_py/msg_interfaces/msg/_target_pose_s.c.o[0m
[12.511s] [ 93%] [32mBuilding C object CMakeFiles/msg_interfaces__rosidl_generator_py.dir/rosidl_generator_py/msg_interfaces/msg/_arm_angle_s.c.o[0m
[12.626s] [ 94%] [32m[1mLinking C shared library rosidl_generator_py/msg_interfaces/libmsg_interfaces__rosidl_generator_py.so[0m
[12.665s] [ 94%] Built target msg_interfaces__rosidl_generator_py
[12.681s] [ 97%] [32mBuilding C object CMakeFiles/msg_interfaces__rosidl_typesupport_fastrtps_c__pyext.dir/rosidl_generator_py/msg_interfaces/_msg_interfaces_s.ep.rosidl_typesupport_fastrtps_c.c.o[0m
[12.681s] [ 97%] [32mBuilding C object CMakeFiles/msg_interfaces__rosidl_typesupport_c__pyext.dir/rosidl_generator_py/msg_interfaces/_msg_interfaces_s.ep.rosidl_typesupport_c.c.o[0m
[12.681s] [ 97%] [32mBuilding C object CMakeFiles/msg_interfaces__rosidl_typesupport_introspection_c__pyext.dir/rosidl_generator_py/msg_interfaces/_msg_interfaces_s.ep.rosidl_typesupport_introspection_c.c.o[0m
[12.796s] [ 98%] [32m[1mLinking C shared library rosidl_generator_py/msg_interfaces/msg_interfaces_s__rosidl_typesupport_introspection_c.cpython-310-x86_64-linux-gnu.so[0m
[12.811s] [ 99%] [32m[1mLinking C shared library rosidl_generator_py/msg_interfaces/msg_interfaces_s__rosidl_typesupport_c.cpython-310-x86_64-linux-gnu.so[0m
[12.812s] [100%] [32m[1mLinking C shared library rosidl_generator_py/msg_interfaces/msg_interfaces_s__rosidl_typesupport_fastrtps_c.cpython-310-x86_64-linux-gnu.so[0m
[12.836s] [100%] Built target msg_interfaces__rosidl_typesupport_introspection_c__pyext
[12.847s] [100%] Built target msg_interfaces__rosidl_typesupport_c__pyext
[12.847s] [100%] Built target msg_interfaces__rosidl_typesupport_fastrtps_c__pyext
[12.860s] Invoked command in '/home/sudhindra/irc_2025/rover_essentials/build/msg_interfaces' returned '0': CMAKE_PREFIX_PATH=${CMAKE_PREFIX_PATH}:/opt/ros/humble /usr/bin/cmake --build /home/sudhindra/irc_2025/rover_essentials/build/msg_interfaces -- -j8 -l8
[13.039s] Invoking command in '/home/sudhindra/irc_2025/rover_essentials/build/msg_interfaces': CMAKE_PREFIX_PATH=${CMAKE_PREFIX_PATH}:/opt/ros/humble /usr/bin/cmake --install /home/sudhindra/irc_2025/rover_essentials/build/msg_interfaces
[13.047s] -- Install configuration: ""
[13.047s] -- Installing: /home/sudhindra/irc_2025/rover_essentials/install/msg_interfaces/share/ament_index/resource_index/rosidl_interfaces/msg_interfaces
[13.047s] -- Installing: /home/sudhindra/irc_2025/rover_essentials/install/msg_interfaces/include/msg_interfaces/msg_interfaces
[13.047s] -- Installing: /home/sudhindra/irc_2025/rover_essentials/install/msg_interfaces/include/msg_interfaces/msg_interfaces/msg
[13.047s] -- Installing: /home/sudhindra/irc_2025/rover_essentials/install/msg_interfaces/include/msg_interfaces/msg_interfaces/msg/target_pose.h
[13.047s] -- Installing: /home/sudhindra/irc_2025/rover_essentials/install/msg_interfaces/include/msg_interfaces/msg_interfaces/msg/arm_end_motion.h
[13.047s] -- Installing: /home/sudhindra/irc_2025/rover_essentials/install/msg_interfaces/include/msg_interfaces/msg_interfaces/msg/base_motion.h
[13.047s] -- Installing: /home/sudhindra/irc_2025/rover_essentials/install/msg_interfaces/include/msg_interfaces/msg_interfaces/msg/encoder_drive.h
[13.047s] -- Installing: /home/sudhindra/irc_2025/rover_essentials/install/msg_interfaces/include/msg_interfaces/msg_interfaces/msg/encoder_arm.h
[13.048s] -- Installing: /home/sudhindra/irc_2025/rover_essentials/install/msg_interfaces/include/msg_interfaces/msg_interfaces/msg/detail
[13.048s] -- Installing: /home/sudhindra/irc_2025/rover_essentials/install/msg_interfaces/include/msg_interfaces/msg_interfaces/msg/detail/wrist_joint_velocity__functions.c
[13.048s] -- Installing: /home/sudhindra/irc_2025/rover_essentials/install/msg_interfaces/include/msg_interfaces/msg_interfaces/msg/detail/base_motion__functions.h
[13.048s] -- Installing: /home/sudhindra/irc_2025/rover_essentials/install/msg_interfaces/include/msg_interfaces/msg_interfaces/msg/detail/encoder_drive__struct.h
[13.048s] -- Installing: /home/sudhindra/irc_2025/rover_essentials/install/msg_interfaces/include/msg_interfaces/msg_interfaces/msg/detail/encoder_drive__functions.h
[13.048s] -- Installing: /home/sudhindra/irc_2025/rover_essentials/install/msg_interfaces/include/msg_interfaces/msg_interfaces/msg/detail/encoder_arm__functions.c
[13.048s] -- Installing: /home/sudhindra/irc_2025/rover_essentials/install/msg_interfaces/include/msg_interfaces/msg_interfaces/msg/detail/shoulder_joint_velocity__struct.h
[13.048s] -- Installing: /home/sudhindra/irc_2025/rover_essentials/install/msg_interfaces/include/msg_interfaces/msg_interfaces/msg/detail/arm_angle__functions.c
[13.048s] -- Installing: /home/sudhindra/irc_2025/rover_essentials/install/msg_interfaces/include/msg_interfaces/msg_interfaces/msg/detail/arm_end_motion__functions.h
[13.048s] -- Installing: /home/sudhindra/irc_2025/rover_essentials/install/msg_interfaces/include/msg_interfaces/msg_interfaces/msg/detail/arm_end_motion__type_support.h
[13.048s] -- Installing: /home/sudhindra/irc_2025/rover_essentials/install/msg_interfaces/include/msg_interfaces/msg_interfaces/msg/detail/base_motion__struct.h
[13.048s] -- Installing: /home/sudhindra/irc_2025/rover_essentials/install/msg_interfaces/include/msg_interfaces/msg_interfaces/msg/detail/encoder_arm__struct.h
[13.049s] -- Installing: /home/sudhindra/irc_2025/rover_essentials/install/msg_interfaces/include/msg_interfaces/msg_interfaces/msg/detail/arm_angle__functions.h
[13.049s] -- Installing: /home/sudhindra/irc_2025/rover_essentials/install/msg_interfaces/include/msg_interfaces/msg_interfaces/msg/detail/target_pose__functions.h
[13.049s] -- Installing: /home/sudhindra/irc_2025/rover_essentials/install/msg_interfaces/include/msg_interfaces/msg_interfaces/msg/detail/final_vel__type_support.h
[13.049s] -- Installing: /home/sudhindra/irc_2025/rover_essentials/install/msg_interfaces/include/msg_interfaces/msg_interfaces/msg/detail/encoder_drive__type_support.h
[13.049s] -- Installing: /home/sudhindra/irc_2025/rover_essentials/install/msg_interfaces/include/msg_interfaces/msg_interfaces/msg/detail/shoulder_joint_velocity__type_support.h
[13.049s] -- Installing: /home/sudhindra/irc_2025/rover_essentials/install/msg_interfaces/include/msg_interfaces/msg_interfaces/msg/detail/final_vel__struct.h
[13.049s] -- Installing: /home/sudhindra/irc_2025/rover_essentials/install/msg_interfaces/include/msg_interfaces/msg_interfaces/msg/detail/arm_angle__struct.h
[13.049s] -- Installing: /home/sudhindra/irc_2025/rover_essentials/install/msg_interfaces/include/msg_interfaces/msg_interfaces/msg/detail/base_motion__type_support.h
[13.049s] -- Installing: /home/sudhindra/irc_2025/rover_essentials/install/msg_interfaces/include/msg_interfaces/msg_interfaces/msg/detail/shoulder_joint_velocity__functions.c
[13.049s] -- Installing: /home/sudhindra/irc_2025/rover_essentials/install/msg_interfaces/include/msg_interfaces/msg_interfaces/msg/detail/arm_end_motion__functions.c
[13.049s] -- Installing: /home/sudhindra/irc_2025/rover_essentials/install/msg_interfaces/include/msg_interfaces/msg_interfaces/msg/detail/arm_angle__type_support.h
[13.049s] -- Installing: /home/sudhindra/irc_2025/rover_essentials/install/msg_interfaces/include/msg_interfaces/msg_interfaces/msg/detail/encoder_arm__functions.h
[13.050s] -- Installing: /home/sudhindra/irc_2025/rover_essentials/install/msg_interfaces/include/msg_interfaces/msg_interfaces/msg/detail/wrist_joint_velocity__struct.h
[13.050s] -- Installing: /home/sudhindra/irc_2025/rover_essentials/install/msg_interfaces/include/msg_interfaces/msg_interfaces/msg/detail/target_pose__functions.c
[13.050s] -- Installing: /home/sudhindra/irc_2025/rover_essentials/install/msg_interfaces/include/msg_interfaces/msg_interfaces/msg/detail/drive__functions.c
[13.050s] -- Installing: /home/sudhindra/irc_2025/rover_essentials/install/msg_interfaces/include/msg_interfaces/msg_interfaces/msg/detail/encoder_arm__type_support.h
[13.050s] -- Installing: /home/sudhindra/irc_2025/rover_essentials/install/msg_interfaces/include/msg_interfaces/msg_interfaces/msg/detail/drive__functions.h
[13.050s] -- Installing: /home/sudhindra/irc_2025/rover_essentials/install/msg_interfaces/include/msg_interfaces/msg_interfaces/msg/detail/drive__struct.h
[13.050s] -- Installing: /home/sudhindra/irc_2025/rover_essentials/install/msg_interfaces/include/msg_interfaces/msg_interfaces/msg/detail/wrist_joint_velocity__type_support.h
[13.050s] -- Installing: /home/sudhindra/irc_2025/rover_essentials/install/msg_interfaces/include/msg_interfaces/msg_interfaces/msg/detail/final_vel__functions.h
[13.050s] -- Installing: /home/sudhindra/irc_2025/rover_essentials/install/msg_interfaces/include/msg_interfaces/msg_interfaces/msg/detail/encoder_drive__functions.c
[13.050s] -- Installing: /home/sudhindra/irc_2025/rover_essentials/install/msg_interfaces/include/msg_interfaces/msg_interfaces/msg/detail/shoulder_joint_velocity__functions.h
[13.051s] -- Installing: /home/sudhindra/irc_2025/rover_essentials/install/msg_interfaces/include/msg_interfaces/msg_interfaces/msg/detail/base_motion__functions.c
[13.051s] -- Installing: /home/sudhindra/irc_2025/rover_essentials/install/msg_interfaces/include/msg_interfaces/msg_interfaces/msg/detail/arm_end_motion__struct.h
[13.051s] -- Installing: /home/sudhindra/irc_2025/rover_essentials/install/msg_interfaces/include/msg_interfaces/msg_interfaces/msg/detail/final_vel__functions.c
[13.051s] -- Installing: /home/sudhindra/irc_2025/rover_essentials/install/msg_interfaces/include/msg_interfaces/msg_interfaces/msg/detail/target_pose__type_support.h
[13.051s] -- Installing: /home/sudhindra/irc_2025/rover_essentials/install/msg_interfaces/include/msg_interfaces/msg_interfaces/msg/detail/wrist_joint_velocity__functions.h
[13.051s] -- Installing: /home/sudhindra/irc_2025/rover_essentials/install/msg_interfaces/include/msg_interfaces/msg_interfaces/msg/detail/drive__type_support.h
[13.051s] -- Installing: /home/sudhindra/irc_2025/rover_essentials/install/msg_interfaces/include/msg_interfaces/msg_interfaces/msg/detail/target_pose__struct.h
[13.051s] -- Installing: /home/sudhindra/irc_2025/rover_essentials/install/msg_interfaces/include/msg_interfaces/msg_interfaces/msg/rosidl_generator_c__visibility_control.h
[13.051s] -- Installing: /home/sudhindra/irc_2025/rover_essentials/install/msg_interfaces/include/msg_interfaces/msg_interfaces/msg/drive.h
[13.051s] -- Installing: /home/sudhindra/irc_2025/rover_essentials/install/msg_interfaces/include/msg_interfaces/msg_interfaces/msg/arm_angle.h
[13.052s] -- Installing: /home/sudhindra/irc_2025/rover_essentials/install/msg_interfaces/include/msg_interfaces/msg_interfaces/msg/wrist_joint_velocity.h
[13.052s] -- Installing: /home/sudhindra/irc_2025/rover_essentials/install/msg_interfaces/include/msg_interfaces/msg_interfaces/msg/final_vel.h
[13.052s] -- Installing: /home/sudhindra/irc_2025/rover_essentials/install/msg_interfaces/include/msg_interfaces/msg_interfaces/msg/shoulder_joint_velocity.h
[13.052s] -- Installing: /home/sudhindra/irc_2025/rover_essentials/install/msg_interfaces/share/msg_interfaces/environment/library_path.sh
[13.052s] -- Installing: /home/sudhindra/irc_2025/rover_essentials/install/msg_interfaces/share/msg_interfaces/environment/library_path.dsv
[13.052s] -- Installing: /home/sudhindra/irc_2025/rover_essentials/install/msg_interfaces/lib/libmsg_interfaces__rosidl_generator_c.so
[13.053s] -- Set runtime path of "/home/sudhindra/irc_2025/rover_essentials/install/msg_interfaces/lib/libmsg_interfaces__rosidl_generator_c.so" to ""
[13.053s] -- Up-to-date: /home/sudhindra/irc_2025/rover_essentials/install/msg_interfaces/include/msg_interfaces/msg_interfaces
[13.053s] -- Up-to-date: /home/sudhindra/irc_2025/rover_essentials/install/msg_interfaces/include/msg_interfaces/msg_interfaces/msg
[13.053s] -- Up-to-date: /home/sudhindra/irc_2025/rover_essentials/install/msg_interfaces/include/msg_interfaces/msg_interfaces/msg/detail
[13.053s] -- Installing: /home/sudhindra/irc_2025/rover_essentials/install/msg_interfaces/include/msg_interfaces/msg_interfaces/msg/detail/encoder_drive__rosidl_typesupport_fastrtps_c.h
[13.053s] -- Installing: /home/sudhindra/irc_2025/rover_essentials/install/msg_interfaces/include/msg_interfaces/msg_interfaces/msg/detail/base_motion__rosidl_typesupport_fastrtps_c.h
[13.053s] -- Installing: /home/sudhindra/irc_2025/rover_essentials/install/msg_interfaces/include/msg_interfaces/msg_interfaces/msg/detail/arm_end_motion__rosidl_typesupport_fastrtps_c.h
[13.053s] -- Installing: /home/sudhindra/irc_2025/rover_essentials/install/msg_interfaces/include/msg_interfaces/msg_interfaces/msg/detail/encoder_arm__rosidl_typesupport_fastrtps_c.h
[13.053s] -- Installing: /home/sudhindra/irc_2025/rover_essentials/install/msg_interfaces/include/msg_interfaces/msg_interfaces/msg/detail/final_vel__rosidl_typesupport_fastrtps_c.h
[13.054s] -- Installing: /home/sudhindra/irc_2025/rover_essentials/install/msg_interfaces/include/msg_interfaces/msg_interfaces/msg/detail/target_pose__rosidl_typesupport_fastrtps_c.h
[13.054s] -- Installing: /home/sudhindra/irc_2025/rover_essentials/install/msg_interfaces/include/msg_interfaces/msg_interfaces/msg/detail/wrist_joint_velocity__rosidl_typesupport_fastrtps_c.h
[13.054s] -- Installing: /home/sudhindra/irc_2025/rover_essentials/install/msg_interfaces/include/msg_interfaces/msg_interfaces/msg/detail/shoulder_joint_velocity__rosidl_typesupport_fastrtps_c.h
[13.054s] -- Installing: /home/sudhindra/irc_2025/rover_essentials/install/msg_interfaces/include/msg_interfaces/msg_interfaces/msg/detail/arm_angle__rosidl_typesupport_fastrtps_c.h
[13.054s] -- Installing: /home/sudhindra/irc_2025/rover_essentials/install/msg_interfaces/include/msg_interfaces/msg_interfaces/msg/detail/drive__rosidl_typesupport_fastrtps_c.h
[13.054s] -- Installing: /home/sudhindra/irc_2025/rover_essentials/install/msg_interfaces/include/msg_interfaces/msg_interfaces/msg/rosidl_typesupport_fastrtps_c__visibility_control.h
[13.054s] -- Installing: /home/sudhindra/irc_2025/rover_essentials/install/msg_interfaces/lib/libmsg_interfaces__rosidl_typesupport_fastrtps_c.so
[13.054s] -- Set runtime path of "/home/sudhindra/irc_2025/rover_essentials/install/msg_interfaces/lib/libmsg_interfaces__rosidl_typesupport_fastrtps_c.so" to ""
[13.054s] -- Up-to-date: /home/sudhindra/irc_2025/rover_essentials/install/msg_interfaces/include/msg_interfaces/msg_interfaces
[13.054s] -- Up-to-date: /home/sudhindra/irc_2025/rover_essentials/install/msg_interfaces/include/msg_interfaces/msg_interfaces/msg
[13.055s] -- Installing: /home/sudhindra/irc_2025/rover_essentials/install/msg_interfaces/include/msg_interfaces/msg_interfaces/msg/base_motion.hpp
[13.055s] -- Installing: /home/sudhindra/irc_2025/rover_essentials/install/msg_interfaces/include/msg_interfaces/msg_interfaces/msg/arm_angle.hpp
[13.055s] -- Installing: /home/sudhindra/irc_2025/rover_essentials/install/msg_interfaces/include/msg_interfaces/msg_interfaces/msg/encoder_drive.hpp
[13.055s] -- Installing: /home/sudhindra/irc_2025/rover_essentials/install/msg_interfaces/include/msg_interfaces/msg_interfaces/msg/final_vel.hpp
[13.055s] -- Installing: /home/sudhindra/irc_2025/rover_essentials/install/msg_interfaces/include/msg_interfaces/msg_interfaces/msg/wrist_joint_velocity.hpp
[13.055s] -- Up-to-date: /home/sudhindra/irc_2025/rover_essentials/install/msg_interfaces/include/msg_interfaces/msg_interfaces/msg/detail
[13.055s] -- Installing: /home/sudhindra/irc_2025/rover_essentials/install/msg_interfaces/include/msg_interfaces/msg_interfaces/msg/detail/final_vel__builder.hpp
[13.055s] -- Installing: /home/sudhindra/irc_2025/rover_essentials/install/msg_interfaces/include/msg_interfaces/msg_interfaces/msg/detail/final_vel__traits.hpp
[13.055s] -- Installing: /home/sudhindra/irc_2025/rover_essentials/install/msg_interfaces/include/msg_interfaces/msg_interfaces/msg/detail/drive__struct.hpp
[13.055s] -- Installing: /home/sudhindra/irc_2025/rover_essentials/install/msg_interfaces/include/msg_interfaces/msg_interfaces/msg/detail/encoder_arm__builder.hpp
[13.055s] -- Installing: /home/sudhindra/irc_2025/rover_essentials/install/msg_interfaces/include/msg_interfaces/msg_interfaces/msg/detail/base_motion__struct.hpp
[13.056s] -- Installing: /home/sudhindra/irc_2025/rover_essentials/install/msg_interfaces/include/msg_interfaces/msg_interfaces/msg/detail/arm_angle__traits.hpp
[13.056s] -- Installing: /home/sudhindra/irc_2025/rover_essentials/install/msg_interfaces/include/msg_interfaces/msg_interfaces/msg/detail/encoder_drive__struct.hpp
[13.056s] -- Installing: /home/sudhindra/irc_2025/rover_essentials/install/msg_interfaces/include/msg_interfaces/msg_interfaces/msg/detail/arm_end_motion__struct.hpp
[13.056s] -- Installing: /home/sudhindra/irc_2025/rover_essentials/install/msg_interfaces/include/msg_interfaces/msg_interfaces/msg/detail/drive__traits.hpp
[13.056s] -- Installing: /home/sudhindra/irc_2025/rover_essentials/install/msg_interfaces/include/msg_interfaces/msg_interfaces/msg/detail/arm_angle__builder.hpp
[13.056s] -- Installing: /home/sudhindra/irc_2025/rover_essentials/install/msg_interfaces/include/msg_interfaces/msg_interfaces/msg/detail/wrist_joint_velocity__struct.hpp
[13.056s] -- Installing: /home/sudhindra/irc_2025/rover_essentials/install/msg_interfaces/include/msg_interfaces/msg_interfaces/msg/detail/encoder_arm__struct.hpp
[13.056s] -- Installing: /home/sudhindra/irc_2025/rover_essentials/install/msg_interfaces/include/msg_interfaces/msg_interfaces/msg/detail/arm_end_motion__builder.hpp
[13.056s] -- Installing: /home/sudhindra/irc_2025/rover_essentials/install/msg_interfaces/include/msg_interfaces/msg_interfaces/msg/detail/wrist_joint_velocity__builder.hpp
[13.056s] -- Installing: /home/sudhindra/irc_2025/rover_essentials/install/msg_interfaces/include/msg_interfaces/msg_interfaces/msg/detail/arm_end_motion__traits.hpp
[13.056s] -- Installing: /home/sudhindra/irc_2025/rover_essentials/install/msg_interfaces/include/msg_interfaces/msg_interfaces/msg/detail/target_pose__struct.hpp
[13.057s] -- Installing: /home/sudhindra/irc_2025/rover_essentials/install/msg_interfaces/include/msg_interfaces/msg_interfaces/msg/detail/target_pose__traits.hpp
[13.057s] -- Installing: /home/sudhindra/irc_2025/rover_essentials/install/msg_interfaces/include/msg_interfaces/msg_interfaces/msg/detail/wrist_joint_velocity__traits.hpp
[13.057s] -- Installing: /home/sudhindra/irc_2025/rover_essentials/install/msg_interfaces/include/msg_interfaces/msg_interfaces/msg/detail/base_motion__traits.hpp
[13.057s] -- Installing: /home/sudhindra/irc_2025/rover_essentials/install/msg_interfaces/include/msg_interfaces/msg_interfaces/msg/detail/drive__builder.hpp
[13.057s] -- Installing: /home/sudhindra/irc_2025/rover_essentials/install/msg_interfaces/include/msg_interfaces/msg_interfaces/msg/detail/arm_angle__struct.hpp
[13.057s] -- Installing: /home/sudhindra/irc_2025/rover_essentials/install/msg_interfaces/include/msg_interfaces/msg_interfaces/msg/detail/shoulder_joint_velocity__traits.hpp
[13.057s] -- Installing: /home/sudhindra/irc_2025/rover_essentials/install/msg_interfaces/include/msg_interfaces/msg_interfaces/msg/detail/shoulder_joint_velocity__struct.hpp
[13.057s] -- Installing: /home/sudhindra/irc_2025/rover_essentials/install/msg_interfaces/include/msg_interfaces/msg_interfaces/msg/detail/encoder_arm__traits.hpp
[13.057s] -- Installing: /home/sudhindra/irc_2025/rover_essentials/install/msg_interfaces/include/msg_interfaces/msg_interfaces/msg/detail/target_pose__builder.hpp
[13.058s] -- Installing: /home/sudhindra/irc_2025/rover_essentials/install/msg_interfaces/include/msg_interfaces/msg_interfaces/msg/detail/encoder_drive__traits.hpp
[13.058s] -- Installing: /home/sudhindra/irc_2025/rover_essentials/install/msg_interfaces/include/msg_interfaces/msg_interfaces/msg/detail/final_vel__struct.hpp
[13.058s] -- Installing: /home/sudhindra/irc_2025/rover_essentials/install/msg_interfaces/include/msg_interfaces/msg_interfaces/msg/detail/encoder_drive__builder.hpp
[13.058s] -- Installing: /home/sudhindra/irc_2025/rover_essentials/install/msg_interfaces/include/msg_interfaces/msg_interfaces/msg/detail/shoulder_joint_velocity__builder.hpp
[13.058s] -- Installing: /home/sudhindra/irc_2025/rover_essentials/install/msg_interfaces/include/msg_interfaces/msg_interfaces/msg/detail/base_motion__builder.hpp
[13.058s] -- Installing: /home/sudhindra/irc_2025/rover_essentials/install/msg_interfaces/include/msg_interfaces/msg_interfaces/msg/drive.hpp
[13.058s] -- Installing: /home/sudhindra/irc_2025/rover_essentials/install/msg_interfaces/include/msg_interfaces/msg_interfaces/msg/arm_end_motion.hpp
[13.058s] -- Installing: /home/sudhindra/irc_2025/rover_essentials/install/msg_interfaces/include/msg_interfaces/msg_interfaces/msg/encoder_arm.hpp
[13.058s] -- Installing: /home/sudhindra/irc_2025/rover_essentials/install/msg_interfaces/include/msg_interfaces/msg_interfaces/msg/shoulder_joint_velocity.hpp
[13.058s] -- Installing: /home/sudhindra/irc_2025/rover_essentials/install/msg_interfaces/include/msg_interfaces/msg_interfaces/msg/target_pose.hpp
[13.058s] -- Up-to-date: /home/sudhindra/irc_2025/rover_essentials/install/msg_interfaces/include/msg_interfaces/msg_interfaces
[13.059s] -- Up-to-date: /home/sudhindra/irc_2025/rover_essentials/install/msg_interfaces/include/msg_interfaces/msg_interfaces/msg
[13.059s] -- Installing: /home/sudhindra/irc_2025/rover_essentials/install/msg_interfaces/include/msg_interfaces/msg_interfaces/msg/rosidl_typesupport_fastrtps_cpp__visibility_control.h
[13.059s] -- Up-to-date: /home/sudhindra/irc_2025/rover_essentials/install/msg_interfaces/include/msg_interfaces/msg_interfaces/msg/detail
[13.059s] -- Installing: /home/sudhindra/irc_2025/rover_essentials/install/msg_interfaces/include/msg_interfaces/msg_interfaces/msg/detail/arm_angle__rosidl_typesupport_fastrtps_cpp.hpp
[13.059s] -- Installing: /home/sudhindra/irc_2025/rover_essentials/install/msg_interfaces/include/msg_interfaces/msg_interfaces/msg/detail/final_vel__rosidl_typesupport_fastrtps_cpp.hpp
[13.059s] -- Installing: /home/sudhindra/irc_2025/rover_essentials/install/msg_interfaces/include/msg_interfaces/msg_interfaces/msg/detail/dds_fastrtps
[13.059s] -- Installing: /home/sudhindra/irc_2025/rover_essentials/install/msg_interfaces/include/msg_interfaces/msg_interfaces/msg/detail/drive__rosidl_typesupport_fastrtps_cpp.hpp
[13.059s] -- Installing: /home/sudhindra/irc_2025/rover_essentials/install/msg_interfaces/include/msg_interfaces/msg_interfaces/msg/detail/encoder_arm__rosidl_typesupport_fastrtps_cpp.hpp
[13.059s] -- Installing: /home/sudhindra/irc_2025/rover_essentials/install/msg_interfaces/include/msg_interfaces/msg_interfaces/msg/detail/wrist_joint_velocity__rosidl_typesupport_fastrtps_cpp.hpp
[13.059s] -- Installing: /home/sudhindra/irc_2025/rover_essentials/install/msg_interfaces/include/msg_interfaces/msg_interfaces/msg/detail/encoder_drive__rosidl_typesupport_fastrtps_cpp.hpp
[13.059s] -- Installing: /home/sudhindra/irc_2025/rover_essentials/install/msg_interfaces/include/msg_interfaces/msg_interfaces/msg/detail/base_motion__rosidl_typesupport_fastrtps_cpp.hpp
[13.059s] -- Installing: /home/sudhindra/irc_2025/rover_essentials/install/msg_interfaces/include/msg_interfaces/msg_interfaces/msg/detail/shoulder_joint_velocity__rosidl_typesupport_fastrtps_cpp.hpp
[13.060s] -- Installing: /home/sudhindra/irc_2025/rover_essentials/install/msg_interfaces/include/msg_interfaces/msg_interfaces/msg/detail/arm_end_motion__rosidl_typesupport_fastrtps_cpp.hpp
[13.060s] -- Installing: /home/sudhindra/irc_2025/rover_essentials/install/msg_interfaces/include/msg_interfaces/msg_interfaces/msg/detail/target_pose__rosidl_typesupport_fastrtps_cpp.hpp
[13.060s] -- Installing: /home/sudhindra/irc_2025/rover_essentials/install/msg_interfaces/lib/libmsg_interfaces__rosidl_typesupport_fastrtps_cpp.so
[13.060s] -- Set runtime path of "/home/sudhindra/irc_2025/rover_essentials/install/msg_interfaces/lib/libmsg_interfaces__rosidl_typesupport_fastrtps_cpp.so" to ""
[13.060s] -- Up-to-date: /home/sudhindra/irc_2025/rover_essentials/install/msg_interfaces/include/msg_interfaces/msg_interfaces
[13.060s] -- Up-to-date: /home/sudhindra/irc_2025/rover_essentials/install/msg_interfaces/include/msg_interfaces/msg_interfaces/msg
[13.060s] -- Up-to-date: /home/sudhindra/irc_2025/rover_essentials/install/msg_interfaces/include/msg_interfaces/msg_interfaces/msg/detail
[13.060s] -- Installing: /home/sudhindra/irc_2025/rover_essentials/install/msg_interfaces/include/msg_interfaces/msg_interfaces/msg/detail/arm_end_motion__rosidl_typesupport_introspection_c.h
[13.061s] -- Installing: /home/sudhindra/irc_2025/rover_essentials/install/msg_interfaces/include/msg_interfaces/msg_interfaces/msg/detail/shoulder_joint_velocity__rosidl_typesupport_introspection_c.h
[13.061s] -- Installing: /home/sudhindra/irc_2025/rover_essentials/install/msg_interfaces/include/msg_interfaces/msg_interfaces/msg/detail/encoder_arm__type_support.c
[13.061s] -- Installing: /home/sudhindra/irc_2025/rover_essentials/install/msg_interfaces/include/msg_interfaces/msg_interfaces/msg/detail/drive__type_support.c
[13.061s] -- Installing: /home/sudhindra/irc_2025/rover_essentials/install/msg_interfaces/include/msg_interfaces/msg_interfaces/msg/detail/target_pose__type_support.c
[13.061s] -- Installing: /home/sudhindra/irc_2025/rover_essentials/install/msg_interfaces/include/msg_interfaces/msg_interfaces/msg/detail/wrist_joint_velocity__rosidl_typesupport_introspection_c.h
[13.061s] -- Installing: /home/sudhindra/irc_2025/rover_essentials/install/msg_interfaces/include/msg_interfaces/msg_interfaces/msg/detail/wrist_joint_velocity__type_support.c
[13.061s] -- Installing: /home/sudhindra/irc_2025/rover_essentials/install/msg_interfaces/include/msg_interfaces/msg_interfaces/msg/detail/final_vel__type_support.c
[13.061s] -- Installing: /home/sudhindra/irc_2025/rover_essentials/install/msg_interfaces/include/msg_interfaces/msg_interfaces/msg/detail/arm_angle__rosidl_typesupport_introspection_c.h
[13.061s] -- Installing: /home/sudhindra/irc_2025/rover_essentials/install/msg_interfaces/include/msg_interfaces/msg_interfaces/msg/detail/arm_end_motion__type_support.c
[13.061s] -- Installing: /home/sudhindra/irc_2025/rover_essentials/install/msg_interfaces/include/msg_interfaces/msg_interfaces/msg/detail/arm_angle__type_support.c
[13.061s] -- Installing: /home/sudhindra/irc_2025/rover_essentials/install/msg_interfaces/include/msg_interfaces/msg_interfaces/msg/detail/encoder_drive__rosidl_typesupport_introspection_c.h
[13.062s] -- Installing: /home/sudhindra/irc_2025/rover_essentials/install/msg_interfaces/include/msg_interfaces/msg_interfaces/msg/detail/target_pose__rosidl_typesupport_introspection_c.h
[13.062s] -- Installing: /home/sudhindra/irc_2025/rover_essentials/install/msg_interfaces/include/msg_interfaces/msg_interfaces/msg/detail/base_motion__rosidl_typesupport_introspection_c.h
[13.062s] -- Installing: /home/sudhindra/irc_2025/rover_essentials/install/msg_interfaces/include/msg_interfaces/msg_interfaces/msg/detail/encoder_arm__rosidl_typesupport_introspection_c.h
[13.062s] -- Installing: /home/sudhindra/irc_2025/rover_essentials/install/msg_interfaces/include/msg_interfaces/msg_interfaces/msg/detail/drive__rosidl_typesupport_introspection_c.h
[13.062s] -- Installing: /home/sudhindra/irc_2025/rover_essentials/install/msg_interfaces/include/msg_interfaces/msg_interfaces/msg/detail/final_vel__rosidl_typesupport_introspection_c.h
[13.062s] -- Installing: /home/sudhindra/irc_2025/rover_essentials/install/msg_interfaces/include/msg_interfaces/msg_interfaces/msg/detail/base_motion__type_support.c
[13.062s] -- Installing: /home/sudhindra/irc_2025/rover_essentials/install/msg_interfaces/include/msg_interfaces/msg_interfaces/msg/detail/encoder_drive__type_support.c
[13.062s] -- Installing: /home/sudhindra/irc_2025/rover_essentials/install/msg_interfaces/include/msg_interfaces/msg_interfaces/msg/detail/shoulder_joint_velocity__type_support.c
[13.062s] -- Installing: /home/sudhindra/irc_2025/rover_essentials/install/msg_interfaces/include/msg_interfaces/msg_interfaces/msg/rosidl_typesupport_introspection_c__visibility_control.h
[13.062s] -- Installing: /home/sudhindra/irc_2025/rover_essentials/install/msg_interfaces/lib/libmsg_interfaces__rosidl_typesupport_introspection_c.so
[13.063s] -- Set runtime path of "/home/sudhindra/irc_2025/rover_essentials/install/msg_interfaces/lib/libmsg_interfaces__rosidl_typesupport_introspection_c.so" to ""
[13.063s] -- Installing: /home/sudhindra/irc_2025/rover_essentials/install/msg_interfaces/lib/libmsg_interfaces__rosidl_typesupport_c.so
[13.063s] -- Set runtime path of "/home/sudhindra/irc_2025/rover_essentials/install/msg_interfaces/lib/libmsg_interfaces__rosidl_typesupport_c.so" to ""
[13.063s] -- Up-to-date: /home/sudhindra/irc_2025/rover_essentials/install/msg_interfaces/include/msg_interfaces/msg_interfaces
[13.063s] -- Up-to-date: /home/sudhindra/irc_2025/rover_essentials/install/msg_interfaces/include/msg_interfaces/msg_interfaces/msg
[13.064s] -- Up-to-date: /home/sudhindra/irc_2025/rover_essentials/install/msg_interfaces/include/msg_interfaces/msg_interfaces/msg/detail
[13.064s] -- Installing: /home/sudhindra/irc_2025/rover_essentials/install/msg_interfaces/include/msg_interfaces/msg_interfaces/msg/detail/target_pose__rosidl_typesupport_introspection_cpp.hpp
[13.064s] -- Installing: /home/sudhindra/irc_2025/rover_essentials/install/msg_interfaces/include/msg_interfaces/msg_interfaces/msg/detail/wrist_joint_velocity__rosidl_typesupport_introspection_cpp.hpp
[13.064s] -- Installing: /home/sudhindra/irc_2025/rover_essentials/install/msg_interfaces/include/msg_interfaces/msg_interfaces/msg/detail/arm_end_motion__type_support.cpp
[13.064s] -- Installing: /home/sudhindra/irc_2025/rover_essentials/install/msg_interfaces/include/msg_interfaces/msg_interfaces/msg/detail/arm_angle__type_support.cpp
[13.064s] -- Installing: /home/sudhindra/irc_2025/rover_essentials/install/msg_interfaces/include/msg_interfaces/msg_interfaces/msg/detail/drive__type_support.cpp
[13.064s] -- Installing: /home/sudhindra/irc_2025/rover_essentials/install/msg_interfaces/include/msg_interfaces/msg_interfaces/msg/detail/base_motion__rosidl_typesupport_introspection_cpp.hpp
[13.064s] -- Installing: /home/sudhindra/irc_2025/rover_essentials/install/msg_interfaces/include/msg_interfaces/msg_interfaces/msg/detail/drive__rosidl_typesupport_introspection_cpp.hpp
[13.064s] -- Installing: /home/sudhindra/irc_2025/rover_essentials/install/msg_interfaces/include/msg_interfaces/msg_interfaces/msg/detail/shoulder_joint_velocity__rosidl_typesupport_introspection_cpp.hpp
[13.064s] -- Installing: /home/sudhindra/irc_2025/rover_essentials/install/msg_interfaces/include/msg_interfaces/msg_interfaces/msg/detail/shoulder_joint_velocity__type_support.cpp
[13.064s] -- Installing: /home/sudhindra/irc_2025/rover_essentials/install/msg_interfaces/include/msg_interfaces/msg_interfaces/msg/detail/base_motion__type_support.cpp
[13.064s] -- Installing: /home/sudhindra/irc_2025/rover_essentials/install/msg_interfaces/include/msg_interfaces/msg_interfaces/msg/detail/final_vel__type_support.cpp
[13.065s] -- Installing: /home/sudhindra/irc_2025/rover_essentials/install/msg_interfaces/include/msg_interfaces/msg_interfaces/msg/detail/arm_angle__rosidl_typesupport_introspection_cpp.hpp
[13.065s] -- Installing: /home/sudhindra/irc_2025/rover_essentials/install/msg_interfaces/include/msg_interfaces/msg_interfaces/msg/detail/arm_end_motion__rosidl_typesupport_introspection_cpp.hpp
[13.065s] -- Installing: /home/sudhindra/irc_2025/rover_essentials/install/msg_interfaces/include/msg_interfaces/msg_interfaces/msg/detail/encoder_arm__rosidl_typesupport_introspection_cpp.hpp
[13.065s] -- Installing: /home/sudhindra/irc_2025/rover_essentials/install/msg_interfaces/include/msg_interfaces/msg_interfaces/msg/detail/wrist_joint_velocity__type_support.cpp
[13.065s] -- Installing: /home/sudhindra/irc_2025/rover_essentials/install/msg_interfaces/include/msg_interfaces/msg_interfaces/msg/detail/encoder_drive__type_support.cpp
[13.065s] -- Installing: /home/sudhindra/irc_2025/rover_essentials/install/msg_interfaces/include/msg_interfaces/msg_interfaces/msg/detail/encoder_arm__type_support.cpp
[13.065s] -- Installing: /home/sudhindra/irc_2025/rover_essentials/install/msg_interfaces/include/msg_interfaces/msg_interfaces/msg/detail/target_pose__type_support.cpp
[13.065s] -- Installing: /home/sudhindra/irc_2025/rover_essentials/install/msg_interfaces/include/msg_interfaces/msg_interfaces/msg/detail/final_vel__rosidl_typesupport_introspection_cpp.hpp
[13.065s] -- Installing: /home/sudhindra/irc_2025/rover_essentials/install/msg_interfaces/include/msg_interfaces/msg_interfaces/msg/detail/encoder_drive__rosidl_typesupport_introspection_cpp.hpp
[13.065s] -- Installing: /home/sudhindra/irc_2025/rover_essentials/install/msg_interfaces/lib/libmsg_interfaces__rosidl_typesupport_introspection_cpp.so
[13.066s] -- Set runtime path of "/home/sudhindra/irc_2025/rover_essentials/install/msg_interfaces/lib/libmsg_interfaces__rosidl_typesupport_introspection_cpp.so" to ""
[13.066s] -- Installing: /home/sudhindra/irc_2025/rover_essentials/install/msg_interfaces/lib/libmsg_interfaces__rosidl_typesupport_cpp.so
[13.066s] -- Set runtime path of "/home/sudhindra/irc_2025/rover_essentials/install/msg_interfaces/lib/libmsg_interfaces__rosidl_typesupport_cpp.so" to ""
[13.066s] -- Installing: /home/sudhindra/irc_2025/rover_essentials/install/msg_interfaces/share/msg_interfaces/environment/pythonpath.sh
[13.067s] -- Installing: /home/sudhindra/irc_2025/rover_essentials/install/msg_interfaces/share/msg_interfaces/environment/pythonpath.dsv
[13.067s] -- Installing: /home/sudhindra/irc_2025/rover_essentials/install/msg_interfaces/local/lib/python3.10/dist-packages/msg_interfaces-0.0.0-py3.10.egg-info
[13.067s] -- Installing: /home/sudhindra/irc_2025/rover_essentials/install/msg_interfaces/local/lib/python3.10/dist-packages/msg_interfaces-0.0.0-py3.10.egg-info/top_level.txt
[13.067s] -- Installing: /home/sudhindra/irc_2025/rover_essentials/install/msg_interfaces/local/lib/python3.10/dist-packages/msg_interfaces-0.0.0-py3.10.egg-info/SOURCES.txt
[13.067s] -- Installing: /home/sudhindra/irc_2025/rover_essentials/install/msg_interfaces/local/lib/python3.10/dist-packages/msg_interfaces-0.0.0-py3.10.egg-info/PKG-INFO
[13.067s] -- Installing: /home/sudhindra/irc_2025/rover_essentials/install/msg_interfaces/local/lib/python3.10/dist-packages/msg_interfaces-0.0.0-py3.10.egg-info/dependency_links.txt
[13.067s] -- Installing: /home/sudhindra/irc_2025/rover_essentials/install/msg_interfaces/local/lib/python3.10/dist-packages/msg_interfaces
[13.067s] -- Installing: /home/sudhindra/irc_2025/rover_essentials/install/msg_interfaces/local/lib/python3.10/dist-packages/msg_interfaces/_msg_interfaces_s.ep.rosidl_typesupport_c.c
[13.067s] -- Installing: /home/sudhindra/irc_2025/rover_essentials/install/msg_interfaces/local/lib/python3.10/dist-packages/msg_interfaces/msg
[13.067s] -- Installing: /home/sudhindra/irc_2025/rover_essentials/install/msg_interfaces/local/lib/python3.10/dist-packages/msg_interfaces/msg/_target_pose.py
[13.067s] -- Installing: /home/sudhindra/irc_2025/rover_essentials/install/msg_interfaces/local/lib/python3.10/dist-packages/msg_interfaces/msg/_encoder_drive.py
[13.068s] -- Installing: /home/sudhindra/irc_2025/rover_essentials/install/msg_interfaces/local/lib/python3.10/dist-packages/msg_interfaces/msg/_drive_s.c
[13.068s] -- Installing: /home/sudhindra/irc_2025/rover_essentials/install/msg_interfaces/local/lib/python3.10/dist-packages/msg_interfaces/msg/_shoulder_joint_velocity.py
[13.068s] -- Installing: /home/sudhindra/irc_2025/rover_essentials/install/msg_interfaces/local/lib/python3.10/dist-packages/msg_interfaces/msg/_final_vel_s.c
[13.068s] -- Installing: /home/sudhindra/irc_2025/rover_essentials/install/msg_interfaces/local/lib/python3.10/dist-packages/msg_interfaces/msg/__init__.py
[13.068s] -- Installing: /home/sudhindra/irc_2025/rover_essentials/install/msg_interfaces/local/lib/python3.10/dist-packages/msg_interfaces/msg/_base_motion_s.c
[13.068s] -- Installing: /home/sudhindra/irc_2025/rover_essentials/install/msg_interfaces/local/lib/python3.10/dist-packages/msg_interfaces/msg/_shoulder_joint_velocity_s.c
[13.068s] -- Installing: /home/sudhindra/irc_2025/rover_essentials/install/msg_interfaces/local/lib/python3.10/dist-packages/msg_interfaces/msg/_target_pose_s.c
[13.068s] -- Installing: /home/sudhindra/irc_2025/rover_essentials/install/msg_interfaces/local/lib/python3.10/dist-packages/msg_interfaces/msg/_wrist_joint_velocity.py
[13.068s] -- Installing: /home/sudhindra/irc_2025/rover_essentials/install/msg_interfaces/local/lib/python3.10/dist-packages/msg_interfaces/msg/_arm_angle_s.c
[13.068s] -- Installing: /home/sudhindra/irc_2025/rover_essentials/install/msg_interfaces/local/lib/python3.10/dist-packages/msg_interfaces/msg/_encoder_arm_s.c
[13.068s] -- Installing: /home/sudhindra/irc_2025/rover_essentials/install/msg_interfaces/local/lib/python3.10/dist-packages/msg_interfaces/msg/_final_vel.py
[13.069s] -- Installing: /home/sudhindra/irc_2025/rover_essentials/install/msg_interfaces/local/lib/python3.10/dist-packages/msg_interfaces/msg/_arm_end_motion.py
[13.069s] -- Installing: /home/sudhindra/irc_2025/rover_essentials/install/msg_interfaces/local/lib/python3.10/dist-packages/msg_interfaces/msg/_arm_end_motion_s.c
[13.069s] -- Installing: /home/sudhindra/irc_2025/rover_essentials/install/msg_interfaces/local/lib/python3.10/dist-packages/msg_interfaces/msg/_arm_angle.py
[13.069s] -- Installing: /home/sudhindra/irc_2025/rover_essentials/install/msg_interfaces/local/lib/python3.10/dist-packages/msg_interfaces/msg/_encoder_drive_s.c
[13.069s] -- Installing: /home/sudhindra/irc_2025/rover_essentials/install/msg_interfaces/local/lib/python3.10/dist-packages/msg_interfaces/msg/_base_motion.py
[13.069s] -- Installing: /home/sudhindra/irc_2025/rover_essentials/install/msg_interfaces/local/lib/python3.10/dist-packages/msg_interfaces/msg/_encoder_arm.py
[13.069s] -- Installing: /home/sudhindra/irc_2025/rover_essentials/install/msg_interfaces/local/lib/python3.10/dist-packages/msg_interfaces/msg/_drive.py
[13.069s] -- Installing: /home/sudhindra/irc_2025/rover_essentials/install/msg_interfaces/local/lib/python3.10/dist-packages/msg_interfaces/msg/_wrist_joint_velocity_s.c
[13.069s] -- Installing: /home/sudhindra/irc_2025/rover_essentials/install/msg_interfaces/local/lib/python3.10/dist-packages/msg_interfaces/__init__.py
[13.069s] -- Installing: /home/sudhindra/irc_2025/rover_essentials/install/msg_interfaces/local/lib/python3.10/dist-packages/msg_interfaces/_msg_interfaces_s.ep.rosidl_typesupport_introspection_c.c
[13.069s] -- Installing: /home/sudhindra/irc_2025/rover_essentials/install/msg_interfaces/local/lib/python3.10/dist-packages/msg_interfaces/msg_interfaces_s__rosidl_typesupport_c.cpython-310-x86_64-linux-gnu.so
[13.070s] -- Installing: /home/sudhindra/irc_2025/rover_essentials/install/msg_interfaces/local/lib/python3.10/dist-packages/msg_interfaces/libmsg_interfaces__rosidl_generator_py.so
[13.070s] -- Installing: /home/sudhindra/irc_2025/rover_essentials/install/msg_interfaces/local/lib/python3.10/dist-packages/msg_interfaces/_msg_interfaces_s.ep.rosidl_typesupport_fastrtps_c.c
[13.070s] -- Installing: /home/sudhindra/irc_2025/rover_essentials/install/msg_interfaces/local/lib/python3.10/dist-packages/msg_interfaces/msg_interfaces_s__rosidl_typesupport_fastrtps_c.cpython-310-x86_64-linux-gnu.so
[13.070s] -- Installing: /home/sudhindra/irc_2025/rover_essentials/install/msg_interfaces/local/lib/python3.10/dist-packages/msg_interfaces/msg_interfaces_s__rosidl_typesupport_introspection_c.cpython-310-x86_64-linux-gnu.so
[13.119s] Listing '/home/sudhindra/irc_2025/rover_essentials/install/msg_interfaces/local/lib/python3.10/dist-packages/msg_interfaces'...
[13.119s] Compiling '/home/sudhindra/irc_2025/rover_essentials/install/msg_interfaces/local/lib/python3.10/dist-packages/msg_interfaces/__init__.py'...
[13.119s] Listing '/home/sudhindra/irc_2025/rover_essentials/install/msg_interfaces/local/lib/python3.10/dist-packages/msg_interfaces/msg'...
[13.119s] Compiling '/home/sudhindra/irc_2025/rover_essentials/install/msg_interfaces/local/lib/python3.10/dist-packages/msg_interfaces/msg/__init__.py'...
[13.119s] Compiling '/home/sudhindra/irc_2025/rover_essentials/install/msg_interfaces/local/lib/python3.10/dist-packages/msg_interfaces/msg/_arm_angle.py'...
[13.119s] Compiling '/home/sudhindra/irc_2025/rover_essentials/install/msg_interfaces/local/lib/python3.10/dist-packages/msg_interfaces/msg/_arm_end_motion.py'...
[13.120s] Compiling '/home/sudhindra/irc_2025/rover_essentials/install/msg_interfaces/local/lib/python3.10/dist-packages/msg_interfaces/msg/_base_motion.py'...
[13.120s] Compiling '/home/sudhindra/irc_2025/rover_essentials/install/msg_interfaces/local/lib/python3.10/dist-packages/msg_interfaces/msg/_drive.py'...
[13.120s] Compiling '/home/sudhindra/irc_2025/rover_essentials/install/msg_interfaces/local/lib/python3.10/dist-packages/msg_interfaces/msg/_encoder_arm.py'...
[13.120s] Compiling '/home/sudhindra/irc_2025/rover_essentials/install/msg_interfaces/local/lib/python3.10/dist-packages/msg_interfaces/msg/_encoder_drive.py'...
[13.120s] Compiling '/home/sudhindra/irc_2025/rover_essentials/install/msg_interfaces/local/lib/python3.10/dist-packages/msg_interfaces/msg/_final_vel.py'...
[13.120s] Compiling '/home/sudhindra/irc_2025/rover_essentials/install/msg_interfaces/local/lib/python3.10/dist-packages/msg_interfaces/msg/_shoulder_joint_velocity.py'...
[13.120s] Compiling '/home/sudhindra/irc_2025/rover_essentials/install/msg_interfaces/local/lib/python3.10/dist-packages/msg_interfaces/msg/_target_pose.py'...
[13.120s] Compiling '/home/sudhindra/irc_2025/rover_essentials/install/msg_interfaces/local/lib/python3.10/dist-packages/msg_interfaces/msg/_wrist_joint_velocity.py'...
[13.125s] -- Installing: /home/sudhindra/irc_2025/rover_essentials/install/msg_interfaces/local/lib/python3.10/dist-packages/msg_interfaces/msg_interfaces_s__rosidl_typesupport_fastrtps_c.cpython-310-x86_64-linux-gnu.so
[13.125s] -- Set runtime path of "/home/sudhindra/irc_2025/rover_essentials/install/msg_interfaces/local/lib/python3.10/dist-packages/msg_interfaces/msg_interfaces_s__rosidl_typesupport_fastrtps_c.cpython-310-x86_64-linux-gnu.so" to ""
[13.125s] -- Installing: /home/sudhindra/irc_2025/rover_essentials/install/msg_interfaces/local/lib/python3.10/dist-packages/msg_interfaces/msg_interfaces_s__rosidl_typesupport_introspection_c.cpython-310-x86_64-linux-gnu.so
[13.126s] -- Set runtime path of "/home/sudhindra/irc_2025/rover_essentials/install/msg_interfaces/local/lib/python3.10/dist-packages/msg_interfaces/msg_interfaces_s__rosidl_typesupport_introspection_c.cpython-310-x86_64-linux-gnu.so" to ""
[13.126s] -- Installing: /home/sudhindra/irc_2025/rover_essentials/install/msg_interfaces/local/lib/python3.10/dist-packages/msg_interfaces/msg_interfaces_s__rosidl_typesupport_c.cpython-310-x86_64-linux-gnu.so
[13.126s] -- Set runtime path of "/home/sudhindra/irc_2025/rover_essentials/install/msg_interfaces/local/lib/python3.10/dist-packages/msg_interfaces/msg_interfaces_s__rosidl_typesupport_c.cpython-310-x86_64-linux-gnu.so" to ""
[13.126s] -- Installing: /home/sudhindra/irc_2025/rover_essentials/install/msg_interfaces/lib/libmsg_interfaces__rosidl_generator_py.so
[13.127s] -- Set runtime path of "/home/sudhindra/irc_2025/rover_essentials/install/msg_interfaces/lib/libmsg_interfaces__rosidl_generator_py.so" to ""
[13.127s] -- Installing: /home/sudhindra/irc_2025/rover_essentials/install/msg_interfaces/share/msg_interfaces/msg/Drive.idl
[13.127s] -- Installing: /home/sudhindra/irc_2025/rover_essentials/install/msg_interfaces/share/msg_interfaces/msg/ArmEndMotion.idl
[13.127s] -- Installing: /home/sudhindra/irc_2025/rover_essentials/install/msg_interfaces/share/msg_interfaces/msg/EncoderArm.idl
[13.127s] -- Installing: /home/sudhindra/irc_2025/rover_essentials/install/msg_interfaces/share/msg_interfaces/msg/EncoderDrive.idl
[13.127s] -- Installing: /home/sudhindra/irc_2025/rover_essentials/install/msg_interfaces/share/msg_interfaces/msg/ShoulderJointVelocity.idl
[13.127s] -- Installing: /home/sudhindra/irc_2025/rover_essentials/install/msg_interfaces/share/msg_interfaces/msg/WristJointVelocity.idl
[13.127s] -- Installing: /home/sudhindra/irc_2025/rover_essentials/install/msg_interfaces/share/msg_interfaces/msg/BaseMotion.idl
[13.128s] -- Installing: /home/sudhindra/irc_2025/rover_essentials/install/msg_interfaces/share/msg_interfaces/msg/FinalVel.idl
[13.128s] -- Installing: /home/sudhindra/irc_2025/rover_essentials/install/msg_interfaces/share/msg_interfaces/msg/TargetPose.idl
[13.128s] -- Installing: /home/sudhindra/irc_2025/rover_essentials/install/msg_interfaces/share/msg_interfaces/msg/ArmAngle.idl
[13.128s] -- Installing: /home/sudhindra/irc_2025/rover_essentials/install/msg_interfaces/share/msg_interfaces/msg/Drive.msg
[13.128s] -- Installing: /home/sudhindra/irc_2025/rover_essentials/install/msg_interfaces/share/msg_interfaces/msg/ArmEndMotion.msg
[13.128s] -- Installing: /home/sudhindra/irc_2025/rover_essentials/install/msg_interfaces/share/msg_interfaces/msg/EncoderArm.msg
[13.128s] -- Installing: /home/sudhindra/irc_2025/rover_essentials/install/msg_interfaces/share/msg_interfaces/msg/EncoderDrive.msg
[13.128s] -- Installing: /home/sudhindra/irc_2025/rover_essentials/install/msg_interfaces/share/msg_interfaces/msg/ShoulderJointVelocity.msg
[13.129s] -- Installing: /home/sudhindra/irc_2025/rover_essentials/install/msg_interfaces/share/msg_interfaces/msg/WristJointVelocity.msg
[13.129s] -- Installing: /home/sudhindra/irc_2025/rover_essentials/install/msg_interfaces/share/msg_interfaces/msg/BaseMotion.msg
[13.129s] -- Installing: /home/sudhindra/irc_2025/rover_essentials/install/msg_interfaces/share/msg_interfaces/msg/FinalVel.msg
[13.129s] -- Installing: /home/sudhindra/irc_2025/rover_essentials/install/msg_interfaces/share/msg_interfaces/msg/TargetPose.msg
[13.129s] -- Installing: /home/sudhindra/irc_2025/rover_essentials/install/msg_interfaces/share/msg_interfaces/msg/ArmAngle.msg
[13.129s] -- Installing: /home/sudhindra/irc_2025/rover_essentials/install/msg_interfaces/share/ament_index/resource_index/package_run_dependencies/msg_interfaces
[13.129s] -- Installing: /home/sudhindra/irc_2025/rover_essentials/install/msg_interfaces/share/ament_index/resource_index/parent_prefix_path/msg_interfaces
[13.130s] -- Installing: /home/sudhindra/irc_2025/rover_essentials/install/msg_interfaces/share/msg_interfaces/environment/ament_prefix_path.sh
[13.130s] -- Installing: /home/sudhindra/irc_2025/rover_essentials/install/msg_interfaces/share/msg_interfaces/environment/ament_prefix_path.dsv
[13.130s] -- Installing: /home/sudhindra/irc_2025/rover_essentials/install/msg_interfaces/share/msg_interfaces/environment/path.sh
[13.130s] -- Installing: /home/sudhindra/irc_2025/rover_essentials/install/msg_interfaces/share/msg_interfaces/environment/path.dsv
[13.130s] -- Installing: /home/sudhindra/irc_2025/rover_essentials/install/msg_interfaces/share/msg_interfaces/local_setup.bash
[13.130s] -- Installing: /home/sudhindra/irc_2025/rover_essentials/install/msg_interfaces/share/msg_interfaces/local_setup.sh
[13.130s] -- Installing: /home/sudhindra/irc_2025/rover_essentials/install/msg_interfaces/share/msg_interfaces/local_setup.zsh
[13.130s] -- Installing: /home/sudhindra/irc_2025/rover_essentials/install/msg_interfaces/share/msg_interfaces/local_setup.dsv
[13.131s] -- Installing: /home/sudhindra/irc_2025/rover_essentials/install/msg_interfaces/share/msg_interfaces/package.dsv
[13.131s] -- Installing: /home/sudhindra/irc_2025/rover_essentials/install/msg_interfaces/share/ament_index/resource_index/packages/msg_interfaces
[13.131s] -- Installing: /home/sudhindra/irc_2025/rover_essentials/install/msg_interfaces/share/msg_interfaces/cmake/export_msg_interfaces__rosidl_generator_cExport.cmake
[13.131s] -- Installing: /home/sudhindra/irc_2025/rover_essentials/install/msg_interfaces/share/msg_interfaces/cmake/export_msg_interfaces__rosidl_generator_cExport-noconfig.cmake
[13.131s] -- Installing: /home/sudhindra/irc_2025/rover_essentials/install/msg_interfaces/share/msg_interfaces/cmake/export_msg_interfaces__rosidl_typesupport_fastrtps_cExport.cmake
[13.131s] -- Installing: /home/sudhindra/irc_2025/rover_essentials/install/msg_interfaces/share/msg_interfaces/cmake/export_msg_interfaces__rosidl_typesupport_fastrtps_cExport-noconfig.cmake
[13.132s] -- Installing: /home/sudhindra/irc_2025/rover_essentials/install/msg_interfaces/share/msg_interfaces/cmake/export_msg_interfaces__rosidl_generator_cppExport.cmake
[13.132s] -- Installing: /home/sudhindra/irc_2025/rover_essentials/install/msg_interfaces/share/msg_interfaces/cmake/export_msg_interfaces__rosidl_typesupport_fastrtps_cppExport.cmake
[13.132s] -- Installing: /home/sudhindra/irc_2025/rover_essentials/install/msg_interfaces/share/msg_interfaces/cmake/export_msg_interfaces__rosidl_typesupport_fastrtps_cppExport-noconfig.cmake
[13.132s] -- Installing: /home/sudhindra/irc_2025/rover_essentials/install/msg_interfaces/share/msg_interfaces/cmake/msg_interfaces__rosidl_typesupport_introspection_cExport.cmake
[13.132s] -- Installing: /home/sudhindra/irc_2025/rover_essentials/install/msg_interfaces/share/msg_interfaces/cmake/msg_interfaces__rosidl_typesupport_introspection_cExport-noconfig.cmake
[13.132s] -- Installing: /home/sudhindra/irc_2025/rover_essentials/install/msg_interfaces/share/msg_interfaces/cmake/msg_interfaces__rosidl_typesupport_cExport.cmake
[13.132s] -- Installing: /home/sudhindra/irc_2025/rover_essentials/install/msg_interfaces/share/msg_interfaces/cmake/msg_interfaces__rosidl_typesupport_cExport-noconfig.cmake
[13.133s] -- Installing: /home/sudhindra/irc_2025/rover_essentials/install/msg_interfaces/share/msg_interfaces/cmake/msg_interfaces__rosidl_typesupport_introspection_cppExport.cmake
[13.133s] -- Installing: /home/sudhindra/irc_2025/rover_essentials/install/msg_interfaces/share/msg_interfaces/cmake/msg_interfaces__rosidl_typesupport_introspection_cppExport-noconfig.cmake
[13.133s] -- Installing: /home/sudhindra/irc_2025/rover_essentials/install/msg_interfaces/share/msg_interfaces/cmake/msg_interfaces__rosidl_typesupport_cppExport.cmake
[13.133s] -- Installing: /home/sudhindra/irc_2025/rover_essentials/install/msg_interfaces/share/msg_interfaces/cmake/msg_interfaces__rosidl_typesupport_cppExport-noconfig.cmake
[13.133s] -- Installing: /home/sudhindra/irc_2025/rover_essentials/install/msg_interfaces/share/msg_interfaces/cmake/export_msg_interfaces__rosidl_generator_pyExport.cmake
[13.133s] -- Installing: /home/sudhindra/irc_2025/rover_essentials/install/msg_interfaces/share/msg_interfaces/cmake/export_msg_interfaces__rosidl_generator_pyExport-noconfig.cmake
[13.134s] -- Installing: /home/sudhindra/irc_2025/rover_essentials/install/msg_interfaces/share/msg_interfaces/cmake/rosidl_cmake-extras.cmake
[13.134s] -- Installing: /home/sudhindra/irc_2025/rover_essentials/install/msg_interfaces/share/msg_interfaces/cmake/ament_cmake_export_dependencies-extras.cmake
[13.134s] -- Installing: /home/sudhindra/irc_2025/rover_essentials/install/msg_interfaces/share/msg_interfaces/cmake/ament_cmake_export_include_directories-extras.cmake
[13.134s] -- Installing: /home/sudhindra/irc_2025/rover_essentials/install/msg_interfaces/share/msg_interfaces/cmake/ament_cmake_export_libraries-extras.cmake
[13.134s] -- Installing: /home/sudhindra/irc_2025/rover_essentials/install/msg_interfaces/share/msg_interfaces/cmake/ament_cmake_export_targets-extras.cmake
[13.135s] -- Installing: /home/sudhindra/irc_2025/rover_essentials/install/msg_interfaces/share/msg_interfaces/cmake/rosidl_cmake_export_typesupport_targets-extras.cmake
[13.135s] -- Installing: /home/sudhindra/irc_2025/rover_essentials/install/msg_interfaces/share/msg_interfaces/cmake/rosidl_cmake_export_typesupport_libraries-extras.cmake
[13.135s] -- Installing: /home/sudhindra/irc_2025/rover_essentials/install/msg_interfaces/share/msg_interfaces/cmake/msg_interfacesConfig.cmake
[13.135s] -- Installing: /home/sudhindra/irc_2025/rover_essentials/install/msg_interfaces/share/msg_interfaces/cmake/msg_interfacesConfig-version.cmake
[13.135s] -- Installing: /home/sudhindra/irc_2025/rover_essentials/install/msg_interfaces/share/msg_interfaces/package.xml
[13.139s] Invoked command in '/home/sudhindra/irc_2025/rover_essentials/build/msg_interfaces' returned '0': CMAKE_PREFIX_PATH=${CMAKE_PREFIX_PATH}:/opt/ros/humble /usr/bin/cmake --install /home/sudhindra/irc_2025/rover_essentials/build/msg_interfaces
