running egg_info
creating ../../build/bio_drill/bio_drill.egg-info
writing ../../build/bio_drill/bio_drill.egg-info/PKG-INFO
writing dependency_links to ../../build/bio_drill/bio_drill.egg-info/dependency_links.txt
writing entry points to ../../build/bio_drill/bio_drill.egg-info/entry_points.txt
writing requirements to ../../build/bio_drill/bio_drill.egg-info/requires.txt
writing top-level names to ../../build/bio_drill/bio_drill.egg-info/top_level.txt
writing manifest file '../../build/bio_drill/bio_drill.egg-info/SOURCES.txt'
reading manifest file '../../build/bio_drill/bio_drill.egg-info/SOURCES.txt'
adding license file 'LICENSE'
writing manifest file '../../build/bio_drill/bio_drill.egg-info/SOURCES.txt'
running build
running build_py
creating /home/sudhindra/irc_2025/rover_essentials/build/bio_drill/build
creating /home/sudhindra/irc_2025/rover_essentials/build/bio_drill/build/lib
creating /home/sudhindra/irc_2025/rover_essentials/build/bio_drill/build/lib/bio_drill
copying bio_drill/__init__.py -> /home/sudhindra/irc_2025/rover_essentials/build/bio_drill/build/lib/bio_drill
copying bio_drill/cache.py -> /home/sudhindra/irc_2025/rover_essentials/build/bio_drill/build/lib/bio_drill
copying bio_drill/drill_auto.py -> /home/sudhindra/irc_2025/rover_essentials/build/bio_drill/build/lib/bio_drill
copying bio_drill/drill.py -> /home/sudhindra/irc_2025/rover_essentials/build/bio_drill/build/lib/bio_drill
running install
running install_lib
creating /home/sudhindra/irc_2025/rover_essentials/install/bio_drill/lib/python3.10/site-packages/bio_drill
copying /home/sudhindra/irc_2025/rover_essentials/build/bio_drill/build/lib/bio_drill/__init__.py -> /home/sudhindra/irc_2025/rover_essentials/install/bio_drill/lib/python3.10/site-packages/bio_drill
copying /home/sudhindra/irc_2025/rover_essentials/build/bio_drill/build/lib/bio_drill/cache.py -> /home/sudhindra/irc_2025/rover_essentials/install/bio_drill/lib/python3.10/site-packages/bio_drill
copying /home/sudhindra/irc_2025/rover_essentials/build/bio_drill/build/lib/bio_drill/drill_auto.py -> /home/sudhindra/irc_2025/rover_essentials/install/bio_drill/lib/python3.10/site-packages/bio_drill
copying /home/sudhindra/irc_2025/rover_essentials/build/bio_drill/build/lib/bio_drill/drill.py -> /home/sudhindra/irc_2025/rover_essentials/install/bio_drill/lib/python3.10/site-packages/bio_drill
byte-compiling /home/sudhindra/irc_2025/rover_essentials/install/bio_drill/lib/python3.10/site-packages/bio_drill/__init__.py to __init__.cpython-310.pyc
byte-compiling /home/sudhindra/irc_2025/rover_essentials/install/bio_drill/lib/python3.10/site-packages/bio_drill/cache.py to cache.cpython-310.pyc
byte-compiling /home/sudhindra/irc_2025/rover_essentials/install/bio_drill/lib/python3.10/site-packages/bio_drill/drill_auto.py to drill_auto.cpython-310.pyc
byte-compiling /home/sudhindra/irc_2025/rover_essentials/install/bio_drill/lib/python3.10/site-packages/bio_drill/drill.py to drill.cpython-310.pyc
running install_data
creating /home/sudhindra/irc_2025/rover_essentials/install/bio_drill/share/ament_index
creating /home/sudhindra/irc_2025/rover_essentials/install/bio_drill/share/ament_index/resource_index
creating /home/sudhindra/irc_2025/rover_essentials/install/bio_drill/share/ament_index/resource_index/packages
copying resource/bio_drill -> /home/sudhindra/irc_2025/rover_essentials/install/bio_drill/share/ament_index/resource_index/packages
copying package.xml -> /home/sudhindra/irc_2025/rover_essentials/install/bio_drill/share/bio_drill
running install_egg_info
Copying ../../build/bio_drill/bio_drill.egg-info to /home/sudhindra/irc_2025/rover_essentials/install/bio_drill/lib/python3.10/site-packages/bio_drill-0.0.0-py3.10.egg-info
running install_scripts
Installing auto_drill script to /home/sudhindra/irc_2025/rover_essentials/install/bio_drill/lib/bio_drill
Installing cache_box script to /home/sudhindra/irc_2025/rover_essentials/install/bio_drill/lib/bio_drill
Installing drill script to /home/sudhindra/irc_2025/rover_essentials/install/bio_drill/lib/bio_drill
writing list of installed files to '/home/sudhindra/irc_2025/rover_essentials/build/bio_drill/install.log'
