[2.176s] Invoking command in '/home/sudhindra/irc/rover_essentials/src/realsense_servo': PYTHONPATH=/home/sudhindra/irc/rover_essentials/build/realsense_servo/prefix_override:/usr/lib/python3/dist-packages/colcon_core/task/python/colcon_distutils_commands:/home/sudhindra/irc/rover_essentials/install/realsense_servo/lib/python3.10/site-packages:${PYTHONPATH} /usr/bin/python3 -W ignore:setup.py install is deprecated setup.py egg_info --egg-base ../../build/realsense_servo build --build-base /home/sudhindra/irc/rover_essentials/build/realsense_servo/build install --record /home/sudhindra/irc/rover_essentials/build/realsense_servo/install.log --single-version-externally-managed install_data
[2.628s] running egg_info
[2.629s] writing ../../build/realsense_servo/realsense_servo.egg-info/PKG-INFO
[2.629s] writing dependency_links to ../../build/realsense_servo/realsense_servo.egg-info/dependency_links.txt
[2.630s] writing entry points to ../../build/realsense_servo/realsense_servo.egg-info/entry_points.txt
[2.630s] writing requirements to ../../build/realsense_servo/realsense_servo.egg-info/requires.txt
[2.630s] writing top-level names to ../../build/realsense_servo/realsense_servo.egg-info/top_level.txt
[2.633s] reading manifest file '../../build/realsense_servo/realsense_servo.egg-info/SOURCES.txt'
[2.634s] writing manifest file '../../build/realsense_servo/realsense_servo.egg-info/SOURCES.txt'
[2.634s] running build
[2.635s] running build_py
[2.635s] running install
[2.635s] running install_lib
[2.637s] running install_data
[2.637s] running install_egg_info
[2.640s] removing '/home/sudhindra/irc/rover_essentials/install/realsense_servo/lib/python3.10/site-packages/realsense_servo-0.0.0-py3.10.egg-info' (and everything under it)
[2.641s] Copying ../../build/realsense_servo/realsense_servo.egg-info to /home/sudhindra/irc/rover_essentials/install/realsense_servo/lib/python3.10/site-packages/realsense_servo-0.0.0-py3.10.egg-info
[2.642s] running install_scripts
[2.670s] Installing real_servo script to /home/sudhindra/irc/rover_essentials/install/realsense_servo/lib/realsense_servo
[2.671s] writing list of installed files to '/home/sudhindra/irc/rover_essentials/build/realsense_servo/install.log'
[2.714s] Invoked command in '/home/sudhindra/irc/rover_essentials/src/realsense_servo' returned '0': PYTHONPATH=/home/sudhindra/irc/rover_essentials/build/realsense_servo/prefix_override:/usr/lib/python3/dist-packages/colcon_core/task/python/colcon_distutils_commands:/home/sudhindra/irc/rover_essentials/install/realsense_servo/lib/python3.10/site-packages:${PYTHONPATH} /usr/bin/python3 -W ignore:setup.py install is deprecated setup.py egg_info --egg-base ../../build/realsense_servo build --build-base /home/sudhindra/irc/rover_essentials/build/realsense_servo/build install --record /home/sudhindra/irc/rover_essentials/build/realsense_servo/install.log --single-version-externally-managed install_data
