running egg_info
creating ../../build/drill/drill.egg-info
writing ../../build/drill/drill.egg-info/PKG-INFO
writing dependency_links to ../../build/drill/drill.egg-info/dependency_links.txt
writing entry points to ../../build/drill/drill.egg-info/entry_points.txt
writing requirements to ../../build/drill/drill.egg-info/requires.txt
writing top-level names to ../../build/drill/drill.egg-info/top_level.txt
writing manifest file '../../build/drill/drill.egg-info/SOURCES.txt'
reading manifest file '../../build/drill/drill.egg-info/SOURCES.txt'
writing manifest file '../../build/drill/drill.egg-info/SOURCES.txt'
running build
running build_py
creating /home/sudhindra/irc_2025/rover_essentials/build/drill/build
creating /home/sudhindra/irc_2025/rover_essentials/build/drill/build/lib
creating /home/sudhindra/irc_2025/rover_essentials/build/drill/build/lib/drill
copying drill/__init__.py -> /home/sudhindra/irc_2025/rover_essentials/build/drill/build/lib/drill
running install
running install_lib
creating /home/sudhindra/irc_2025/rover_essentials/install/drill/lib/python3.10/site-packages/drill
copying /home/sudhindra/irc_2025/rover_essentials/build/drill/build/lib/drill/__init__.py -> /home/sudhindra/irc_2025/rover_essentials/install/drill/lib/python3.10/site-packages/drill
byte-compiling /home/sudhindra/irc_2025/rover_essentials/install/drill/lib/python3.10/site-packages/drill/__init__.py to __init__.cpython-310.pyc
running install_data
creating /home/sudhindra/irc_2025/rover_essentials/install/drill/share/ament_index
creating /home/sudhindra/irc_2025/rover_essentials/install/drill/share/ament_index/resource_index
creating /home/sudhindra/irc_2025/rover_essentials/install/drill/share/ament_index/resource_index/packages
copying resource/drill -> /home/sudhindra/irc_2025/rover_essentials/install/drill/share/ament_index/resource_index/packages
copying package.xml -> /home/sudhindra/irc_2025/rover_essentials/install/drill/share/drill
running install_egg_info
Copying ../../build/drill/drill.egg-info to /home/sudhindra/irc_2025/rover_essentials/install/drill/lib/python3.10/site-packages/drill-0.0.0-py3.10.egg-info
running install_scripts
writing list of installed files to '/home/sudhindra/irc_2025/rover_essentials/build/drill/install.log'
