/home/sudhindra/irc/rover_essentials/install/bio_package/lib/python3.10/site-packages/bio_package/__init__.py
/home/sudhindra/irc/rover_essentials/install/bio_package/lib/python3.10/site-packages/bio_package/cameras.py
/home/sudhindra/irc/rover_essentials/install/bio_package/lib/python3.10/site-packages/bio_package/joining_node.py
/home/sudhindra/irc/rover_essentials/install/bio_package/lib/python3.10/site-packages/bio_package/node_mcu_interface.py
/home/sudhindra/irc/rover_essentials/install/bio_package/lib/python3.10/site-packages/bio_package/relay.py
/home/sudhindra/irc/rover_essentials/install/bio_package/lib/python3.10/site-packages/bio_package/pid.py
/home/sudhindra/irc/rover_essentials/install/bio_package/lib/python3.10/site-packages/bio_package/bio_controller.py
/home/sudhindra/irc/rover_essentials/install/bio_package/lib/python3.10/site-packages/bio_package/__pycache__/__init__.cpython-310.pyc
/home/sudhindra/irc/rover_essentials/install/bio_package/lib/python3.10/site-packages/bio_package/__pycache__/cameras.cpython-310.pyc
/home/sudhindra/irc/rover_essentials/install/bio_package/lib/python3.10/site-packages/bio_package/__pycache__/joining_node.cpython-310.pyc
/home/sudhindra/irc/rover_essentials/install/bio_package/lib/python3.10/site-packages/bio_package/__pycache__/node_mcu_interface.cpython-310.pyc
/home/sudhindra/irc/rover_essentials/install/bio_package/lib/python3.10/site-packages/bio_package/__pycache__/relay.cpython-310.pyc
/home/sudhindra/irc/rover_essentials/install/bio_package/lib/python3.10/site-packages/bio_package/__pycache__/pid.cpython-310.pyc
/home/sudhindra/irc/rover_essentials/install/bio_package/lib/python3.10/site-packages/bio_package/__pycache__/bio_controller.cpython-310.pyc
/home/sudhindra/irc/rover_essentials/install/bio_package/share/ament_index/resource_index/packages/bio_package
/home/sudhindra/irc/rover_essentials/install/bio_package/share/bio_package/package.xml
/home/sudhindra/irc/rover_essentials/install/bio_package/share/bio_package/launch/bio_launch.py
/home/sudhindra/irc/rover_essentials/install/bio_package/lib/python3.10/site-packages/bio_package-0.0.0-py3.10.egg-info/top_level.txt
/home/sudhindra/irc/rover_essentials/install/bio_package/lib/python3.10/site-packages/bio_package-0.0.0-py3.10.egg-info/SOURCES.txt
/home/sudhindra/irc/rover_essentials/install/bio_package/lib/python3.10/site-packages/bio_package-0.0.0-py3.10.egg-info/requires.txt
/home/sudhindra/irc/rover_essentials/install/bio_package/lib/python3.10/site-packages/bio_package-0.0.0-py3.10.egg-info/zip-safe
/home/sudhindra/irc/rover_essentials/install/bio_package/lib/python3.10/site-packages/bio_package-0.0.0-py3.10.egg-info/PKG-INFO
/home/sudhindra/irc/rover_essentials/install/bio_package/lib/python3.10/site-packages/bio_package-0.0.0-py3.10.egg-info/entry_points.txt
/home/sudhindra/irc/rover_essentials/install/bio_package/lib/python3.10/site-packages/bio_package-0.0.0-py3.10.egg-info/dependency_links.txt
/home/sudhindra/irc/rover_essentials/install/bio_package/lib/bio_package/bio_cache
/home/sudhindra/irc/rover_essentials/install/bio_package/lib/bio_package/bio_controller
/home/sudhindra/irc/rover_essentials/install/bio_package/lib/bio_package/cameras
/home/sudhindra/irc/rover_essentials/install/bio_package/lib/bio_package/joining_node
/home/sudhindra/irc/rover_essentials/install/bio_package/lib/bio_package/node_mcu_interface
/home/sudhindra/irc/rover_essentials/install/bio_package/lib/bio_package/pid
/home/sudhindra/irc/rover_essentials/install/bio_package/lib/bio_package/relay
