[1.208s] Invoking command in '/home/sudhindra/irc/rover_essentials/build/msg_interfaces': CMAKE_PREFIX_PATH=${CMAKE_PREFIX_PATH}:/opt/ros/humble /usr/bin/cmake --build /home/sudhindra/irc/rover_essentials/build/msg_interfaces -- -j8 -l8
[1.212s] [0mCMake Error: The current CMakeCache.txt directory /home/sudhindra/irc/rover_essentials/build/msg_interfaces/CMakeCache.txt is different than the directory /home/sudhindra/irc_2025/rover_essentials/build/msg_interfaces where CMakeCache.txt was created. This may result in binaries being created in the wrong place. If you are not sure, reedit the CMakeCache.txt[0m
[1.228s] -- Found ament_cmake: 1.3.10 (/opt/ros/humble/share/ament_cmake/cmake)
[1.328s] -- Found geometry_msgs: 4.2.4 (/opt/ros/humble/share/geometry_msgs/cmake)
[1.347s] -- Found rosidl_generator_c: 3.1.5 (/opt/ros/humble/share/rosidl_generator_c/cmake)
[1.349s] -- Found rosidl_adapter: 3.1.5 (/opt/ros/humble/share/rosidl_adapter/cmake)
[1.354s] -- Found rosidl_generator_cpp: 3.1.5 (/opt/ros/humble/share/rosidl_generator_cpp/cmake)
[1.362s] -- Using all available rosidl_typesupport_c: rosidl_typesupport_fastrtps_c;rosidl_typesupport_introspection_c
[1.371s] -- Using all available rosidl_typesupport_cpp: rosidl_typesupport_fastrtps_cpp;rosidl_typesupport_introspection_cpp
[1.402s] -- Found rosidl_default_generators: 1.2.0 (/opt/ros/humble/share/rosidl_default_generators/cmake)
[1.862s] -- Found ament_cmake_ros: 0.10.0 (/opt/ros/humble/share/ament_cmake_ros/cmake)
[2.394s] -- Using all available rosidl_typesupport_c: rosidl_typesupport_fastrtps_c;rosidl_typesupport_introspection_c
[2.621s] -- Using all available rosidl_typesupport_cpp: rosidl_typesupport_fastrtps_cpp;rosidl_typesupport_introspection_cpp
[2.643s] -- Found python_cmake_module: 0.10.0 (/opt/ros/humble/share/python_cmake_module/cmake)
[2.665s] -- Using PYTHON_EXECUTABLE: /usr/bin/python3
[2.665s] -- Using PYTHON_INCLUDE_DIRS: /usr/include/python3.10
[2.665s] -- Using PYTHON_LIBRARIES: /usr/lib/x86_64-linux-gnu/libpython3.10.so
[2.716s] -- Found ament_lint_auto: 0.12.11 (/opt/ros/humble/share/ament_lint_auto/cmake)
[2.724s] -- Added test 'lint_cmake' to check CMake code style
[2.726s] -- Added test 'xmllint' to check XML markup files
[2.727s] -- Configuring done
[2.766s] -- Generating done
[2.769s] -- Build files have been written to: /home/sudhindra/irc_2025/rover_essentials/build/msg_interfaces
[2.819s] [  0%] Built target ament_cmake_python_copy_msg_interfaces
[2.868s] [35m[1mConsolidate compiler generated dependencies of target msg_interfaces__rosidl_generator_c[0m
[2.878s] [  0%] Built target msg_interfaces__cpp
[2.880s] [  1%] [32mBuilding C object CMakeFiles/msg_interfaces__rosidl_generator_c.dir/rosidl_generator_c/msg_interfaces/msg/detail/drive__functions.c.o[0m
[2.881s] [  2%] [32mBuilding C object CMakeFiles/msg_interfaces__rosidl_generator_c.dir/rosidl_generator_c/msg_interfaces/msg/detail/encoder_arm__functions.c.o[0m
[2.881s] [  4%] [32mBuilding C object CMakeFiles/msg_interfaces__rosidl_generator_c.dir/rosidl_generator_c/msg_interfaces/msg/detail/arm_end_motion__functions.c.o[0m
[2.881s] [  4%] [32mBuilding C object CMakeFiles/msg_interfaces__rosidl_generator_c.dir/rosidl_generator_c/msg_interfaces/msg/detail/encoder_drive__functions.c.o[0m
[2.881s] [  5%] [32mBuilding C object CMakeFiles/msg_interfaces__rosidl_generator_c.dir/rosidl_generator_c/msg_interfaces/msg/detail/shoulder_joint_velocity__functions.c.o[0m
[2.882s] [  6%] [32mBuilding C object CMakeFiles/msg_interfaces__rosidl_generator_c.dir/rosidl_generator_c/msg_interfaces/msg/detail/wrist_joint_velocity__functions.c.o[0m
[2.891s] [  7%] [32mBuilding C object CMakeFiles/msg_interfaces__rosidl_generator_c.dir/rosidl_generator_c/msg_interfaces/msg/detail/base_motion__functions.c.o[0m
[2.943s] [  8%] [32mBuilding C object CMakeFiles/msg_interfaces__rosidl_generator_c.dir/rosidl_generator_c/msg_interfaces/msg/detail/final_vel__functions.c.o[0m
[2.949s] [ 10%] [32mBuilding C object CMakeFiles/msg_interfaces__rosidl_generator_c.dir/rosidl_generator_c/msg_interfaces/msg/detail/arm_angle__functions.c.o[0m
[2.949s] [ 10%] [32mBuilding C object CMakeFiles/msg_interfaces__rosidl_generator_c.dir/rosidl_generator_c/msg_interfaces/msg/detail/target_pose__functions.c.o[0m
[2.955s] [35m[1mConsolidate compiler generated dependencies of target msg_interfaces__rosidl_typesupport_cpp[0m
[2.957s] [35m[1mConsolidate compiler generated dependencies of target msg_interfaces__rosidl_typesupport_introspection_cpp[0m
[2.974s] [ 12%] [32mBuilding CXX object CMakeFiles/msg_interfaces__rosidl_typesupport_cpp.dir/rosidl_typesupport_cpp/msg_interfaces/msg/drive__type_support.cpp.o[0m
[2.974s] [ 12%] [32mBuilding CXX object CMakeFiles/msg_interfaces__rosidl_typesupport_cpp.dir/rosidl_typesupport_cpp/msg_interfaces/msg/arm_end_motion__type_support.cpp.o[0m
[2.977s] [ 13%] [32mBuilding CXX object CMakeFiles/msg_interfaces__rosidl_typesupport_introspection_cpp.dir/rosidl_typesupport_introspection_cpp/msg_interfaces/msg/detail/drive__type_support.cpp.o[0m
[2.977s] [35m[1mConsolidate compiler generated dependencies of target msg_interfaces__rosidl_typesupport_fastrtps_cpp[0m
[2.997s] [ 14%] [32mBuilding CXX object CMakeFiles/msg_interfaces__rosidl_typesupport_fastrtps_cpp.dir/rosidl_typesupport_fastrtps_cpp/msg_interfaces/msg/detail/dds_fastrtps/drive__type_support.cpp.o[0m
[3.003s] [ 15%] [32mBuilding CXX object CMakeFiles/msg_interfaces__rosidl_typesupport_introspection_cpp.dir/rosidl_typesupport_introspection_cpp/msg_interfaces/msg/detail/arm_end_motion__type_support.cpp.o[0m
[3.011s] [ 17%] [32mBuilding CXX object CMakeFiles/msg_interfaces__rosidl_typesupport_fastrtps_cpp.dir/rosidl_typesupport_fastrtps_cpp/msg_interfaces/msg/detail/dds_fastrtps/arm_end_motion__type_support.cpp.o[0m
[3.012s] [ 17%] [32m[1mLinking C shared library libmsg_interfaces__rosidl_generator_c.so[0m
[3.062s] [ 18%] Built target msg_interfaces__rosidl_generator_c
[3.075s] [ 19%] [32mBuilding CXX object CMakeFiles/msg_interfaces__rosidl_typesupport_cpp.dir/rosidl_typesupport_cpp/msg_interfaces/msg/encoder_arm__type_support.cpp.o[0m
[3.288s] running egg_info
[3.288s] writing msg_interfaces.egg-info/PKG-INFO
[3.288s] writing dependency_links to msg_interfaces.egg-info/dependency_links.txt
[3.288s] writing top-level names to msg_interfaces.egg-info/top_level.txt
[3.293s] reading manifest file 'msg_interfaces.egg-info/SOURCES.txt'
[3.294s] writing manifest file 'msg_interfaces.egg-info/SOURCES.txt'
[3.346s] [ 19%] Built target ament_cmake_python_build_msg_interfaces_egg
[3.359s] [ 20%] [32mBuilding CXX object CMakeFiles/msg_interfaces__rosidl_typesupport_introspection_cpp.dir/rosidl_typesupport_introspection_cpp/msg_interfaces/msg/detail/encoder_arm__type_support.cpp.o[0m
[3.382s] [ 21%] [32mBuilding CXX object CMakeFiles/msg_interfaces__rosidl_typesupport_fastrtps_cpp.dir/rosidl_typesupport_fastrtps_cpp/msg_interfaces/msg/detail/dds_fastrtps/encoder_arm__type_support.cpp.o[0m
[3.382s] [ 21%] [32mBuilding CXX object CMakeFiles/msg_interfaces__rosidl_typesupport_introspection_cpp.dir/rosidl_typesupport_introspection_cpp/msg_interfaces/msg/detail/encoder_drive__type_support.cpp.o[0m
[3.474s] [ 22%] [32mBuilding CXX object CMakeFiles/msg_interfaces__rosidl_typesupport_cpp.dir/rosidl_typesupport_cpp/msg_interfaces/msg/encoder_drive__type_support.cpp.o[0m
[3.631s] [ 23%] [32mBuilding CXX object CMakeFiles/msg_interfaces__rosidl_typesupport_cpp.dir/rosidl_typesupport_cpp/msg_interfaces/msg/shoulder_joint_velocity__type_support.cpp.o[0m
[3.643s] [35m[1mConsolidate compiler generated dependencies of target msg_interfaces__rosidl_typesupport_fastrtps_c[0m
[3.661s] [ 24%] [32mBuilding CXX object CMakeFiles/msg_interfaces__rosidl_typesupport_fastrtps_c.dir/rosidl_typesupport_fastrtps_c/msg_interfaces/msg/detail/drive__type_support_c.cpp.o[0m
[3.680s] [ 25%] [32mBuilding CXX object CMakeFiles/msg_interfaces__rosidl_typesupport_cpp.dir/rosidl_typesupport_cpp/msg_interfaces/msg/wrist_joint_velocity__type_support.cpp.o[0m
[3.694s] [35m[1mConsolidate compiler generated dependencies of target msg_interfaces__rosidl_typesupport_introspection_c[0m
[3.710s] [ 26%] [32mBuilding C object CMakeFiles/msg_interfaces__rosidl_typesupport_introspection_c.dir/rosidl_typesupport_introspection_c/msg_interfaces/msg/detail/drive__type_support.c.o[0m
[3.763s] [ 27%] [32mBuilding C object CMakeFiles/msg_interfaces__rosidl_typesupport_introspection_c.dir/rosidl_typesupport_introspection_c/msg_interfaces/msg/detail/arm_end_motion__type_support.c.o[0m
[3.821s] [ 28%] [32mBuilding C object CMakeFiles/msg_interfaces__rosidl_typesupport_introspection_c.dir/rosidl_typesupport_introspection_c/msg_interfaces/msg/detail/encoder_arm__type_support.c.o[0m
[3.881s] [ 29%] [32mBuilding CXX object CMakeFiles/msg_interfaces__rosidl_typesupport_introspection_cpp.dir/rosidl_typesupport_introspection_cpp/msg_interfaces/msg/detail/shoulder_joint_velocity__type_support.cpp.o[0m
[3.889s] [ 30%] [32mBuilding C object CMakeFiles/msg_interfaces__rosidl_typesupport_introspection_c.dir/rosidl_typesupport_introspection_c/msg_interfaces/msg/detail/encoder_drive__type_support.c.o[0m
[3.960s] [ 31%] [32mBuilding C object CMakeFiles/msg_interfaces__rosidl_typesupport_introspection_c.dir/rosidl_typesupport_introspection_c/msg_interfaces/msg/detail/shoulder_joint_velocity__type_support.c.o[0m
[4.003s] [ 32%] [32mBuilding C object CMakeFiles/msg_interfaces__rosidl_typesupport_introspection_c.dir/rosidl_typesupport_introspection_c/msg_interfaces/msg/detail/wrist_joint_velocity__type_support.c.o[0m
[4.009s] [ 33%] [32mBuilding CXX object CMakeFiles/msg_interfaces__rosidl_typesupport_fastrtps_c.dir/rosidl_typesupport_fastrtps_c/msg_interfaces/msg/detail/arm_end_motion__type_support_c.cpp.o[0m
[4.040s] [ 34%] [32mBuilding C object CMakeFiles/msg_interfaces__rosidl_typesupport_introspection_c.dir/rosidl_typesupport_introspection_c/msg_interfaces/msg/detail/base_motion__type_support.c.o[0m
[4.055s] [ 35%] [32mBuilding CXX object CMakeFiles/msg_interfaces__rosidl_typesupport_fastrtps_cpp.dir/rosidl_typesupport_fastrtps_cpp/msg_interfaces/msg/detail/dds_fastrtps/encoder_drive__type_support.cpp.o[0m
[4.061s] [ 36%] [32mBuilding CXX object CMakeFiles/msg_interfaces__rosidl_typesupport_fastrtps_c.dir/rosidl_typesupport_fastrtps_c/msg_interfaces/msg/detail/encoder_arm__type_support_c.cpp.o[0m
[4.061s] [35m[1mConsolidate compiler generated dependencies of target msg_interfaces__rosidl_typesupport_c[0m
[4.079s] [ 37%] [32mBuilding CXX object CMakeFiles/msg_interfaces__rosidl_typesupport_c.dir/rosidl_typesupport_c/msg_interfaces/msg/drive__type_support.cpp.o[0m
[4.081s] [ 38%] [32mBuilding CXX object CMakeFiles/msg_interfaces__rosidl_typesupport_cpp.dir/rosidl_typesupport_cpp/msg_interfaces/msg/base_motion__type_support.cpp.o[0m
[4.089s] [ 39%] [32mBuilding C object CMakeFiles/msg_interfaces__rosidl_typesupport_introspection_c.dir/rosidl_typesupport_introspection_c/msg_interfaces/msg/detail/final_vel__type_support.c.o[0m
[4.117s] [ 40%] [32mBuilding CXX object CMakeFiles/msg_interfaces__rosidl_typesupport_c.dir/rosidl_typesupport_c/msg_interfaces/msg/arm_end_motion__type_support.cpp.o[0m
[4.133s] [ 41%] [32mBuilding C object CMakeFiles/msg_interfaces__rosidl_typesupport_introspection_c.dir/rosidl_typesupport_introspection_c/msg_interfaces/msg/detail/target_pose__type_support.c.o[0m
[4.158s] [ 42%] [32mBuilding CXX object CMakeFiles/msg_interfaces__rosidl_typesupport_c.dir/rosidl_typesupport_c/msg_interfaces/msg/encoder_arm__type_support.cpp.o[0m
[4.164s] [ 43%] [32mBuilding C object CMakeFiles/msg_interfaces__rosidl_typesupport_introspection_c.dir/rosidl_typesupport_introspection_c/msg_interfaces/msg/detail/arm_angle__type_support.c.o[0m
[4.183s] [ 44%] [32mBuilding CXX object CMakeFiles/msg_interfaces__rosidl_typesupport_fastrtps_cpp.dir/rosidl_typesupport_fastrtps_cpp/msg_interfaces/msg/detail/dds_fastrtps/shoulder_joint_velocity__type_support.cpp.o[0m
[4.203s] [ 45%] [32mBuilding CXX object CMakeFiles/msg_interfaces__rosidl_typesupport_c.dir/rosidl_typesupport_c/msg_interfaces/msg/encoder_drive__type_support.cpp.o[0m
[4.210s] [ 46%] [32m[1mLinking C shared library libmsg_interfaces__rosidl_typesupport_introspection_c.so[0m
[4.245s] [ 47%] [32mBuilding CXX object CMakeFiles/msg_interfaces__rosidl_typesupport_c.dir/rosidl_typesupport_c/msg_interfaces/msg/shoulder_joint_velocity__type_support.cpp.o[0m
[4.255s] [ 48%] Built target msg_interfaces__rosidl_typesupport_introspection_c
[4.266s] [ 49%] [32mBuilding CXX object CMakeFiles/msg_interfaces__rosidl_typesupport_cpp.dir/rosidl_typesupport_cpp/msg_interfaces/msg/final_vel__type_support.cpp.o[0m
[4.284s] [ 50%] [32mBuilding CXX object CMakeFiles/msg_interfaces__rosidl_typesupport_c.dir/rosidl_typesupport_c/msg_interfaces/msg/wrist_joint_velocity__type_support.cpp.o[0m
[4.323s] [ 51%] [32mBuilding CXX object CMakeFiles/msg_interfaces__rosidl_typesupport_c.dir/rosidl_typesupport_c/msg_interfaces/msg/base_motion__type_support.cpp.o[0m
[4.368s] [ 52%] [32mBuilding CXX object CMakeFiles/msg_interfaces__rosidl_typesupport_c.dir/rosidl_typesupport_c/msg_interfaces/msg/final_vel__type_support.cpp.o[0m
[4.405s] [ 52%] [32mBuilding CXX object CMakeFiles/msg_interfaces__rosidl_typesupport_c.dir/rosidl_typesupport_c/msg_interfaces/msg/target_pose__type_support.cpp.o[0m
[4.447s] [ 53%] [32mBuilding CXX object CMakeFiles/msg_interfaces__rosidl_typesupport_c.dir/rosidl_typesupport_c/msg_interfaces/msg/arm_angle__type_support.cpp.o[0m
[4.455s] [ 54%] [32mBuilding CXX object CMakeFiles/msg_interfaces__rosidl_typesupport_introspection_cpp.dir/rosidl_typesupport_introspection_cpp/msg_interfaces/msg/detail/wrist_joint_velocity__type_support.cpp.o[0m
[4.471s] [ 55%] [32mBuilding CXX object CMakeFiles/msg_interfaces__rosidl_typesupport_fastrtps_c.dir/rosidl_typesupport_fastrtps_c/msg_interfaces/msg/detail/encoder_drive__type_support_c.cpp.o[0m
[4.488s] [ 56%] [32m[1mLinking CXX shared library libmsg_interfaces__rosidl_typesupport_c.so[0m
[4.509s] [ 57%] [32mBuilding CXX object CMakeFiles/msg_interfaces__rosidl_typesupport_fastrtps_cpp.dir/rosidl_typesupport_fastrtps_cpp/msg_interfaces/msg/detail/dds_fastrtps/wrist_joint_velocity__type_support.cpp.o[0m
[4.545s] [ 58%] Built target msg_interfaces__rosidl_typesupport_c
[4.556s] [ 59%] [32mBuilding CXX object CMakeFiles/msg_interfaces__rosidl_typesupport_fastrtps_cpp.dir/rosidl_typesupport_fastrtps_cpp/msg_interfaces/msg/detail/dds_fastrtps/base_motion__type_support.cpp.o[0m
[4.614s] [ 60%] [32mBuilding CXX object CMakeFiles/msg_interfaces__rosidl_typesupport_fastrtps_cpp.dir/rosidl_typesupport_fastrtps_cpp/msg_interfaces/msg/detail/dds_fastrtps/final_vel__type_support.cpp.o[0m
[4.668s] [ 61%] [32mBuilding CXX object CMakeFiles/msg_interfaces__rosidl_typesupport_cpp.dir/rosidl_typesupport_cpp/msg_interfaces/msg/target_pose__type_support.cpp.o[0m
[4.746s] [ 62%] [32mBuilding CXX object CMakeFiles/msg_interfaces__rosidl_typesupport_cpp.dir/rosidl_typesupport_cpp/msg_interfaces/msg/arm_angle__type_support.cpp.o[0m
[4.779s] [ 63%] [32mBuilding CXX object CMakeFiles/msg_interfaces__rosidl_typesupport_introspection_cpp.dir/rosidl_typesupport_introspection_cpp/msg_interfaces/msg/detail/base_motion__type_support.cpp.o[0m
[4.986s] [ 64%] [32mBuilding CXX object CMakeFiles/msg_interfaces__rosidl_typesupport_fastrtps_c.dir/rosidl_typesupport_fastrtps_c/msg_interfaces/msg/detail/shoulder_joint_velocity__type_support_c.cpp.o[0m
[5.071s] [ 65%] [32mBuilding CXX object CMakeFiles/msg_interfaces__rosidl_typesupport_fastrtps_cpp.dir/rosidl_typesupport_fastrtps_cpp/msg_interfaces/msg/detail/dds_fastrtps/target_pose__type_support.cpp.o[0m
[5.086s] [ 66%] [32mBuilding CXX object CMakeFiles/msg_interfaces__rosidl_typesupport_introspection_cpp.dir/rosidl_typesupport_introspection_cpp/msg_interfaces/msg/detail/final_vel__type_support.cpp.o[0m
[5.151s] [ 67%] [32m[1mLinking CXX shared library libmsg_interfaces__rosidl_typesupport_cpp.so[0m
[5.154s] [ 68%] [32mBuilding CXX object CMakeFiles/msg_interfaces__rosidl_typesupport_fastrtps_c.dir/rosidl_typesupport_fastrtps_c/msg_interfaces/msg/detail/wrist_joint_velocity__type_support_c.cpp.o[0m
[5.180s] [ 69%] [32mBuilding CXX object CMakeFiles/msg_interfaces__rosidl_typesupport_fastrtps_c.dir/rosidl_typesupport_fastrtps_c/msg_interfaces/msg/detail/base_motion__type_support_c.cpp.o[0m
[5.209s] [ 70%] Built target msg_interfaces__rosidl_typesupport_cpp
[5.220s] [ 71%] [32mBuilding CXX object CMakeFiles/msg_interfaces__rosidl_typesupport_fastrtps_cpp.dir/rosidl_typesupport_fastrtps_cpp/msg_interfaces/msg/detail/dds_fastrtps/arm_angle__type_support.cpp.o[0m
[5.225s] [ 72%] [32mBuilding CXX object CMakeFiles/msg_interfaces__rosidl_typesupport_fastrtps_c.dir/rosidl_typesupport_fastrtps_c/msg_interfaces/msg/detail/final_vel__type_support_c.cpp.o[0m
[5.389s] [ 73%] [32mBuilding CXX object CMakeFiles/msg_interfaces__rosidl_typesupport_fastrtps_c.dir/rosidl_typesupport_fastrtps_c/msg_interfaces/msg/detail/target_pose__type_support_c.cpp.o[0m
[5.491s] [ 74%] [32mBuilding CXX object CMakeFiles/msg_interfaces__rosidl_typesupport_introspection_cpp.dir/rosidl_typesupport_introspection_cpp/msg_interfaces/msg/detail/target_pose__type_support.cpp.o[0m
[5.658s] [ 75%] [32mBuilding CXX object CMakeFiles/msg_interfaces__rosidl_typesupport_fastrtps_c.dir/rosidl_typesupport_fastrtps_c/msg_interfaces/msg/detail/arm_angle__type_support_c.cpp.o[0m
[5.667s] [ 76%] [32mBuilding CXX object CMakeFiles/msg_interfaces__rosidl_typesupport_introspection_cpp.dir/rosidl_typesupport_introspection_cpp/msg_interfaces/msg/detail/arm_angle__type_support.cpp.o[0m
[5.805s] [ 77%] [32m[1mLinking CXX shared library libmsg_interfaces__rosidl_typesupport_fastrtps_cpp.so[0m
[5.908s] [ 78%] Built target msg_interfaces__rosidl_typesupport_fastrtps_cpp
[5.999s] [ 79%] [32m[1mLinking CXX shared library libmsg_interfaces__rosidl_typesupport_fastrtps_c.so[0m
[6.052s] [ 80%] [32m[1mLinking CXX shared library libmsg_interfaces__rosidl_typesupport_introspection_cpp.so[0m
[6.069s] [ 81%] Built target msg_interfaces__rosidl_typesupport_fastrtps_c
[6.115s] [ 82%] Built target msg_interfaces__rosidl_typesupport_introspection_cpp
[6.130s] [ 82%] Built target msg_interfaces
[6.144s] [ 83%] Built target msg_interfaces__py
[6.153s] [35m[1mConsolidate compiler generated dependencies of target msg_interfaces__rosidl_generator_py[0m
[6.168s] [ 87%] [32mBuilding C object CMakeFiles/msg_interfaces__rosidl_generator_py.dir/rosidl_generator_py/msg_interfaces/msg/_encoder_drive_s.c.o[0m
[6.168s] [ 87%] [32mBuilding C object CMakeFiles/msg_interfaces__rosidl_generator_py.dir/rosidl_generator_py/msg_interfaces/msg/_drive_s.c.o[0m
[6.168s] [ 87%] [32mBuilding C object CMakeFiles/msg_interfaces__rosidl_generator_py.dir/rosidl_generator_py/msg_interfaces/msg/_encoder_arm_s.c.o[0m
[6.168s] [ 87%] [32mBuilding C object CMakeFiles/msg_interfaces__rosidl_generator_py.dir/rosidl_generator_py/msg_interfaces/msg/_arm_end_motion_s.c.o[0m
[6.169s] [ 89%] [32mBuilding C object CMakeFiles/msg_interfaces__rosidl_generator_py.dir/rosidl_generator_py/msg_interfaces/msg/_shoulder_joint_velocity_s.c.o[0m
[6.169s] [ 89%] [32mBuilding C object CMakeFiles/msg_interfaces__rosidl_generator_py.dir/rosidl_generator_py/msg_interfaces/msg/_wrist_joint_velocity_s.c.o[0m
[6.169s] [ 91%] [32mBuilding C object CMakeFiles/msg_interfaces__rosidl_generator_py.dir/rosidl_generator_py/msg_interfaces/msg/_base_motion_s.c.o[0m
[6.169s] [ 91%] [32mBuilding C object CMakeFiles/msg_interfaces__rosidl_generator_py.dir/rosidl_generator_py/msg_interfaces/msg/_final_vel_s.c.o[0m
[6.321s] [ 92%] [32mBuilding C object CMakeFiles/msg_interfaces__rosidl_generator_py.dir/rosidl_generator_py/msg_interfaces/msg/_target_pose_s.c.o[0m
[6.321s] [ 93%] [32mBuilding C object CMakeFiles/msg_interfaces__rosidl_generator_py.dir/rosidl_generator_py/msg_interfaces/msg/_arm_angle_s.c.o[0m
[6.427s] [ 94%] [32m[1mLinking C shared library rosidl_generator_py/msg_interfaces/libmsg_interfaces__rosidl_generator_py.so[0m
[6.460s] [ 94%] Built target msg_interfaces__rosidl_generator_py
[6.468s] [35m[1mConsolidate compiler generated dependencies of target msg_interfaces__rosidl_typesupport_introspection_c__pyext[0m
[6.468s] [35m[1mConsolidate compiler generated dependencies of target msg_interfaces__rosidl_typesupport_c__pyext[0m
[6.468s] [35m[1mConsolidate compiler generated dependencies of target msg_interfaces__rosidl_typesupport_fastrtps_c__pyext[0m
[6.477s] [ 97%] [32mBuilding C object CMakeFiles/msg_interfaces__rosidl_typesupport_introspection_c__pyext.dir/rosidl_generator_py/msg_interfaces/_msg_interfaces_s.ep.rosidl_typesupport_introspection_c.c.o[0m
[6.477s] [ 97%] [32mBuilding C object CMakeFiles/msg_interfaces__rosidl_typesupport_c__pyext.dir/rosidl_generator_py/msg_interfaces/_msg_interfaces_s.ep.rosidl_typesupport_c.c.o[0m
[6.477s] [ 97%] [32mBuilding C object CMakeFiles/msg_interfaces__rosidl_typesupport_fastrtps_c__pyext.dir/rosidl_generator_py/msg_interfaces/_msg_interfaces_s.ep.rosidl_typesupport_fastrtps_c.c.o[0m
[6.586s] [100%] [32m[1mLinking C shared library rosidl_generator_py/msg_interfaces/msg_interfaces_s__rosidl_typesupport_c.cpython-310-x86_64-linux-gnu.so[0m
[6.586s] [100%] [32m[1mLinking C shared library rosidl_generator_py/msg_interfaces/msg_interfaces_s__rosidl_typesupport_fastrtps_c.cpython-310-x86_64-linux-gnu.so[0m
[6.586s] [100%] [32m[1mLinking C shared library rosidl_generator_py/msg_interfaces/msg_interfaces_s__rosidl_typesupport_introspection_c.cpython-310-x86_64-linux-gnu.so[0m
[6.619s] [100%] Built target msg_interfaces__rosidl_typesupport_fastrtps_c__pyext
[6.620s] [100%] Built target msg_interfaces__rosidl_typesupport_c__pyext
[6.620s] [100%] Built target msg_interfaces__rosidl_typesupport_introspection_c__pyext
[6.630s] Invoked command in '/home/sudhindra/irc/rover_essentials/build/msg_interfaces' returned '0': CMAKE_PREFIX_PATH=${CMAKE_PREFIX_PATH}:/opt/ros/humble /usr/bin/cmake --build /home/sudhindra/irc/rover_essentials/build/msg_interfaces -- -j8 -l8
[6.779s] Invoking command in '/home/sudhindra/irc/rover_essentials/build/msg_interfaces': CMAKE_PREFIX_PATH=${CMAKE_PREFIX_PATH}:/opt/ros/humble /usr/bin/cmake --install /home/sudhindra/irc/rover_essentials/build/msg_interfaces
[6.785s] -- Install configuration: ""
[6.786s] -- Up-to-date: /home/sudhindra/irc_2025/rover_essentials/install/msg_interfaces/share/ament_index/resource_index/rosidl_interfaces/msg_interfaces
[6.786s] -- Up-to-date: /home/sudhindra/irc_2025/rover_essentials/install/msg_interfaces/include/msg_interfaces/msg_interfaces
[6.786s] -- Up-to-date: /home/sudhindra/irc_2025/rover_essentials/install/msg_interfaces/include/msg_interfaces/msg_interfaces/msg
[6.786s] -- Up-to-date: /home/sudhindra/irc_2025/rover_essentials/install/msg_interfaces/include/msg_interfaces/msg_interfaces/msg/target_pose.h
[6.786s] -- Up-to-date: /home/sudhindra/irc_2025/rover_essentials/install/msg_interfaces/include/msg_interfaces/msg_interfaces/msg/arm_end_motion.h
[6.786s] -- Up-to-date: /home/sudhindra/irc_2025/rover_essentials/install/msg_interfaces/include/msg_interfaces/msg_interfaces/msg/base_motion.h
[6.786s] -- Up-to-date: /home/sudhindra/irc_2025/rover_essentials/install/msg_interfaces/include/msg_interfaces/msg_interfaces/msg/encoder_drive.h
[6.786s] -- Up-to-date: /home/sudhindra/irc_2025/rover_essentials/install/msg_interfaces/include/msg_interfaces/msg_interfaces/msg/encoder_arm.h
[6.786s] -- Up-to-date: /home/sudhindra/irc_2025/rover_essentials/install/msg_interfaces/include/msg_interfaces/msg_interfaces/msg/detail
[6.786s] -- Up-to-date: /home/sudhindra/irc_2025/rover_essentials/install/msg_interfaces/include/msg_interfaces/msg_interfaces/msg/detail/wrist_joint_velocity__functions.c
[6.786s] -- Up-to-date: /home/sudhindra/irc_2025/rover_essentials/install/msg_interfaces/include/msg_interfaces/msg_interfaces/msg/detail/base_motion__functions.h
[6.787s] -- Up-to-date: /home/sudhindra/irc_2025/rover_essentials/install/msg_interfaces/include/msg_interfaces/msg_interfaces/msg/detail/encoder_drive__struct.h
[6.787s] -- Up-to-date: /home/sudhindra/irc_2025/rover_essentials/install/msg_interfaces/include/msg_interfaces/msg_interfaces/msg/detail/encoder_drive__functions.h
[6.787s] -- Up-to-date: /home/sudhindra/irc_2025/rover_essentials/install/msg_interfaces/include/msg_interfaces/msg_interfaces/msg/detail/encoder_arm__functions.c
[6.787s] -- Up-to-date: /home/sudhindra/irc_2025/rover_essentials/install/msg_interfaces/include/msg_interfaces/msg_interfaces/msg/detail/shoulder_joint_velocity__struct.h
[6.787s] -- Up-to-date: /home/sudhindra/irc_2025/rover_essentials/install/msg_interfaces/include/msg_interfaces/msg_interfaces/msg/detail/arm_angle__functions.c
[6.787s] -- Up-to-date: /home/sudhindra/irc_2025/rover_essentials/install/msg_interfaces/include/msg_interfaces/msg_interfaces/msg/detail/arm_end_motion__functions.h
[6.787s] -- Up-to-date: /home/sudhindra/irc_2025/rover_essentials/install/msg_interfaces/include/msg_interfaces/msg_interfaces/msg/detail/arm_end_motion__type_support.h
[6.787s] -- Up-to-date: /home/sudhindra/irc_2025/rover_essentials/install/msg_interfaces/include/msg_interfaces/msg_interfaces/msg/detail/base_motion__struct.h
[6.787s] -- Up-to-date: /home/sudhindra/irc_2025/rover_essentials/install/msg_interfaces/include/msg_interfaces/msg_interfaces/msg/detail/encoder_arm__struct.h
[6.787s] -- Up-to-date: /home/sudhindra/irc_2025/rover_essentials/install/msg_interfaces/include/msg_interfaces/msg_interfaces/msg/detail/arm_angle__functions.h
[6.787s] -- Up-to-date: /home/sudhindra/irc_2025/rover_essentials/install/msg_interfaces/include/msg_interfaces/msg_interfaces/msg/detail/target_pose__functions.h
[6.787s] -- Up-to-date: /home/sudhindra/irc_2025/rover_essentials/install/msg_interfaces/include/msg_interfaces/msg_interfaces/msg/detail/final_vel__type_support.h
[6.787s] -- Up-to-date: /home/sudhindra/irc_2025/rover_essentials/install/msg_interfaces/include/msg_interfaces/msg_interfaces/msg/detail/encoder_drive__type_support.h
[6.787s] -- Up-to-date: /home/sudhindra/irc_2025/rover_essentials/install/msg_interfaces/include/msg_interfaces/msg_interfaces/msg/detail/shoulder_joint_velocity__type_support.h
[6.787s] -- Up-to-date: /home/sudhindra/irc_2025/rover_essentials/install/msg_interfaces/include/msg_interfaces/msg_interfaces/msg/detail/final_vel__struct.h
[6.788s] -- Up-to-date: /home/sudhindra/irc_2025/rover_essentials/install/msg_interfaces/include/msg_interfaces/msg_interfaces/msg/detail/arm_angle__struct.h
[6.788s] -- Up-to-date: /home/sudhindra/irc_2025/rover_essentials/install/msg_interfaces/include/msg_interfaces/msg_interfaces/msg/detail/base_motion__type_support.h
[6.788s] -- Up-to-date: /home/sudhindra/irc_2025/rover_essentials/install/msg_interfaces/include/msg_interfaces/msg_interfaces/msg/detail/shoulder_joint_velocity__functions.c
[6.788s] -- Up-to-date: /home/sudhindra/irc_2025/rover_essentials/install/msg_interfaces/include/msg_interfaces/msg_interfaces/msg/detail/arm_end_motion__functions.c
[6.788s] -- Up-to-date: /home/sudhindra/irc_2025/rover_essentials/install/msg_interfaces/include/msg_interfaces/msg_interfaces/msg/detail/arm_angle__type_support.h
[6.788s] -- Up-to-date: /home/sudhindra/irc_2025/rover_essentials/install/msg_interfaces/include/msg_interfaces/msg_interfaces/msg/detail/encoder_arm__functions.h
[6.788s] -- Up-to-date: /home/sudhindra/irc_2025/rover_essentials/install/msg_interfaces/include/msg_interfaces/msg_interfaces/msg/detail/wrist_joint_velocity__struct.h
[6.788s] -- Up-to-date: /home/sudhindra/irc_2025/rover_essentials/install/msg_interfaces/include/msg_interfaces/msg_interfaces/msg/detail/target_pose__functions.c
[6.788s] -- Up-to-date: /home/sudhindra/irc_2025/rover_essentials/install/msg_interfaces/include/msg_interfaces/msg_interfaces/msg/detail/drive__functions.c
[6.788s] -- Up-to-date: /home/sudhindra/irc_2025/rover_essentials/install/msg_interfaces/include/msg_interfaces/msg_interfaces/msg/detail/encoder_arm__type_support.h
[6.788s] -- Up-to-date: /home/sudhindra/irc_2025/rover_essentials/install/msg_interfaces/include/msg_interfaces/msg_interfaces/msg/detail/drive__functions.h
[6.788s] -- Up-to-date: /home/sudhindra/irc_2025/rover_essentials/install/msg_interfaces/include/msg_interfaces/msg_interfaces/msg/detail/drive__struct.h
[6.789s] -- Up-to-date: /home/sudhindra/irc_2025/rover_essentials/install/msg_interfaces/include/msg_interfaces/msg_interfaces/msg/detail/wrist_joint_velocity__type_support.h
[6.789s] -- Up-to-date: /home/sudhindra/irc_2025/rover_essentials/install/msg_interfaces/include/msg_interfaces/msg_interfaces/msg/detail/final_vel__functions.h
[6.789s] -- Up-to-date: /home/sudhindra/irc_2025/rover_essentials/install/msg_interfaces/include/msg_interfaces/msg_interfaces/msg/detail/encoder_drive__functions.c
[6.789s] -- Up-to-date: /home/sudhindra/irc_2025/rover_essentials/install/msg_interfaces/include/msg_interfaces/msg_interfaces/msg/detail/shoulder_joint_velocity__functions.h
[6.789s] -- Up-to-date: /home/sudhindra/irc_2025/rover_essentials/install/msg_interfaces/include/msg_interfaces/msg_interfaces/msg/detail/base_motion__functions.c
[6.789s] -- Up-to-date: /home/sudhindra/irc_2025/rover_essentials/install/msg_interfaces/include/msg_interfaces/msg_interfaces/msg/detail/arm_end_motion__struct.h
[6.789s] -- Up-to-date: /home/sudhindra/irc_2025/rover_essentials/install/msg_interfaces/include/msg_interfaces/msg_interfaces/msg/detail/final_vel__functions.c
[6.789s] -- Up-to-date: /home/sudhindra/irc_2025/rover_essentials/install/msg_interfaces/include/msg_interfaces/msg_interfaces/msg/detail/target_pose__type_support.h
[6.789s] -- Up-to-date: /home/sudhindra/irc_2025/rover_essentials/install/msg_interfaces/include/msg_interfaces/msg_interfaces/msg/detail/wrist_joint_velocity__functions.h
[6.789s] -- Up-to-date: /home/sudhindra/irc_2025/rover_essentials/install/msg_interfaces/include/msg_interfaces/msg_interfaces/msg/detail/drive__type_support.h
[6.789s] -- Up-to-date: /home/sudhindra/irc_2025/rover_essentials/install/msg_interfaces/include/msg_interfaces/msg_interfaces/msg/detail/target_pose__struct.h
[6.789s] -- Up-to-date: /home/sudhindra/irc_2025/rover_essentials/install/msg_interfaces/include/msg_interfaces/msg_interfaces/msg/rosidl_generator_c__visibility_control.h
[6.789s] -- Up-to-date: /home/sudhindra/irc_2025/rover_essentials/install/msg_interfaces/include/msg_interfaces/msg_interfaces/msg/drive.h
[6.789s] -- Up-to-date: /home/sudhindra/irc_2025/rover_essentials/install/msg_interfaces/include/msg_interfaces/msg_interfaces/msg/arm_angle.h
[6.789s] -- Up-to-date: /home/sudhindra/irc_2025/rover_essentials/install/msg_interfaces/include/msg_interfaces/msg_interfaces/msg/wrist_joint_velocity.h
[6.789s] -- Up-to-date: /home/sudhindra/irc_2025/rover_essentials/install/msg_interfaces/include/msg_interfaces/msg_interfaces/msg/final_vel.h
[6.790s] -- Up-to-date: /home/sudhindra/irc_2025/rover_essentials/install/msg_interfaces/include/msg_interfaces/msg_interfaces/msg/shoulder_joint_velocity.h
[6.790s] -- Installing: /home/sudhindra/irc_2025/rover_essentials/install/msg_interfaces/share/msg_interfaces/environment/library_path.sh
[6.790s] -- Installing: /home/sudhindra/irc_2025/rover_essentials/install/msg_interfaces/share/msg_interfaces/environment/library_path.dsv
[6.790s] -- Up-to-date: /home/sudhindra/irc_2025/rover_essentials/install/msg_interfaces/lib/libmsg_interfaces__rosidl_generator_c.so
[6.790s] -- Up-to-date: /home/sudhindra/irc_2025/rover_essentials/install/msg_interfaces/include/msg_interfaces/msg_interfaces
[6.790s] -- Up-to-date: /home/sudhindra/irc_2025/rover_essentials/install/msg_interfaces/include/msg_interfaces/msg_interfaces/msg
[6.790s] -- Up-to-date: /home/sudhindra/irc_2025/rover_essentials/install/msg_interfaces/include/msg_interfaces/msg_interfaces/msg/detail
[6.790s] -- Up-to-date: /home/sudhindra/irc_2025/rover_essentials/install/msg_interfaces/include/msg_interfaces/msg_interfaces/msg/detail/encoder_drive__rosidl_typesupport_fastrtps_c.h
[6.790s] -- Up-to-date: /home/sudhindra/irc_2025/rover_essentials/install/msg_interfaces/include/msg_interfaces/msg_interfaces/msg/detail/base_motion__rosidl_typesupport_fastrtps_c.h
[6.790s] -- Up-to-date: /home/sudhindra/irc_2025/rover_essentials/install/msg_interfaces/include/msg_interfaces/msg_interfaces/msg/detail/arm_end_motion__rosidl_typesupport_fastrtps_c.h
[6.790s] -- Up-to-date: /home/sudhindra/irc_2025/rover_essentials/install/msg_interfaces/include/msg_interfaces/msg_interfaces/msg/detail/encoder_arm__rosidl_typesupport_fastrtps_c.h
[6.790s] -- Up-to-date: /home/sudhindra/irc_2025/rover_essentials/install/msg_interfaces/include/msg_interfaces/msg_interfaces/msg/detail/final_vel__rosidl_typesupport_fastrtps_c.h
[6.790s] -- Up-to-date: /home/sudhindra/irc_2025/rover_essentials/install/msg_interfaces/include/msg_interfaces/msg_interfaces/msg/detail/target_pose__rosidl_typesupport_fastrtps_c.h
[6.790s] -- Up-to-date: /home/sudhindra/irc_2025/rover_essentials/install/msg_interfaces/include/msg_interfaces/msg_interfaces/msg/detail/wrist_joint_velocity__rosidl_typesupport_fastrtps_c.h
[6.790s] -- Up-to-date: /home/sudhindra/irc_2025/rover_essentials/install/msg_interfaces/include/msg_interfaces/msg_interfaces/msg/detail/shoulder_joint_velocity__rosidl_typesupport_fastrtps_c.h
[6.791s] -- Up-to-date: /home/sudhindra/irc_2025/rover_essentials/install/msg_interfaces/include/msg_interfaces/msg_interfaces/msg/detail/arm_angle__rosidl_typesupport_fastrtps_c.h
[6.791s] -- Up-to-date: /home/sudhindra/irc_2025/rover_essentials/install/msg_interfaces/include/msg_interfaces/msg_interfaces/msg/detail/drive__rosidl_typesupport_fastrtps_c.h
[6.791s] -- Up-to-date: /home/sudhindra/irc_2025/rover_essentials/install/msg_interfaces/include/msg_interfaces/msg_interfaces/msg/rosidl_typesupport_fastrtps_c__visibility_control.h
[6.791s] -- Up-to-date: /home/sudhindra/irc_2025/rover_essentials/install/msg_interfaces/lib/libmsg_interfaces__rosidl_typesupport_fastrtps_c.so
[6.791s] -- Up-to-date: /home/sudhindra/irc_2025/rover_essentials/install/msg_interfaces/include/msg_interfaces/msg_interfaces
[6.791s] -- Up-to-date: /home/sudhindra/irc_2025/rover_essentials/install/msg_interfaces/include/msg_interfaces/msg_interfaces/msg
[6.791s] -- Up-to-date: /home/sudhindra/irc_2025/rover_essentials/install/msg_interfaces/include/msg_interfaces/msg_interfaces/msg/base_motion.hpp
[6.791s] -- Up-to-date: /home/sudhindra/irc_2025/rover_essentials/install/msg_interfaces/include/msg_interfaces/msg_interfaces/msg/arm_angle.hpp
[6.791s] -- Up-to-date: /home/sudhindra/irc_2025/rover_essentials/install/msg_interfaces/include/msg_interfaces/msg_interfaces/msg/encoder_drive.hpp
[6.791s] -- Up-to-date: /home/sudhindra/irc_2025/rover_essentials/install/msg_interfaces/include/msg_interfaces/msg_interfaces/msg/final_vel.hpp
[6.791s] -- Up-to-date: /home/sudhindra/irc_2025/rover_essentials/install/msg_interfaces/include/msg_interfaces/msg_interfaces/msg/wrist_joint_velocity.hpp
[6.791s] -- Up-to-date: /home/sudhindra/irc_2025/rover_essentials/install/msg_interfaces/include/msg_interfaces/msg_interfaces/msg/detail
[6.791s] -- Up-to-date: /home/sudhindra/irc_2025/rover_essentials/install/msg_interfaces/include/msg_interfaces/msg_interfaces/msg/detail/final_vel__builder.hpp
[6.791s] -- Up-to-date: /home/sudhindra/irc_2025/rover_essentials/install/msg_interfaces/include/msg_interfaces/msg_interfaces/msg/detail/final_vel__traits.hpp
[6.791s] -- Up-to-date: /home/sudhindra/irc_2025/rover_essentials/install/msg_interfaces/include/msg_interfaces/msg_interfaces/msg/detail/drive__struct.hpp
[6.792s] -- Up-to-date: /home/sudhindra/irc_2025/rover_essentials/install/msg_interfaces/include/msg_interfaces/msg_interfaces/msg/detail/encoder_arm__builder.hpp
[6.792s] -- Up-to-date: /home/sudhindra/irc_2025/rover_essentials/install/msg_interfaces/include/msg_interfaces/msg_interfaces/msg/detail/base_motion__struct.hpp
[6.792s] -- Up-to-date: /home/sudhindra/irc_2025/rover_essentials/install/msg_interfaces/include/msg_interfaces/msg_interfaces/msg/detail/arm_angle__traits.hpp
[6.792s] -- Up-to-date: /home/sudhindra/irc_2025/rover_essentials/install/msg_interfaces/include/msg_interfaces/msg_interfaces/msg/detail/encoder_drive__struct.hpp
[6.792s] -- Up-to-date: /home/sudhindra/irc_2025/rover_essentials/install/msg_interfaces/include/msg_interfaces/msg_interfaces/msg/detail/arm_end_motion__struct.hpp
[6.792s] -- Up-to-date: /home/sudhindra/irc_2025/rover_essentials/install/msg_interfaces/include/msg_interfaces/msg_interfaces/msg/detail/drive__traits.hpp
[6.792s] -- Up-to-date: /home/sudhindra/irc_2025/rover_essentials/install/msg_interfaces/include/msg_interfaces/msg_interfaces/msg/detail/arm_angle__builder.hpp
[6.792s] -- Up-to-date: /home/sudhindra/irc_2025/rover_essentials/install/msg_interfaces/include/msg_interfaces/msg_interfaces/msg/detail/wrist_joint_velocity__struct.hpp
[6.792s] -- Up-to-date: /home/sudhindra/irc_2025/rover_essentials/install/msg_interfaces/include/msg_interfaces/msg_interfaces/msg/detail/encoder_arm__struct.hpp
[6.792s] -- Up-to-date: /home/sudhindra/irc_2025/rover_essentials/install/msg_interfaces/include/msg_interfaces/msg_interfaces/msg/detail/arm_end_motion__builder.hpp
[6.792s] -- Up-to-date: /home/sudhindra/irc_2025/rover_essentials/install/msg_interfaces/include/msg_interfaces/msg_interfaces/msg/detail/wrist_joint_velocity__builder.hpp
[6.792s] -- Up-to-date: /home/sudhindra/irc_2025/rover_essentials/install/msg_interfaces/include/msg_interfaces/msg_interfaces/msg/detail/arm_end_motion__traits.hpp
[6.792s] -- Up-to-date: /home/sudhindra/irc_2025/rover_essentials/install/msg_interfaces/include/msg_interfaces/msg_interfaces/msg/detail/target_pose__struct.hpp
[6.793s] -- Up-to-date: /home/sudhindra/irc_2025/rover_essentials/install/msg_interfaces/include/msg_interfaces/msg_interfaces/msg/detail/target_pose__traits.hpp
[6.793s] -- Up-to-date: /home/sudhindra/irc_2025/rover_essentials/install/msg_interfaces/include/msg_interfaces/msg_interfaces/msg/detail/wrist_joint_velocity__traits.hpp
[6.793s] -- Up-to-date: /home/sudhindra/irc_2025/rover_essentials/install/msg_interfaces/include/msg_interfaces/msg_interfaces/msg/detail/base_motion__traits.hpp
[6.793s] -- Up-to-date: /home/sudhindra/irc_2025/rover_essentials/install/msg_interfaces/include/msg_interfaces/msg_interfaces/msg/detail/drive__builder.hpp
[6.793s] -- Up-to-date: /home/sudhindra/irc_2025/rover_essentials/install/msg_interfaces/include/msg_interfaces/msg_interfaces/msg/detail/arm_angle__struct.hpp
[6.793s] -- Up-to-date: /home/sudhindra/irc_2025/rover_essentials/install/msg_interfaces/include/msg_interfaces/msg_interfaces/msg/detail/shoulder_joint_velocity__traits.hpp
[6.793s] -- Up-to-date: /home/sudhindra/irc_2025/rover_essentials/install/msg_interfaces/include/msg_interfaces/msg_interfaces/msg/detail/shoulder_joint_velocity__struct.hpp
[6.793s] -- Up-to-date: /home/sudhindra/irc_2025/rover_essentials/install/msg_interfaces/include/msg_interfaces/msg_interfaces/msg/detail/encoder_arm__traits.hpp
[6.793s] -- Up-to-date: /home/sudhindra/irc_2025/rover_essentials/install/msg_interfaces/include/msg_interfaces/msg_interfaces/msg/detail/target_pose__builder.hpp
[6.793s] -- Up-to-date: /home/sudhindra/irc_2025/rover_essentials/install/msg_interfaces/include/msg_interfaces/msg_interfaces/msg/detail/encoder_drive__traits.hpp
[6.793s] -- Up-to-date: /home/sudhindra/irc_2025/rover_essentials/install/msg_interfaces/include/msg_interfaces/msg_interfaces/msg/detail/final_vel__struct.hpp
[6.794s] -- Up-to-date: /home/sudhindra/irc_2025/rover_essentials/install/msg_interfaces/include/msg_interfaces/msg_interfaces/msg/detail/encoder_drive__builder.hpp
[6.794s] -- Up-to-date: /home/sudhindra/irc_2025/rover_essentials/install/msg_interfaces/include/msg_interfaces/msg_interfaces/msg/detail/shoulder_joint_velocity__builder.hpp
[6.794s] -- Up-to-date: /home/sudhindra/irc_2025/rover_essentials/install/msg_interfaces/include/msg_interfaces/msg_interfaces/msg/detail/base_motion__builder.hpp
[6.794s] -- Up-to-date: /home/sudhindra/irc_2025/rover_essentials/install/msg_interfaces/include/msg_interfaces/msg_interfaces/msg/drive.hpp
[6.794s] -- Up-to-date: /home/sudhindra/irc_2025/rover_essentials/install/msg_interfaces/include/msg_interfaces/msg_interfaces/msg/arm_end_motion.hpp
[6.794s] -- Up-to-date: /home/sudhindra/irc_2025/rover_essentials/install/msg_interfaces/include/msg_interfaces/msg_interfaces/msg/encoder_arm.hpp
[6.794s] -- Up-to-date: /home/sudhindra/irc_2025/rover_essentials/install/msg_interfaces/include/msg_interfaces/msg_interfaces/msg/shoulder_joint_velocity.hpp
[6.794s] -- Up-to-date: /home/sudhindra/irc_2025/rover_essentials/install/msg_interfaces/include/msg_interfaces/msg_interfaces/msg/target_pose.hpp
[6.794s] -- Up-to-date: /home/sudhindra/irc_2025/rover_essentials/install/msg_interfaces/include/msg_interfaces/msg_interfaces
[6.794s] -- Up-to-date: /home/sudhindra/irc_2025/rover_essentials/install/msg_interfaces/include/msg_interfaces/msg_interfaces/msg
[6.794s] -- Up-to-date: /home/sudhindra/irc_2025/rover_essentials/install/msg_interfaces/include/msg_interfaces/msg_interfaces/msg/rosidl_typesupport_fastrtps_cpp__visibility_control.h
[6.794s] -- Up-to-date: /home/sudhindra/irc_2025/rover_essentials/install/msg_interfaces/include/msg_interfaces/msg_interfaces/msg/detail
[6.794s] -- Up-to-date: /home/sudhindra/irc_2025/rover_essentials/install/msg_interfaces/include/msg_interfaces/msg_interfaces/msg/detail/arm_angle__rosidl_typesupport_fastrtps_cpp.hpp
[6.794s] -- Up-to-date: /home/sudhindra/irc_2025/rover_essentials/install/msg_interfaces/include/msg_interfaces/msg_interfaces/msg/detail/final_vel__rosidl_typesupport_fastrtps_cpp.hpp
[6.794s] -- Up-to-date: /home/sudhindra/irc_2025/rover_essentials/install/msg_interfaces/include/msg_interfaces/msg_interfaces/msg/detail/dds_fastrtps
[6.794s] -- Up-to-date: /home/sudhindra/irc_2025/rover_essentials/install/msg_interfaces/include/msg_interfaces/msg_interfaces/msg/detail/drive__rosidl_typesupport_fastrtps_cpp.hpp
[6.794s] -- Up-to-date: /home/sudhindra/irc_2025/rover_essentials/install/msg_interfaces/include/msg_interfaces/msg_interfaces/msg/detail/encoder_arm__rosidl_typesupport_fastrtps_cpp.hpp
[6.794s] -- Up-to-date: /home/sudhindra/irc_2025/rover_essentials/install/msg_interfaces/include/msg_interfaces/msg_interfaces/msg/detail/wrist_joint_velocity__rosidl_typesupport_fastrtps_cpp.hpp
[6.794s] -- Up-to-date: /home/sudhindra/irc_2025/rover_essentials/install/msg_interfaces/include/msg_interfaces/msg_interfaces/msg/detail/encoder_drive__rosidl_typesupport_fastrtps_cpp.hpp
[6.794s] -- Up-to-date: /home/sudhindra/irc_2025/rover_essentials/install/msg_interfaces/include/msg_interfaces/msg_interfaces/msg/detail/base_motion__rosidl_typesupport_fastrtps_cpp.hpp
[6.794s] -- Up-to-date: /home/sudhindra/irc_2025/rover_essentials/install/msg_interfaces/include/msg_interfaces/msg_interfaces/msg/detail/shoulder_joint_velocity__rosidl_typesupport_fastrtps_cpp.hpp
[6.794s] -- Up-to-date: /home/sudhindra/irc_2025/rover_essentials/install/msg_interfaces/include/msg_interfaces/msg_interfaces/msg/detail/arm_end_motion__rosidl_typesupport_fastrtps_cpp.hpp
[6.794s] -- Up-to-date: /home/sudhindra/irc_2025/rover_essentials/install/msg_interfaces/include/msg_interfaces/msg_interfaces/msg/detail/target_pose__rosidl_typesupport_fastrtps_cpp.hpp
[6.795s] -- Up-to-date: /home/sudhindra/irc_2025/rover_essentials/install/msg_interfaces/lib/libmsg_interfaces__rosidl_typesupport_fastrtps_cpp.so
[6.795s] -- Up-to-date: /home/sudhindra/irc_2025/rover_essentials/install/msg_interfaces/include/msg_interfaces/msg_interfaces
[6.795s] -- Up-to-date: /home/sudhindra/irc_2025/rover_essentials/install/msg_interfaces/include/msg_interfaces/msg_interfaces/msg
[6.795s] -- Up-to-date: /home/sudhindra/irc_2025/rover_essentials/install/msg_interfaces/include/msg_interfaces/msg_interfaces/msg/detail
[6.795s] -- Up-to-date: /home/sudhindra/irc_2025/rover_essentials/install/msg_interfaces/include/msg_interfaces/msg_interfaces/msg/detail/arm_end_motion__rosidl_typesupport_introspection_c.h
[6.795s] -- Up-to-date: /home/sudhindra/irc_2025/rover_essentials/install/msg_interfaces/include/msg_interfaces/msg_interfaces/msg/detail/shoulder_joint_velocity__rosidl_typesupport_introspection_c.h
[6.795s] -- Up-to-date: /home/sudhindra/irc_2025/rover_essentials/install/msg_interfaces/include/msg_interfaces/msg_interfaces/msg/detail/encoder_arm__type_support.c
[6.795s] -- Up-to-date: /home/sudhindra/irc_2025/rover_essentials/install/msg_interfaces/include/msg_interfaces/msg_interfaces/msg/detail/drive__type_support.c
[6.795s] -- Up-to-date: /home/sudhindra/irc_2025/rover_essentials/install/msg_interfaces/include/msg_interfaces/msg_interfaces/msg/detail/target_pose__type_support.c
[6.795s] -- Up-to-date: /home/sudhindra/irc_2025/rover_essentials/install/msg_interfaces/include/msg_interfaces/msg_interfaces/msg/detail/wrist_joint_velocity__rosidl_typesupport_introspection_c.h
[6.795s] -- Up-to-date: /home/sudhindra/irc_2025/rover_essentials/install/msg_interfaces/include/msg_interfaces/msg_interfaces/msg/detail/wrist_joint_velocity__type_support.c
[6.795s] -- Up-to-date: /home/sudhindra/irc_2025/rover_essentials/install/msg_interfaces/include/msg_interfaces/msg_interfaces/msg/detail/final_vel__type_support.c
[6.795s] -- Up-to-date: /home/sudhindra/irc_2025/rover_essentials/install/msg_interfaces/include/msg_interfaces/msg_interfaces/msg/detail/arm_angle__rosidl_typesupport_introspection_c.h
[6.795s] -- Up-to-date: /home/sudhindra/irc_2025/rover_essentials/install/msg_interfaces/include/msg_interfaces/msg_interfaces/msg/detail/arm_end_motion__type_support.c
[6.795s] -- Up-to-date: /home/sudhindra/irc_2025/rover_essentials/install/msg_interfaces/include/msg_interfaces/msg_interfaces/msg/detail/arm_angle__type_support.c
[6.795s] -- Up-to-date: /home/sudhindra/irc_2025/rover_essentials/install/msg_interfaces/include/msg_interfaces/msg_interfaces/msg/detail/encoder_drive__rosidl_typesupport_introspection_c.h
[6.795s] -- Up-to-date: /home/sudhindra/irc_2025/rover_essentials/install/msg_interfaces/include/msg_interfaces/msg_interfaces/msg/detail/target_pose__rosidl_typesupport_introspection_c.h
[6.795s] -- Up-to-date: /home/sudhindra/irc_2025/rover_essentials/install/msg_interfaces/include/msg_interfaces/msg_interfaces/msg/detail/base_motion__rosidl_typesupport_introspection_c.h
[6.795s] -- Up-to-date: /home/sudhindra/irc_2025/rover_essentials/install/msg_interfaces/include/msg_interfaces/msg_interfaces/msg/detail/encoder_arm__rosidl_typesupport_introspection_c.h
[6.795s] -- Up-to-date: /home/sudhindra/irc_2025/rover_essentials/install/msg_interfaces/include/msg_interfaces/msg_interfaces/msg/detail/drive__rosidl_typesupport_introspection_c.h
[6.795s] -- Up-to-date: /home/sudhindra/irc_2025/rover_essentials/install/msg_interfaces/include/msg_interfaces/msg_interfaces/msg/detail/final_vel__rosidl_typesupport_introspection_c.h
[6.796s] -- Up-to-date: /home/sudhindra/irc_2025/rover_essentials/install/msg_interfaces/include/msg_interfaces/msg_interfaces/msg/detail/base_motion__type_support.c
[6.796s] -- Up-to-date: /home/sudhindra/irc_2025/rover_essentials/install/msg_interfaces/include/msg_interfaces/msg_interfaces/msg/detail/encoder_drive__type_support.c
[6.796s] -- Up-to-date: /home/sudhindra/irc_2025/rover_essentials/install/msg_interfaces/include/msg_interfaces/msg_interfaces/msg/detail/shoulder_joint_velocity__type_support.c
[6.796s] -- Up-to-date: /home/sudhindra/irc_2025/rover_essentials/install/msg_interfaces/include/msg_interfaces/msg_interfaces/msg/rosidl_typesupport_introspection_c__visibility_control.h
[6.796s] -- Up-to-date: /home/sudhindra/irc_2025/rover_essentials/install/msg_interfaces/lib/libmsg_interfaces__rosidl_typesupport_introspection_c.so
[6.796s] -- Up-to-date: /home/sudhindra/irc_2025/rover_essentials/install/msg_interfaces/lib/libmsg_interfaces__rosidl_typesupport_c.so
[6.796s] -- Up-to-date: /home/sudhindra/irc_2025/rover_essentials/install/msg_interfaces/include/msg_interfaces/msg_interfaces
[6.796s] -- Up-to-date: /home/sudhindra/irc_2025/rover_essentials/install/msg_interfaces/include/msg_interfaces/msg_interfaces/msg
[6.796s] -- Up-to-date: /home/sudhindra/irc_2025/rover_essentials/install/msg_interfaces/include/msg_interfaces/msg_interfaces/msg/detail
[6.796s] -- Up-to-date: /home/sudhindra/irc_2025/rover_essentials/install/msg_interfaces/include/msg_interfaces/msg_interfaces/msg/detail/target_pose__rosidl_typesupport_introspection_cpp.hpp
[6.796s] -- Up-to-date: /home/sudhindra/irc_2025/rover_essentials/install/msg_interfaces/include/msg_interfaces/msg_interfaces/msg/detail/wrist_joint_velocity__rosidl_typesupport_introspection_cpp.hpp
[6.796s] -- Up-to-date: /home/sudhindra/irc_2025/rover_essentials/install/msg_interfaces/include/msg_interfaces/msg_interfaces/msg/detail/arm_end_motion__type_support.cpp
[6.796s] -- Up-to-date: /home/sudhindra/irc_2025/rover_essentials/install/msg_interfaces/include/msg_interfaces/msg_interfaces/msg/detail/arm_angle__type_support.cpp
[6.796s] -- Up-to-date: /home/sudhindra/irc_2025/rover_essentials/install/msg_interfaces/include/msg_interfaces/msg_interfaces/msg/detail/drive__type_support.cpp
[6.796s] -- Up-to-date: /home/sudhindra/irc_2025/rover_essentials/install/msg_interfaces/include/msg_interfaces/msg_interfaces/msg/detail/base_motion__rosidl_typesupport_introspection_cpp.hpp
[6.796s] -- Up-to-date: /home/sudhindra/irc_2025/rover_essentials/install/msg_interfaces/include/msg_interfaces/msg_interfaces/msg/detail/drive__rosidl_typesupport_introspection_cpp.hpp
[6.796s] -- Up-to-date: /home/sudhindra/irc_2025/rover_essentials/install/msg_interfaces/include/msg_interfaces/msg_interfaces/msg/detail/shoulder_joint_velocity__rosidl_typesupport_introspection_cpp.hpp
[6.796s] -- Up-to-date: /home/sudhindra/irc_2025/rover_essentials/install/msg_interfaces/include/msg_interfaces/msg_interfaces/msg/detail/shoulder_joint_velocity__type_support.cpp
[6.796s] -- Up-to-date: /home/sudhindra/irc_2025/rover_essentials/install/msg_interfaces/include/msg_interfaces/msg_interfaces/msg/detail/base_motion__type_support.cpp
[6.796s] -- Up-to-date: /home/sudhindra/irc_2025/rover_essentials/install/msg_interfaces/include/msg_interfaces/msg_interfaces/msg/detail/final_vel__type_support.cpp
[6.796s] -- Up-to-date: /home/sudhindra/irc_2025/rover_essentials/install/msg_interfaces/include/msg_interfaces/msg_interfaces/msg/detail/arm_angle__rosidl_typesupport_introspection_cpp.hpp
[6.796s] -- Up-to-date: /home/sudhindra/irc_2025/rover_essentials/install/msg_interfaces/include/msg_interfaces/msg_interfaces/msg/detail/arm_end_motion__rosidl_typesupport_introspection_cpp.hpp
[6.797s] -- Up-to-date: /home/sudhindra/irc_2025/rover_essentials/install/msg_interfaces/include/msg_interfaces/msg_interfaces/msg/detail/encoder_arm__rosidl_typesupport_introspection_cpp.hpp
[6.797s] -- Up-to-date: /home/sudhindra/irc_2025/rover_essentials/install/msg_interfaces/include/msg_interfaces/msg_interfaces/msg/detail/wrist_joint_velocity__type_support.cpp
[6.797s] -- Up-to-date: /home/sudhindra/irc_2025/rover_essentials/install/msg_interfaces/include/msg_interfaces/msg_interfaces/msg/detail/encoder_drive__type_support.cpp
[6.797s] -- Up-to-date: /home/sudhindra/irc_2025/rover_essentials/install/msg_interfaces/include/msg_interfaces/msg_interfaces/msg/detail/encoder_arm__type_support.cpp
[6.797s] -- Up-to-date: /home/sudhindra/irc_2025/rover_essentials/install/msg_interfaces/include/msg_interfaces/msg_interfaces/msg/detail/target_pose__type_support.cpp
[6.797s] -- Up-to-date: /home/sudhindra/irc_2025/rover_essentials/install/msg_interfaces/include/msg_interfaces/msg_interfaces/msg/detail/final_vel__rosidl_typesupport_introspection_cpp.hpp
[6.797s] -- Up-to-date: /home/sudhindra/irc_2025/rover_essentials/install/msg_interfaces/include/msg_interfaces/msg_interfaces/msg/detail/encoder_drive__rosidl_typesupport_introspection_cpp.hpp
[6.797s] -- Up-to-date: /home/sudhindra/irc_2025/rover_essentials/install/msg_interfaces/lib/libmsg_interfaces__rosidl_typesupport_introspection_cpp.so
[6.797s] -- Up-to-date: /home/sudhindra/irc_2025/rover_essentials/install/msg_interfaces/lib/libmsg_interfaces__rosidl_typesupport_cpp.so
[6.797s] -- Up-to-date: /home/sudhindra/irc_2025/rover_essentials/install/msg_interfaces/share/msg_interfaces/environment/pythonpath.sh
[6.797s] -- Installing: /home/sudhindra/irc_2025/rover_essentials/install/msg_interfaces/share/msg_interfaces/environment/pythonpath.dsv
[6.797s] -- Up-to-date: /home/sudhindra/irc_2025/rover_essentials/install/msg_interfaces/local/lib/python3.10/dist-packages/msg_interfaces-0.0.0-py3.10.egg-info
[6.797s] -- Installing: /home/sudhindra/irc_2025/rover_essentials/install/msg_interfaces/local/lib/python3.10/dist-packages/msg_interfaces-0.0.0-py3.10.egg-info/top_level.txt
[6.797s] -- Installing: /home/sudhindra/irc_2025/rover_essentials/install/msg_interfaces/local/lib/python3.10/dist-packages/msg_interfaces-0.0.0-py3.10.egg-info/SOURCES.txt
[6.797s] -- Installing: /home/sudhindra/irc_2025/rover_essentials/install/msg_interfaces/local/lib/python3.10/dist-packages/msg_interfaces-0.0.0-py3.10.egg-info/PKG-INFO
[6.797s] -- Installing: /home/sudhindra/irc_2025/rover_essentials/install/msg_interfaces/local/lib/python3.10/dist-packages/msg_interfaces-0.0.0-py3.10.egg-info/dependency_links.txt
[6.797s] -- Up-to-date: /home/sudhindra/irc_2025/rover_essentials/install/msg_interfaces/local/lib/python3.10/dist-packages/msg_interfaces
[6.797s] -- Up-to-date: /home/sudhindra/irc_2025/rover_essentials/install/msg_interfaces/local/lib/python3.10/dist-packages/msg_interfaces/_msg_interfaces_s.ep.rosidl_typesupport_c.c
[6.797s] -- Up-to-date: /home/sudhindra/irc_2025/rover_essentials/install/msg_interfaces/local/lib/python3.10/dist-packages/msg_interfaces/msg
[6.797s] -- Up-to-date: /home/sudhindra/irc_2025/rover_essentials/install/msg_interfaces/local/lib/python3.10/dist-packages/msg_interfaces/msg/_target_pose.py
[6.797s] -- Up-to-date: /home/sudhindra/irc_2025/rover_essentials/install/msg_interfaces/local/lib/python3.10/dist-packages/msg_interfaces/msg/_encoder_drive.py
[6.798s] -- Up-to-date: /home/sudhindra/irc_2025/rover_essentials/install/msg_interfaces/local/lib/python3.10/dist-packages/msg_interfaces/msg/_drive_s.c
[6.798s] -- Up-to-date: /home/sudhindra/irc_2025/rover_essentials/install/msg_interfaces/local/lib/python3.10/dist-packages/msg_interfaces/msg/_shoulder_joint_velocity.py
[6.798s] -- Up-to-date: /home/sudhindra/irc_2025/rover_essentials/install/msg_interfaces/local/lib/python3.10/dist-packages/msg_interfaces/msg/_final_vel_s.c
[6.798s] -- Up-to-date: /home/sudhindra/irc_2025/rover_essentials/install/msg_interfaces/local/lib/python3.10/dist-packages/msg_interfaces/msg/__init__.py
[6.798s] -- Up-to-date: /home/sudhindra/irc_2025/rover_essentials/install/msg_interfaces/local/lib/python3.10/dist-packages/msg_interfaces/msg/_base_motion_s.c
[6.798s] -- Up-to-date: /home/sudhindra/irc_2025/rover_essentials/install/msg_interfaces/local/lib/python3.10/dist-packages/msg_interfaces/msg/_shoulder_joint_velocity_s.c
[6.798s] -- Up-to-date: /home/sudhindra/irc_2025/rover_essentials/install/msg_interfaces/local/lib/python3.10/dist-packages/msg_interfaces/msg/_target_pose_s.c
[6.798s] -- Up-to-date: /home/sudhindra/irc_2025/rover_essentials/install/msg_interfaces/local/lib/python3.10/dist-packages/msg_interfaces/msg/_wrist_joint_velocity.py
[6.798s] -- Up-to-date: /home/sudhindra/irc_2025/rover_essentials/install/msg_interfaces/local/lib/python3.10/dist-packages/msg_interfaces/msg/_arm_angle_s.c
[6.798s] -- Up-to-date: /home/sudhindra/irc_2025/rover_essentials/install/msg_interfaces/local/lib/python3.10/dist-packages/msg_interfaces/msg/_encoder_arm_s.c
[6.798s] -- Up-to-date: /home/sudhindra/irc_2025/rover_essentials/install/msg_interfaces/local/lib/python3.10/dist-packages/msg_interfaces/msg/_final_vel.py
[6.798s] -- Up-to-date: /home/sudhindra/irc_2025/rover_essentials/install/msg_interfaces/local/lib/python3.10/dist-packages/msg_interfaces/msg/_arm_end_motion.py
[6.798s] -- Up-to-date: /home/sudhindra/irc_2025/rover_essentials/install/msg_interfaces/local/lib/python3.10/dist-packages/msg_interfaces/msg/_arm_end_motion_s.c
[6.798s] -- Up-to-date: /home/sudhindra/irc_2025/rover_essentials/install/msg_interfaces/local/lib/python3.10/dist-packages/msg_interfaces/msg/_arm_angle.py
[6.798s] -- Up-to-date: /home/sudhindra/irc_2025/rover_essentials/install/msg_interfaces/local/lib/python3.10/dist-packages/msg_interfaces/msg/_encoder_drive_s.c
[6.798s] -- Up-to-date: /home/sudhindra/irc_2025/rover_essentials/install/msg_interfaces/local/lib/python3.10/dist-packages/msg_interfaces/msg/_base_motion.py
[6.798s] -- Up-to-date: /home/sudhindra/irc_2025/rover_essentials/install/msg_interfaces/local/lib/python3.10/dist-packages/msg_interfaces/msg/_encoder_arm.py
[6.798s] -- Up-to-date: /home/sudhindra/irc_2025/rover_essentials/install/msg_interfaces/local/lib/python3.10/dist-packages/msg_interfaces/msg/_drive.py
[6.798s] -- Up-to-date: /home/sudhindra/irc_2025/rover_essentials/install/msg_interfaces/local/lib/python3.10/dist-packages/msg_interfaces/msg/_wrist_joint_velocity_s.c
[6.798s] -- Installing: /home/sudhindra/irc_2025/rover_essentials/install/msg_interfaces/local/lib/python3.10/dist-packages/msg_interfaces/__init__.py
[6.798s] -- Up-to-date: /home/sudhindra/irc_2025/rover_essentials/install/msg_interfaces/local/lib/python3.10/dist-packages/msg_interfaces/_msg_interfaces_s.ep.rosidl_typesupport_introspection_c.c
[6.798s] -- Up-to-date: /home/sudhindra/irc_2025/rover_essentials/install/msg_interfaces/local/lib/python3.10/dist-packages/msg_interfaces/msg_interfaces_s__rosidl_typesupport_c.cpython-310-x86_64-linux-gnu.so
[6.799s] -- Up-to-date: /home/sudhindra/irc_2025/rover_essentials/install/msg_interfaces/local/lib/python3.10/dist-packages/msg_interfaces/libmsg_interfaces__rosidl_generator_py.so
[6.799s] -- Up-to-date: /home/sudhindra/irc_2025/rover_essentials/install/msg_interfaces/local/lib/python3.10/dist-packages/msg_interfaces/_msg_interfaces_s.ep.rosidl_typesupport_fastrtps_c.c
[6.799s] -- Up-to-date: /home/sudhindra/irc_2025/rover_essentials/install/msg_interfaces/local/lib/python3.10/dist-packages/msg_interfaces/msg_interfaces_s__rosidl_typesupport_fastrtps_c.cpython-310-x86_64-linux-gnu.so
[6.799s] -- Up-to-date: /home/sudhindra/irc_2025/rover_essentials/install/msg_interfaces/local/lib/python3.10/dist-packages/msg_interfaces/msg_interfaces_s__rosidl_typesupport_introspection_c.cpython-310-x86_64-linux-gnu.so
[6.828s] Listing '/home/sudhindra/irc_2025/rover_essentials/install/msg_interfaces/local/lib/python3.10/dist-packages/msg_interfaces'...
[6.828s] Compiling '/home/sudhindra/irc_2025/rover_essentials/install/msg_interfaces/local/lib/python3.10/dist-packages/msg_interfaces/__init__.py'...
[6.829s] Listing '/home/sudhindra/irc_2025/rover_essentials/install/msg_interfaces/local/lib/python3.10/dist-packages/msg_interfaces/msg'...
[6.829s] Compiling '/home/sudhindra/irc_2025/rover_essentials/install/msg_interfaces/local/lib/python3.10/dist-packages/msg_interfaces/msg/__init__.py'...
[6.829s] Compiling '/home/sudhindra/irc_2025/rover_essentials/install/msg_interfaces/local/lib/python3.10/dist-packages/msg_interfaces/msg/_arm_angle.py'...
[6.829s] Compiling '/home/sudhindra/irc_2025/rover_essentials/install/msg_interfaces/local/lib/python3.10/dist-packages/msg_interfaces/msg/_arm_end_motion.py'...
[6.829s] Compiling '/home/sudhindra/irc_2025/rover_essentials/install/msg_interfaces/local/lib/python3.10/dist-packages/msg_interfaces/msg/_base_motion.py'...
[6.829s] Compiling '/home/sudhindra/irc_2025/rover_essentials/install/msg_interfaces/local/lib/python3.10/dist-packages/msg_interfaces/msg/_drive.py'...
[6.829s] Compiling '/home/sudhindra/irc_2025/rover_essentials/install/msg_interfaces/local/lib/python3.10/dist-packages/msg_interfaces/msg/_encoder_arm.py'...
[6.829s] Compiling '/home/sudhindra/irc_2025/rover_essentials/install/msg_interfaces/local/lib/python3.10/dist-packages/msg_interfaces/msg/_encoder_drive.py'...
[6.829s] Compiling '/home/sudhindra/irc_2025/rover_essentials/install/msg_interfaces/local/lib/python3.10/dist-packages/msg_interfaces/msg/_final_vel.py'...
[6.829s] Compiling '/home/sudhindra/irc_2025/rover_essentials/install/msg_interfaces/local/lib/python3.10/dist-packages/msg_interfaces/msg/_shoulder_joint_velocity.py'...
[6.829s] Compiling '/home/sudhindra/irc_2025/rover_essentials/install/msg_interfaces/local/lib/python3.10/dist-packages/msg_interfaces/msg/_target_pose.py'...
[6.829s] Compiling '/home/sudhindra/irc_2025/rover_essentials/install/msg_interfaces/local/lib/python3.10/dist-packages/msg_interfaces/msg/_wrist_joint_velocity.py'...
[6.833s] -- Up-to-date: /home/sudhindra/irc_2025/rover_essentials/install/msg_interfaces/local/lib/python3.10/dist-packages/msg_interfaces/msg_interfaces_s__rosidl_typesupport_fastrtps_c.cpython-310-x86_64-linux-gnu.so
[6.833s] -- Up-to-date: /home/sudhindra/irc_2025/rover_essentials/install/msg_interfaces/local/lib/python3.10/dist-packages/msg_interfaces/msg_interfaces_s__rosidl_typesupport_introspection_c.cpython-310-x86_64-linux-gnu.so
[6.833s] -- Up-to-date: /home/sudhindra/irc_2025/rover_essentials/install/msg_interfaces/local/lib/python3.10/dist-packages/msg_interfaces/msg_interfaces_s__rosidl_typesupport_c.cpython-310-x86_64-linux-gnu.so
[6.833s] -- Up-to-date: /home/sudhindra/irc_2025/rover_essentials/install/msg_interfaces/lib/libmsg_interfaces__rosidl_generator_py.so
[6.833s] -- Up-to-date: /home/sudhindra/irc_2025/rover_essentials/install/msg_interfaces/share/msg_interfaces/msg/Drive.idl
[6.833s] -- Up-to-date: /home/sudhindra/irc_2025/rover_essentials/install/msg_interfaces/share/msg_interfaces/msg/ArmEndMotion.idl
[6.834s] -- Up-to-date: /home/sudhindra/irc_2025/rover_essentials/install/msg_interfaces/share/msg_interfaces/msg/EncoderArm.idl
[6.834s] -- Up-to-date: /home/sudhindra/irc_2025/rover_essentials/install/msg_interfaces/share/msg_interfaces/msg/EncoderDrive.idl
[6.834s] -- Up-to-date: /home/sudhindra/irc_2025/rover_essentials/install/msg_interfaces/share/msg_interfaces/msg/ShoulderJointVelocity.idl
[6.834s] -- Up-to-date: /home/sudhindra/irc_2025/rover_essentials/install/msg_interfaces/share/msg_interfaces/msg/WristJointVelocity.idl
[6.834s] -- Up-to-date: /home/sudhindra/irc_2025/rover_essentials/install/msg_interfaces/share/msg_interfaces/msg/BaseMotion.idl
[6.834s] -- Up-to-date: /home/sudhindra/irc_2025/rover_essentials/install/msg_interfaces/share/msg_interfaces/msg/FinalVel.idl
[6.834s] -- Up-to-date: /home/sudhindra/irc_2025/rover_essentials/install/msg_interfaces/share/msg_interfaces/msg/TargetPose.idl
[6.834s] -- Up-to-date: /home/sudhindra/irc_2025/rover_essentials/install/msg_interfaces/share/msg_interfaces/msg/ArmAngle.idl
[6.834s] -- Up-to-date: /home/sudhindra/irc_2025/rover_essentials/install/msg_interfaces/share/msg_interfaces/msg/Drive.msg
[6.834s] -- Up-to-date: /home/sudhindra/irc_2025/rover_essentials/install/msg_interfaces/share/msg_interfaces/msg/ArmEndMotion.msg
[6.834s] -- Up-to-date: /home/sudhindra/irc_2025/rover_essentials/install/msg_interfaces/share/msg_interfaces/msg/EncoderArm.msg
[6.834s] -- Up-to-date: /home/sudhindra/irc_2025/rover_essentials/install/msg_interfaces/share/msg_interfaces/msg/EncoderDrive.msg
[6.834s] -- Up-to-date: /home/sudhindra/irc_2025/rover_essentials/install/msg_interfaces/share/msg_interfaces/msg/ShoulderJointVelocity.msg
[6.834s] -- Up-to-date: /home/sudhindra/irc_2025/rover_essentials/install/msg_interfaces/share/msg_interfaces/msg/WristJointVelocity.msg
[6.834s] -- Up-to-date: /home/sudhindra/irc_2025/rover_essentials/install/msg_interfaces/share/msg_interfaces/msg/BaseMotion.msg
[6.834s] -- Up-to-date: /home/sudhindra/irc_2025/rover_essentials/install/msg_interfaces/share/msg_interfaces/msg/FinalVel.msg
[6.834s] -- Up-to-date: /home/sudhindra/irc_2025/rover_essentials/install/msg_interfaces/share/msg_interfaces/msg/TargetPose.msg
[6.835s] -- Up-to-date: /home/sudhindra/irc_2025/rover_essentials/install/msg_interfaces/share/msg_interfaces/msg/ArmAngle.msg
[6.835s] -- Up-to-date: /home/sudhindra/irc_2025/rover_essentials/install/msg_interfaces/share/ament_index/resource_index/package_run_dependencies/msg_interfaces
[6.835s] -- Up-to-date: /home/sudhindra/irc_2025/rover_essentials/install/msg_interfaces/share/ament_index/resource_index/parent_prefix_path/msg_interfaces
[6.835s] -- Installing: /home/sudhindra/irc_2025/rover_essentials/install/msg_interfaces/share/msg_interfaces/environment/ament_prefix_path.sh
[6.835s] -- Installing: /home/sudhindra/irc_2025/rover_essentials/install/msg_interfaces/share/msg_interfaces/environment/ament_prefix_path.dsv
[6.835s] -- Installing: /home/sudhindra/irc_2025/rover_essentials/install/msg_interfaces/share/msg_interfaces/environment/path.sh
[6.835s] -- Installing: /home/sudhindra/irc_2025/rover_essentials/install/msg_interfaces/share/msg_interfaces/environment/path.dsv
[6.835s] -- Up-to-date: /home/sudhindra/irc_2025/rover_essentials/install/msg_interfaces/share/msg_interfaces/local_setup.bash
[6.835s] -- Up-to-date: /home/sudhindra/irc_2025/rover_essentials/install/msg_interfaces/share/msg_interfaces/local_setup.sh
[6.835s] -- Up-to-date: /home/sudhindra/irc_2025/rover_essentials/install/msg_interfaces/share/msg_interfaces/local_setup.zsh
[6.835s] -- Installing: /home/sudhindra/irc_2025/rover_essentials/install/msg_interfaces/share/msg_interfaces/local_setup.dsv
[6.835s] -- Installing: /home/sudhindra/irc_2025/rover_essentials/install/msg_interfaces/share/msg_interfaces/package.dsv
[6.835s] -- Up-to-date: /home/sudhindra/irc_2025/rover_essentials/install/msg_interfaces/share/ament_index/resource_index/packages/msg_interfaces
[6.835s] -- Up-to-date: /home/sudhindra/irc_2025/rover_essentials/install/msg_interfaces/share/msg_interfaces/cmake/export_msg_interfaces__rosidl_generator_cExport.cmake
[6.835s] -- Up-to-date: /home/sudhindra/irc_2025/rover_essentials/install/msg_interfaces/share/msg_interfaces/cmake/export_msg_interfaces__rosidl_generator_cExport-noconfig.cmake
[6.835s] -- Up-to-date: /home/sudhindra/irc_2025/rover_essentials/install/msg_interfaces/share/msg_interfaces/cmake/export_msg_interfaces__rosidl_typesupport_fastrtps_cExport.cmake
[6.835s] -- Up-to-date: /home/sudhindra/irc_2025/rover_essentials/install/msg_interfaces/share/msg_interfaces/cmake/export_msg_interfaces__rosidl_typesupport_fastrtps_cExport-noconfig.cmake
[6.836s] -- Up-to-date: /home/sudhindra/irc_2025/rover_essentials/install/msg_interfaces/share/msg_interfaces/cmake/export_msg_interfaces__rosidl_generator_cppExport.cmake
[6.836s] -- Up-to-date: /home/sudhindra/irc_2025/rover_essentials/install/msg_interfaces/share/msg_interfaces/cmake/export_msg_interfaces__rosidl_typesupport_fastrtps_cppExport.cmake
[6.836s] -- Up-to-date: /home/sudhindra/irc_2025/rover_essentials/install/msg_interfaces/share/msg_interfaces/cmake/export_msg_interfaces__rosidl_typesupport_fastrtps_cppExport-noconfig.cmake
[6.836s] -- Up-to-date: /home/sudhindra/irc_2025/rover_essentials/install/msg_interfaces/share/msg_interfaces/cmake/msg_interfaces__rosidl_typesupport_introspection_cExport.cmake
[6.836s] -- Up-to-date: /home/sudhindra/irc_2025/rover_essentials/install/msg_interfaces/share/msg_interfaces/cmake/msg_interfaces__rosidl_typesupport_introspection_cExport-noconfig.cmake
[6.836s] -- Up-to-date: /home/sudhindra/irc_2025/rover_essentials/install/msg_interfaces/share/msg_interfaces/cmake/msg_interfaces__rosidl_typesupport_cExport.cmake
[6.836s] -- Up-to-date: /home/sudhindra/irc_2025/rover_essentials/install/msg_interfaces/share/msg_interfaces/cmake/msg_interfaces__rosidl_typesupport_cExport-noconfig.cmake
[6.836s] -- Up-to-date: /home/sudhindra/irc_2025/rover_essentials/install/msg_interfaces/share/msg_interfaces/cmake/msg_interfaces__rosidl_typesupport_introspection_cppExport.cmake
[6.836s] -- Up-to-date: /home/sudhindra/irc_2025/rover_essentials/install/msg_interfaces/share/msg_interfaces/cmake/msg_interfaces__rosidl_typesupport_introspection_cppExport-noconfig.cmake
[6.836s] -- Up-to-date: /home/sudhindra/irc_2025/rover_essentials/install/msg_interfaces/share/msg_interfaces/cmake/msg_interfaces__rosidl_typesupport_cppExport.cmake
[6.836s] -- Up-to-date: /home/sudhindra/irc_2025/rover_essentials/install/msg_interfaces/share/msg_interfaces/cmake/msg_interfaces__rosidl_typesupport_cppExport-noconfig.cmake
[6.836s] -- Up-to-date: /home/sudhindra/irc_2025/rover_essentials/install/msg_interfaces/share/msg_interfaces/cmake/export_msg_interfaces__rosidl_generator_pyExport.cmake
[6.836s] -- Up-to-date: /home/sudhindra/irc_2025/rover_essentials/install/msg_interfaces/share/msg_interfaces/cmake/export_msg_interfaces__rosidl_generator_pyExport-noconfig.cmake
[6.836s] -- Up-to-date: /home/sudhindra/irc_2025/rover_essentials/install/msg_interfaces/share/msg_interfaces/cmake/rosidl_cmake-extras.cmake
[6.836s] -- Up-to-date: /home/sudhindra/irc_2025/rover_essentials/install/msg_interfaces/share/msg_interfaces/cmake/ament_cmake_export_dependencies-extras.cmake
[6.836s] -- Up-to-date: /home/sudhindra/irc_2025/rover_essentials/install/msg_interfaces/share/msg_interfaces/cmake/ament_cmake_export_include_directories-extras.cmake
[6.836s] -- Up-to-date: /home/sudhindra/irc_2025/rover_essentials/install/msg_interfaces/share/msg_interfaces/cmake/ament_cmake_export_libraries-extras.cmake
[6.837s] -- Up-to-date: /home/sudhindra/irc_2025/rover_essentials/install/msg_interfaces/share/msg_interfaces/cmake/ament_cmake_export_targets-extras.cmake
[6.837s] -- Up-to-date: /home/sudhindra/irc_2025/rover_essentials/install/msg_interfaces/share/msg_interfaces/cmake/rosidl_cmake_export_typesupport_targets-extras.cmake
[6.837s] -- Up-to-date: /home/sudhindra/irc_2025/rover_essentials/install/msg_interfaces/share/msg_interfaces/cmake/rosidl_cmake_export_typesupport_libraries-extras.cmake
[6.837s] -- Up-to-date: /home/sudhindra/irc_2025/rover_essentials/install/msg_interfaces/share/msg_interfaces/cmake/msg_interfacesConfig.cmake
[6.837s] -- Up-to-date: /home/sudhindra/irc_2025/rover_essentials/install/msg_interfaces/share/msg_interfaces/cmake/msg_interfacesConfig-version.cmake
[6.837s] -- Up-to-date: /home/sudhindra/irc_2025/rover_essentials/install/msg_interfaces/share/msg_interfaces/package.xml
[6.838s] Invoked command in '/home/sudhindra/irc/rover_essentials/build/msg_interfaces' returned '0': CMAKE_PREFIX_PATH=${CMAKE_PREFIX_PATH}:/opt/ros/humble /usr/bin/cmake --install /home/sudhindra/irc/rover_essentials/build/msg_interfaces
