[2.367s] Invoking command in '/home/sudhindra/irc_2025/rover_essentials/src/bio_package': PYTHONPATH=/home/sudhindra/irc_2025/rover_essentials/build/bio_package/prefix_override:/usr/lib/python3/dist-packages/colcon_core/task/python/colcon_distutils_commands:/home/sudhindra/irc_2025/rover_essentials/install/bio_package/lib/python3.10/site-packages:${PYTHONPATH} /usr/bin/python3 -W ignore:setup.py install is deprecated setup.py egg_info --egg-base ../../build/bio_package build --build-base /home/sudhindra/irc_2025/rover_essentials/build/bio_package/build install --record /home/sudhindra/irc_2025/rover_essentials/build/bio_package/install.log --single-version-externally-managed install_data
[3.030s] running egg_info
[3.031s] creating ../../build/bio_package/bio_package.egg-info
[3.031s] writing ../../build/bio_package/bio_package.egg-info/PKG-INFO
[3.032s] writing dependency_links to ../../build/bio_package/bio_package.egg-info/dependency_links.txt
[3.032s] writing entry points to ../../build/bio_package/bio_package.egg-info/entry_points.txt
[3.033s] writing requirements to ../../build/bio_package/bio_package.egg-info/requires.txt
[3.033s] writing top-level names to ../../build/bio_package/bio_package.egg-info/top_level.txt
[3.033s] writing manifest file '../../build/bio_package/bio_package.egg-info/SOURCES.txt'
[3.036s] reading manifest file '../../build/bio_package/bio_package.egg-info/SOURCES.txt'
[3.038s] writing manifest file '../../build/bio_package/bio_package.egg-info/SOURCES.txt'
[3.038s] running build
[3.038s] running build_py
[3.039s] creating /home/sudhindra/irc_2025/rover_essentials/build/bio_package/build
[3.039s] creating /home/sudhindra/irc_2025/rover_essentials/build/bio_package/build/lib
[3.039s] creating /home/sudhindra/irc_2025/rover_essentials/build/bio_package/build/lib/bio_package
[3.039s] copying bio_package/__init__.py -> /home/sudhindra/irc_2025/rover_essentials/build/bio_package/build/lib/bio_package
[3.040s] running install
[3.040s] running install_lib
[3.041s] creating /home/sudhindra/irc_2025/rover_essentials/install/bio_package/lib/python3.10/site-packages/bio_package
[3.041s] copying /home/sudhindra/irc_2025/rover_essentials/build/bio_package/build/lib/bio_package/__init__.py -> /home/sudhindra/irc_2025/rover_essentials/install/bio_package/lib/python3.10/site-packages/bio_package
[3.042s] byte-compiling /home/sudhindra/irc_2025/rover_essentials/install/bio_package/lib/python3.10/site-packages/bio_package/__init__.py to __init__.cpython-310.pyc
[3.043s] running install_data
[3.043s] creating /home/sudhindra/irc_2025/rover_essentials/install/bio_package/share/ament_index
[3.043s] creating /home/sudhindra/irc_2025/rover_essentials/install/bio_package/share/ament_index/resource_index
[3.044s] creating /home/sudhindra/irc_2025/rover_essentials/install/bio_package/share/ament_index/resource_index/packages
[3.044s] copying resource/bio_package -> /home/sudhindra/irc_2025/rover_essentials/install/bio_package/share/ament_index/resource_index/packages
[3.044s] copying package.xml -> /home/sudhindra/irc_2025/rover_essentials/install/bio_package/share/bio_package
[3.044s] running install_egg_info
[3.047s] Copying ../../build/bio_package/bio_package.egg-info to /home/sudhindra/irc_2025/rover_essentials/install/bio_package/lib/python3.10/site-packages/bio_package-0.0.0-py3.10.egg-info
[3.049s] running install_scripts
[3.082s] writing list of installed files to '/home/sudhindra/irc_2025/rover_essentials/build/bio_package/install.log'
[3.117s] Invoked command in '/home/sudhindra/irc_2025/rover_essentials/src/bio_package' returned '0': PYTHONPATH=/home/sudhindra/irc_2025/rover_essentials/build/bio_package/prefix_override:/usr/lib/python3/dist-packages/colcon_core/task/python/colcon_distutils_commands:/home/sudhindra/irc_2025/rover_essentials/install/bio_package/lib/python3.10/site-packages:${PYTHONPATH} /usr/bin/python3 -W ignore:setup.py install is deprecated setup.py egg_info --egg-base ../../build/bio_package build --build-base /home/sudhindra/irc_2025/rover_essentials/build/bio_package/build install --record /home/sudhindra/irc_2025/rover_essentials/build/bio_package/install.log --single-version-externally-managed install_data
