[2.375s] Invoking command in '/home/sudhindra/irc_2025/rover_essentials/src/realsense_servo': PYTHONPATH=/home/sudhindra/irc_2025/rover_essentials/build/realsense_servo/prefix_override:/usr/lib/python3/dist-packages/colcon_core/task/python/colcon_distutils_commands:/home/sudhindra/irc_2025/rover_essentials/install/realsense_servo/lib/python3.10/site-packages:${PYTHONPATH} /usr/bin/python3 -W ignore:setup.py install is deprecated setup.py egg_info --egg-base ../../build/realsense_servo build --build-base /home/sudhindra/irc_2025/rover_essentials/build/realsense_servo/build install --record /home/sudhindra/irc_2025/rover_essentials/build/realsense_servo/install.log --single-version-externally-managed install_data
[3.142s] running egg_info
[3.143s] creating ../../build/realsense_servo/realsense_servo.egg-info
[3.144s] writing ../../build/realsense_servo/realsense_servo.egg-info/PKG-INFO
[3.144s] writing dependency_links to ../../build/realsense_servo/realsense_servo.egg-info/dependency_links.txt
[3.145s] writing entry points to ../../build/realsense_servo/realsense_servo.egg-info/entry_points.txt
[3.145s] writing requirements to ../../build/realsense_servo/realsense_servo.egg-info/requires.txt
[3.145s] writing top-level names to ../../build/realsense_servo/realsense_servo.egg-info/top_level.txt
[3.146s] writing manifest file '../../build/realsense_servo/realsense_servo.egg-info/SOURCES.txt'
[3.148s] reading manifest file '../../build/realsense_servo/realsense_servo.egg-info/SOURCES.txt'
[3.150s] writing manifest file '../../build/realsense_servo/realsense_servo.egg-info/SOURCES.txt'
[3.150s] running build
[3.150s] running build_py
[3.151s] creating /home/sudhindra/irc_2025/rover_essentials/build/realsense_servo/build
[3.151s] creating /home/sudhindra/irc_2025/rover_essentials/build/realsense_servo/build/lib
[3.151s] creating /home/sudhindra/irc_2025/rover_essentials/build/realsense_servo/build/lib/realsense_servo
[3.151s] copying realsense_servo/__init__.py -> /home/sudhindra/irc_2025/rover_essentials/build/realsense_servo/build/lib/realsense_servo
[3.151s] running install
[3.152s] running install_lib
[3.152s] creating /home/sudhindra/irc_2025/rover_essentials/install/realsense_servo/lib/python3.10/site-packages/realsense_servo
[3.153s] copying /home/sudhindra/irc_2025/rover_essentials/build/realsense_servo/build/lib/realsense_servo/__init__.py -> /home/sudhindra/irc_2025/rover_essentials/install/realsense_servo/lib/python3.10/site-packages/realsense_servo
[3.153s] byte-compiling /home/sudhindra/irc_2025/rover_essentials/install/realsense_servo/lib/python3.10/site-packages/realsense_servo/__init__.py to __init__.cpython-310.pyc
[3.154s] running install_data
[3.154s] creating /home/sudhindra/irc_2025/rover_essentials/install/realsense_servo/share/ament_index
[3.154s] creating /home/sudhindra/irc_2025/rover_essentials/install/realsense_servo/share/ament_index/resource_index
[3.154s] creating /home/sudhindra/irc_2025/rover_essentials/install/realsense_servo/share/ament_index/resource_index/packages
[3.156s] copying resource/realsense_servo -> /home/sudhindra/irc_2025/rover_essentials/install/realsense_servo/share/ament_index/resource_index/packages
[3.156s] copying package.xml -> /home/sudhindra/irc_2025/rover_essentials/install/realsense_servo/share/realsense_servo
[3.156s] running install_egg_info
[3.158s] Copying ../../build/realsense_servo/realsense_servo.egg-info to /home/sudhindra/irc_2025/rover_essentials/install/realsense_servo/lib/python3.10/site-packages/realsense_servo-0.0.0-py3.10.egg-info
[3.160s] running install_scripts
[3.194s] writing list of installed files to '/home/sudhindra/irc_2025/rover_essentials/build/realsense_servo/install.log'
[3.243s] Invoked command in '/home/sudhindra/irc_2025/rover_essentials/src/realsense_servo' returned '0': PYTHONPATH=/home/sudhindra/irc_2025/rover_essentials/build/realsense_servo/prefix_override:/usr/lib/python3/dist-packages/colcon_core/task/python/colcon_distutils_commands:/home/sudhindra/irc_2025/rover_essentials/install/realsense_servo/lib/python3.10/site-packages:${PYTHONPATH} /usr/bin/python3 -W ignore:setup.py install is deprecated setup.py egg_info --egg-base ../../build/realsense_servo build --build-base /home/sudhindra/irc_2025/rover_essentials/build/realsense_servo/build install --record /home/sudhindra/irc_2025/rover_essentials/build/realsense_servo/install.log --single-version-externally-managed install_data
