[0.102s] DEBUG:colcon:Command line arguments: ['/usr/bin/colcon', 'build']
[0.103s] DEBUG:colcon:Parsed command line arguments: Namespace(log_base=None, log_level=None, verb_name='build', build_base='build', install_base='install', merge_install=False, symlink_install=False, test_result_base=None, continue_on_error=False, executor='parallel', parallel_workers=8, event_handlers=None, ignore_user_meta=False, metas=['./colcon.meta'], base_paths=['.'], packages_ignore=None, packages_ignore_regex=None, paths=None, packages_up_to=None, packages_up_to_regex=None, packages_above=None, packages_above_and_dependencies=None, packages_above_depth=None, packages_select_by_dep=None, packages_skip_by_dep=None, packages_skip_up_to=None, packages_select_build_failed=False, packages_skip_build_finished=False, packages_select_test_failures=False, packages_skip_test_passed=False, packages_select=None, packages_skip=None, packages_select_regex=None, packages_skip_regex=None, packages_start=None, packages_end=None, allow_overriding=[], cmake_args=None, cmake_target=None, cmake_target_skip_unavailable=False, cmake_clean_cache=False, cmake_clean_first=False, cmake_force_configure=False, ament_cmake_args=None, catkin_cmake_args=None, catkin_skip_building_tests=False, mixin_files=None, mixin=None, verb_parser=<colcon_mixin.mixin.mixin_argument.MixinArgumentDecorator object at 0x72f69a82c9d0>, verb_extension=<colcon_core.verb.build.BuildVerb object at 0x72f69a984fd0>, main=<bound method BuildVerb.main of <colcon_core.verb.build.BuildVerb object at 0x72f69a984fd0>>, mixin_verb=('build',))
[0.264s] Level 1:colcon.colcon_core.package_discovery:discover_packages(colcon_meta) check parameters
[0.264s] Level 1:colcon.colcon_core.package_discovery:discover_packages(recursive) check parameters
[0.264s] Level 1:colcon.colcon_core.package_discovery:discover_packages(ignore) check parameters
[0.264s] Level 1:colcon.colcon_core.package_discovery:discover_packages(path) check parameters
[0.264s] Level 1:colcon.colcon_core.package_discovery:discover_packages(colcon_meta) discover
[0.264s] Level 1:colcon.colcon_core.package_discovery:discover_packages(recursive) discover
[0.264s] INFO:colcon.colcon_core.package_discovery:Crawling recursively for packages in '/home/sudhindra/irc/rover_essentials'
[0.264s] Level 1:colcon.colcon_core.package_identification:_identify(.) by extensions ['ignore', 'ignore_ament_install']
[0.264s] Level 1:colcon.colcon_core.package_identification:_identify(.) by extension 'ignore'
[0.264s] Level 1:colcon.colcon_core.package_identification:_identify(.) by extension 'ignore_ament_install'
[0.264s] Level 1:colcon.colcon_core.package_identification:_identify(.) by extensions ['colcon_pkg']
[0.264s] Level 1:colcon.colcon_core.package_identification:_identify(.) by extension 'colcon_pkg'
[0.264s] Level 1:colcon.colcon_core.package_identification:_identify(.) by extensions ['colcon_meta']
[0.264s] Level 1:colcon.colcon_core.package_identification:_identify(.) by extension 'colcon_meta'
[0.264s] Level 1:colcon.colcon_core.package_identification:_identify(.) by extensions ['ros']
[0.264s] Level 1:colcon.colcon_core.package_identification:_identify(.) by extension 'ros'
[0.281s] Level 1:colcon.colcon_core.package_identification:_identify(.) by extensions ['cmake', 'python']
[0.281s] Level 1:colcon.colcon_core.package_identification:_identify(.) by extension 'cmake'
[0.281s] Level 1:colcon.colcon_core.package_identification:_identify(.) by extension 'python'
[0.281s] Level 1:colcon.colcon_core.package_identification:_identify(.) by extensions ['python_setup_py']
[0.281s] Level 1:colcon.colcon_core.package_identification:_identify(.) by extension 'python_setup_py'
[0.281s] Level 1:colcon.colcon_core.package_identification:_identify(build) by extensions ['ignore', 'ignore_ament_install']
[0.281s] Level 1:colcon.colcon_core.package_identification:_identify(build) by extension 'ignore'
[0.281s] Level 1:colcon.colcon_core.package_identification:_identify(build) ignored
[0.281s] Level 1:colcon.colcon_core.package_identification:_identify(install) by extensions ['ignore', 'ignore_ament_install']
[0.282s] Level 1:colcon.colcon_core.package_identification:_identify(install) by extension 'ignore'
[0.282s] Level 1:colcon.colcon_core.package_identification:_identify(install) ignored
[0.282s] Level 1:colcon.colcon_core.package_identification:_identify(log) by extensions ['ignore', 'ignore_ament_install']
[0.282s] Level 1:colcon.colcon_core.package_identification:_identify(log) by extension 'ignore'
[0.282s] Level 1:colcon.colcon_core.package_identification:_identify(log) ignored
[0.282s] Level 1:colcon.colcon_core.package_identification:_identify(misc) by extensions ['ignore', 'ignore_ament_install']
[0.282s] Level 1:colcon.colcon_core.package_identification:_identify(misc) by extension 'ignore'
[0.282s] Level 1:colcon.colcon_core.package_identification:_identify(misc) by extension 'ignore_ament_install'
[0.282s] Level 1:colcon.colcon_core.package_identification:_identify(misc) by extensions ['colcon_pkg']
[0.282s] Level 1:colcon.colcon_core.package_identification:_identify(misc) by extension 'colcon_pkg'
[0.282s] Level 1:colcon.colcon_core.package_identification:_identify(misc) by extensions ['colcon_meta']
[0.282s] Level 1:colcon.colcon_core.package_identification:_identify(misc) by extension 'colcon_meta'
[0.282s] Level 1:colcon.colcon_core.package_identification:_identify(misc) by extensions ['ros']
[0.282s] Level 1:colcon.colcon_core.package_identification:_identify(misc) by extension 'ros'
[0.282s] Level 1:colcon.colcon_core.package_identification:_identify(misc) by extensions ['cmake', 'python']
[0.282s] Level 1:colcon.colcon_core.package_identification:_identify(misc) by extension 'cmake'
[0.282s] Level 1:colcon.colcon_core.package_identification:_identify(misc) by extension 'python'
[0.282s] Level 1:colcon.colcon_core.package_identification:_identify(misc) by extensions ['python_setup_py']
[0.282s] Level 1:colcon.colcon_core.package_identification:_identify(misc) by extension 'python_setup_py'
[0.282s] Level 1:colcon.colcon_core.package_identification:_identify(photos) by extensions ['ignore', 'ignore_ament_install']
[0.282s] Level 1:colcon.colcon_core.package_identification:_identify(photos) by extension 'ignore'
[0.282s] Level 1:colcon.colcon_core.package_identification:_identify(photos) by extension 'ignore_ament_install'
[0.282s] Level 1:colcon.colcon_core.package_identification:_identify(photos) by extensions ['colcon_pkg']
[0.283s] Level 1:colcon.colcon_core.package_identification:_identify(photos) by extension 'colcon_pkg'
[0.283s] Level 1:colcon.colcon_core.package_identification:_identify(photos) by extensions ['colcon_meta']
[0.283s] Level 1:colcon.colcon_core.package_identification:_identify(photos) by extension 'colcon_meta'
[0.283s] Level 1:colcon.colcon_core.package_identification:_identify(photos) by extensions ['ros']
[0.283s] Level 1:colcon.colcon_core.package_identification:_identify(photos) by extension 'ros'
[0.283s] Level 1:colcon.colcon_core.package_identification:_identify(photos) by extensions ['cmake', 'python']
[0.283s] Level 1:colcon.colcon_core.package_identification:_identify(photos) by extension 'cmake'
[0.283s] Level 1:colcon.colcon_core.package_identification:_identify(photos) by extension 'python'
[0.283s] Level 1:colcon.colcon_core.package_identification:_identify(photos) by extensions ['python_setup_py']
[0.283s] Level 1:colcon.colcon_core.package_identification:_identify(photos) by extension 'python_setup_py'
[0.283s] Level 1:colcon.colcon_core.package_identification:_identify(photos0) by extensions ['ignore', 'ignore_ament_install']
[0.283s] Level 1:colcon.colcon_core.package_identification:_identify(photos0) by extension 'ignore'
[0.283s] Level 1:colcon.colcon_core.package_identification:_identify(photos0) by extension 'ignore_ament_install'
[0.283s] Level 1:colcon.colcon_core.package_identification:_identify(photos0) by extensions ['colcon_pkg']
[0.283s] Level 1:colcon.colcon_core.package_identification:_identify(photos0) by extension 'colcon_pkg'
[0.283s] Level 1:colcon.colcon_core.package_identification:_identify(photos0) by extensions ['colcon_meta']
[0.283s] Level 1:colcon.colcon_core.package_identification:_identify(photos0) by extension 'colcon_meta'
[0.283s] Level 1:colcon.colcon_core.package_identification:_identify(photos0) by extensions ['ros']
[0.283s] Level 1:colcon.colcon_core.package_identification:_identify(photos0) by extension 'ros'
[0.283s] Level 1:colcon.colcon_core.package_identification:_identify(photos0) by extensions ['cmake', 'python']
[0.283s] Level 1:colcon.colcon_core.package_identification:_identify(photos0) by extension 'cmake'
[0.283s] Level 1:colcon.colcon_core.package_identification:_identify(photos0) by extension 'python'
[0.283s] Level 1:colcon.colcon_core.package_identification:_identify(photos0) by extensions ['python_setup_py']
[0.283s] Level 1:colcon.colcon_core.package_identification:_identify(photos0) by extension 'python_setup_py'
[0.283s] Level 1:colcon.colcon_core.package_identification:_identify(photos1) by extensions ['ignore', 'ignore_ament_install']
[0.283s] Level 1:colcon.colcon_core.package_identification:_identify(photos1) by extension 'ignore'
[0.283s] Level 1:colcon.colcon_core.package_identification:_identify(photos1) by extension 'ignore_ament_install'
[0.284s] Level 1:colcon.colcon_core.package_identification:_identify(photos1) by extensions ['colcon_pkg']
[0.284s] Level 1:colcon.colcon_core.package_identification:_identify(photos1) by extension 'colcon_pkg'
[0.284s] Level 1:colcon.colcon_core.package_identification:_identify(photos1) by extensions ['colcon_meta']
[0.284s] Level 1:colcon.colcon_core.package_identification:_identify(photos1) by extension 'colcon_meta'
[0.284s] Level 1:colcon.colcon_core.package_identification:_identify(photos1) by extensions ['ros']
[0.284s] Level 1:colcon.colcon_core.package_identification:_identify(photos1) by extension 'ros'
[0.284s] Level 1:colcon.colcon_core.package_identification:_identify(photos1) by extensions ['cmake', 'python']
[0.284s] Level 1:colcon.colcon_core.package_identification:_identify(photos1) by extension 'cmake'
[0.284s] Level 1:colcon.colcon_core.package_identification:_identify(photos1) by extension 'python'
[0.284s] Level 1:colcon.colcon_core.package_identification:_identify(photos1) by extensions ['python_setup_py']
[0.284s] Level 1:colcon.colcon_core.package_identification:_identify(photos1) by extension 'python_setup_py'
[0.284s] Level 1:colcon.colcon_core.package_identification:_identify(photos2) by extensions ['ignore', 'ignore_ament_install']
[0.284s] Level 1:colcon.colcon_core.package_identification:_identify(photos2) by extension 'ignore'
[0.284s] Level 1:colcon.colcon_core.package_identification:_identify(photos2) by extension 'ignore_ament_install'
[0.284s] Level 1:colcon.colcon_core.package_identification:_identify(photos2) by extensions ['colcon_pkg']
[0.284s] Level 1:colcon.colcon_core.package_identification:_identify(photos2) by extension 'colcon_pkg'
[0.284s] Level 1:colcon.colcon_core.package_identification:_identify(photos2) by extensions ['colcon_meta']
[0.284s] Level 1:colcon.colcon_core.package_identification:_identify(photos2) by extension 'colcon_meta'
[0.284s] Level 1:colcon.colcon_core.package_identification:_identify(photos2) by extensions ['ros']
[0.284s] Level 1:colcon.colcon_core.package_identification:_identify(photos2) by extension 'ros'
[0.284s] Level 1:colcon.colcon_core.package_identification:_identify(photos2) by extensions ['cmake', 'python']
[0.284s] Level 1:colcon.colcon_core.package_identification:_identify(photos2) by extension 'cmake'
[0.284s] Level 1:colcon.colcon_core.package_identification:_identify(photos2) by extension 'python'
[0.284s] Level 1:colcon.colcon_core.package_identification:_identify(photos2) by extensions ['python_setup_py']
[0.284s] Level 1:colcon.colcon_core.package_identification:_identify(photos2) by extension 'python_setup_py'
[0.284s] Level 1:colcon.colcon_core.package_identification:_identify(src) by extensions ['ignore', 'ignore_ament_install']
[0.284s] Level 1:colcon.colcon_core.package_identification:_identify(src) by extension 'ignore'
[0.285s] Level 1:colcon.colcon_core.package_identification:_identify(src) by extension 'ignore_ament_install'
[0.285s] Level 1:colcon.colcon_core.package_identification:_identify(src) by extensions ['colcon_pkg']
[0.285s] Level 1:colcon.colcon_core.package_identification:_identify(src) by extension 'colcon_pkg'
[0.285s] Level 1:colcon.colcon_core.package_identification:_identify(src) by extensions ['colcon_meta']
[0.285s] Level 1:colcon.colcon_core.package_identification:_identify(src) by extension 'colcon_meta'
[0.285s] Level 1:colcon.colcon_core.package_identification:_identify(src) by extensions ['ros']
[0.285s] Level 1:colcon.colcon_core.package_identification:_identify(src) by extension 'ros'
[0.285s] Level 1:colcon.colcon_core.package_identification:_identify(src) by extensions ['cmake', 'python']
[0.285s] Level 1:colcon.colcon_core.package_identification:_identify(src) by extension 'cmake'
[0.285s] Level 1:colcon.colcon_core.package_identification:_identify(src) by extension 'python'
[0.285s] Level 1:colcon.colcon_core.package_identification:_identify(src) by extensions ['python_setup_py']
[0.285s] Level 1:colcon.colcon_core.package_identification:_identify(src) by extension 'python_setup_py'
[0.285s] Level 1:colcon.colcon_core.package_identification:_identify(src/auto_bridge) by extensions ['ignore', 'ignore_ament_install']
[0.285s] Level 1:colcon.colcon_core.package_identification:_identify(src/auto_bridge) by extension 'ignore'
[0.285s] Level 1:colcon.colcon_core.package_identification:_identify(src/auto_bridge) by extension 'ignore_ament_install'
[0.285s] Level 1:colcon.colcon_core.package_identification:_identify(src/auto_bridge) by extensions ['colcon_pkg']
[0.285s] Level 1:colcon.colcon_core.package_identification:_identify(src/auto_bridge) by extension 'colcon_pkg'
[0.285s] Level 1:colcon.colcon_core.package_identification:_identify(src/auto_bridge) by extensions ['colcon_meta']
[0.285s] Level 1:colcon.colcon_core.package_identification:_identify(src/auto_bridge) by extension 'colcon_meta'
[0.285s] Level 1:colcon.colcon_core.package_identification:_identify(src/auto_bridge) by extensions ['ros']
[0.285s] Level 1:colcon.colcon_core.package_identification:_identify(src/auto_bridge) by extension 'ros'
[0.287s] DEBUG:colcon.colcon_core.package_identification:Package 'src/auto_bridge' with type 'ros.ament_python' and name 'auto_bridge'
[0.287s] Level 1:colcon.colcon_core.package_identification:_identify(src/bio_drill) by extensions ['ignore', 'ignore_ament_install']
[0.287s] Level 1:colcon.colcon_core.package_identification:_identify(src/bio_drill) by extension 'ignore'
[0.287s] Level 1:colcon.colcon_core.package_identification:_identify(src/bio_drill) by extension 'ignore_ament_install'
[0.287s] Level 1:colcon.colcon_core.package_identification:_identify(src/bio_drill) by extensions ['colcon_pkg']
[0.287s] Level 1:colcon.colcon_core.package_identification:_identify(src/bio_drill) by extension 'colcon_pkg'
[0.287s] Level 1:colcon.colcon_core.package_identification:_identify(src/bio_drill) by extensions ['colcon_meta']
[0.287s] Level 1:colcon.colcon_core.package_identification:_identify(src/bio_drill) by extension 'colcon_meta'
[0.288s] Level 1:colcon.colcon_core.package_identification:_identify(src/bio_drill) by extensions ['ros']
[0.288s] Level 1:colcon.colcon_core.package_identification:_identify(src/bio_drill) by extension 'ros'
[0.288s] DEBUG:colcon.colcon_core.package_identification:Package 'src/bio_drill' with type 'ros.ament_python' and name 'bio_drill'
[0.288s] Level 1:colcon.colcon_core.package_identification:_identify(src/bio_package) by extensions ['ignore', 'ignore_ament_install']
[0.288s] Level 1:colcon.colcon_core.package_identification:_identify(src/bio_package) by extension 'ignore'
[0.288s] Level 1:colcon.colcon_core.package_identification:_identify(src/bio_package) by extension 'ignore_ament_install'
[0.288s] Level 1:colcon.colcon_core.package_identification:_identify(src/bio_package) by extensions ['colcon_pkg']
[0.288s] Level 1:colcon.colcon_core.package_identification:_identify(src/bio_package) by extension 'colcon_pkg'
[0.288s] Level 1:colcon.colcon_core.package_identification:_identify(src/bio_package) by extensions ['colcon_meta']
[0.288s] Level 1:colcon.colcon_core.package_identification:_identify(src/bio_package) by extension 'colcon_meta'
[0.288s] Level 1:colcon.colcon_core.package_identification:_identify(src/bio_package) by extensions ['ros']
[0.288s] Level 1:colcon.colcon_core.package_identification:_identify(src/bio_package) by extension 'ros'
[0.289s] DEBUG:colcon.colcon_core.package_identification:Package 'src/bio_package' with type 'ros.ament_python' and name 'bio_package'
[0.289s] Level 1:colcon.colcon_core.package_identification:_identify(src/fpv_pkg) by extensions ['ignore', 'ignore_ament_install']
[0.289s] Level 1:colcon.colcon_core.package_identification:_identify(src/fpv_pkg) by extension 'ignore'
[0.289s] Level 1:colcon.colcon_core.package_identification:_identify(src/fpv_pkg) by extension 'ignore_ament_install'
[0.289s] Level 1:colcon.colcon_core.package_identification:_identify(src/fpv_pkg) by extensions ['colcon_pkg']
[0.289s] Level 1:colcon.colcon_core.package_identification:_identify(src/fpv_pkg) by extension 'colcon_pkg'
[0.289s] Level 1:colcon.colcon_core.package_identification:_identify(src/fpv_pkg) by extensions ['colcon_meta']
[0.289s] Level 1:colcon.colcon_core.package_identification:_identify(src/fpv_pkg) by extension 'colcon_meta'
[0.289s] Level 1:colcon.colcon_core.package_identification:_identify(src/fpv_pkg) by extensions ['ros']
[0.289s] Level 1:colcon.colcon_core.package_identification:_identify(src/fpv_pkg) by extension 'ros'
[0.289s] DEBUG:colcon.colcon_core.package_identification:Package 'src/fpv_pkg' with type 'ros.ament_python' and name 'fpv_pkg'
[0.290s] Level 1:colcon.colcon_core.package_identification:_identify(src/joy_can) by extensions ['ignore', 'ignore_ament_install']
[0.290s] Level 1:colcon.colcon_core.package_identification:_identify(src/joy_can) by extension 'ignore'
[0.290s] Level 1:colcon.colcon_core.package_identification:_identify(src/joy_can) by extension 'ignore_ament_install'
[0.290s] Level 1:colcon.colcon_core.package_identification:_identify(src/joy_can) by extensions ['colcon_pkg']
[0.290s] Level 1:colcon.colcon_core.package_identification:_identify(src/joy_can) by extension 'colcon_pkg'
[0.290s] Level 1:colcon.colcon_core.package_identification:_identify(src/joy_can) by extensions ['colcon_meta']
[0.290s] Level 1:colcon.colcon_core.package_identification:_identify(src/joy_can) by extension 'colcon_meta'
[0.290s] Level 1:colcon.colcon_core.package_identification:_identify(src/joy_can) by extensions ['ros']
[0.290s] Level 1:colcon.colcon_core.package_identification:_identify(src/joy_can) by extension 'ros'
[0.290s] DEBUG:colcon.colcon_core.package_identification:Package 'src/joy_can' with type 'ros.ament_python' and name 'joy_can'
[0.290s] Level 1:colcon.colcon_core.package_identification:_identify(src/msg_interfaces) by extensions ['ignore', 'ignore_ament_install']
[0.290s] Level 1:colcon.colcon_core.package_identification:_identify(src/msg_interfaces) by extension 'ignore'
[0.290s] Level 1:colcon.colcon_core.package_identification:_identify(src/msg_interfaces) by extension 'ignore_ament_install'
[0.290s] Level 1:colcon.colcon_core.package_identification:_identify(src/msg_interfaces) by extensions ['colcon_pkg']
[0.290s] Level 1:colcon.colcon_core.package_identification:_identify(src/msg_interfaces) by extension 'colcon_pkg'
[0.290s] Level 1:colcon.colcon_core.package_identification:_identify(src/msg_interfaces) by extensions ['colcon_meta']
[0.291s] Level 1:colcon.colcon_core.package_identification:_identify(src/msg_interfaces) by extension 'colcon_meta'
[0.291s] Level 1:colcon.colcon_core.package_identification:_identify(src/msg_interfaces) by extensions ['ros']
[0.291s] Level 1:colcon.colcon_core.package_identification:_identify(src/msg_interfaces) by extension 'ros'
[0.291s] DEBUG:colcon.colcon_core.package_identification:Package 'src/msg_interfaces' with type 'ros.ament_cmake' and name 'msg_interfaces'
[0.291s] Level 1:colcon.colcon_core.package_identification:_identify(src/realsense_servo) by extensions ['ignore', 'ignore_ament_install']
[0.291s] Level 1:colcon.colcon_core.package_identification:_identify(src/realsense_servo) by extension 'ignore'
[0.291s] Level 1:colcon.colcon_core.package_identification:_identify(src/realsense_servo) by extension 'ignore_ament_install'
[0.291s] Level 1:colcon.colcon_core.package_identification:_identify(src/realsense_servo) by extensions ['colcon_pkg']
[0.291s] Level 1:colcon.colcon_core.package_identification:_identify(src/realsense_servo) by extension 'colcon_pkg'
[0.291s] Level 1:colcon.colcon_core.package_identification:_identify(src/realsense_servo) by extensions ['colcon_meta']
[0.291s] Level 1:colcon.colcon_core.package_identification:_identify(src/realsense_servo) by extension 'colcon_meta'
[0.291s] Level 1:colcon.colcon_core.package_identification:_identify(src/realsense_servo) by extensions ['ros']
[0.291s] Level 1:colcon.colcon_core.package_identification:_identify(src/realsense_servo) by extension 'ros'
[0.292s] DEBUG:colcon.colcon_core.package_identification:Package 'src/realsense_servo' with type 'ros.ament_python' and name 'realsense_servo'
[0.292s] Level 1:colcon.colcon_core.package_discovery:discover_packages(recursive) using defaults
[0.292s] Level 1:colcon.colcon_core.package_discovery:discover_packages(ignore) discover
[0.292s] Level 1:colcon.colcon_core.package_discovery:discover_packages(ignore) using defaults
[0.292s] Level 1:colcon.colcon_core.package_discovery:discover_packages(path) discover
[0.292s] Level 1:colcon.colcon_core.package_discovery:discover_packages(path) using defaults
[0.308s] Level 1:colcon.colcon_core.package_discovery:discover_packages(prefix_path) check parameters
[0.308s] Level 1:colcon.colcon_core.package_discovery:discover_packages(prefix_path) discover
[0.311s] DEBUG:colcon.colcon_installed_package_information.package_discovery:Found 382 installed packages in /opt/ros/humble
[0.312s] Level 1:colcon.colcon_core.package_discovery:discover_packages(prefix_path) using defaults
[0.350s] Level 5:colcon.colcon_core.verb:set package 'auto_bridge' build argument 'cmake_args' from command line to 'None'
[0.350s] Level 5:colcon.colcon_core.verb:set package 'auto_bridge' build argument 'cmake_target' from command line to 'None'
[0.350s] Level 5:colcon.colcon_core.verb:set package 'auto_bridge' build argument 'cmake_target_skip_unavailable' from command line to 'False'
[0.350s] Level 5:colcon.colcon_core.verb:set package 'auto_bridge' build argument 'cmake_clean_cache' from command line to 'False'
[0.350s] Level 5:colcon.colcon_core.verb:set package 'auto_bridge' build argument 'cmake_clean_first' from command line to 'False'
[0.350s] Level 5:colcon.colcon_core.verb:set package 'auto_bridge' build argument 'cmake_force_configure' from command line to 'False'
[0.350s] Level 5:colcon.colcon_core.verb:set package 'auto_bridge' build argument 'ament_cmake_args' from command line to 'None'
[0.351s] Level 5:colcon.colcon_core.verb:set package 'auto_bridge' build argument 'catkin_cmake_args' from command line to 'None'
[0.351s] Level 5:colcon.colcon_core.verb:set package 'auto_bridge' build argument 'catkin_skip_building_tests' from command line to 'False'
[0.351s] DEBUG:colcon.colcon_core.verb:Building package 'auto_bridge' with the following arguments: {'ament_cmake_args': None, 'build_base': '/home/sudhindra/irc/rover_essentials/build/auto_bridge', 'catkin_cmake_args': None, 'catkin_skip_building_tests': False, 'cmake_args': None, 'cmake_clean_cache': False, 'cmake_clean_first': False, 'cmake_force_configure': False, 'cmake_target': None, 'cmake_target_skip_unavailable': False, 'install_base': '/home/sudhindra/irc/rover_essentials/install/auto_bridge', 'merge_install': False, 'path': '/home/sudhindra/irc/rover_essentials/src/auto_bridge', 'symlink_install': False, 'test_result_base': None}
[0.351s] Level 5:colcon.colcon_core.verb:set package 'bio_drill' build argument 'cmake_args' from command line to 'None'
[0.351s] Level 5:colcon.colcon_core.verb:set package 'bio_drill' build argument 'cmake_target' from command line to 'None'
[0.351s] Level 5:colcon.colcon_core.verb:set package 'bio_drill' build argument 'cmake_target_skip_unavailable' from command line to 'False'
[0.351s] Level 5:colcon.colcon_core.verb:set package 'bio_drill' build argument 'cmake_clean_cache' from command line to 'False'
[0.351s] Level 5:colcon.colcon_core.verb:set package 'bio_drill' build argument 'cmake_clean_first' from command line to 'False'
[0.351s] Level 5:colcon.colcon_core.verb:set package 'bio_drill' build argument 'cmake_force_configure' from command line to 'False'
[0.351s] Level 5:colcon.colcon_core.verb:set package 'bio_drill' build argument 'ament_cmake_args' from command line to 'None'
[0.351s] Level 5:colcon.colcon_core.verb:set package 'bio_drill' build argument 'catkin_cmake_args' from command line to 'None'
[0.351s] Level 5:colcon.colcon_core.verb:set package 'bio_drill' build argument 'catkin_skip_building_tests' from command line to 'False'
[0.351s] DEBUG:colcon.colcon_core.verb:Building package 'bio_drill' with the following arguments: {'ament_cmake_args': None, 'build_base': '/home/sudhindra/irc/rover_essentials/build/bio_drill', 'catkin_cmake_args': None, 'catkin_skip_building_tests': False, 'cmake_args': None, 'cmake_clean_cache': False, 'cmake_clean_first': False, 'cmake_force_configure': False, 'cmake_target': None, 'cmake_target_skip_unavailable': False, 'install_base': '/home/sudhindra/irc/rover_essentials/install/bio_drill', 'merge_install': False, 'path': '/home/sudhindra/irc/rover_essentials/src/bio_drill', 'symlink_install': False, 'test_result_base': None}
[0.351s] Level 5:colcon.colcon_core.verb:set package 'bio_package' build argument 'cmake_args' from command line to 'None'
[0.351s] Level 5:colcon.colcon_core.verb:set package 'bio_package' build argument 'cmake_target' from command line to 'None'
[0.351s] Level 5:colcon.colcon_core.verb:set package 'bio_package' build argument 'cmake_target_skip_unavailable' from command line to 'False'
[0.351s] Level 5:colcon.colcon_core.verb:set package 'bio_package' build argument 'cmake_clean_cache' from command line to 'False'
[0.351s] Level 5:colcon.colcon_core.verb:set package 'bio_package' build argument 'cmake_clean_first' from command line to 'False'
[0.351s] Level 5:colcon.colcon_core.verb:set package 'bio_package' build argument 'cmake_force_configure' from command line to 'False'
[0.351s] Level 5:colcon.colcon_core.verb:set package 'bio_package' build argument 'ament_cmake_args' from command line to 'None'
[0.351s] Level 5:colcon.colcon_core.verb:set package 'bio_package' build argument 'catkin_cmake_args' from command line to 'None'
[0.352s] Level 5:colcon.colcon_core.verb:set package 'bio_package' build argument 'catkin_skip_building_tests' from command line to 'False'
[0.352s] DEBUG:colcon.colcon_core.verb:Building package 'bio_package' with the following arguments: {'ament_cmake_args': None, 'build_base': '/home/sudhindra/irc/rover_essentials/build/bio_package', 'catkin_cmake_args': None, 'catkin_skip_building_tests': False, 'cmake_args': None, 'cmake_clean_cache': False, 'cmake_clean_first': False, 'cmake_force_configure': False, 'cmake_target': None, 'cmake_target_skip_unavailable': False, 'install_base': '/home/sudhindra/irc/rover_essentials/install/bio_package', 'merge_install': False, 'path': '/home/sudhindra/irc/rover_essentials/src/bio_package', 'symlink_install': False, 'test_result_base': None}
[0.352s] Level 5:colcon.colcon_core.verb:set package 'fpv_pkg' build argument 'cmake_args' from command line to 'None'
[0.352s] Level 5:colcon.colcon_core.verb:set package 'fpv_pkg' build argument 'cmake_target' from command line to 'None'
[0.352s] Level 5:colcon.colcon_core.verb:set package 'fpv_pkg' build argument 'cmake_target_skip_unavailable' from command line to 'False'
[0.352s] Level 5:colcon.colcon_core.verb:set package 'fpv_pkg' build argument 'cmake_clean_cache' from command line to 'False'
[0.352s] Level 5:colcon.colcon_core.verb:set package 'fpv_pkg' build argument 'cmake_clean_first' from command line to 'False'
[0.352s] Level 5:colcon.colcon_core.verb:set package 'fpv_pkg' build argument 'cmake_force_configure' from command line to 'False'
[0.352s] Level 5:colcon.colcon_core.verb:set package 'fpv_pkg' build argument 'ament_cmake_args' from command line to 'None'
[0.352s] Level 5:colcon.colcon_core.verb:set package 'fpv_pkg' build argument 'catkin_cmake_args' from command line to 'None'
[0.352s] Level 5:colcon.colcon_core.verb:set package 'fpv_pkg' build argument 'catkin_skip_building_tests' from command line to 'False'
[0.352s] DEBUG:colcon.colcon_core.verb:Building package 'fpv_pkg' with the following arguments: {'ament_cmake_args': None, 'build_base': '/home/sudhindra/irc/rover_essentials/build/fpv_pkg', 'catkin_cmake_args': None, 'catkin_skip_building_tests': False, 'cmake_args': None, 'cmake_clean_cache': False, 'cmake_clean_first': False, 'cmake_force_configure': False, 'cmake_target': None, 'cmake_target_skip_unavailable': False, 'install_base': '/home/sudhindra/irc/rover_essentials/install/fpv_pkg', 'merge_install': False, 'path': '/home/sudhindra/irc/rover_essentials/src/fpv_pkg', 'symlink_install': False, 'test_result_base': None}
[0.352s] Level 5:colcon.colcon_core.verb:set package 'joy_can' build argument 'cmake_args' from command line to 'None'
[0.352s] Level 5:colcon.colcon_core.verb:set package 'joy_can' build argument 'cmake_target' from command line to 'None'
[0.352s] Level 5:colcon.colcon_core.verb:set package 'joy_can' build argument 'cmake_target_skip_unavailable' from command line to 'False'
[0.352s] Level 5:colcon.colcon_core.verb:set package 'joy_can' build argument 'cmake_clean_cache' from command line to 'False'
[0.352s] Level 5:colcon.colcon_core.verb:set package 'joy_can' build argument 'cmake_clean_first' from command line to 'False'
[0.352s] Level 5:colcon.colcon_core.verb:set package 'joy_can' build argument 'cmake_force_configure' from command line to 'False'
[0.352s] Level 5:colcon.colcon_core.verb:set package 'joy_can' build argument 'ament_cmake_args' from command line to 'None'
[0.352s] Level 5:colcon.colcon_core.verb:set package 'joy_can' build argument 'catkin_cmake_args' from command line to 'None'
[0.353s] Level 5:colcon.colcon_core.verb:set package 'joy_can' build argument 'catkin_skip_building_tests' from command line to 'False'
[0.353s] DEBUG:colcon.colcon_core.verb:Building package 'joy_can' with the following arguments: {'ament_cmake_args': None, 'build_base': '/home/sudhindra/irc/rover_essentials/build/joy_can', 'catkin_cmake_args': None, 'catkin_skip_building_tests': False, 'cmake_args': None, 'cmake_clean_cache': False, 'cmake_clean_first': False, 'cmake_force_configure': False, 'cmake_target': None, 'cmake_target_skip_unavailable': False, 'install_base': '/home/sudhindra/irc/rover_essentials/install/joy_can', 'merge_install': False, 'path': '/home/sudhindra/irc/rover_essentials/src/joy_can', 'symlink_install': False, 'test_result_base': None}
[0.353s] Level 5:colcon.colcon_core.verb:set package 'msg_interfaces' build argument 'cmake_args' from command line to 'None'
[0.353s] Level 5:colcon.colcon_core.verb:set package 'msg_interfaces' build argument 'cmake_target' from command line to 'None'
[0.353s] Level 5:colcon.colcon_core.verb:set package 'msg_interfaces' build argument 'cmake_target_skip_unavailable' from command line to 'False'
[0.353s] Level 5:colcon.colcon_core.verb:set package 'msg_interfaces' build argument 'cmake_clean_cache' from command line to 'False'
[0.353s] Level 5:colcon.colcon_core.verb:set package 'msg_interfaces' build argument 'cmake_clean_first' from command line to 'False'
[0.353s] Level 5:colcon.colcon_core.verb:set package 'msg_interfaces' build argument 'cmake_force_configure' from command line to 'False'
[0.353s] Level 5:colcon.colcon_core.verb:set package 'msg_interfaces' build argument 'ament_cmake_args' from command line to 'None'
[0.353s] Level 5:colcon.colcon_core.verb:set package 'msg_interfaces' build argument 'catkin_cmake_args' from command line to 'None'
[0.353s] Level 5:colcon.colcon_core.verb:set package 'msg_interfaces' build argument 'catkin_skip_building_tests' from command line to 'False'
[0.353s] DEBUG:colcon.colcon_core.verb:Building package 'msg_interfaces' with the following arguments: {'ament_cmake_args': None, 'build_base': '/home/sudhindra/irc/rover_essentials/build/msg_interfaces', 'catkin_cmake_args': None, 'catkin_skip_building_tests': False, 'cmake_args': None, 'cmake_clean_cache': False, 'cmake_clean_first': False, 'cmake_force_configure': False, 'cmake_target': None, 'cmake_target_skip_unavailable': False, 'install_base': '/home/sudhindra/irc/rover_essentials/install/msg_interfaces', 'merge_install': False, 'path': '/home/sudhindra/irc/rover_essentials/src/msg_interfaces', 'symlink_install': False, 'test_result_base': None}
[0.353s] Level 5:colcon.colcon_core.verb:set package 'realsense_servo' build argument 'cmake_args' from command line to 'None'
[0.353s] Level 5:colcon.colcon_core.verb:set package 'realsense_servo' build argument 'cmake_target' from command line to 'None'
[0.353s] Level 5:colcon.colcon_core.verb:set package 'realsense_servo' build argument 'cmake_target_skip_unavailable' from command line to 'False'
[0.353s] Level 5:colcon.colcon_core.verb:set package 'realsense_servo' build argument 'cmake_clean_cache' from command line to 'False'
[0.353s] Level 5:colcon.colcon_core.verb:set package 'realsense_servo' build argument 'cmake_clean_first' from command line to 'False'
[0.353s] Level 5:colcon.colcon_core.verb:set package 'realsense_servo' build argument 'cmake_force_configure' from command line to 'False'
[0.353s] Level 5:colcon.colcon_core.verb:set package 'realsense_servo' build argument 'ament_cmake_args' from command line to 'None'
[0.353s] Level 5:colcon.colcon_core.verb:set package 'realsense_servo' build argument 'catkin_cmake_args' from command line to 'None'
[0.353s] Level 5:colcon.colcon_core.verb:set package 'realsense_servo' build argument 'catkin_skip_building_tests' from command line to 'False'
[0.353s] DEBUG:colcon.colcon_core.verb:Building package 'realsense_servo' with the following arguments: {'ament_cmake_args': None, 'build_base': '/home/sudhindra/irc/rover_essentials/build/realsense_servo', 'catkin_cmake_args': None, 'catkin_skip_building_tests': False, 'cmake_args': None, 'cmake_clean_cache': False, 'cmake_clean_first': False, 'cmake_force_configure': False, 'cmake_target': None, 'cmake_target_skip_unavailable': False, 'install_base': '/home/sudhindra/irc/rover_essentials/install/realsense_servo', 'merge_install': False, 'path': '/home/sudhindra/irc/rover_essentials/src/realsense_servo', 'symlink_install': False, 'test_result_base': None}
[0.354s] INFO:colcon.colcon_core.executor:Executing jobs using 'parallel' executor
[0.354s] DEBUG:colcon.colcon_parallel_executor.executor.parallel:run_until_complete
[0.355s] INFO:colcon.colcon_ros.task.ament_python.build:Building ROS package in '/home/sudhindra/irc/rover_essentials/src/auto_bridge' with build type 'ament_python'
[0.355s] Level 1:colcon.colcon_core.shell:create_environment_hook('auto_bridge', 'ament_prefix_path')
[0.356s] INFO:colcon.colcon_core.plugin_system:Skipping extension 'colcon_core.shell.bat': Not used on non-Windows systems
[0.356s] INFO:colcon.colcon_core.shell:Creating environment hook '/home/sudhindra/irc/rover_essentials/install/auto_bridge/share/auto_bridge/hook/ament_prefix_path.ps1'
[0.357s] INFO:colcon.colcon_core.shell:Creating environment descriptor '/home/sudhindra/irc/rover_essentials/install/auto_bridge/share/auto_bridge/hook/ament_prefix_path.dsv'
[0.357s] INFO:colcon.colcon_core.shell:Creating environment hook '/home/sudhindra/irc/rover_essentials/install/auto_bridge/share/auto_bridge/hook/ament_prefix_path.sh'
[0.358s] INFO:colcon.colcon_core.shell:Skip shell extension 'powershell' for command environment: Not usable outside of PowerShell
[0.358s] DEBUG:colcon.colcon_core.shell:Skip shell extension 'dsv' for command environment
[0.360s] INFO:colcon.colcon_ros.task.ament_python.build:Building ROS package in '/home/sudhindra/irc/rover_essentials/src/bio_drill' with build type 'ament_python'
[0.360s] Level 1:colcon.colcon_core.shell:create_environment_hook('bio_drill', 'ament_prefix_path')
[0.360s] INFO:colcon.colcon_core.shell:Creating environment hook '/home/sudhindra/irc/rover_essentials/install/bio_drill/share/bio_drill/hook/ament_prefix_path.ps1'
[0.361s] INFO:colcon.colcon_core.shell:Creating environment descriptor '/home/sudhindra/irc/rover_essentials/install/bio_drill/share/bio_drill/hook/ament_prefix_path.dsv'
[0.361s] INFO:colcon.colcon_core.shell:Creating environment hook '/home/sudhindra/irc/rover_essentials/install/bio_drill/share/bio_drill/hook/ament_prefix_path.sh'
[0.362s] INFO:colcon.colcon_core.shell:Skip shell extension 'powershell' for command environment: Not usable outside of PowerShell
[0.362s] DEBUG:colcon.colcon_core.shell:Skip shell extension 'dsv' for command environment
[0.364s] INFO:colcon.colcon_ros.task.ament_python.build:Building ROS package in '/home/sudhindra/irc/rover_essentials/src/bio_package' with build type 'ament_python'
[0.364s] Level 1:colcon.colcon_core.shell:create_environment_hook('bio_package', 'ament_prefix_path')
[0.364s] INFO:colcon.colcon_core.shell:Creating environment hook '/home/sudhindra/irc/rover_essentials/install/bio_package/share/bio_package/hook/ament_prefix_path.ps1'
[0.365s] INFO:colcon.colcon_core.shell:Creating environment descriptor '/home/sudhindra/irc/rover_essentials/install/bio_package/share/bio_package/hook/ament_prefix_path.dsv'
[0.365s] INFO:colcon.colcon_core.shell:Creating environment hook '/home/sudhindra/irc/rover_essentials/install/bio_package/share/bio_package/hook/ament_prefix_path.sh'
[0.365s] INFO:colcon.colcon_core.shell:Skip shell extension 'powershell' for command environment: Not usable outside of PowerShell
[0.366s] DEBUG:colcon.colcon_core.shell:Skip shell extension 'dsv' for command environment
[0.368s] INFO:colcon.colcon_ros.task.ament_python.build:Building ROS package in '/home/sudhindra/irc/rover_essentials/src/fpv_pkg' with build type 'ament_python'
[0.369s] Level 1:colcon.colcon_core.shell:create_environment_hook('fpv_pkg', 'ament_prefix_path')
[0.369s] INFO:colcon.colcon_core.shell:Creating environment hook '/home/sudhindra/irc/rover_essentials/install/fpv_pkg/share/fpv_pkg/hook/ament_prefix_path.ps1'
[0.369s] INFO:colcon.colcon_core.shell:Creating environment descriptor '/home/sudhindra/irc/rover_essentials/install/fpv_pkg/share/fpv_pkg/hook/ament_prefix_path.dsv'
[0.370s] INFO:colcon.colcon_core.shell:Creating environment hook '/home/sudhindra/irc/rover_essentials/install/fpv_pkg/share/fpv_pkg/hook/ament_prefix_path.sh'
[0.370s] INFO:colcon.colcon_core.shell:Skip shell extension 'powershell' for command environment: Not usable outside of PowerShell
[0.370s] DEBUG:colcon.colcon_core.shell:Skip shell extension 'dsv' for command environment
[0.373s] INFO:colcon.colcon_ros.task.ament_python.build:Building ROS package in '/home/sudhindra/irc/rover_essentials/src/joy_can' with build type 'ament_python'
[0.373s] Level 1:colcon.colcon_core.shell:create_environment_hook('joy_can', 'ament_prefix_path')
[0.374s] INFO:colcon.colcon_core.shell:Creating environment hook '/home/sudhindra/irc/rover_essentials/install/joy_can/share/joy_can/hook/ament_prefix_path.ps1'
[0.374s] INFO:colcon.colcon_core.shell:Creating environment descriptor '/home/sudhindra/irc/rover_essentials/install/joy_can/share/joy_can/hook/ament_prefix_path.dsv'
[0.375s] INFO:colcon.colcon_core.shell:Creating environment hook '/home/sudhindra/irc/rover_essentials/install/joy_can/share/joy_can/hook/ament_prefix_path.sh'
[0.375s] INFO:colcon.colcon_core.shell:Skip shell extension 'powershell' for command environment: Not usable outside of PowerShell
[0.375s] DEBUG:colcon.colcon_core.shell:Skip shell extension 'dsv' for command environment
[0.377s] INFO:colcon.colcon_ros.task.ament_cmake.build:Building ROS package in '/home/sudhindra/irc/rover_essentials/src/msg_interfaces' with build type 'ament_cmake'
[0.377s] INFO:colcon.colcon_cmake.task.cmake.build:Building CMake package in '/home/sudhindra/irc/rover_essentials/src/msg_interfaces'
[0.378s] INFO:colcon.colcon_core.shell:Skip shell extension 'powershell' for command environment: Not usable outside of PowerShell
[0.378s] DEBUG:colcon.colcon_core.shell:Skip shell extension 'dsv' for command environment
[0.380s] INFO:colcon.colcon_ros.task.ament_python.build:Building ROS package in '/home/sudhindra/irc/rover_essentials/src/realsense_servo' with build type 'ament_python'
[0.380s] Level 1:colcon.colcon_core.shell:create_environment_hook('realsense_servo', 'ament_prefix_path')
[0.380s] INFO:colcon.colcon_core.shell:Creating environment hook '/home/sudhindra/irc/rover_essentials/install/realsense_servo/share/realsense_servo/hook/ament_prefix_path.ps1'
[0.381s] INFO:colcon.colcon_core.shell:Creating environment descriptor '/home/sudhindra/irc/rover_essentials/install/realsense_servo/share/realsense_servo/hook/ament_prefix_path.dsv'
[0.381s] INFO:colcon.colcon_core.shell:Creating environment hook '/home/sudhindra/irc/rover_essentials/install/realsense_servo/share/realsense_servo/hook/ament_prefix_path.sh'
[0.382s] INFO:colcon.colcon_core.shell:Skip shell extension 'powershell' for command environment: Not usable outside of PowerShell
[0.382s] DEBUG:colcon.colcon_core.shell:Skip shell extension 'dsv' for command environment
[0.621s] INFO:colcon.colcon_core.task.python.build:Building Python package in '/home/sudhindra/irc/rover_essentials/src/auto_bridge'
[0.621s] INFO:colcon.colcon_core.shell:Skip shell extension 'powershell' for command environment: Not usable outside of PowerShell
[0.621s] DEBUG:colcon.colcon_core.shell:Skip shell extension 'dsv' for command environment
[0.861s] INFO:colcon.colcon_core.task.python.build:Building Python package in '/home/sudhindra/irc/rover_essentials/src/bio_drill'
[0.862s] INFO:colcon.colcon_core.shell:Skip shell extension 'powershell' for command environment: Not usable outside of PowerShell
[0.862s] DEBUG:colcon.colcon_core.shell:Skip shell extension 'dsv' for command environment
[1.104s] INFO:colcon.colcon_core.task.python.build:Building Python package in '/home/sudhindra/irc/rover_essentials/src/bio_package'
[1.105s] INFO:colcon.colcon_core.shell:Skip shell extension 'powershell' for command environment: Not usable outside of PowerShell
[1.105s] DEBUG:colcon.colcon_core.shell:Skip shell extension 'dsv' for command environment
[1.345s] INFO:colcon.colcon_core.task.python.build:Building Python package in '/home/sudhindra/irc/rover_essentials/src/fpv_pkg'
[1.345s] INFO:colcon.colcon_core.shell:Skip shell extension 'powershell' for command environment: Not usable outside of PowerShell
[1.345s] DEBUG:colcon.colcon_core.shell:Skip shell extension 'dsv' for command environment
[1.579s] INFO:colcon.colcon_core.task.python.build:Building Python package in '/home/sudhindra/irc/rover_essentials/src/joy_can'
[1.579s] INFO:colcon.colcon_core.shell:Skip shell extension 'powershell' for command environment: Not usable outside of PowerShell
[1.579s] DEBUG:colcon.colcon_core.shell:Skip shell extension 'dsv' for command environment
[1.586s] DEBUG:colcon.colcon_core.event_handler.log_command:Invoking command in '/home/sudhindra/irc/rover_essentials/build/msg_interfaces': CMAKE_PREFIX_PATH=${CMAKE_PREFIX_PATH}:/opt/ros/humble /usr/bin/cmake --build /home/sudhindra/irc/rover_essentials/build/msg_interfaces -- -j8 -l8
[1.835s] INFO:colcon.colcon_core.task.python.build:Building Python package in '/home/sudhindra/irc/rover_essentials/src/realsense_servo'
[1.835s] INFO:colcon.colcon_core.shell:Skip shell extension 'powershell' for command environment: Not usable outside of PowerShell
[1.835s] DEBUG:colcon.colcon_core.shell:Skip shell extension 'dsv' for command environment
[2.301s] DEBUG:colcon.colcon_core.event_handler.log_command:Invoking command in '/home/sudhindra/irc/rover_essentials/src/bio_package': PYTHONPATH=/home/sudhindra/irc/rover_essentials/build/bio_package/prefix_override:/usr/lib/python3/dist-packages/colcon_core/task/python/colcon_distutils_commands:/home/sudhindra/irc/rover_essentials/install/bio_package/lib/python3.10/site-packages:${PYTHONPATH} /usr/bin/python3 -W ignore:setup.py install is deprecated setup.py egg_info --egg-base ../../build/bio_package build --build-base /home/sudhindra/irc/rover_essentials/build/bio_package/build install --record /home/sudhindra/irc/rover_essentials/build/bio_package/install.log --single-version-externally-managed install_data
[2.434s] DEBUG:colcon.colcon_core.event_handler.log_command:Invoking command in '/home/sudhindra/irc/rover_essentials/src/fpv_pkg': PYTHONPATH=/home/sudhindra/irc/rover_essentials/build/fpv_pkg/prefix_override:/usr/lib/python3/dist-packages/colcon_core/task/python/colcon_distutils_commands:/home/sudhindra/irc/rover_essentials/install/fpv_pkg/lib/python3.10/site-packages:${PYTHONPATH} /usr/bin/python3 -W ignore:setup.py install is deprecated setup.py egg_info --egg-base ../../build/fpv_pkg build --build-base /home/sudhindra/irc/rover_essentials/build/fpv_pkg/build install --record /home/sudhindra/irc/rover_essentials/build/fpv_pkg/install.log --single-version-externally-managed install_data
[2.549s] DEBUG:colcon.colcon_core.event_handler.log_command:Invoking command in '/home/sudhindra/irc/rover_essentials/src/auto_bridge': PYTHONPATH=/home/sudhindra/irc/rover_essentials/build/auto_bridge/prefix_override:/usr/lib/python3/dist-packages/colcon_core/task/python/colcon_distutils_commands:/home/sudhindra/irc/rover_essentials/install/auto_bridge/lib/python3.10/site-packages:${PYTHONPATH} /usr/bin/python3 -W ignore:setup.py install is deprecated setup.py egg_info --egg-base ../../build/auto_bridge build --build-base /home/sudhindra/irc/rover_essentials/build/auto_bridge/build install --record /home/sudhindra/irc/rover_essentials/build/auto_bridge/install.log --single-version-externally-managed install_data
[2.552s] DEBUG:colcon.colcon_core.event_handler.log_command:Invoking command in '/home/sudhindra/irc/rover_essentials/src/bio_drill': PYTHONPATH=/home/sudhindra/irc/rover_essentials/build/bio_drill/prefix_override:/usr/lib/python3/dist-packages/colcon_core/task/python/colcon_distutils_commands:/home/sudhindra/irc/rover_essentials/install/bio_drill/lib/python3.10/site-packages:${PYTHONPATH} /usr/bin/python3 -W ignore:setup.py install is deprecated setup.py egg_info --egg-base ../../build/bio_drill build --build-base /home/sudhindra/irc/rover_essentials/build/bio_drill/build install --record /home/sudhindra/irc/rover_essentials/build/bio_drill/install.log --single-version-externally-managed install_data
[2.556s] DEBUG:colcon.colcon_core.event_handler.log_command:Invoking command in '/home/sudhindra/irc/rover_essentials/src/joy_can': PYTHONPATH=/home/sudhindra/irc/rover_essentials/build/joy_can/prefix_override:/usr/lib/python3/dist-packages/colcon_core/task/python/colcon_distutils_commands:/home/sudhindra/irc/rover_essentials/install/joy_can/lib/python3.10/site-packages:${PYTHONPATH} /usr/bin/python3 -W ignore:setup.py install is deprecated setup.py egg_info --egg-base ../../build/joy_can build --build-base /home/sudhindra/irc/rover_essentials/build/joy_can/build install --record /home/sudhindra/irc/rover_essentials/build/joy_can/install.log --single-version-externally-managed install_data
[2.557s] DEBUG:colcon.colcon_core.event_handler.log_command:Invoking command in '/home/sudhindra/irc/rover_essentials/src/realsense_servo': PYTHONPATH=/home/sudhindra/irc/rover_essentials/build/realsense_servo/prefix_override:/usr/lib/python3/dist-packages/colcon_core/task/python/colcon_distutils_commands:/home/sudhindra/irc/rover_essentials/install/realsense_servo/lib/python3.10/site-packages:${PYTHONPATH} /usr/bin/python3 -W ignore:setup.py install is deprecated setup.py egg_info --egg-base ../../build/realsense_servo build --build-base /home/sudhindra/irc/rover_essentials/build/realsense_servo/build install --record /home/sudhindra/irc/rover_essentials/build/realsense_servo/install.log --single-version-externally-managed install_data
[2.836s] DEBUG:colcon.colcon_core.event_handler.log_command:Invoked command in '/home/sudhindra/irc/rover_essentials/src/bio_package' returned '0': PYTHONPATH=/home/sudhindra/irc/rover_essentials/build/bio_package/prefix_override:/usr/lib/python3/dist-packages/colcon_core/task/python/colcon_distutils_commands:/home/sudhindra/irc/rover_essentials/install/bio_package/lib/python3.10/site-packages:${PYTHONPATH} /usr/bin/python3 -W ignore:setup.py install is deprecated setup.py egg_info --egg-base ../../build/bio_package build --build-base /home/sudhindra/irc/rover_essentials/build/bio_package/build install --record /home/sudhindra/irc/rover_essentials/build/bio_package/install.log --single-version-externally-managed install_data
[2.840s] Level 1:colcon.colcon_core.environment:checking '/home/sudhindra/irc/rover_essentials/install/bio_package' for CMake module files
[2.840s] Level 1:colcon.colcon_core.environment:checking '/home/sudhindra/irc/rover_essentials/install/bio_package' for CMake config files
[2.841s] Level 1:colcon.colcon_core.environment:checking '/home/sudhindra/irc/rover_essentials/install/bio_package/lib'
[2.841s] Level 1:colcon.colcon_core.environment:checking '/home/sudhindra/irc/rover_essentials/install/bio_package/bin'
[2.841s] Level 1:colcon.colcon_core.environment:checking '/home/sudhindra/irc/rover_essentials/install/bio_package/lib/pkgconfig/bio_package.pc'
[2.842s] Level 1:colcon.colcon_core.environment:checking '/home/sudhindra/irc/rover_essentials/install/bio_package/lib/python3.10/site-packages'
[2.842s] Level 1:colcon.colcon_core.shell:create_environment_hook('bio_package', 'pythonpath')
[2.842s] INFO:colcon.colcon_core.shell:Creating environment hook '/home/sudhindra/irc/rover_essentials/install/bio_package/share/bio_package/hook/pythonpath.ps1'
[2.843s] INFO:colcon.colcon_core.shell:Creating environment descriptor '/home/sudhindra/irc/rover_essentials/install/bio_package/share/bio_package/hook/pythonpath.dsv'
[2.843s] INFO:colcon.colcon_core.shell:Creating environment hook '/home/sudhindra/irc/rover_essentials/install/bio_package/share/bio_package/hook/pythonpath.sh'
[2.844s] Level 1:colcon.colcon_core.environment:checking '/home/sudhindra/irc/rover_essentials/install/bio_package/bin'
[2.844s] Level 1:colcon.colcon_core.environment:create_environment_scripts_only(bio_package)
[2.845s] INFO:colcon.colcon_core.shell:Creating package script '/home/sudhindra/irc/rover_essentials/install/bio_package/share/bio_package/package.ps1'
[2.846s] INFO:colcon.colcon_core.shell:Creating package descriptor '/home/sudhindra/irc/rover_essentials/install/bio_package/share/bio_package/package.dsv'
[2.847s] INFO:colcon.colcon_core.shell:Creating package script '/home/sudhindra/irc/rover_essentials/install/bio_package/share/bio_package/package.sh'
[2.848s] INFO:colcon.colcon_core.shell:Creating package script '/home/sudhindra/irc/rover_essentials/install/bio_package/share/bio_package/package.bash'
[2.849s] INFO:colcon.colcon_core.shell:Creating package script '/home/sudhindra/irc/rover_essentials/install/bio_package/share/bio_package/package.zsh'
[2.850s] Level 1:colcon.colcon_core.environment:create_file_with_runtime_dependencies(/home/sudhindra/irc/rover_essentials/install/bio_package/share/colcon-core/packages/bio_package)
[2.948s] Level 1:colcon.colcon_core.environment:checking '/home/sudhindra/irc/rover_essentials/install/fpv_pkg' for CMake module files
[2.949s] DEBUG:colcon.colcon_core.event_handler.log_command:Invoked command in '/home/sudhindra/irc/rover_essentials/src/fpv_pkg' returned '0': PYTHONPATH=/home/sudhindra/irc/rover_essentials/build/fpv_pkg/prefix_override:/usr/lib/python3/dist-packages/colcon_core/task/python/colcon_distutils_commands:/home/sudhindra/irc/rover_essentials/install/fpv_pkg/lib/python3.10/site-packages:${PYTHONPATH} /usr/bin/python3 -W ignore:setup.py install is deprecated setup.py egg_info --egg-base ../../build/fpv_pkg build --build-base /home/sudhindra/irc/rover_essentials/build/fpv_pkg/build install --record /home/sudhindra/irc/rover_essentials/build/fpv_pkg/install.log --single-version-externally-managed install_data
[2.950s] Level 1:colcon.colcon_core.environment:checking '/home/sudhindra/irc/rover_essentials/install/fpv_pkg' for CMake config files
[2.950s] Level 1:colcon.colcon_core.environment:checking '/home/sudhindra/irc/rover_essentials/install/fpv_pkg/lib'
[2.951s] Level 1:colcon.colcon_core.environment:checking '/home/sudhindra/irc/rover_essentials/install/fpv_pkg/bin'
[2.951s] Level 1:colcon.colcon_core.environment:checking '/home/sudhindra/irc/rover_essentials/install/fpv_pkg/lib/pkgconfig/fpv_pkg.pc'
[2.951s] Level 1:colcon.colcon_core.environment:checking '/home/sudhindra/irc/rover_essentials/install/fpv_pkg/lib/python3.10/site-packages'
[2.951s] Level 1:colcon.colcon_core.shell:create_environment_hook('fpv_pkg', 'pythonpath')
[2.952s] INFO:colcon.colcon_core.shell:Creating environment hook '/home/sudhindra/irc/rover_essentials/install/fpv_pkg/share/fpv_pkg/hook/pythonpath.ps1'
[2.952s] INFO:colcon.colcon_core.shell:Creating environment descriptor '/home/sudhindra/irc/rover_essentials/install/fpv_pkg/share/fpv_pkg/hook/pythonpath.dsv'
[2.953s] INFO:colcon.colcon_core.shell:Creating environment hook '/home/sudhindra/irc/rover_essentials/install/fpv_pkg/share/fpv_pkg/hook/pythonpath.sh'
[2.954s] Level 1:colcon.colcon_core.environment:checking '/home/sudhindra/irc/rover_essentials/install/fpv_pkg/bin'
[2.954s] Level 1:colcon.colcon_core.environment:create_environment_scripts_only(fpv_pkg)
[2.954s] INFO:colcon.colcon_core.shell:Creating package script '/home/sudhindra/irc/rover_essentials/install/fpv_pkg/share/fpv_pkg/package.ps1'
[2.955s] INFO:colcon.colcon_core.shell:Creating package descriptor '/home/sudhindra/irc/rover_essentials/install/fpv_pkg/share/fpv_pkg/package.dsv'
[2.956s] INFO:colcon.colcon_core.shell:Creating package script '/home/sudhindra/irc/rover_essentials/install/fpv_pkg/share/fpv_pkg/package.sh'
[2.957s] INFO:colcon.colcon_core.shell:Creating package script '/home/sudhindra/irc/rover_essentials/install/fpv_pkg/share/fpv_pkg/package.bash'
[2.957s] INFO:colcon.colcon_core.shell:Creating package script '/home/sudhindra/irc/rover_essentials/install/fpv_pkg/share/fpv_pkg/package.zsh'
[2.958s] Level 1:colcon.colcon_core.environment:create_file_with_runtime_dependencies(/home/sudhindra/irc/rover_essentials/install/fpv_pkg/share/colcon-core/packages/fpv_pkg)
[2.965s] Level 1:colcon.colcon_core.environment:checking '/home/sudhindra/irc/rover_essentials/install/auto_bridge' for CMake module files
[2.965s] DEBUG:colcon.colcon_core.event_handler.log_command:Invoked command in '/home/sudhindra/irc/rover_essentials/src/auto_bridge' returned '0': PYTHONPATH=/home/sudhindra/irc/rover_essentials/build/auto_bridge/prefix_override:/usr/lib/python3/dist-packages/colcon_core/task/python/colcon_distutils_commands:/home/sudhindra/irc/rover_essentials/install/auto_bridge/lib/python3.10/site-packages:${PYTHONPATH} /usr/bin/python3 -W ignore:setup.py install is deprecated setup.py egg_info --egg-base ../../build/auto_bridge build --build-base /home/sudhindra/irc/rover_essentials/build/auto_bridge/build install --record /home/sudhindra/irc/rover_essentials/build/auto_bridge/install.log --single-version-externally-managed install_data
[2.966s] Level 1:colcon.colcon_core.environment:checking '/home/sudhindra/irc/rover_essentials/install/auto_bridge' for CMake config files
[2.966s] Level 1:colcon.colcon_core.environment:checking '/home/sudhindra/irc/rover_essentials/install/auto_bridge/lib'
[2.966s] Level 1:colcon.colcon_core.environment:checking '/home/sudhindra/irc/rover_essentials/install/auto_bridge/bin'
[2.966s] Level 1:colcon.colcon_core.environment:checking '/home/sudhindra/irc/rover_essentials/install/auto_bridge/lib/pkgconfig/auto_bridge.pc'
[2.966s] Level 1:colcon.colcon_core.environment:checking '/home/sudhindra/irc/rover_essentials/install/auto_bridge/lib/python3.10/site-packages'
[2.966s] Level 1:colcon.colcon_core.shell:create_environment_hook('auto_bridge', 'pythonpath')
[2.967s] INFO:colcon.colcon_core.shell:Creating environment hook '/home/sudhindra/irc/rover_essentials/install/auto_bridge/share/auto_bridge/hook/pythonpath.ps1'
[2.967s] INFO:colcon.colcon_core.shell:Creating environment descriptor '/home/sudhindra/irc/rover_essentials/install/auto_bridge/share/auto_bridge/hook/pythonpath.dsv'
[2.967s] INFO:colcon.colcon_core.shell:Creating environment hook '/home/sudhindra/irc/rover_essentials/install/auto_bridge/share/auto_bridge/hook/pythonpath.sh'
[2.968s] Level 1:colcon.colcon_core.environment:checking '/home/sudhindra/irc/rover_essentials/install/auto_bridge/bin'
[2.968s] Level 1:colcon.colcon_core.environment:create_environment_scripts_only(auto_bridge)
[2.968s] INFO:colcon.colcon_core.shell:Creating package script '/home/sudhindra/irc/rover_essentials/install/auto_bridge/share/auto_bridge/package.ps1'
[2.969s] INFO:colcon.colcon_core.shell:Creating package descriptor '/home/sudhindra/irc/rover_essentials/install/auto_bridge/share/auto_bridge/package.dsv'
[2.969s] INFO:colcon.colcon_core.shell:Creating package script '/home/sudhindra/irc/rover_essentials/install/auto_bridge/share/auto_bridge/package.sh'
[2.970s] INFO:colcon.colcon_core.shell:Creating package script '/home/sudhindra/irc/rover_essentials/install/auto_bridge/share/auto_bridge/package.bash'
[2.970s] INFO:colcon.colcon_core.shell:Creating package script '/home/sudhindra/irc/rover_essentials/install/auto_bridge/share/auto_bridge/package.zsh'
[2.970s] Level 1:colcon.colcon_core.environment:create_file_with_runtime_dependencies(/home/sudhindra/irc/rover_essentials/install/auto_bridge/share/colcon-core/packages/auto_bridge)
[2.976s] Level 1:colcon.colcon_core.environment:checking '/home/sudhindra/irc/rover_essentials/install/bio_drill' for CMake module files
[2.976s] DEBUG:colcon.colcon_core.event_handler.log_command:Invoked command in '/home/sudhindra/irc/rover_essentials/src/bio_drill' returned '0': PYTHONPATH=/home/sudhindra/irc/rover_essentials/build/bio_drill/prefix_override:/usr/lib/python3/dist-packages/colcon_core/task/python/colcon_distutils_commands:/home/sudhindra/irc/rover_essentials/install/bio_drill/lib/python3.10/site-packages:${PYTHONPATH} /usr/bin/python3 -W ignore:setup.py install is deprecated setup.py egg_info --egg-base ../../build/bio_drill build --build-base /home/sudhindra/irc/rover_essentials/build/bio_drill/build install --record /home/sudhindra/irc/rover_essentials/build/bio_drill/install.log --single-version-externally-managed install_data
[2.977s] Level 1:colcon.colcon_core.environment:checking '/home/sudhindra/irc/rover_essentials/install/bio_drill' for CMake config files
[2.977s] Level 1:colcon.colcon_core.environment:checking '/home/sudhindra/irc/rover_essentials/install/bio_drill/lib'
[2.977s] Level 1:colcon.colcon_core.environment:checking '/home/sudhindra/irc/rover_essentials/install/bio_drill/bin'
[2.977s] Level 1:colcon.colcon_core.environment:checking '/home/sudhindra/irc/rover_essentials/install/bio_drill/lib/pkgconfig/bio_drill.pc'
[2.977s] Level 1:colcon.colcon_core.environment:checking '/home/sudhindra/irc/rover_essentials/install/bio_drill/lib/python3.10/site-packages'
[2.978s] Level 1:colcon.colcon_core.shell:create_environment_hook('bio_drill', 'pythonpath')
[2.978s] INFO:colcon.colcon_core.shell:Creating environment hook '/home/sudhindra/irc/rover_essentials/install/bio_drill/share/bio_drill/hook/pythonpath.ps1'
[2.978s] INFO:colcon.colcon_core.shell:Creating environment descriptor '/home/sudhindra/irc/rover_essentials/install/bio_drill/share/bio_drill/hook/pythonpath.dsv'
[2.978s] INFO:colcon.colcon_core.shell:Creating environment hook '/home/sudhindra/irc/rover_essentials/install/bio_drill/share/bio_drill/hook/pythonpath.sh'
[2.979s] Level 1:colcon.colcon_core.environment:checking '/home/sudhindra/irc/rover_essentials/install/bio_drill/bin'
[2.979s] Level 1:colcon.colcon_core.environment:create_environment_scripts_only(bio_drill)
[2.979s] INFO:colcon.colcon_core.shell:Creating package script '/home/sudhindra/irc/rover_essentials/install/bio_drill/share/bio_drill/package.ps1'
[2.980s] INFO:colcon.colcon_core.shell:Creating package descriptor '/home/sudhindra/irc/rover_essentials/install/bio_drill/share/bio_drill/package.dsv'
[2.980s] INFO:colcon.colcon_core.shell:Creating package script '/home/sudhindra/irc/rover_essentials/install/bio_drill/share/bio_drill/package.sh'
[2.980s] INFO:colcon.colcon_core.shell:Creating package script '/home/sudhindra/irc/rover_essentials/install/bio_drill/share/bio_drill/package.bash'
[2.981s] INFO:colcon.colcon_core.shell:Creating package script '/home/sudhindra/irc/rover_essentials/install/bio_drill/share/bio_drill/package.zsh'
[2.981s] Level 1:colcon.colcon_core.environment:create_file_with_runtime_dependencies(/home/sudhindra/irc/rover_essentials/install/bio_drill/share/colcon-core/packages/bio_drill)
[3.083s] Level 1:colcon.colcon_core.environment:checking '/home/sudhindra/irc/rover_essentials/install/joy_can' for CMake module files
[3.083s] DEBUG:colcon.colcon_core.event_handler.log_command:Invoked command in '/home/sudhindra/irc/rover_essentials/src/joy_can' returned '0': PYTHONPATH=/home/sudhindra/irc/rover_essentials/build/joy_can/prefix_override:/usr/lib/python3/dist-packages/colcon_core/task/python/colcon_distutils_commands:/home/sudhindra/irc/rover_essentials/install/joy_can/lib/python3.10/site-packages:${PYTHONPATH} /usr/bin/python3 -W ignore:setup.py install is deprecated setup.py egg_info --egg-base ../../build/joy_can build --build-base /home/sudhindra/irc/rover_essentials/build/joy_can/build install --record /home/sudhindra/irc/rover_essentials/build/joy_can/install.log --single-version-externally-managed install_data
[3.084s] Level 1:colcon.colcon_core.environment:checking '/home/sudhindra/irc/rover_essentials/install/joy_can' for CMake config files
[3.085s] Level 1:colcon.colcon_core.environment:checking '/home/sudhindra/irc/rover_essentials/install/joy_can/lib'
[3.085s] Level 1:colcon.colcon_core.environment:checking '/home/sudhindra/irc/rover_essentials/install/joy_can/bin'
[3.085s] Level 1:colcon.colcon_core.environment:checking '/home/sudhindra/irc/rover_essentials/install/joy_can/lib/pkgconfig/joy_can.pc'
[3.085s] Level 1:colcon.colcon_core.environment:checking '/home/sudhindra/irc/rover_essentials/install/joy_can/lib/python3.10/site-packages'
[3.085s] Level 1:colcon.colcon_core.shell:create_environment_hook('joy_can', 'pythonpath')
[3.086s] INFO:colcon.colcon_core.shell:Creating environment hook '/home/sudhindra/irc/rover_essentials/install/joy_can/share/joy_can/hook/pythonpath.ps1'
[3.086s] INFO:colcon.colcon_core.shell:Creating environment descriptor '/home/sudhindra/irc/rover_essentials/install/joy_can/share/joy_can/hook/pythonpath.dsv'
[3.087s] INFO:colcon.colcon_core.shell:Creating environment hook '/home/sudhindra/irc/rover_essentials/install/joy_can/share/joy_can/hook/pythonpath.sh'
[3.088s] Level 1:colcon.colcon_core.environment:checking '/home/sudhindra/irc/rover_essentials/install/joy_can/bin'
[3.088s] Level 1:colcon.colcon_core.environment:create_environment_scripts_only(joy_can)
[3.089s] INFO:colcon.colcon_core.shell:Creating package script '/home/sudhindra/irc/rover_essentials/install/joy_can/share/joy_can/package.ps1'
[3.090s] INFO:colcon.colcon_core.shell:Creating package descriptor '/home/sudhindra/irc/rover_essentials/install/joy_can/share/joy_can/package.dsv'
[3.090s] INFO:colcon.colcon_core.shell:Creating package script '/home/sudhindra/irc/rover_essentials/install/joy_can/share/joy_can/package.sh'
[3.091s] INFO:colcon.colcon_core.shell:Creating package script '/home/sudhindra/irc/rover_essentials/install/joy_can/share/joy_can/package.bash'
[3.092s] INFO:colcon.colcon_core.shell:Creating package script '/home/sudhindra/irc/rover_essentials/install/joy_can/share/joy_can/package.zsh'
[3.092s] Level 1:colcon.colcon_core.environment:create_file_with_runtime_dependencies(/home/sudhindra/irc/rover_essentials/install/joy_can/share/colcon-core/packages/joy_can)
[3.093s] Level 1:colcon.colcon_core.environment:checking '/home/sudhindra/irc/rover_essentials/install/realsense_servo' for CMake module files
[3.094s] DEBUG:colcon.colcon_core.event_handler.log_command:Invoked command in '/home/sudhindra/irc/rover_essentials/src/realsense_servo' returned '0': PYTHONPATH=/home/sudhindra/irc/rover_essentials/build/realsense_servo/prefix_override:/usr/lib/python3/dist-packages/colcon_core/task/python/colcon_distutils_commands:/home/sudhindra/irc/rover_essentials/install/realsense_servo/lib/python3.10/site-packages:${PYTHONPATH} /usr/bin/python3 -W ignore:setup.py install is deprecated setup.py egg_info --egg-base ../../build/realsense_servo build --build-base /home/sudhindra/irc/rover_essentials/build/realsense_servo/build install --record /home/sudhindra/irc/rover_essentials/build/realsense_servo/install.log --single-version-externally-managed install_data
[3.094s] Level 1:colcon.colcon_core.environment:checking '/home/sudhindra/irc/rover_essentials/install/realsense_servo' for CMake config files
[3.095s] Level 1:colcon.colcon_core.environment:checking '/home/sudhindra/irc/rover_essentials/install/realsense_servo/lib'
[3.095s] Level 1:colcon.colcon_core.environment:checking '/home/sudhindra/irc/rover_essentials/install/realsense_servo/bin'
[3.095s] Level 1:colcon.colcon_core.environment:checking '/home/sudhindra/irc/rover_essentials/install/realsense_servo/lib/pkgconfig/realsense_servo.pc'
[3.095s] Level 1:colcon.colcon_core.environment:checking '/home/sudhindra/irc/rover_essentials/install/realsense_servo/lib/python3.10/site-packages'
[3.095s] Level 1:colcon.colcon_core.shell:create_environment_hook('realsense_servo', 'pythonpath')
[3.095s] INFO:colcon.colcon_core.shell:Creating environment hook '/home/sudhindra/irc/rover_essentials/install/realsense_servo/share/realsense_servo/hook/pythonpath.ps1'
[3.096s] INFO:colcon.colcon_core.shell:Creating environment descriptor '/home/sudhindra/irc/rover_essentials/install/realsense_servo/share/realsense_servo/hook/pythonpath.dsv'
[3.096s] INFO:colcon.colcon_core.shell:Creating environment hook '/home/sudhindra/irc/rover_essentials/install/realsense_servo/share/realsense_servo/hook/pythonpath.sh'
[3.097s] Level 1:colcon.colcon_core.environment:checking '/home/sudhindra/irc/rover_essentials/install/realsense_servo/bin'
[3.097s] Level 1:colcon.colcon_core.environment:create_environment_scripts_only(realsense_servo)
[3.097s] INFO:colcon.colcon_core.shell:Creating package script '/home/sudhindra/irc/rover_essentials/install/realsense_servo/share/realsense_servo/package.ps1'
[3.097s] INFO:colcon.colcon_core.shell:Creating package descriptor '/home/sudhindra/irc/rover_essentials/install/realsense_servo/share/realsense_servo/package.dsv'
[3.098s] INFO:colcon.colcon_core.shell:Creating package script '/home/sudhindra/irc/rover_essentials/install/realsense_servo/share/realsense_servo/package.sh'
[3.098s] INFO:colcon.colcon_core.shell:Creating package script '/home/sudhindra/irc/rover_essentials/install/realsense_servo/share/realsense_servo/package.bash'
[3.098s] INFO:colcon.colcon_core.shell:Creating package script '/home/sudhindra/irc/rover_essentials/install/realsense_servo/share/realsense_servo/package.zsh'
[3.099s] Level 1:colcon.colcon_core.environment:create_file_with_runtime_dependencies(/home/sudhindra/irc/rover_essentials/install/realsense_servo/share/colcon-core/packages/realsense_servo)
[7.008s] DEBUG:colcon.colcon_core.event_handler.log_command:Invoked command in '/home/sudhindra/irc/rover_essentials/build/msg_interfaces' returned '0': CMAKE_PREFIX_PATH=${CMAKE_PREFIX_PATH}:/opt/ros/humble /usr/bin/cmake --build /home/sudhindra/irc/rover_essentials/build/msg_interfaces -- -j8 -l8
[7.158s] DEBUG:colcon.colcon_core.event_handler.log_command:Invoking command in '/home/sudhindra/irc/rover_essentials/build/msg_interfaces': CMAKE_PREFIX_PATH=${CMAKE_PREFIX_PATH}:/opt/ros/humble /usr/bin/cmake --install /home/sudhindra/irc/rover_essentials/build/msg_interfaces
[7.216s] Level 1:colcon.colcon_core.environment:create_environment_scripts_only(msg_interfaces)
[7.216s] DEBUG:colcon.colcon_core.event_handler.log_command:Invoked command in '/home/sudhindra/irc/rover_essentials/build/msg_interfaces' returned '0': CMAKE_PREFIX_PATH=${CMAKE_PREFIX_PATH}:/opt/ros/humble /usr/bin/cmake --install /home/sudhindra/irc/rover_essentials/build/msg_interfaces
[7.217s] Level 1:colcon.colcon_core.environment:checking '/home/sudhindra/irc/rover_essentials/install/msg_interfaces' for CMake module files
[7.217s] Level 1:colcon.colcon_core.environment:checking '/home/sudhindra/irc/rover_essentials/install/msg_interfaces' for CMake config files
[7.218s] Level 1:colcon.colcon_core.shell:create_environment_hook('msg_interfaces', 'cmake_prefix_path')
[7.218s] INFO:colcon.colcon_core.shell:Creating environment hook '/home/sudhindra/irc/rover_essentials/install/msg_interfaces/share/msg_interfaces/hook/cmake_prefix_path.ps1'
[7.218s] INFO:colcon.colcon_core.shell:Creating environment descriptor '/home/sudhindra/irc/rover_essentials/install/msg_interfaces/share/msg_interfaces/hook/cmake_prefix_path.dsv'
[7.218s] INFO:colcon.colcon_core.shell:Creating environment hook '/home/sudhindra/irc/rover_essentials/install/msg_interfaces/share/msg_interfaces/hook/cmake_prefix_path.sh'
[7.219s] Level 1:colcon.colcon_core.environment:checking '/home/sudhindra/irc/rover_essentials/install/msg_interfaces/lib'
[7.219s] Level 1:colcon.colcon_core.shell:create_environment_hook('msg_interfaces', 'ld_library_path_lib')
[7.219s] INFO:colcon.colcon_core.shell:Creating environment hook '/home/sudhindra/irc/rover_essentials/install/msg_interfaces/share/msg_interfaces/hook/ld_library_path_lib.ps1'
[7.219s] INFO:colcon.colcon_core.shell:Creating environment descriptor '/home/sudhindra/irc/rover_essentials/install/msg_interfaces/share/msg_interfaces/hook/ld_library_path_lib.dsv'
[7.219s] INFO:colcon.colcon_core.shell:Creating environment hook '/home/sudhindra/irc/rover_essentials/install/msg_interfaces/share/msg_interfaces/hook/ld_library_path_lib.sh'
[7.220s] Level 1:colcon.colcon_core.environment:checking '/home/sudhindra/irc/rover_essentials/install/msg_interfaces/bin'
[7.220s] Level 1:colcon.colcon_core.environment:checking '/home/sudhindra/irc/rover_essentials/install/msg_interfaces/lib/pkgconfig/msg_interfaces.pc'
[7.220s] Level 1:colcon.colcon_core.environment:checking '/home/sudhindra/irc/rover_essentials/install/msg_interfaces/lib/python3.10/site-packages'
[7.220s] Level 1:colcon.colcon_core.shell:create_environment_hook('msg_interfaces', 'pythonpath')
[7.220s] INFO:colcon.colcon_core.shell:Creating environment hook '/home/sudhindra/irc/rover_essentials/install/msg_interfaces/share/msg_interfaces/hook/pythonpath.ps1'
[7.220s] INFO:colcon.colcon_core.shell:Creating environment descriptor '/home/sudhindra/irc/rover_essentials/install/msg_interfaces/share/msg_interfaces/hook/pythonpath.dsv'
[7.221s] INFO:colcon.colcon_core.shell:Creating environment hook '/home/sudhindra/irc/rover_essentials/install/msg_interfaces/share/msg_interfaces/hook/pythonpath.sh'
[7.221s] Level 1:colcon.colcon_core.environment:checking '/home/sudhindra/irc/rover_essentials/install/msg_interfaces/bin'
[7.221s] INFO:colcon.colcon_core.shell:Creating package script '/home/sudhindra/irc/rover_essentials/install/msg_interfaces/share/msg_interfaces/package.ps1'
[7.222s] INFO:colcon.colcon_core.shell:Creating package descriptor '/home/sudhindra/irc/rover_essentials/install/msg_interfaces/share/msg_interfaces/package.dsv'
[7.222s] INFO:colcon.colcon_core.shell:Creating package script '/home/sudhindra/irc/rover_essentials/install/msg_interfaces/share/msg_interfaces/package.sh'
[7.222s] INFO:colcon.colcon_core.shell:Creating package script '/home/sudhindra/irc/rover_essentials/install/msg_interfaces/share/msg_interfaces/package.bash'
[7.223s] INFO:colcon.colcon_core.shell:Creating package script '/home/sudhindra/irc/rover_essentials/install/msg_interfaces/share/msg_interfaces/package.zsh'
[7.223s] Level 1:colcon.colcon_core.environment:create_file_with_runtime_dependencies(/home/sudhindra/irc/rover_essentials/install/msg_interfaces/share/colcon-core/packages/msg_interfaces)
[7.362s] Level 1:colcon.colcon_core.environment:create_environment_scripts_only(msg_interfaces)
[7.362s] Level 1:colcon.colcon_core.environment:checking '/home/sudhindra/irc/rover_essentials/install/msg_interfaces' for CMake module files
[7.363s] Level 1:colcon.colcon_core.environment:checking '/home/sudhindra/irc/rover_essentials/install/msg_interfaces' for CMake config files
[7.363s] Level 1:colcon.colcon_core.shell:create_environment_hook('msg_interfaces', 'cmake_prefix_path')
[7.363s] INFO:colcon.colcon_core.shell:Creating environment hook '/home/sudhindra/irc/rover_essentials/install/msg_interfaces/share/msg_interfaces/hook/cmake_prefix_path.ps1'
[7.364s] INFO:colcon.colcon_core.shell:Creating environment descriptor '/home/sudhindra/irc/rover_essentials/install/msg_interfaces/share/msg_interfaces/hook/cmake_prefix_path.dsv'
[7.364s] INFO:colcon.colcon_core.shell:Creating environment hook '/home/sudhindra/irc/rover_essentials/install/msg_interfaces/share/msg_interfaces/hook/cmake_prefix_path.sh'
[7.364s] Level 1:colcon.colcon_core.environment:checking '/home/sudhindra/irc/rover_essentials/install/msg_interfaces/lib'
[7.364s] Level 1:colcon.colcon_core.shell:create_environment_hook('msg_interfaces', 'ld_library_path_lib')
[7.364s] INFO:colcon.colcon_core.shell:Creating environment hook '/home/sudhindra/irc/rover_essentials/install/msg_interfaces/share/msg_interfaces/hook/ld_library_path_lib.ps1'
[7.365s] INFO:colcon.colcon_core.shell:Creating environment descriptor '/home/sudhindra/irc/rover_essentials/install/msg_interfaces/share/msg_interfaces/hook/ld_library_path_lib.dsv'
[7.365s] INFO:colcon.colcon_core.shell:Creating environment hook '/home/sudhindra/irc/rover_essentials/install/msg_interfaces/share/msg_interfaces/hook/ld_library_path_lib.sh'
[7.365s] Level 1:colcon.colcon_core.environment:checking '/home/sudhindra/irc/rover_essentials/install/msg_interfaces/bin'
[7.365s] Level 1:colcon.colcon_core.environment:checking '/home/sudhindra/irc/rover_essentials/install/msg_interfaces/lib/pkgconfig/msg_interfaces.pc'
[7.365s] Level 1:colcon.colcon_core.environment:checking '/home/sudhindra/irc/rover_essentials/install/msg_interfaces/lib/python3.10/site-packages'
[7.365s] Level 1:colcon.colcon_core.shell:create_environment_hook('msg_interfaces', 'pythonpath')
[7.366s] INFO:colcon.colcon_core.shell:Creating environment hook '/home/sudhindra/irc/rover_essentials/install/msg_interfaces/share/msg_interfaces/hook/pythonpath.ps1'
[7.366s] INFO:colcon.colcon_core.shell:Creating environment descriptor '/home/sudhindra/irc/rover_essentials/install/msg_interfaces/share/msg_interfaces/hook/pythonpath.dsv'
[7.366s] INFO:colcon.colcon_core.shell:Creating environment hook '/home/sudhindra/irc/rover_essentials/install/msg_interfaces/share/msg_interfaces/hook/pythonpath.sh'
[7.366s] Level 1:colcon.colcon_core.environment:checking '/home/sudhindra/irc/rover_essentials/install/msg_interfaces/bin'
[7.367s] INFO:colcon.colcon_core.shell:Creating package script '/home/sudhindra/irc/rover_essentials/install/msg_interfaces/share/msg_interfaces/package.ps1'
[7.367s] INFO:colcon.colcon_core.shell:Creating package descriptor '/home/sudhindra/irc/rover_essentials/install/msg_interfaces/share/msg_interfaces/package.dsv'
[7.368s] INFO:colcon.colcon_core.shell:Creating package script '/home/sudhindra/irc/rover_essentials/install/msg_interfaces/share/msg_interfaces/package.sh'
[7.368s] INFO:colcon.colcon_core.shell:Creating package script '/home/sudhindra/irc/rover_essentials/install/msg_interfaces/share/msg_interfaces/package.bash'
[7.368s] INFO:colcon.colcon_core.shell:Creating package script '/home/sudhindra/irc/rover_essentials/install/msg_interfaces/share/msg_interfaces/package.zsh'
[7.369s] Level 1:colcon.colcon_core.environment:create_file_with_runtime_dependencies(/home/sudhindra/irc/rover_essentials/install/msg_interfaces/share/colcon-core/packages/msg_interfaces)
[7.369s] DEBUG:colcon.colcon_parallel_executor.executor.parallel:closing loop
[7.369s] DEBUG:colcon.colcon_parallel_executor.executor.parallel:loop closed
[7.369s] DEBUG:colcon.colcon_parallel_executor.executor.parallel:run_until_complete finished with '0'
[7.369s] DEBUG:colcon.colcon_core.event_reactor:joining thread
[7.374s] INFO:colcon.colcon_core.plugin_system:Skipping extension 'colcon_notification.desktop_notification.terminal_notifier': Not used on non-Darwin systems
[7.374s] INFO:colcon.colcon_core.plugin_system:Skipping extension 'colcon_notification.desktop_notification.win32': Not used on non-Windows systems
[7.374s] INFO:colcon.colcon_notification.desktop_notification:Sending desktop notification using 'notify2'
[7.383s] DEBUG:colcon.colcon_core.event_reactor:joined thread
[7.383s] INFO:colcon.colcon_core.shell:Creating prefix script '/home/sudhindra/irc/rover_essentials/install/local_setup.ps1'
[7.384s] INFO:colcon.colcon_core.shell:Creating prefix util module '/home/sudhindra/irc/rover_essentials/install/_local_setup_util_ps1.py'
[7.385s] INFO:colcon.colcon_core.shell:Creating prefix chain script '/home/sudhindra/irc/rover_essentials/install/setup.ps1'
[7.386s] INFO:colcon.colcon_core.shell:Creating prefix script '/home/sudhindra/irc/rover_essentials/install/local_setup.sh'
[7.386s] INFO:colcon.colcon_core.shell:Creating prefix util module '/home/sudhindra/irc/rover_essentials/install/_local_setup_util_sh.py'
[7.387s] INFO:colcon.colcon_core.shell:Creating prefix chain script '/home/sudhindra/irc/rover_essentials/install/setup.sh'
[7.387s] INFO:colcon.colcon_core.shell:Creating prefix script '/home/sudhindra/irc/rover_essentials/install/local_setup.bash'
[7.390s] INFO:colcon.colcon_core.shell:Creating prefix chain script '/home/sudhindra/irc/rover_essentials/install/setup.bash'
[7.391s] INFO:colcon.colcon_core.shell:Creating prefix script '/home/sudhindra/irc/rover_essentials/install/local_setup.zsh'
[7.392s] INFO:colcon.colcon_core.shell:Creating prefix chain script '/home/sudhindra/irc/rover_essentials/install/setup.zsh'
