[0.095s] DEBUG:colcon:Command line arguments: ['/usr/bin/colcon', 'build']
[0.095s] DEBUG:colcon:Parsed command line arguments: Namespace(log_base=None, log_level=None, verb_name='build', build_base='build', install_base='install', merge_install=False, symlink_install=False, test_result_base=None, continue_on_error=False, executor='parallel', parallel_workers=8, event_handlers=None, ignore_user_meta=False, metas=['./colcon.meta'], base_paths=['.'], packages_ignore=None, packages_ignore_regex=None, paths=None, packages_up_to=None, packages_up_to_regex=None, packages_above=None, packages_above_and_dependencies=None, packages_above_depth=None, packages_select_by_dep=None, packages_skip_by_dep=None, packages_skip_up_to=None, packages_select_build_failed=False, packages_skip_build_finished=False, packages_select_test_failures=False, packages_skip_test_passed=False, packages_select=None, packages_skip=None, packages_select_regex=None, packages_skip_regex=None, packages_start=None, packages_end=None, allow_overriding=[], cmake_args=None, cmake_target=None, cmake_target_skip_unavailable=False, cmake_clean_cache=False, cmake_clean_first=False, cmake_force_configure=False, ament_cmake_args=None, catkin_cmake_args=None, catkin_skip_building_tests=False, mixin_files=None, mixin=None, verb_parser=<colcon_mixin.mixin.mixin_argument.MixinArgumentDecorator object at 0x76eaab75c9a0>, verb_extension=<colcon_core.verb.build.BuildVerb object at 0x76eaab890fa0>, main=<bound method BuildVerb.main of <colcon_core.verb.build.BuildVerb object at 0x76eaab890fa0>>, mixin_verb=('build',))
[0.245s] Level 1:colcon.colcon_core.package_discovery:discover_packages(colcon_meta) check parameters
[0.245s] Level 1:colcon.colcon_core.package_discovery:discover_packages(recursive) check parameters
[0.245s] Level 1:colcon.colcon_core.package_discovery:discover_packages(ignore) check parameters
[0.245s] Level 1:colcon.colcon_core.package_discovery:discover_packages(path) check parameters
[0.245s] Level 1:colcon.colcon_core.package_discovery:discover_packages(colcon_meta) discover
[0.245s] Level 1:colcon.colcon_core.package_discovery:discover_packages(recursive) discover
[0.245s] INFO:colcon.colcon_core.package_discovery:Crawling recursively for packages in '/home/sudhindra/irc_2025/rover_essentials'
[0.245s] Level 1:colcon.colcon_core.package_identification:_identify(.) by extensions ['ignore', 'ignore_ament_install']
[0.245s] Level 1:colcon.colcon_core.package_identification:_identify(.) by extension 'ignore'
[0.245s] Level 1:colcon.colcon_core.package_identification:_identify(.) by extension 'ignore_ament_install'
[0.245s] Level 1:colcon.colcon_core.package_identification:_identify(.) by extensions ['colcon_pkg']
[0.245s] Level 1:colcon.colcon_core.package_identification:_identify(.) by extension 'colcon_pkg'
[0.245s] Level 1:colcon.colcon_core.package_identification:_identify(.) by extensions ['colcon_meta']
[0.245s] Level 1:colcon.colcon_core.package_identification:_identify(.) by extension 'colcon_meta'
[0.245s] Level 1:colcon.colcon_core.package_identification:_identify(.) by extensions ['ros']
[0.245s] Level 1:colcon.colcon_core.package_identification:_identify(.) by extension 'ros'
[0.261s] Level 1:colcon.colcon_core.package_identification:_identify(.) by extensions ['cmake', 'python']
[0.261s] Level 1:colcon.colcon_core.package_identification:_identify(.) by extension 'cmake'
[0.261s] Level 1:colcon.colcon_core.package_identification:_identify(.) by extension 'python'
[0.261s] Level 1:colcon.colcon_core.package_identification:_identify(.) by extensions ['python_setup_py']
[0.261s] Level 1:colcon.colcon_core.package_identification:_identify(.) by extension 'python_setup_py'
[0.261s] Level 1:colcon.colcon_core.package_identification:_identify(build) by extensions ['ignore', 'ignore_ament_install']
[0.261s] Level 1:colcon.colcon_core.package_identification:_identify(build) by extension 'ignore'
[0.261s] Level 1:colcon.colcon_core.package_identification:_identify(build) ignored
[0.261s] Level 1:colcon.colcon_core.package_identification:_identify(install) by extensions ['ignore', 'ignore_ament_install']
[0.261s] Level 1:colcon.colcon_core.package_identification:_identify(install) by extension 'ignore'
[0.261s] Level 1:colcon.colcon_core.package_identification:_identify(install) ignored
[0.261s] Level 1:colcon.colcon_core.package_identification:_identify(log) by extensions ['ignore', 'ignore_ament_install']
[0.261s] Level 1:colcon.colcon_core.package_identification:_identify(log) by extension 'ignore'
[0.261s] Level 1:colcon.colcon_core.package_identification:_identify(log) ignored
[0.261s] Level 1:colcon.colcon_core.package_identification:_identify(src) by extensions ['ignore', 'ignore_ament_install']
[0.262s] Level 1:colcon.colcon_core.package_identification:_identify(src) by extension 'ignore'
[0.262s] Level 1:colcon.colcon_core.package_identification:_identify(src) by extension 'ignore_ament_install'
[0.262s] Level 1:colcon.colcon_core.package_identification:_identify(src) by extensions ['colcon_pkg']
[0.262s] Level 1:colcon.colcon_core.package_identification:_identify(src) by extension 'colcon_pkg'
[0.262s] Level 1:colcon.colcon_core.package_identification:_identify(src) by extensions ['colcon_meta']
[0.262s] Level 1:colcon.colcon_core.package_identification:_identify(src) by extension 'colcon_meta'
[0.262s] Level 1:colcon.colcon_core.package_identification:_identify(src) by extensions ['ros']
[0.262s] Level 1:colcon.colcon_core.package_identification:_identify(src) by extension 'ros'
[0.262s] Level 1:colcon.colcon_core.package_identification:_identify(src) by extensions ['cmake', 'python']
[0.262s] Level 1:colcon.colcon_core.package_identification:_identify(src) by extension 'cmake'
[0.262s] Level 1:colcon.colcon_core.package_identification:_identify(src) by extension 'python'
[0.262s] Level 1:colcon.colcon_core.package_identification:_identify(src) by extensions ['python_setup_py']
[0.262s] Level 1:colcon.colcon_core.package_identification:_identify(src) by extension 'python_setup_py'
[0.262s] Level 1:colcon.colcon_core.package_identification:_identify(src/auto_bridge) by extensions ['ignore', 'ignore_ament_install']
[0.262s] Level 1:colcon.colcon_core.package_identification:_identify(src/auto_bridge) by extension 'ignore'
[0.262s] Level 1:colcon.colcon_core.package_identification:_identify(src/auto_bridge) by extension 'ignore_ament_install'
[0.262s] Level 1:colcon.colcon_core.package_identification:_identify(src/auto_bridge) by extensions ['colcon_pkg']
[0.262s] Level 1:colcon.colcon_core.package_identification:_identify(src/auto_bridge) by extension 'colcon_pkg'
[0.262s] Level 1:colcon.colcon_core.package_identification:_identify(src/auto_bridge) by extensions ['colcon_meta']
[0.262s] Level 1:colcon.colcon_core.package_identification:_identify(src/auto_bridge) by extension 'colcon_meta'
[0.262s] Level 1:colcon.colcon_core.package_identification:_identify(src/auto_bridge) by extensions ['ros']
[0.262s] Level 1:colcon.colcon_core.package_identification:_identify(src/auto_bridge) by extension 'ros'
[0.264s] DEBUG:colcon.colcon_core.package_identification:Package 'src/auto_bridge' with type 'ros.ament_python' and name 'auto_bridge'
[0.264s] Level 1:colcon.colcon_core.package_identification:_identify(src/bio_package) by extensions ['ignore', 'ignore_ament_install']
[0.264s] Level 1:colcon.colcon_core.package_identification:_identify(src/bio_package) by extension 'ignore'
[0.264s] Level 1:colcon.colcon_core.package_identification:_identify(src/bio_package) by extension 'ignore_ament_install'
[0.264s] Level 1:colcon.colcon_core.package_identification:_identify(src/bio_package) by extensions ['colcon_pkg']
[0.264s] Level 1:colcon.colcon_core.package_identification:_identify(src/bio_package) by extension 'colcon_pkg'
[0.264s] Level 1:colcon.colcon_core.package_identification:_identify(src/bio_package) by extensions ['colcon_meta']
[0.264s] Level 1:colcon.colcon_core.package_identification:_identify(src/bio_package) by extension 'colcon_meta'
[0.264s] Level 1:colcon.colcon_core.package_identification:_identify(src/bio_package) by extensions ['ros']
[0.264s] Level 1:colcon.colcon_core.package_identification:_identify(src/bio_package) by extension 'ros'
[0.265s] DEBUG:colcon.colcon_core.package_identification:Package 'src/bio_package' with type 'ros.ament_python' and name 'bio_package'
[0.265s] Level 1:colcon.colcon_core.package_identification:_identify(src/drill) by extensions ['ignore', 'ignore_ament_install']
[0.265s] Level 1:colcon.colcon_core.package_identification:_identify(src/drill) by extension 'ignore'
[0.265s] Level 1:colcon.colcon_core.package_identification:_identify(src/drill) by extension 'ignore_ament_install'
[0.265s] Level 1:colcon.colcon_core.package_identification:_identify(src/drill) by extensions ['colcon_pkg']
[0.265s] Level 1:colcon.colcon_core.package_identification:_identify(src/drill) by extension 'colcon_pkg'
[0.265s] Level 1:colcon.colcon_core.package_identification:_identify(src/drill) by extensions ['colcon_meta']
[0.265s] Level 1:colcon.colcon_core.package_identification:_identify(src/drill) by extension 'colcon_meta'
[0.265s] Level 1:colcon.colcon_core.package_identification:_identify(src/drill) by extensions ['ros']
[0.265s] Level 1:colcon.colcon_core.package_identification:_identify(src/drill) by extension 'ros'
[0.265s] DEBUG:colcon.colcon_core.package_identification:Package 'src/drill' with type 'ros.ament_python' and name 'drill'
[0.266s] Level 1:colcon.colcon_core.package_identification:_identify(src/fpv_pkg) by extensions ['ignore', 'ignore_ament_install']
[0.266s] Level 1:colcon.colcon_core.package_identification:_identify(src/fpv_pkg) by extension 'ignore'
[0.266s] Level 1:colcon.colcon_core.package_identification:_identify(src/fpv_pkg) by extension 'ignore_ament_install'
[0.266s] Level 1:colcon.colcon_core.package_identification:_identify(src/fpv_pkg) by extensions ['colcon_pkg']
[0.266s] Level 1:colcon.colcon_core.package_identification:_identify(src/fpv_pkg) by extension 'colcon_pkg'
[0.266s] Level 1:colcon.colcon_core.package_identification:_identify(src/fpv_pkg) by extensions ['colcon_meta']
[0.266s] Level 1:colcon.colcon_core.package_identification:_identify(src/fpv_pkg) by extension 'colcon_meta'
[0.266s] Level 1:colcon.colcon_core.package_identification:_identify(src/fpv_pkg) by extensions ['ros']
[0.266s] Level 1:colcon.colcon_core.package_identification:_identify(src/fpv_pkg) by extension 'ros'
[0.266s] DEBUG:colcon.colcon_core.package_identification:Package 'src/fpv_pkg' with type 'ros.ament_python' and name 'fpv_pkg'
[0.266s] Level 1:colcon.colcon_core.package_identification:_identify(src/joy_can) by extensions ['ignore', 'ignore_ament_install']
[0.266s] Level 1:colcon.colcon_core.package_identification:_identify(src/joy_can) by extension 'ignore'
[0.266s] Level 1:colcon.colcon_core.package_identification:_identify(src/joy_can) by extension 'ignore_ament_install'
[0.266s] Level 1:colcon.colcon_core.package_identification:_identify(src/joy_can) by extensions ['colcon_pkg']
[0.266s] Level 1:colcon.colcon_core.package_identification:_identify(src/joy_can) by extension 'colcon_pkg'
[0.266s] Level 1:colcon.colcon_core.package_identification:_identify(src/joy_can) by extensions ['colcon_meta']
[0.266s] Level 1:colcon.colcon_core.package_identification:_identify(src/joy_can) by extension 'colcon_meta'
[0.267s] Level 1:colcon.colcon_core.package_identification:_identify(src/joy_can) by extensions ['ros']
[0.267s] Level 1:colcon.colcon_core.package_identification:_identify(src/joy_can) by extension 'ros'
[0.267s] DEBUG:colcon.colcon_core.package_identification:Package 'src/joy_can' with type 'ros.ament_python' and name 'joy_can'
[0.267s] Level 1:colcon.colcon_core.package_identification:_identify(src/msg_interfaces) by extensions ['ignore', 'ignore_ament_install']
[0.267s] Level 1:colcon.colcon_core.package_identification:_identify(src/msg_interfaces) by extension 'ignore'
[0.267s] Level 1:colcon.colcon_core.package_identification:_identify(src/msg_interfaces) by extension 'ignore_ament_install'
[0.267s] Level 1:colcon.colcon_core.package_identification:_identify(src/msg_interfaces) by extensions ['colcon_pkg']
[0.267s] Level 1:colcon.colcon_core.package_identification:_identify(src/msg_interfaces) by extension 'colcon_pkg'
[0.267s] Level 1:colcon.colcon_core.package_identification:_identify(src/msg_interfaces) by extensions ['colcon_meta']
[0.267s] Level 1:colcon.colcon_core.package_identification:_identify(src/msg_interfaces) by extension 'colcon_meta'
[0.267s] Level 1:colcon.colcon_core.package_identification:_identify(src/msg_interfaces) by extensions ['ros']
[0.267s] Level 1:colcon.colcon_core.package_identification:_identify(src/msg_interfaces) by extension 'ros'
[0.268s] DEBUG:colcon.colcon_core.package_identification:Package 'src/msg_interfaces' with type 'ros.ament_python' and name 'msg_interfaces'
[0.268s] Level 1:colcon.colcon_core.package_identification:_identify(src/realsense_servo) by extensions ['ignore', 'ignore_ament_install']
[0.268s] Level 1:colcon.colcon_core.package_identification:_identify(src/realsense_servo) by extension 'ignore'
[0.268s] Level 1:colcon.colcon_core.package_identification:_identify(src/realsense_servo) by extension 'ignore_ament_install'
[0.268s] Level 1:colcon.colcon_core.package_identification:_identify(src/realsense_servo) by extensions ['colcon_pkg']
[0.268s] Level 1:colcon.colcon_core.package_identification:_identify(src/realsense_servo) by extension 'colcon_pkg'
[0.268s] Level 1:colcon.colcon_core.package_identification:_identify(src/realsense_servo) by extensions ['colcon_meta']
[0.268s] Level 1:colcon.colcon_core.package_identification:_identify(src/realsense_servo) by extension 'colcon_meta'
[0.268s] Level 1:colcon.colcon_core.package_identification:_identify(src/realsense_servo) by extensions ['ros']
[0.268s] Level 1:colcon.colcon_core.package_identification:_identify(src/realsense_servo) by extension 'ros'
[0.268s] DEBUG:colcon.colcon_core.package_identification:Package 'src/realsense_servo' with type 'ros.ament_python' and name 'realsense_servo'
[0.268s] Level 1:colcon.colcon_core.package_discovery:discover_packages(recursive) using defaults
[0.268s] Level 1:colcon.colcon_core.package_discovery:discover_packages(ignore) discover
[0.268s] Level 1:colcon.colcon_core.package_discovery:discover_packages(ignore) using defaults
[0.268s] Level 1:colcon.colcon_core.package_discovery:discover_packages(path) discover
[0.268s] Level 1:colcon.colcon_core.package_discovery:discover_packages(path) using defaults
[0.283s] Level 1:colcon.colcon_core.package_discovery:discover_packages(prefix_path) check parameters
[0.283s] Level 1:colcon.colcon_core.package_discovery:discover_packages(prefix_path) discover
[0.285s] DEBUG:colcon.colcon_installed_package_information.package_discovery:Found 382 installed packages in /opt/ros/humble
[0.287s] Level 1:colcon.colcon_core.package_discovery:discover_packages(prefix_path) using defaults
[0.324s] Level 5:colcon.colcon_core.verb:set package 'auto_bridge' build argument 'cmake_args' from command line to 'None'
[0.324s] Level 5:colcon.colcon_core.verb:set package 'auto_bridge' build argument 'cmake_target' from command line to 'None'
[0.324s] Level 5:colcon.colcon_core.verb:set package 'auto_bridge' build argument 'cmake_target_skip_unavailable' from command line to 'False'
[0.324s] Level 5:colcon.colcon_core.verb:set package 'auto_bridge' build argument 'cmake_clean_cache' from command line to 'False'
[0.324s] Level 5:colcon.colcon_core.verb:set package 'auto_bridge' build argument 'cmake_clean_first' from command line to 'False'
[0.324s] Level 5:colcon.colcon_core.verb:set package 'auto_bridge' build argument 'cmake_force_configure' from command line to 'False'
[0.324s] Level 5:colcon.colcon_core.verb:set package 'auto_bridge' build argument 'ament_cmake_args' from command line to 'None'
[0.324s] Level 5:colcon.colcon_core.verb:set package 'auto_bridge' build argument 'catkin_cmake_args' from command line to 'None'
[0.324s] Level 5:colcon.colcon_core.verb:set package 'auto_bridge' build argument 'catkin_skip_building_tests' from command line to 'False'
[0.324s] DEBUG:colcon.colcon_core.verb:Building package 'auto_bridge' with the following arguments: {'ament_cmake_args': None, 'build_base': '/home/sudhindra/irc_2025/rover_essentials/build/auto_bridge', 'catkin_cmake_args': None, 'catkin_skip_building_tests': False, 'cmake_args': None, 'cmake_clean_cache': False, 'cmake_clean_first': False, 'cmake_force_configure': False, 'cmake_target': None, 'cmake_target_skip_unavailable': False, 'install_base': '/home/sudhindra/irc_2025/rover_essentials/install/auto_bridge', 'merge_install': False, 'path': '/home/sudhindra/irc_2025/rover_essentials/src/auto_bridge', 'symlink_install': False, 'test_result_base': None}
[0.324s] Level 5:colcon.colcon_core.verb:set package 'bio_package' build argument 'cmake_args' from command line to 'None'
[0.324s] Level 5:colcon.colcon_core.verb:set package 'bio_package' build argument 'cmake_target' from command line to 'None'
[0.324s] Level 5:colcon.colcon_core.verb:set package 'bio_package' build argument 'cmake_target_skip_unavailable' from command line to 'False'
[0.324s] Level 5:colcon.colcon_core.verb:set package 'bio_package' build argument 'cmake_clean_cache' from command line to 'False'
[0.324s] Level 5:colcon.colcon_core.verb:set package 'bio_package' build argument 'cmake_clean_first' from command line to 'False'
[0.324s] Level 5:colcon.colcon_core.verb:set package 'bio_package' build argument 'cmake_force_configure' from command line to 'False'
[0.324s] Level 5:colcon.colcon_core.verb:set package 'bio_package' build argument 'ament_cmake_args' from command line to 'None'
[0.324s] Level 5:colcon.colcon_core.verb:set package 'bio_package' build argument 'catkin_cmake_args' from command line to 'None'
[0.324s] Level 5:colcon.colcon_core.verb:set package 'bio_package' build argument 'catkin_skip_building_tests' from command line to 'False'
[0.324s] DEBUG:colcon.colcon_core.verb:Building package 'bio_package' with the following arguments: {'ament_cmake_args': None, 'build_base': '/home/sudhindra/irc_2025/rover_essentials/build/bio_package', 'catkin_cmake_args': None, 'catkin_skip_building_tests': False, 'cmake_args': None, 'cmake_clean_cache': False, 'cmake_clean_first': False, 'cmake_force_configure': False, 'cmake_target': None, 'cmake_target_skip_unavailable': False, 'install_base': '/home/sudhindra/irc_2025/rover_essentials/install/bio_package', 'merge_install': False, 'path': '/home/sudhindra/irc_2025/rover_essentials/src/bio_package', 'symlink_install': False, 'test_result_base': None}
[0.325s] Level 5:colcon.colcon_core.verb:set package 'drill' build argument 'cmake_args' from command line to 'None'
[0.325s] Level 5:colcon.colcon_core.verb:set package 'drill' build argument 'cmake_target' from command line to 'None'
[0.325s] Level 5:colcon.colcon_core.verb:set package 'drill' build argument 'cmake_target_skip_unavailable' from command line to 'False'
[0.325s] Level 5:colcon.colcon_core.verb:set package 'drill' build argument 'cmake_clean_cache' from command line to 'False'
[0.325s] Level 5:colcon.colcon_core.verb:set package 'drill' build argument 'cmake_clean_first' from command line to 'False'
[0.325s] Level 5:colcon.colcon_core.verb:set package 'drill' build argument 'cmake_force_configure' from command line to 'False'
[0.325s] Level 5:colcon.colcon_core.verb:set package 'drill' build argument 'ament_cmake_args' from command line to 'None'
[0.325s] Level 5:colcon.colcon_core.verb:set package 'drill' build argument 'catkin_cmake_args' from command line to 'None'
[0.325s] Level 5:colcon.colcon_core.verb:set package 'drill' build argument 'catkin_skip_building_tests' from command line to 'False'
[0.325s] DEBUG:colcon.colcon_core.verb:Building package 'drill' with the following arguments: {'ament_cmake_args': None, 'build_base': '/home/sudhindra/irc_2025/rover_essentials/build/drill', 'catkin_cmake_args': None, 'catkin_skip_building_tests': False, 'cmake_args': None, 'cmake_clean_cache': False, 'cmake_clean_first': False, 'cmake_force_configure': False, 'cmake_target': None, 'cmake_target_skip_unavailable': False, 'install_base': '/home/sudhindra/irc_2025/rover_essentials/install/drill', 'merge_install': False, 'path': '/home/sudhindra/irc_2025/rover_essentials/src/drill', 'symlink_install': False, 'test_result_base': None}
[0.325s] Level 5:colcon.colcon_core.verb:set package 'fpv_pkg' build argument 'cmake_args' from command line to 'None'
[0.325s] Level 5:colcon.colcon_core.verb:set package 'fpv_pkg' build argument 'cmake_target' from command line to 'None'
[0.325s] Level 5:colcon.colcon_core.verb:set package 'fpv_pkg' build argument 'cmake_target_skip_unavailable' from command line to 'False'
[0.325s] Level 5:colcon.colcon_core.verb:set package 'fpv_pkg' build argument 'cmake_clean_cache' from command line to 'False'
[0.325s] Level 5:colcon.colcon_core.verb:set package 'fpv_pkg' build argument 'cmake_clean_first' from command line to 'False'
[0.325s] Level 5:colcon.colcon_core.verb:set package 'fpv_pkg' build argument 'cmake_force_configure' from command line to 'False'
[0.325s] Level 5:colcon.colcon_core.verb:set package 'fpv_pkg' build argument 'ament_cmake_args' from command line to 'None'
[0.325s] Level 5:colcon.colcon_core.verb:set package 'fpv_pkg' build argument 'catkin_cmake_args' from command line to 'None'
[0.325s] Level 5:colcon.colcon_core.verb:set package 'fpv_pkg' build argument 'catkin_skip_building_tests' from command line to 'False'
[0.325s] DEBUG:colcon.colcon_core.verb:Building package 'fpv_pkg' with the following arguments: {'ament_cmake_args': None, 'build_base': '/home/sudhindra/irc_2025/rover_essentials/build/fpv_pkg', 'catkin_cmake_args': None, 'catkin_skip_building_tests': False, 'cmake_args': None, 'cmake_clean_cache': False, 'cmake_clean_first': False, 'cmake_force_configure': False, 'cmake_target': None, 'cmake_target_skip_unavailable': False, 'install_base': '/home/sudhindra/irc_2025/rover_essentials/install/fpv_pkg', 'merge_install': False, 'path': '/home/sudhindra/irc_2025/rover_essentials/src/fpv_pkg', 'symlink_install': False, 'test_result_base': None}
[0.325s] Level 5:colcon.colcon_core.verb:set package 'joy_can' build argument 'cmake_args' from command line to 'None'
[0.325s] Level 5:colcon.colcon_core.verb:set package 'joy_can' build argument 'cmake_target' from command line to 'None'
[0.326s] Level 5:colcon.colcon_core.verb:set package 'joy_can' build argument 'cmake_target_skip_unavailable' from command line to 'False'
[0.326s] Level 5:colcon.colcon_core.verb:set package 'joy_can' build argument 'cmake_clean_cache' from command line to 'False'
[0.326s] Level 5:colcon.colcon_core.verb:set package 'joy_can' build argument 'cmake_clean_first' from command line to 'False'
[0.326s] Level 5:colcon.colcon_core.verb:set package 'joy_can' build argument 'cmake_force_configure' from command line to 'False'
[0.326s] Level 5:colcon.colcon_core.verb:set package 'joy_can' build argument 'ament_cmake_args' from command line to 'None'
[0.326s] Level 5:colcon.colcon_core.verb:set package 'joy_can' build argument 'catkin_cmake_args' from command line to 'None'
[0.326s] Level 5:colcon.colcon_core.verb:set package 'joy_can' build argument 'catkin_skip_building_tests' from command line to 'False'
[0.326s] DEBUG:colcon.colcon_core.verb:Building package 'joy_can' with the following arguments: {'ament_cmake_args': None, 'build_base': '/home/sudhindra/irc_2025/rover_essentials/build/joy_can', 'catkin_cmake_args': None, 'catkin_skip_building_tests': False, 'cmake_args': None, 'cmake_clean_cache': False, 'cmake_clean_first': False, 'cmake_force_configure': False, 'cmake_target': None, 'cmake_target_skip_unavailable': False, 'install_base': '/home/sudhindra/irc_2025/rover_essentials/install/joy_can', 'merge_install': False, 'path': '/home/sudhindra/irc_2025/rover_essentials/src/joy_can', 'symlink_install': False, 'test_result_base': None}
[0.326s] Level 5:colcon.colcon_core.verb:set package 'msg_interfaces' build argument 'cmake_args' from command line to 'None'
[0.326s] Level 5:colcon.colcon_core.verb:set package 'msg_interfaces' build argument 'cmake_target' from command line to 'None'
[0.326s] Level 5:colcon.colcon_core.verb:set package 'msg_interfaces' build argument 'cmake_target_skip_unavailable' from command line to 'False'
[0.326s] Level 5:colcon.colcon_core.verb:set package 'msg_interfaces' build argument 'cmake_clean_cache' from command line to 'False'
[0.326s] Level 5:colcon.colcon_core.verb:set package 'msg_interfaces' build argument 'cmake_clean_first' from command line to 'False'
[0.326s] Level 5:colcon.colcon_core.verb:set package 'msg_interfaces' build argument 'cmake_force_configure' from command line to 'False'
[0.326s] Level 5:colcon.colcon_core.verb:set package 'msg_interfaces' build argument 'ament_cmake_args' from command line to 'None'
[0.326s] Level 5:colcon.colcon_core.verb:set package 'msg_interfaces' build argument 'catkin_cmake_args' from command line to 'None'
[0.326s] Level 5:colcon.colcon_core.verb:set package 'msg_interfaces' build argument 'catkin_skip_building_tests' from command line to 'False'
[0.326s] DEBUG:colcon.colcon_core.verb:Building package 'msg_interfaces' with the following arguments: {'ament_cmake_args': None, 'build_base': '/home/sudhindra/irc_2025/rover_essentials/build/msg_interfaces', 'catkin_cmake_args': None, 'catkin_skip_building_tests': False, 'cmake_args': None, 'cmake_clean_cache': False, 'cmake_clean_first': False, 'cmake_force_configure': False, 'cmake_target': None, 'cmake_target_skip_unavailable': False, 'install_base': '/home/sudhindra/irc_2025/rover_essentials/install/msg_interfaces', 'merge_install': False, 'path': '/home/sudhindra/irc_2025/rover_essentials/src/msg_interfaces', 'symlink_install': False, 'test_result_base': None}
[0.326s] Level 5:colcon.colcon_core.verb:set package 'realsense_servo' build argument 'cmake_args' from command line to 'None'
[0.326s] Level 5:colcon.colcon_core.verb:set package 'realsense_servo' build argument 'cmake_target' from command line to 'None'
[0.326s] Level 5:colcon.colcon_core.verb:set package 'realsense_servo' build argument 'cmake_target_skip_unavailable' from command line to 'False'
[0.326s] Level 5:colcon.colcon_core.verb:set package 'realsense_servo' build argument 'cmake_clean_cache' from command line to 'False'
[0.326s] Level 5:colcon.colcon_core.verb:set package 'realsense_servo' build argument 'cmake_clean_first' from command line to 'False'
[0.326s] Level 5:colcon.colcon_core.verb:set package 'realsense_servo' build argument 'cmake_force_configure' from command line to 'False'
[0.326s] Level 5:colcon.colcon_core.verb:set package 'realsense_servo' build argument 'ament_cmake_args' from command line to 'None'
[0.326s] Level 5:colcon.colcon_core.verb:set package 'realsense_servo' build argument 'catkin_cmake_args' from command line to 'None'
[0.326s] Level 5:colcon.colcon_core.verb:set package 'realsense_servo' build argument 'catkin_skip_building_tests' from command line to 'False'
[0.327s] DEBUG:colcon.colcon_core.verb:Building package 'realsense_servo' with the following arguments: {'ament_cmake_args': None, 'build_base': '/home/sudhindra/irc_2025/rover_essentials/build/realsense_servo', 'catkin_cmake_args': None, 'catkin_skip_building_tests': False, 'cmake_args': None, 'cmake_clean_cache': False, 'cmake_clean_first': False, 'cmake_force_configure': False, 'cmake_target': None, 'cmake_target_skip_unavailable': False, 'install_base': '/home/sudhindra/irc_2025/rover_essentials/install/realsense_servo', 'merge_install': False, 'path': '/home/sudhindra/irc_2025/rover_essentials/src/realsense_servo', 'symlink_install': False, 'test_result_base': None}
[0.327s] INFO:colcon.colcon_core.executor:Executing jobs using 'parallel' executor
[0.328s] DEBUG:colcon.colcon_parallel_executor.executor.parallel:run_until_complete
[0.328s] INFO:colcon.colcon_ros.task.ament_python.build:Building ROS package in '/home/sudhindra/irc_2025/rover_essentials/src/auto_bridge' with build type 'ament_python'
[0.328s] Level 1:colcon.colcon_core.shell:create_environment_hook('auto_bridge', 'ament_prefix_path')
[0.330s] INFO:colcon.colcon_core.plugin_system:Skipping extension 'colcon_core.shell.bat': Not used on non-Windows systems
[0.330s] INFO:colcon.colcon_core.shell:Creating environment hook '/home/sudhindra/irc_2025/rover_essentials/install/auto_bridge/share/auto_bridge/hook/ament_prefix_path.ps1'
[0.330s] INFO:colcon.colcon_core.shell:Creating environment descriptor '/home/sudhindra/irc_2025/rover_essentials/install/auto_bridge/share/auto_bridge/hook/ament_prefix_path.dsv'
[0.330s] INFO:colcon.colcon_core.shell:Creating environment hook '/home/sudhindra/irc_2025/rover_essentials/install/auto_bridge/share/auto_bridge/hook/ament_prefix_path.sh'
[0.331s] INFO:colcon.colcon_core.shell:Skip shell extension 'powershell' for command environment: Not usable outside of PowerShell
[0.331s] DEBUG:colcon.colcon_core.shell:Skip shell extension 'dsv' for command environment
[0.333s] INFO:colcon.colcon_ros.task.ament_python.build:Building ROS package in '/home/sudhindra/irc_2025/rover_essentials/src/bio_package' with build type 'ament_python'
[0.333s] Level 1:colcon.colcon_core.shell:create_environment_hook('bio_package', 'ament_prefix_path')
[0.333s] INFO:colcon.colcon_core.shell:Creating environment hook '/home/sudhindra/irc_2025/rover_essentials/install/bio_package/share/bio_package/hook/ament_prefix_path.ps1'
[0.334s] INFO:colcon.colcon_core.shell:Creating environment descriptor '/home/sudhindra/irc_2025/rover_essentials/install/bio_package/share/bio_package/hook/ament_prefix_path.dsv'
[0.334s] INFO:colcon.colcon_core.shell:Creating environment hook '/home/sudhindra/irc_2025/rover_essentials/install/bio_package/share/bio_package/hook/ament_prefix_path.sh'
[0.335s] INFO:colcon.colcon_core.shell:Skip shell extension 'powershell' for command environment: Not usable outside of PowerShell
[0.335s] DEBUG:colcon.colcon_core.shell:Skip shell extension 'dsv' for command environment
[0.337s] INFO:colcon.colcon_ros.task.ament_python.build:Building ROS package in '/home/sudhindra/irc_2025/rover_essentials/src/drill' with build type 'ament_python'
[0.337s] Level 1:colcon.colcon_core.shell:create_environment_hook('drill', 'ament_prefix_path')
[0.337s] INFO:colcon.colcon_core.shell:Creating environment hook '/home/sudhindra/irc_2025/rover_essentials/install/drill/share/drill/hook/ament_prefix_path.ps1'
[0.337s] INFO:colcon.colcon_core.shell:Creating environment descriptor '/home/sudhindra/irc_2025/rover_essentials/install/drill/share/drill/hook/ament_prefix_path.dsv'
[0.338s] INFO:colcon.colcon_core.shell:Creating environment hook '/home/sudhindra/irc_2025/rover_essentials/install/drill/share/drill/hook/ament_prefix_path.sh'
[0.338s] INFO:colcon.colcon_core.shell:Skip shell extension 'powershell' for command environment: Not usable outside of PowerShell
[0.338s] DEBUG:colcon.colcon_core.shell:Skip shell extension 'dsv' for command environment
[0.340s] INFO:colcon.colcon_ros.task.ament_python.build:Building ROS package in '/home/sudhindra/irc_2025/rover_essentials/src/fpv_pkg' with build type 'ament_python'
[0.341s] Level 1:colcon.colcon_core.shell:create_environment_hook('fpv_pkg', 'ament_prefix_path')
[0.341s] INFO:colcon.colcon_core.shell:Creating environment hook '/home/sudhindra/irc_2025/rover_essentials/install/fpv_pkg/share/fpv_pkg/hook/ament_prefix_path.ps1'
[0.341s] INFO:colcon.colcon_core.shell:Creating environment descriptor '/home/sudhindra/irc_2025/rover_essentials/install/fpv_pkg/share/fpv_pkg/hook/ament_prefix_path.dsv'
[0.342s] INFO:colcon.colcon_core.shell:Creating environment hook '/home/sudhindra/irc_2025/rover_essentials/install/fpv_pkg/share/fpv_pkg/hook/ament_prefix_path.sh'
[0.342s] INFO:colcon.colcon_core.shell:Skip shell extension 'powershell' for command environment: Not usable outside of PowerShell
[0.342s] DEBUG:colcon.colcon_core.shell:Skip shell extension 'dsv' for command environment
[0.344s] INFO:colcon.colcon_ros.task.ament_python.build:Building ROS package in '/home/sudhindra/irc_2025/rover_essentials/src/joy_can' with build type 'ament_python'
[0.344s] Level 1:colcon.colcon_core.shell:create_environment_hook('joy_can', 'ament_prefix_path')
[0.344s] INFO:colcon.colcon_core.shell:Creating environment hook '/home/sudhindra/irc_2025/rover_essentials/install/joy_can/share/joy_can/hook/ament_prefix_path.ps1'
[0.345s] INFO:colcon.colcon_core.shell:Creating environment descriptor '/home/sudhindra/irc_2025/rover_essentials/install/joy_can/share/joy_can/hook/ament_prefix_path.dsv'
[0.345s] INFO:colcon.colcon_core.shell:Creating environment hook '/home/sudhindra/irc_2025/rover_essentials/install/joy_can/share/joy_can/hook/ament_prefix_path.sh'
[0.346s] INFO:colcon.colcon_core.shell:Skip shell extension 'powershell' for command environment: Not usable outside of PowerShell
[0.346s] DEBUG:colcon.colcon_core.shell:Skip shell extension 'dsv' for command environment
[0.348s] INFO:colcon.colcon_ros.task.ament_python.build:Building ROS package in '/home/sudhindra/irc_2025/rover_essentials/src/msg_interfaces' with build type 'ament_python'
[0.348s] Level 1:colcon.colcon_core.shell:create_environment_hook('msg_interfaces', 'ament_prefix_path')
[0.348s] INFO:colcon.colcon_core.shell:Creating environment hook '/home/sudhindra/irc_2025/rover_essentials/install/msg_interfaces/share/msg_interfaces/hook/ament_prefix_path.ps1'
[0.349s] INFO:colcon.colcon_core.shell:Creating environment descriptor '/home/sudhindra/irc_2025/rover_essentials/install/msg_interfaces/share/msg_interfaces/hook/ament_prefix_path.dsv'
[0.349s] INFO:colcon.colcon_core.shell:Creating environment hook '/home/sudhindra/irc_2025/rover_essentials/install/msg_interfaces/share/msg_interfaces/hook/ament_prefix_path.sh'
[0.350s] INFO:colcon.colcon_core.shell:Skip shell extension 'powershell' for command environment: Not usable outside of PowerShell
[0.350s] DEBUG:colcon.colcon_core.shell:Skip shell extension 'dsv' for command environment
[0.352s] INFO:colcon.colcon_ros.task.ament_python.build:Building ROS package in '/home/sudhindra/irc_2025/rover_essentials/src/realsense_servo' with build type 'ament_python'
[0.352s] Level 1:colcon.colcon_core.shell:create_environment_hook('realsense_servo', 'ament_prefix_path')
[0.353s] INFO:colcon.colcon_core.shell:Creating environment hook '/home/sudhindra/irc_2025/rover_essentials/install/realsense_servo/share/realsense_servo/hook/ament_prefix_path.ps1'
[0.353s] INFO:colcon.colcon_core.shell:Creating environment descriptor '/home/sudhindra/irc_2025/rover_essentials/install/realsense_servo/share/realsense_servo/hook/ament_prefix_path.dsv'
[0.353s] INFO:colcon.colcon_core.shell:Creating environment hook '/home/sudhindra/irc_2025/rover_essentials/install/realsense_servo/share/realsense_servo/hook/ament_prefix_path.sh'
[0.354s] INFO:colcon.colcon_core.shell:Skip shell extension 'powershell' for command environment: Not usable outside of PowerShell
[0.354s] DEBUG:colcon.colcon_core.shell:Skip shell extension 'dsv' for command environment
[0.581s] INFO:colcon.colcon_core.task.python.build:Building Python package in '/home/sudhindra/irc_2025/rover_essentials/src/auto_bridge'
[0.581s] INFO:colcon.colcon_core.shell:Skip shell extension 'powershell' for command environment: Not usable outside of PowerShell
[0.581s] DEBUG:colcon.colcon_core.shell:Skip shell extension 'dsv' for command environment
[0.802s] INFO:colcon.colcon_core.task.python.build:Building Python package in '/home/sudhindra/irc_2025/rover_essentials/src/bio_package'
[0.802s] INFO:colcon.colcon_core.shell:Skip shell extension 'powershell' for command environment: Not usable outside of PowerShell
[0.802s] DEBUG:colcon.colcon_core.shell:Skip shell extension 'dsv' for command environment
[1.024s] INFO:colcon.colcon_core.task.python.build:Building Python package in '/home/sudhindra/irc_2025/rover_essentials/src/drill'
[1.024s] INFO:colcon.colcon_core.shell:Skip shell extension 'powershell' for command environment: Not usable outside of PowerShell
[1.024s] DEBUG:colcon.colcon_core.shell:Skip shell extension 'dsv' for command environment
[1.250s] INFO:colcon.colcon_core.task.python.build:Building Python package in '/home/sudhindra/irc_2025/rover_essentials/src/fpv_pkg'
[1.250s] INFO:colcon.colcon_core.shell:Skip shell extension 'powershell' for command environment: Not usable outside of PowerShell
[1.250s] DEBUG:colcon.colcon_core.shell:Skip shell extension 'dsv' for command environment
[1.475s] INFO:colcon.colcon_core.task.python.build:Building Python package in '/home/sudhindra/irc_2025/rover_essentials/src/joy_can'
[1.475s] INFO:colcon.colcon_core.shell:Skip shell extension 'powershell' for command environment: Not usable outside of PowerShell
[1.475s] DEBUG:colcon.colcon_core.shell:Skip shell extension 'dsv' for command environment
[1.696s] INFO:colcon.colcon_core.task.python.build:Building Python package in '/home/sudhindra/irc_2025/rover_essentials/src/msg_interfaces'
[1.696s] INFO:colcon.colcon_core.shell:Skip shell extension 'powershell' for command environment: Not usable outside of PowerShell
[1.696s] DEBUG:colcon.colcon_core.shell:Skip shell extension 'dsv' for command environment
[1.920s] INFO:colcon.colcon_core.task.python.build:Building Python package in '/home/sudhindra/irc_2025/rover_essentials/src/realsense_servo'
[1.921s] INFO:colcon.colcon_core.shell:Skip shell extension 'powershell' for command environment: Not usable outside of PowerShell
[1.921s] DEBUG:colcon.colcon_core.shell:Skip shell extension 'dsv' for command environment
[2.352s] DEBUG:colcon.colcon_core.event_handler.log_command:Invoking command in '/home/sudhindra/irc_2025/rover_essentials/src/fpv_pkg': PYTHONPATH=/home/sudhindra/irc_2025/rover_essentials/build/fpv_pkg/prefix_override:/usr/lib/python3/dist-packages/colcon_core/task/python/colcon_distutils_commands:/home/sudhindra/irc_2025/rover_essentials/install/fpv_pkg/lib/python3.10/site-packages:${PYTHONPATH} /usr/bin/python3 -W ignore:setup.py install is deprecated setup.py egg_info --egg-base ../../build/fpv_pkg build --build-base /home/sudhindra/irc_2025/rover_essentials/build/fpv_pkg/build install --record /home/sudhindra/irc_2025/rover_essentials/build/fpv_pkg/install.log --single-version-externally-managed install_data
[2.695s] DEBUG:colcon.colcon_core.event_handler.log_command:Invoking command in '/home/sudhindra/irc_2025/rover_essentials/src/auto_bridge': PYTHONPATH=/home/sudhindra/irc_2025/rover_essentials/build/auto_bridge/prefix_override:/usr/lib/python3/dist-packages/colcon_core/task/python/colcon_distutils_commands:/home/sudhindra/irc_2025/rover_essentials/install/auto_bridge/lib/python3.10/site-packages:${PYTHONPATH} /usr/bin/python3 -W ignore:setup.py install is deprecated setup.py egg_info --egg-base ../../build/auto_bridge build --build-base /home/sudhindra/irc_2025/rover_essentials/build/auto_bridge/build install --record /home/sudhindra/irc_2025/rover_essentials/build/auto_bridge/install.log --single-version-externally-managed install_data
[2.701s] DEBUG:colcon.colcon_core.event_handler.log_command:Invoking command in '/home/sudhindra/irc_2025/rover_essentials/src/bio_package': PYTHONPATH=/home/sudhindra/irc_2025/rover_essentials/build/bio_package/prefix_override:/usr/lib/python3/dist-packages/colcon_core/task/python/colcon_distutils_commands:/home/sudhindra/irc_2025/rover_essentials/install/bio_package/lib/python3.10/site-packages:${PYTHONPATH} /usr/bin/python3 -W ignore:setup.py install is deprecated setup.py egg_info --egg-base ../../build/bio_package build --build-base /home/sudhindra/irc_2025/rover_essentials/build/bio_package/build install --record /home/sudhindra/irc_2025/rover_essentials/build/bio_package/install.log --single-version-externally-managed install_data
[2.709s] DEBUG:colcon.colcon_core.event_handler.log_command:Invoking command in '/home/sudhindra/irc_2025/rover_essentials/src/drill': PYTHONPATH=/home/sudhindra/irc_2025/rover_essentials/build/drill/prefix_override:/usr/lib/python3/dist-packages/colcon_core/task/python/colcon_distutils_commands:/home/sudhindra/irc_2025/rover_essentials/install/drill/lib/python3.10/site-packages:${PYTHONPATH} /usr/bin/python3 -W ignore:setup.py install is deprecated setup.py egg_info --egg-base ../../build/drill build --build-base /home/sudhindra/irc_2025/rover_essentials/build/drill/build install --record /home/sudhindra/irc_2025/rover_essentials/build/drill/install.log --single-version-externally-managed install_data
[2.715s] DEBUG:colcon.colcon_core.event_handler.log_command:Invoking command in '/home/sudhindra/irc_2025/rover_essentials/src/joy_can': PYTHONPATH=/home/sudhindra/irc_2025/rover_essentials/build/joy_can/prefix_override:/usr/lib/python3/dist-packages/colcon_core/task/python/colcon_distutils_commands:/home/sudhindra/irc_2025/rover_essentials/install/joy_can/lib/python3.10/site-packages:${PYTHONPATH} /usr/bin/python3 -W ignore:setup.py install is deprecated setup.py egg_info --egg-base ../../build/joy_can build --build-base /home/sudhindra/irc_2025/rover_essentials/build/joy_can/build install --record /home/sudhindra/irc_2025/rover_essentials/build/joy_can/install.log --single-version-externally-managed install_data
[2.721s] DEBUG:colcon.colcon_core.event_handler.log_command:Invoking command in '/home/sudhindra/irc_2025/rover_essentials/src/msg_interfaces': PYTHONPATH=/home/sudhindra/irc_2025/rover_essentials/build/msg_interfaces/prefix_override:/usr/lib/python3/dist-packages/colcon_core/task/python/colcon_distutils_commands:/home/sudhindra/irc_2025/rover_essentials/install/msg_interfaces/lib/python3.10/site-packages:${PYTHONPATH} /usr/bin/python3 -W ignore:setup.py install is deprecated setup.py egg_info --egg-base ../../build/msg_interfaces build --build-base /home/sudhindra/irc_2025/rover_essentials/build/msg_interfaces/build install --record /home/sudhindra/irc_2025/rover_essentials/build/msg_interfaces/install.log --single-version-externally-managed install_data
[2.728s] DEBUG:colcon.colcon_core.event_handler.log_command:Invoking command in '/home/sudhindra/irc_2025/rover_essentials/src/realsense_servo': PYTHONPATH=/home/sudhindra/irc_2025/rover_essentials/build/realsense_servo/prefix_override:/usr/lib/python3/dist-packages/colcon_core/task/python/colcon_distutils_commands:/home/sudhindra/irc_2025/rover_essentials/install/realsense_servo/lib/python3.10/site-packages:${PYTHONPATH} /usr/bin/python3 -W ignore:setup.py install is deprecated setup.py egg_info --egg-base ../../build/realsense_servo build --build-base /home/sudhindra/irc_2025/rover_essentials/build/realsense_servo/build install --record /home/sudhindra/irc_2025/rover_essentials/build/realsense_servo/install.log --single-version-externally-managed install_data
[2.947s] DEBUG:colcon.colcon_core.event_handler.log_command:Invoked command in '/home/sudhindra/irc_2025/rover_essentials/src/fpv_pkg' returned '0': PYTHONPATH=/home/sudhindra/irc_2025/rover_essentials/build/fpv_pkg/prefix_override:/usr/lib/python3/dist-packages/colcon_core/task/python/colcon_distutils_commands:/home/sudhindra/irc_2025/rover_essentials/install/fpv_pkg/lib/python3.10/site-packages:${PYTHONPATH} /usr/bin/python3 -W ignore:setup.py install is deprecated setup.py egg_info --egg-base ../../build/fpv_pkg build --build-base /home/sudhindra/irc_2025/rover_essentials/build/fpv_pkg/build install --record /home/sudhindra/irc_2025/rover_essentials/build/fpv_pkg/install.log --single-version-externally-managed install_data
[2.953s] Level 1:colcon.colcon_core.environment:checking '/home/sudhindra/irc_2025/rover_essentials/install/fpv_pkg' for CMake module files
[2.954s] Level 1:colcon.colcon_core.environment:checking '/home/sudhindra/irc_2025/rover_essentials/install/fpv_pkg' for CMake config files
[2.955s] Level 1:colcon.colcon_core.environment:checking '/home/sudhindra/irc_2025/rover_essentials/install/fpv_pkg/lib'
[2.955s] Level 1:colcon.colcon_core.environment:checking '/home/sudhindra/irc_2025/rover_essentials/install/fpv_pkg/bin'
[2.955s] Level 1:colcon.colcon_core.environment:checking '/home/sudhindra/irc_2025/rover_essentials/install/fpv_pkg/lib/pkgconfig/fpv_pkg.pc'
[2.956s] Level 1:colcon.colcon_core.environment:checking '/home/sudhindra/irc_2025/rover_essentials/install/fpv_pkg/lib/python3.10/site-packages'
[2.956s] Level 1:colcon.colcon_core.shell:create_environment_hook('fpv_pkg', 'pythonpath')
[2.957s] INFO:colcon.colcon_core.shell:Creating environment hook '/home/sudhindra/irc_2025/rover_essentials/install/fpv_pkg/share/fpv_pkg/hook/pythonpath.ps1'
[2.958s] INFO:colcon.colcon_core.shell:Creating environment descriptor '/home/sudhindra/irc_2025/rover_essentials/install/fpv_pkg/share/fpv_pkg/hook/pythonpath.dsv'
[2.959s] INFO:colcon.colcon_core.shell:Creating environment hook '/home/sudhindra/irc_2025/rover_essentials/install/fpv_pkg/share/fpv_pkg/hook/pythonpath.sh'
[2.960s] Level 1:colcon.colcon_core.environment:checking '/home/sudhindra/irc_2025/rover_essentials/install/fpv_pkg/bin'
[2.960s] Level 1:colcon.colcon_core.environment:create_environment_scripts_only(fpv_pkg)
[2.961s] INFO:colcon.colcon_core.shell:Creating package script '/home/sudhindra/irc_2025/rover_essentials/install/fpv_pkg/share/fpv_pkg/package.ps1'
[2.963s] INFO:colcon.colcon_core.shell:Creating package descriptor '/home/sudhindra/irc_2025/rover_essentials/install/fpv_pkg/share/fpv_pkg/package.dsv'
[2.965s] INFO:colcon.colcon_core.shell:Creating package script '/home/sudhindra/irc_2025/rover_essentials/install/fpv_pkg/share/fpv_pkg/package.sh'
[2.967s] INFO:colcon.colcon_core.shell:Creating package script '/home/sudhindra/irc_2025/rover_essentials/install/fpv_pkg/share/fpv_pkg/package.bash'
[2.969s] INFO:colcon.colcon_core.shell:Creating package script '/home/sudhindra/irc_2025/rover_essentials/install/fpv_pkg/share/fpv_pkg/package.zsh'
[2.970s] Level 1:colcon.colcon_core.environment:create_file_with_runtime_dependencies(/home/sudhindra/irc_2025/rover_essentials/install/fpv_pkg/share/colcon-core/packages/fpv_pkg)
[3.339s] Level 1:colcon.colcon_core.environment:checking '/home/sudhindra/irc_2025/rover_essentials/install/joy_can' for CMake module files
[3.340s] DEBUG:colcon.colcon_core.event_handler.log_command:Invoked command in '/home/sudhindra/irc_2025/rover_essentials/src/joy_can' returned '0': PYTHONPATH=/home/sudhindra/irc_2025/rover_essentials/build/joy_can/prefix_override:/usr/lib/python3/dist-packages/colcon_core/task/python/colcon_distutils_commands:/home/sudhindra/irc_2025/rover_essentials/install/joy_can/lib/python3.10/site-packages:${PYTHONPATH} /usr/bin/python3 -W ignore:setup.py install is deprecated setup.py egg_info --egg-base ../../build/joy_can build --build-base /home/sudhindra/irc_2025/rover_essentials/build/joy_can/build install --record /home/sudhindra/irc_2025/rover_essentials/build/joy_can/install.log --single-version-externally-managed install_data
[3.341s] Level 1:colcon.colcon_core.environment:checking '/home/sudhindra/irc_2025/rover_essentials/install/joy_can' for CMake config files
[3.342s] Level 1:colcon.colcon_core.environment:checking '/home/sudhindra/irc_2025/rover_essentials/install/joy_can/lib'
[3.342s] Level 1:colcon.colcon_core.environment:checking '/home/sudhindra/irc_2025/rover_essentials/install/joy_can/bin'
[3.342s] Level 1:colcon.colcon_core.environment:checking '/home/sudhindra/irc_2025/rover_essentials/install/joy_can/lib/pkgconfig/joy_can.pc'
[3.343s] Level 1:colcon.colcon_core.environment:checking '/home/sudhindra/irc_2025/rover_essentials/install/joy_can/lib/python3.10/site-packages'
[3.343s] Level 1:colcon.colcon_core.shell:create_environment_hook('joy_can', 'pythonpath')
[3.343s] INFO:colcon.colcon_core.shell:Creating environment hook '/home/sudhindra/irc_2025/rover_essentials/install/joy_can/share/joy_can/hook/pythonpath.ps1'
[3.344s] INFO:colcon.colcon_core.shell:Creating environment descriptor '/home/sudhindra/irc_2025/rover_essentials/install/joy_can/share/joy_can/hook/pythonpath.dsv'
[3.345s] INFO:colcon.colcon_core.shell:Creating environment hook '/home/sudhindra/irc_2025/rover_essentials/install/joy_can/share/joy_can/hook/pythonpath.sh'
[3.346s] Level 1:colcon.colcon_core.environment:checking '/home/sudhindra/irc_2025/rover_essentials/install/joy_can/bin'
[3.346s] Level 1:colcon.colcon_core.environment:create_environment_scripts_only(joy_can)
[3.347s] INFO:colcon.colcon_core.shell:Creating package script '/home/sudhindra/irc_2025/rover_essentials/install/joy_can/share/joy_can/package.ps1'
[3.348s] INFO:colcon.colcon_core.shell:Creating package descriptor '/home/sudhindra/irc_2025/rover_essentials/install/joy_can/share/joy_can/package.dsv'
[3.349s] INFO:colcon.colcon_core.shell:Creating package script '/home/sudhindra/irc_2025/rover_essentials/install/joy_can/share/joy_can/package.sh'
[3.350s] INFO:colcon.colcon_core.shell:Creating package script '/home/sudhindra/irc_2025/rover_essentials/install/joy_can/share/joy_can/package.bash'
[3.351s] INFO:colcon.colcon_core.shell:Creating package script '/home/sudhindra/irc_2025/rover_essentials/install/joy_can/share/joy_can/package.zsh'
[3.351s] Level 1:colcon.colcon_core.environment:create_file_with_runtime_dependencies(/home/sudhindra/irc_2025/rover_essentials/install/joy_can/share/colcon-core/packages/joy_can)
[3.450s] Level 1:colcon.colcon_core.environment:checking '/home/sudhindra/irc_2025/rover_essentials/install/bio_package' for CMake module files
[3.451s] DEBUG:colcon.colcon_core.event_handler.log_command:Invoked command in '/home/sudhindra/irc_2025/rover_essentials/src/bio_package' returned '0': PYTHONPATH=/home/sudhindra/irc_2025/rover_essentials/build/bio_package/prefix_override:/usr/lib/python3/dist-packages/colcon_core/task/python/colcon_distutils_commands:/home/sudhindra/irc_2025/rover_essentials/install/bio_package/lib/python3.10/site-packages:${PYTHONPATH} /usr/bin/python3 -W ignore:setup.py install is deprecated setup.py egg_info --egg-base ../../build/bio_package build --build-base /home/sudhindra/irc_2025/rover_essentials/build/bio_package/build install --record /home/sudhindra/irc_2025/rover_essentials/build/bio_package/install.log --single-version-externally-managed install_data
[3.452s] Level 1:colcon.colcon_core.environment:checking '/home/sudhindra/irc_2025/rover_essentials/install/bio_package' for CMake config files
[3.453s] Level 1:colcon.colcon_core.environment:checking '/home/sudhindra/irc_2025/rover_essentials/install/bio_package/lib'
[3.453s] Level 1:colcon.colcon_core.environment:checking '/home/sudhindra/irc_2025/rover_essentials/install/bio_package/bin'
[3.453s] Level 1:colcon.colcon_core.environment:checking '/home/sudhindra/irc_2025/rover_essentials/install/bio_package/lib/pkgconfig/bio_package.pc'
[3.454s] Level 1:colcon.colcon_core.environment:checking '/home/sudhindra/irc_2025/rover_essentials/install/bio_package/lib/python3.10/site-packages'
[3.454s] Level 1:colcon.colcon_core.shell:create_environment_hook('bio_package', 'pythonpath')
[3.455s] INFO:colcon.colcon_core.shell:Creating environment hook '/home/sudhindra/irc_2025/rover_essentials/install/bio_package/share/bio_package/hook/pythonpath.ps1'
[3.455s] INFO:colcon.colcon_core.shell:Creating environment descriptor '/home/sudhindra/irc_2025/rover_essentials/install/bio_package/share/bio_package/hook/pythonpath.dsv'
[3.456s] INFO:colcon.colcon_core.shell:Creating environment hook '/home/sudhindra/irc_2025/rover_essentials/install/bio_package/share/bio_package/hook/pythonpath.sh'
[3.457s] Level 1:colcon.colcon_core.environment:checking '/home/sudhindra/irc_2025/rover_essentials/install/bio_package/bin'
[3.457s] Level 1:colcon.colcon_core.environment:create_environment_scripts_only(bio_package)
[3.458s] INFO:colcon.colcon_core.shell:Creating package script '/home/sudhindra/irc_2025/rover_essentials/install/bio_package/share/bio_package/package.ps1'
[3.459s] INFO:colcon.colcon_core.shell:Creating package descriptor '/home/sudhindra/irc_2025/rover_essentials/install/bio_package/share/bio_package/package.dsv'
[3.460s] INFO:colcon.colcon_core.shell:Creating package script '/home/sudhindra/irc_2025/rover_essentials/install/bio_package/share/bio_package/package.sh'
[3.461s] INFO:colcon.colcon_core.shell:Creating package script '/home/sudhindra/irc_2025/rover_essentials/install/bio_package/share/bio_package/package.bash'
[3.462s] INFO:colcon.colcon_core.shell:Creating package script '/home/sudhindra/irc_2025/rover_essentials/install/bio_package/share/bio_package/package.zsh'
[3.463s] Level 1:colcon.colcon_core.environment:create_file_with_runtime_dependencies(/home/sudhindra/irc_2025/rover_essentials/install/bio_package/share/colcon-core/packages/bio_package)
[3.559s] Level 1:colcon.colcon_core.environment:checking '/home/sudhindra/irc_2025/rover_essentials/install/auto_bridge' for CMake module files
[3.560s] DEBUG:colcon.colcon_core.event_handler.log_command:Invoked command in '/home/sudhindra/irc_2025/rover_essentials/src/auto_bridge' returned '0': PYTHONPATH=/home/sudhindra/irc_2025/rover_essentials/build/auto_bridge/prefix_override:/usr/lib/python3/dist-packages/colcon_core/task/python/colcon_distutils_commands:/home/sudhindra/irc_2025/rover_essentials/install/auto_bridge/lib/python3.10/site-packages:${PYTHONPATH} /usr/bin/python3 -W ignore:setup.py install is deprecated setup.py egg_info --egg-base ../../build/auto_bridge build --build-base /home/sudhindra/irc_2025/rover_essentials/build/auto_bridge/build install --record /home/sudhindra/irc_2025/rover_essentials/build/auto_bridge/install.log --single-version-externally-managed install_data
[3.560s] Level 1:colcon.colcon_core.environment:checking '/home/sudhindra/irc_2025/rover_essentials/install/auto_bridge' for CMake config files
[3.562s] Level 1:colcon.colcon_core.environment:checking '/home/sudhindra/irc_2025/rover_essentials/install/auto_bridge/lib'
[3.562s] Level 1:colcon.colcon_core.environment:checking '/home/sudhindra/irc_2025/rover_essentials/install/auto_bridge/bin'
[3.562s] Level 1:colcon.colcon_core.environment:checking '/home/sudhindra/irc_2025/rover_essentials/install/auto_bridge/lib/pkgconfig/auto_bridge.pc'
[3.562s] Level 1:colcon.colcon_core.environment:checking '/home/sudhindra/irc_2025/rover_essentials/install/auto_bridge/lib/python3.10/site-packages'
[3.562s] Level 1:colcon.colcon_core.shell:create_environment_hook('auto_bridge', 'pythonpath')
[3.563s] INFO:colcon.colcon_core.shell:Creating environment hook '/home/sudhindra/irc_2025/rover_essentials/install/auto_bridge/share/auto_bridge/hook/pythonpath.ps1'
[3.564s] INFO:colcon.colcon_core.shell:Creating environment descriptor '/home/sudhindra/irc_2025/rover_essentials/install/auto_bridge/share/auto_bridge/hook/pythonpath.dsv'
[3.564s] INFO:colcon.colcon_core.shell:Creating environment hook '/home/sudhindra/irc_2025/rover_essentials/install/auto_bridge/share/auto_bridge/hook/pythonpath.sh'
[3.565s] Level 1:colcon.colcon_core.environment:checking '/home/sudhindra/irc_2025/rover_essentials/install/auto_bridge/bin'
[3.565s] Level 1:colcon.colcon_core.environment:create_environment_scripts_only(auto_bridge)
[3.566s] INFO:colcon.colcon_core.shell:Creating package script '/home/sudhindra/irc_2025/rover_essentials/install/auto_bridge/share/auto_bridge/package.ps1'
[3.567s] INFO:colcon.colcon_core.shell:Creating package descriptor '/home/sudhindra/irc_2025/rover_essentials/install/auto_bridge/share/auto_bridge/package.dsv'
[3.568s] INFO:colcon.colcon_core.shell:Creating package script '/home/sudhindra/irc_2025/rover_essentials/install/auto_bridge/share/auto_bridge/package.sh'
[3.568s] INFO:colcon.colcon_core.shell:Creating package script '/home/sudhindra/irc_2025/rover_essentials/install/auto_bridge/share/auto_bridge/package.bash'
[3.569s] INFO:colcon.colcon_core.shell:Creating package script '/home/sudhindra/irc_2025/rover_essentials/install/auto_bridge/share/auto_bridge/package.zsh'
[3.570s] Level 1:colcon.colcon_core.environment:create_file_with_runtime_dependencies(/home/sudhindra/irc_2025/rover_essentials/install/auto_bridge/share/colcon-core/packages/auto_bridge)
[3.595s] Level 1:colcon.colcon_core.environment:checking '/home/sudhindra/irc_2025/rover_essentials/install/realsense_servo' for CMake module files
[3.596s] DEBUG:colcon.colcon_core.event_handler.log_command:Invoked command in '/home/sudhindra/irc_2025/rover_essentials/src/realsense_servo' returned '0': PYTHONPATH=/home/sudhindra/irc_2025/rover_essentials/build/realsense_servo/prefix_override:/usr/lib/python3/dist-packages/colcon_core/task/python/colcon_distutils_commands:/home/sudhindra/irc_2025/rover_essentials/install/realsense_servo/lib/python3.10/site-packages:${PYTHONPATH} /usr/bin/python3 -W ignore:setup.py install is deprecated setup.py egg_info --egg-base ../../build/realsense_servo build --build-base /home/sudhindra/irc_2025/rover_essentials/build/realsense_servo/build install --record /home/sudhindra/irc_2025/rover_essentials/build/realsense_servo/install.log --single-version-externally-managed install_data
[3.596s] Level 1:colcon.colcon_core.environment:checking '/home/sudhindra/irc_2025/rover_essentials/install/realsense_servo' for CMake config files
[3.597s] Level 1:colcon.colcon_core.environment:checking '/home/sudhindra/irc_2025/rover_essentials/install/realsense_servo/lib'
[3.597s] Level 1:colcon.colcon_core.environment:checking '/home/sudhindra/irc_2025/rover_essentials/install/realsense_servo/bin'
[3.597s] Level 1:colcon.colcon_core.environment:checking '/home/sudhindra/irc_2025/rover_essentials/install/realsense_servo/lib/pkgconfig/realsense_servo.pc'
[3.597s] Level 1:colcon.colcon_core.environment:checking '/home/sudhindra/irc_2025/rover_essentials/install/realsense_servo/lib/python3.10/site-packages'
[3.598s] Level 1:colcon.colcon_core.shell:create_environment_hook('realsense_servo', 'pythonpath')
[3.598s] INFO:colcon.colcon_core.shell:Creating environment hook '/home/sudhindra/irc_2025/rover_essentials/install/realsense_servo/share/realsense_servo/hook/pythonpath.ps1'
[3.599s] INFO:colcon.colcon_core.shell:Creating environment descriptor '/home/sudhindra/irc_2025/rover_essentials/install/realsense_servo/share/realsense_servo/hook/pythonpath.dsv'
[3.599s] INFO:colcon.colcon_core.shell:Creating environment hook '/home/sudhindra/irc_2025/rover_essentials/install/realsense_servo/share/realsense_servo/hook/pythonpath.sh'
[3.600s] Level 1:colcon.colcon_core.environment:checking '/home/sudhindra/irc_2025/rover_essentials/install/realsense_servo/bin'
[3.600s] Level 1:colcon.colcon_core.environment:create_environment_scripts_only(realsense_servo)
[3.601s] INFO:colcon.colcon_core.shell:Creating package script '/home/sudhindra/irc_2025/rover_essentials/install/realsense_servo/share/realsense_servo/package.ps1'
[3.602s] INFO:colcon.colcon_core.shell:Creating package descriptor '/home/sudhindra/irc_2025/rover_essentials/install/realsense_servo/share/realsense_servo/package.dsv'
[3.602s] INFO:colcon.colcon_core.shell:Creating package script '/home/sudhindra/irc_2025/rover_essentials/install/realsense_servo/share/realsense_servo/package.sh'
[3.603s] INFO:colcon.colcon_core.shell:Creating package script '/home/sudhindra/irc_2025/rover_essentials/install/realsense_servo/share/realsense_servo/package.bash'
[3.603s] INFO:colcon.colcon_core.shell:Creating package script '/home/sudhindra/irc_2025/rover_essentials/install/realsense_servo/share/realsense_servo/package.zsh'
[3.604s] Level 1:colcon.colcon_core.environment:create_file_with_runtime_dependencies(/home/sudhindra/irc_2025/rover_essentials/install/realsense_servo/share/colcon-core/packages/realsense_servo)
[3.607s] Level 1:colcon.colcon_core.environment:checking '/home/sudhindra/irc_2025/rover_essentials/install/drill' for CMake module files
[3.608s] DEBUG:colcon.colcon_core.event_handler.log_command:Invoked command in '/home/sudhindra/irc_2025/rover_essentials/src/drill' returned '0': PYTHONPATH=/home/sudhindra/irc_2025/rover_essentials/build/drill/prefix_override:/usr/lib/python3/dist-packages/colcon_core/task/python/colcon_distutils_commands:/home/sudhindra/irc_2025/rover_essentials/install/drill/lib/python3.10/site-packages:${PYTHONPATH} /usr/bin/python3 -W ignore:setup.py install is deprecated setup.py egg_info --egg-base ../../build/drill build --build-base /home/sudhindra/irc_2025/rover_essentials/build/drill/build install --record /home/sudhindra/irc_2025/rover_essentials/build/drill/install.log --single-version-externally-managed install_data
[3.608s] Level 1:colcon.colcon_core.environment:checking '/home/sudhindra/irc_2025/rover_essentials/install/drill' for CMake config files
[3.609s] Level 1:colcon.colcon_core.environment:checking '/home/sudhindra/irc_2025/rover_essentials/install/drill/lib'
[3.609s] Level 1:colcon.colcon_core.environment:checking '/home/sudhindra/irc_2025/rover_essentials/install/drill/bin'
[3.609s] Level 1:colcon.colcon_core.environment:checking '/home/sudhindra/irc_2025/rover_essentials/install/drill/lib/pkgconfig/drill.pc'
[3.609s] Level 1:colcon.colcon_core.environment:checking '/home/sudhindra/irc_2025/rover_essentials/install/drill/lib/python3.10/site-packages'
[3.609s] Level 1:colcon.colcon_core.shell:create_environment_hook('drill', 'pythonpath')
[3.610s] INFO:colcon.colcon_core.shell:Creating environment hook '/home/sudhindra/irc_2025/rover_essentials/install/drill/share/drill/hook/pythonpath.ps1'
[3.610s] INFO:colcon.colcon_core.shell:Creating environment descriptor '/home/sudhindra/irc_2025/rover_essentials/install/drill/share/drill/hook/pythonpath.dsv'
[3.610s] INFO:colcon.colcon_core.shell:Creating environment hook '/home/sudhindra/irc_2025/rover_essentials/install/drill/share/drill/hook/pythonpath.sh'
[3.611s] Level 1:colcon.colcon_core.environment:checking '/home/sudhindra/irc_2025/rover_essentials/install/drill/bin'
[3.611s] Level 1:colcon.colcon_core.environment:create_environment_scripts_only(drill)
[3.611s] INFO:colcon.colcon_core.shell:Creating package script '/home/sudhindra/irc_2025/rover_essentials/install/drill/share/drill/package.ps1'
[3.612s] INFO:colcon.colcon_core.shell:Creating package descriptor '/home/sudhindra/irc_2025/rover_essentials/install/drill/share/drill/package.dsv'
[3.612s] INFO:colcon.colcon_core.shell:Creating package script '/home/sudhindra/irc_2025/rover_essentials/install/drill/share/drill/package.sh'
[3.613s] INFO:colcon.colcon_core.shell:Creating package script '/home/sudhindra/irc_2025/rover_essentials/install/drill/share/drill/package.bash'
[3.613s] INFO:colcon.colcon_core.shell:Creating package script '/home/sudhindra/irc_2025/rover_essentials/install/drill/share/drill/package.zsh'
[3.614s] Level 1:colcon.colcon_core.environment:create_file_with_runtime_dependencies(/home/sudhindra/irc_2025/rover_essentials/install/drill/share/colcon-core/packages/drill)
[3.615s] Level 1:colcon.colcon_core.environment:checking '/home/sudhindra/irc_2025/rover_essentials/install/msg_interfaces' for CMake module files
[3.616s] Level 1:colcon.colcon_core.environment:checking '/home/sudhindra/irc_2025/rover_essentials/install/msg_interfaces' for CMake config files
[3.617s] DEBUG:colcon.colcon_core.event_handler.log_command:Invoked command in '/home/sudhindra/irc_2025/rover_essentials/src/msg_interfaces' returned '0': PYTHONPATH=/home/sudhindra/irc_2025/rover_essentials/build/msg_interfaces/prefix_override:/usr/lib/python3/dist-packages/colcon_core/task/python/colcon_distutils_commands:/home/sudhindra/irc_2025/rover_essentials/install/msg_interfaces/lib/python3.10/site-packages:${PYTHONPATH} /usr/bin/python3 -W ignore:setup.py install is deprecated setup.py egg_info --egg-base ../../build/msg_interfaces build --build-base /home/sudhindra/irc_2025/rover_essentials/build/msg_interfaces/build install --record /home/sudhindra/irc_2025/rover_essentials/build/msg_interfaces/install.log --single-version-externally-managed install_data
[3.617s] Level 1:colcon.colcon_core.environment:checking '/home/sudhindra/irc_2025/rover_essentials/install/msg_interfaces/lib'
[3.618s] Level 1:colcon.colcon_core.environment:checking '/home/sudhindra/irc_2025/rover_essentials/install/msg_interfaces/bin'
[3.618s] Level 1:colcon.colcon_core.environment:checking '/home/sudhindra/irc_2025/rover_essentials/install/msg_interfaces/lib/pkgconfig/msg_interfaces.pc'
[3.618s] Level 1:colcon.colcon_core.environment:checking '/home/sudhindra/irc_2025/rover_essentials/install/msg_interfaces/lib/python3.10/site-packages'
[3.618s] Level 1:colcon.colcon_core.shell:create_environment_hook('msg_interfaces', 'pythonpath')
[3.618s] INFO:colcon.colcon_core.shell:Creating environment hook '/home/sudhindra/irc_2025/rover_essentials/install/msg_interfaces/share/msg_interfaces/hook/pythonpath.ps1'
[3.619s] INFO:colcon.colcon_core.shell:Creating environment descriptor '/home/sudhindra/irc_2025/rover_essentials/install/msg_interfaces/share/msg_interfaces/hook/pythonpath.dsv'
[3.619s] INFO:colcon.colcon_core.shell:Creating environment hook '/home/sudhindra/irc_2025/rover_essentials/install/msg_interfaces/share/msg_interfaces/hook/pythonpath.sh'
[3.620s] Level 1:colcon.colcon_core.environment:checking '/home/sudhindra/irc_2025/rover_essentials/install/msg_interfaces/bin'
[3.620s] Level 1:colcon.colcon_core.environment:create_environment_scripts_only(msg_interfaces)
[3.621s] INFO:colcon.colcon_core.shell:Creating package script '/home/sudhindra/irc_2025/rover_essentials/install/msg_interfaces/share/msg_interfaces/package.ps1'
[3.621s] INFO:colcon.colcon_core.shell:Creating package descriptor '/home/sudhindra/irc_2025/rover_essentials/install/msg_interfaces/share/msg_interfaces/package.dsv'
[3.622s] INFO:colcon.colcon_core.shell:Creating package script '/home/sudhindra/irc_2025/rover_essentials/install/msg_interfaces/share/msg_interfaces/package.sh'
[3.623s] INFO:colcon.colcon_core.shell:Creating package script '/home/sudhindra/irc_2025/rover_essentials/install/msg_interfaces/share/msg_interfaces/package.bash'
[3.623s] INFO:colcon.colcon_core.shell:Creating package script '/home/sudhindra/irc_2025/rover_essentials/install/msg_interfaces/share/msg_interfaces/package.zsh'
[3.624s] Level 1:colcon.colcon_core.environment:create_file_with_runtime_dependencies(/home/sudhindra/irc_2025/rover_essentials/install/msg_interfaces/share/colcon-core/packages/msg_interfaces)
[3.624s] DEBUG:colcon.colcon_parallel_executor.executor.parallel:closing loop
[3.625s] DEBUG:colcon.colcon_parallel_executor.executor.parallel:loop closed
[3.625s] DEBUG:colcon.colcon_parallel_executor.executor.parallel:run_until_complete finished with '0'
[3.625s] DEBUG:colcon.colcon_core.event_reactor:joining thread
[3.633s] INFO:colcon.colcon_core.plugin_system:Skipping extension 'colcon_notification.desktop_notification.terminal_notifier': Not used on non-Darwin systems
[3.633s] INFO:colcon.colcon_core.plugin_system:Skipping extension 'colcon_notification.desktop_notification.win32': Not used on non-Windows systems
[3.633s] INFO:colcon.colcon_notification.desktop_notification:Sending desktop notification using 'notify2'
[3.645s] DEBUG:colcon.colcon_core.event_reactor:joined thread
[3.645s] INFO:colcon.colcon_core.shell:Creating prefix script '/home/sudhindra/irc_2025/rover_essentials/install/local_setup.ps1'
[3.647s] INFO:colcon.colcon_core.shell:Creating prefix util module '/home/sudhindra/irc_2025/rover_essentials/install/_local_setup_util_ps1.py'
[3.649s] INFO:colcon.colcon_core.shell:Creating prefix chain script '/home/sudhindra/irc_2025/rover_essentials/install/setup.ps1'
[3.650s] INFO:colcon.colcon_core.shell:Creating prefix script '/home/sudhindra/irc_2025/rover_essentials/install/local_setup.sh'
[3.651s] INFO:colcon.colcon_core.shell:Creating prefix util module '/home/sudhindra/irc_2025/rover_essentials/install/_local_setup_util_sh.py'
[3.651s] INFO:colcon.colcon_core.shell:Creating prefix chain script '/home/sudhindra/irc_2025/rover_essentials/install/setup.sh'
[3.653s] INFO:colcon.colcon_core.shell:Creating prefix script '/home/sudhindra/irc_2025/rover_essentials/install/local_setup.bash'
[3.653s] INFO:colcon.colcon_core.shell:Creating prefix chain script '/home/sudhindra/irc_2025/rover_essentials/install/setup.bash'
[3.654s] INFO:colcon.colcon_core.shell:Creating prefix script '/home/sudhindra/irc_2025/rover_essentials/install/local_setup.zsh'
[3.655s] INFO:colcon.colcon_core.shell:Creating prefix chain script '/home/sudhindra/irc_2025/rover_essentials/install/setup.zsh'
