[0.100s] DEBUG:colcon:Command line arguments: ['/usr/bin/colcon', 'build']
[0.100s] DEBUG:colcon:Parsed command line arguments: Namespace(log_base=None, log_level=None, verb_name='build', build_base='build', install_base='install', merge_install=False, symlink_install=False, test_result_base=None, continue_on_error=False, executor='parallel', parallel_workers=8, event_handlers=None, ignore_user_meta=False, metas=['./colcon.meta'], base_paths=['.'], packages_ignore=None, packages_ignore_regex=None, paths=None, packages_up_to=None, packages_up_to_regex=None, packages_above=None, packages_above_and_dependencies=None, packages_above_depth=None, packages_select_by_dep=None, packages_skip_by_dep=None, packages_skip_up_to=None, packages_select_build_failed=False, packages_skip_build_finished=False, packages_select_test_failures=False, packages_skip_test_passed=False, packages_select=None, packages_skip=None, packages_select_regex=None, packages_skip_regex=None, packages_start=None, packages_end=None, allow_overriding=[], cmake_args=None, cmake_target=None, cmake_target_skip_unavailable=False, cmake_clean_cache=False, cmake_clean_first=False, cmake_force_configure=False, ament_cmake_args=None, catkin_cmake_args=None, catkin_skip_building_tests=False, mixin_files=None, mixin=None, verb_parser=<colcon_mixin.mixin.mixin_argument.MixinArgumentDecorator object at 0x76a2b6a789a0>, verb_extension=<colcon_core.verb.build.BuildVerb object at 0x76a2b6b8cfa0>, main=<bound method BuildVerb.main of <colcon_core.verb.build.BuildVerb object at 0x76a2b6b8cfa0>>, mixin_verb=('build',))
[0.262s] Level 1:colcon.colcon_core.package_discovery:discover_packages(colcon_meta) check parameters
[0.262s] Level 1:colcon.colcon_core.package_discovery:discover_packages(recursive) check parameters
[0.263s] Level 1:colcon.colcon_core.package_discovery:discover_packages(ignore) check parameters
[0.263s] Level 1:colcon.colcon_core.package_discovery:discover_packages(path) check parameters
[0.263s] Level 1:colcon.colcon_core.package_discovery:discover_packages(colcon_meta) discover
[0.263s] Level 1:colcon.colcon_core.package_discovery:discover_packages(recursive) discover
[0.263s] INFO:colcon.colcon_core.package_discovery:Crawling recursively for packages in '/home/sudhindra/irc_2025/rover_essentials'
[0.263s] Level 1:colcon.colcon_core.package_identification:_identify(.) by extensions ['ignore', 'ignore_ament_install']
[0.263s] Level 1:colcon.colcon_core.package_identification:_identify(.) by extension 'ignore'
[0.263s] Level 1:colcon.colcon_core.package_identification:_identify(.) by extension 'ignore_ament_install'
[0.263s] Level 1:colcon.colcon_core.package_identification:_identify(.) by extensions ['colcon_pkg']
[0.263s] Level 1:colcon.colcon_core.package_identification:_identify(.) by extension 'colcon_pkg'
[0.263s] Level 1:colcon.colcon_core.package_identification:_identify(.) by extensions ['colcon_meta']
[0.263s] Level 1:colcon.colcon_core.package_identification:_identify(.) by extension 'colcon_meta'
[0.263s] Level 1:colcon.colcon_core.package_identification:_identify(.) by extensions ['ros']
[0.263s] Level 1:colcon.colcon_core.package_identification:_identify(.) by extension 'ros'
[0.279s] Level 1:colcon.colcon_core.package_identification:_identify(.) by extensions ['cmake', 'python']
[0.279s] Level 1:colcon.colcon_core.package_identification:_identify(.) by extension 'cmake'
[0.279s] Level 1:colcon.colcon_core.package_identification:_identify(.) by extension 'python'
[0.279s] Level 1:colcon.colcon_core.package_identification:_identify(.) by extensions ['python_setup_py']
[0.280s] Level 1:colcon.colcon_core.package_identification:_identify(.) by extension 'python_setup_py'
[0.280s] Level 1:colcon.colcon_core.package_identification:_identify(build) by extensions ['ignore', 'ignore_ament_install']
[0.280s] Level 1:colcon.colcon_core.package_identification:_identify(build) by extension 'ignore'
[0.280s] Level 1:colcon.colcon_core.package_identification:_identify(build) ignored
[0.280s] Level 1:colcon.colcon_core.package_identification:_identify(install) by extensions ['ignore', 'ignore_ament_install']
[0.280s] Level 1:colcon.colcon_core.package_identification:_identify(install) by extension 'ignore'
[0.280s] Level 1:colcon.colcon_core.package_identification:_identify(install) ignored
[0.280s] Level 1:colcon.colcon_core.package_identification:_identify(log) by extensions ['ignore', 'ignore_ament_install']
[0.280s] Level 1:colcon.colcon_core.package_identification:_identify(log) by extension 'ignore'
[0.280s] Level 1:colcon.colcon_core.package_identification:_identify(log) ignored
[0.280s] Level 1:colcon.colcon_core.package_identification:_identify(src) by extensions ['ignore', 'ignore_ament_install']
[0.280s] Level 1:colcon.colcon_core.package_identification:_identify(src) by extension 'ignore'
[0.280s] Level 1:colcon.colcon_core.package_identification:_identify(src) by extension 'ignore_ament_install'
[0.280s] Level 1:colcon.colcon_core.package_identification:_identify(src) by extensions ['colcon_pkg']
[0.281s] Level 1:colcon.colcon_core.package_identification:_identify(src) by extension 'colcon_pkg'
[0.281s] Level 1:colcon.colcon_core.package_identification:_identify(src) by extensions ['colcon_meta']
[0.281s] Level 1:colcon.colcon_core.package_identification:_identify(src) by extension 'colcon_meta'
[0.281s] Level 1:colcon.colcon_core.package_identification:_identify(src) by extensions ['ros']
[0.281s] Level 1:colcon.colcon_core.package_identification:_identify(src) by extension 'ros'
[0.281s] Level 1:colcon.colcon_core.package_identification:_identify(src) by extensions ['cmake', 'python']
[0.281s] Level 1:colcon.colcon_core.package_identification:_identify(src) by extension 'cmake'
[0.281s] Level 1:colcon.colcon_core.package_identification:_identify(src) by extension 'python'
[0.281s] Level 1:colcon.colcon_core.package_identification:_identify(src) by extensions ['python_setup_py']
[0.281s] Level 1:colcon.colcon_core.package_identification:_identify(src) by extension 'python_setup_py'
[0.281s] Level 1:colcon.colcon_core.package_identification:_identify(src/auto_bridge) by extensions ['ignore', 'ignore_ament_install']
[0.281s] Level 1:colcon.colcon_core.package_identification:_identify(src/auto_bridge) by extension 'ignore'
[0.281s] Level 1:colcon.colcon_core.package_identification:_identify(src/auto_bridge) by extension 'ignore_ament_install'
[0.281s] Level 1:colcon.colcon_core.package_identification:_identify(src/auto_bridge) by extensions ['colcon_pkg']
[0.281s] Level 1:colcon.colcon_core.package_identification:_identify(src/auto_bridge) by extension 'colcon_pkg'
[0.281s] Level 1:colcon.colcon_core.package_identification:_identify(src/auto_bridge) by extensions ['colcon_meta']
[0.281s] Level 1:colcon.colcon_core.package_identification:_identify(src/auto_bridge) by extension 'colcon_meta'
[0.281s] Level 1:colcon.colcon_core.package_identification:_identify(src/auto_bridge) by extensions ['ros']
[0.281s] Level 1:colcon.colcon_core.package_identification:_identify(src/auto_bridge) by extension 'ros'
[0.283s] DEBUG:colcon.colcon_core.package_identification:Package 'src/auto_bridge' with type 'ros.ament_python' and name 'auto_bridge'
[0.283s] Level 1:colcon.colcon_core.package_identification:_identify(src/bio_drill) by extensions ['ignore', 'ignore_ament_install']
[0.283s] Level 1:colcon.colcon_core.package_identification:_identify(src/bio_drill) by extension 'ignore'
[0.283s] Level 1:colcon.colcon_core.package_identification:_identify(src/bio_drill) by extension 'ignore_ament_install'
[0.283s] Level 1:colcon.colcon_core.package_identification:_identify(src/bio_drill) by extensions ['colcon_pkg']
[0.283s] Level 1:colcon.colcon_core.package_identification:_identify(src/bio_drill) by extension 'colcon_pkg'
[0.283s] Level 1:colcon.colcon_core.package_identification:_identify(src/bio_drill) by extensions ['colcon_meta']
[0.283s] Level 1:colcon.colcon_core.package_identification:_identify(src/bio_drill) by extension 'colcon_meta'
[0.284s] Level 1:colcon.colcon_core.package_identification:_identify(src/bio_drill) by extensions ['ros']
[0.284s] Level 1:colcon.colcon_core.package_identification:_identify(src/bio_drill) by extension 'ros'
[0.284s] DEBUG:colcon.colcon_core.package_identification:Package 'src/bio_drill' with type 'ros.ament_python' and name 'bio_drill'
[0.284s] Level 1:colcon.colcon_core.package_identification:_identify(src/bio_package) by extensions ['ignore', 'ignore_ament_install']
[0.284s] Level 1:colcon.colcon_core.package_identification:_identify(src/bio_package) by extension 'ignore'
[0.284s] Level 1:colcon.colcon_core.package_identification:_identify(src/bio_package) by extension 'ignore_ament_install'
[0.284s] Level 1:colcon.colcon_core.package_identification:_identify(src/bio_package) by extensions ['colcon_pkg']
[0.284s] Level 1:colcon.colcon_core.package_identification:_identify(src/bio_package) by extension 'colcon_pkg'
[0.284s] Level 1:colcon.colcon_core.package_identification:_identify(src/bio_package) by extensions ['colcon_meta']
[0.284s] Level 1:colcon.colcon_core.package_identification:_identify(src/bio_package) by extension 'colcon_meta'
[0.284s] Level 1:colcon.colcon_core.package_identification:_identify(src/bio_package) by extensions ['ros']
[0.284s] Level 1:colcon.colcon_core.package_identification:_identify(src/bio_package) by extension 'ros'
[0.285s] DEBUG:colcon.colcon_core.package_identification:Package 'src/bio_package' with type 'ros.ament_python' and name 'bio_package'
[0.285s] Level 1:colcon.colcon_core.package_identification:_identify(src/fpv_pkg) by extensions ['ignore', 'ignore_ament_install']
[0.285s] Level 1:colcon.colcon_core.package_identification:_identify(src/fpv_pkg) by extension 'ignore'
[0.285s] Level 1:colcon.colcon_core.package_identification:_identify(src/fpv_pkg) by extension 'ignore_ament_install'
[0.285s] Level 1:colcon.colcon_core.package_identification:_identify(src/fpv_pkg) by extensions ['colcon_pkg']
[0.285s] Level 1:colcon.colcon_core.package_identification:_identify(src/fpv_pkg) by extension 'colcon_pkg'
[0.285s] Level 1:colcon.colcon_core.package_identification:_identify(src/fpv_pkg) by extensions ['colcon_meta']
[0.285s] Level 1:colcon.colcon_core.package_identification:_identify(src/fpv_pkg) by extension 'colcon_meta'
[0.285s] Level 1:colcon.colcon_core.package_identification:_identify(src/fpv_pkg) by extensions ['ros']
[0.285s] Level 1:colcon.colcon_core.package_identification:_identify(src/fpv_pkg) by extension 'ros'
[0.286s] DEBUG:colcon.colcon_core.package_identification:Package 'src/fpv_pkg' with type 'ros.ament_python' and name 'fpv_pkg'
[0.286s] Level 1:colcon.colcon_core.package_identification:_identify(src/joy_can) by extensions ['ignore', 'ignore_ament_install']
[0.286s] Level 1:colcon.colcon_core.package_identification:_identify(src/joy_can) by extension 'ignore'
[0.286s] Level 1:colcon.colcon_core.package_identification:_identify(src/joy_can) by extension 'ignore_ament_install'
[0.286s] Level 1:colcon.colcon_core.package_identification:_identify(src/joy_can) by extensions ['colcon_pkg']
[0.286s] Level 1:colcon.colcon_core.package_identification:_identify(src/joy_can) by extension 'colcon_pkg'
[0.286s] Level 1:colcon.colcon_core.package_identification:_identify(src/joy_can) by extensions ['colcon_meta']
[0.286s] Level 1:colcon.colcon_core.package_identification:_identify(src/joy_can) by extension 'colcon_meta'
[0.286s] Level 1:colcon.colcon_core.package_identification:_identify(src/joy_can) by extensions ['ros']
[0.286s] Level 1:colcon.colcon_core.package_identification:_identify(src/joy_can) by extension 'ros'
[0.287s] DEBUG:colcon.colcon_core.package_identification:Package 'src/joy_can' with type 'ros.ament_python' and name 'joy_can'
[0.287s] Level 1:colcon.colcon_core.package_identification:_identify(src/msg_interfaces) by extensions ['ignore', 'ignore_ament_install']
[0.287s] Level 1:colcon.colcon_core.package_identification:_identify(src/msg_interfaces) by extension 'ignore'
[0.287s] Level 1:colcon.colcon_core.package_identification:_identify(src/msg_interfaces) by extension 'ignore_ament_install'
[0.287s] Level 1:colcon.colcon_core.package_identification:_identify(src/msg_interfaces) by extensions ['colcon_pkg']
[0.287s] Level 1:colcon.colcon_core.package_identification:_identify(src/msg_interfaces) by extension 'colcon_pkg'
[0.287s] Level 1:colcon.colcon_core.package_identification:_identify(src/msg_interfaces) by extensions ['colcon_meta']
[0.287s] Level 1:colcon.colcon_core.package_identification:_identify(src/msg_interfaces) by extension 'colcon_meta'
[0.287s] Level 1:colcon.colcon_core.package_identification:_identify(src/msg_interfaces) by extensions ['ros']
[0.287s] Level 1:colcon.colcon_core.package_identification:_identify(src/msg_interfaces) by extension 'ros'
[0.288s] DEBUG:colcon.colcon_core.package_identification:Package 'src/msg_interfaces' with type 'ros.ament_cmake' and name 'msg_interfaces'
[0.288s] Level 1:colcon.colcon_core.package_identification:_identify(src/realsense_servo) by extensions ['ignore', 'ignore_ament_install']
[0.288s] Level 1:colcon.colcon_core.package_identification:_identify(src/realsense_servo) by extension 'ignore'
[0.288s] Level 1:colcon.colcon_core.package_identification:_identify(src/realsense_servo) by extension 'ignore_ament_install'
[0.288s] Level 1:colcon.colcon_core.package_identification:_identify(src/realsense_servo) by extensions ['colcon_pkg']
[0.288s] Level 1:colcon.colcon_core.package_identification:_identify(src/realsense_servo) by extension 'colcon_pkg'
[0.288s] Level 1:colcon.colcon_core.package_identification:_identify(src/realsense_servo) by extensions ['colcon_meta']
[0.288s] Level 1:colcon.colcon_core.package_identification:_identify(src/realsense_servo) by extension 'colcon_meta'
[0.288s] Level 1:colcon.colcon_core.package_identification:_identify(src/realsense_servo) by extensions ['ros']
[0.288s] Level 1:colcon.colcon_core.package_identification:_identify(src/realsense_servo) by extension 'ros'
[0.289s] DEBUG:colcon.colcon_core.package_identification:Package 'src/realsense_servo' with type 'ros.ament_python' and name 'realsense_servo'
[0.289s] Level 1:colcon.colcon_core.package_discovery:discover_packages(recursive) using defaults
[0.289s] Level 1:colcon.colcon_core.package_discovery:discover_packages(ignore) discover
[0.289s] Level 1:colcon.colcon_core.package_discovery:discover_packages(ignore) using defaults
[0.289s] Level 1:colcon.colcon_core.package_discovery:discover_packages(path) discover
[0.289s] Level 1:colcon.colcon_core.package_discovery:discover_packages(path) using defaults
[0.305s] Level 1:colcon.colcon_core.package_discovery:discover_packages(prefix_path) check parameters
[0.305s] Level 1:colcon.colcon_core.package_discovery:discover_packages(prefix_path) discover
[0.308s] DEBUG:colcon.colcon_installed_package_information.package_discovery:Found 382 installed packages in /opt/ros/humble
[0.309s] Level 1:colcon.colcon_core.package_discovery:discover_packages(prefix_path) using defaults
[0.347s] Level 5:colcon.colcon_core.verb:set package 'auto_bridge' build argument 'cmake_args' from command line to 'None'
[0.347s] Level 5:colcon.colcon_core.verb:set package 'auto_bridge' build argument 'cmake_target' from command line to 'None'
[0.347s] Level 5:colcon.colcon_core.verb:set package 'auto_bridge' build argument 'cmake_target_skip_unavailable' from command line to 'False'
[0.347s] Level 5:colcon.colcon_core.verb:set package 'auto_bridge' build argument 'cmake_clean_cache' from command line to 'False'
[0.347s] Level 5:colcon.colcon_core.verb:set package 'auto_bridge' build argument 'cmake_clean_first' from command line to 'False'
[0.347s] Level 5:colcon.colcon_core.verb:set package 'auto_bridge' build argument 'cmake_force_configure' from command line to 'False'
[0.347s] Level 5:colcon.colcon_core.verb:set package 'auto_bridge' build argument 'ament_cmake_args' from command line to 'None'
[0.347s] Level 5:colcon.colcon_core.verb:set package 'auto_bridge' build argument 'catkin_cmake_args' from command line to 'None'
[0.347s] Level 5:colcon.colcon_core.verb:set package 'auto_bridge' build argument 'catkin_skip_building_tests' from command line to 'False'
[0.347s] DEBUG:colcon.colcon_core.verb:Building package 'auto_bridge' with the following arguments: {'ament_cmake_args': None, 'build_base': '/home/sudhindra/irc_2025/rover_essentials/build/auto_bridge', 'catkin_cmake_args': None, 'catkin_skip_building_tests': False, 'cmake_args': None, 'cmake_clean_cache': False, 'cmake_clean_first': False, 'cmake_force_configure': False, 'cmake_target': None, 'cmake_target_skip_unavailable': False, 'install_base': '/home/sudhindra/irc_2025/rover_essentials/install/auto_bridge', 'merge_install': False, 'path': '/home/sudhindra/irc_2025/rover_essentials/src/auto_bridge', 'symlink_install': False, 'test_result_base': None}
[0.347s] Level 5:colcon.colcon_core.verb:set package 'bio_drill' build argument 'cmake_args' from command line to 'None'
[0.347s] Level 5:colcon.colcon_core.verb:set package 'bio_drill' build argument 'cmake_target' from command line to 'None'
[0.347s] Level 5:colcon.colcon_core.verb:set package 'bio_drill' build argument 'cmake_target_skip_unavailable' from command line to 'False'
[0.347s] Level 5:colcon.colcon_core.verb:set package 'bio_drill' build argument 'cmake_clean_cache' from command line to 'False'
[0.347s] Level 5:colcon.colcon_core.verb:set package 'bio_drill' build argument 'cmake_clean_first' from command line to 'False'
[0.347s] Level 5:colcon.colcon_core.verb:set package 'bio_drill' build argument 'cmake_force_configure' from command line to 'False'
[0.347s] Level 5:colcon.colcon_core.verb:set package 'bio_drill' build argument 'ament_cmake_args' from command line to 'None'
[0.347s] Level 5:colcon.colcon_core.verb:set package 'bio_drill' build argument 'catkin_cmake_args' from command line to 'None'
[0.347s] Level 5:colcon.colcon_core.verb:set package 'bio_drill' build argument 'catkin_skip_building_tests' from command line to 'False'
[0.347s] DEBUG:colcon.colcon_core.verb:Building package 'bio_drill' with the following arguments: {'ament_cmake_args': None, 'build_base': '/home/sudhindra/irc_2025/rover_essentials/build/bio_drill', 'catkin_cmake_args': None, 'catkin_skip_building_tests': False, 'cmake_args': None, 'cmake_clean_cache': False, 'cmake_clean_first': False, 'cmake_force_configure': False, 'cmake_target': None, 'cmake_target_skip_unavailable': False, 'install_base': '/home/sudhindra/irc_2025/rover_essentials/install/bio_drill', 'merge_install': False, 'path': '/home/sudhindra/irc_2025/rover_essentials/src/bio_drill', 'symlink_install': False, 'test_result_base': None}
[0.348s] Level 5:colcon.colcon_core.verb:set package 'bio_package' build argument 'cmake_args' from command line to 'None'
[0.348s] Level 5:colcon.colcon_core.verb:set package 'bio_package' build argument 'cmake_target' from command line to 'None'
[0.348s] Level 5:colcon.colcon_core.verb:set package 'bio_package' build argument 'cmake_target_skip_unavailable' from command line to 'False'
[0.348s] Level 5:colcon.colcon_core.verb:set package 'bio_package' build argument 'cmake_clean_cache' from command line to 'False'
[0.348s] Level 5:colcon.colcon_core.verb:set package 'bio_package' build argument 'cmake_clean_first' from command line to 'False'
[0.348s] Level 5:colcon.colcon_core.verb:set package 'bio_package' build argument 'cmake_force_configure' from command line to 'False'
[0.348s] Level 5:colcon.colcon_core.verb:set package 'bio_package' build argument 'ament_cmake_args' from command line to 'None'
[0.348s] Level 5:colcon.colcon_core.verb:set package 'bio_package' build argument 'catkin_cmake_args' from command line to 'None'
[0.348s] Level 5:colcon.colcon_core.verb:set package 'bio_package' build argument 'catkin_skip_building_tests' from command line to 'False'
[0.348s] DEBUG:colcon.colcon_core.verb:Building package 'bio_package' with the following arguments: {'ament_cmake_args': None, 'build_base': '/home/sudhindra/irc_2025/rover_essentials/build/bio_package', 'catkin_cmake_args': None, 'catkin_skip_building_tests': False, 'cmake_args': None, 'cmake_clean_cache': False, 'cmake_clean_first': False, 'cmake_force_configure': False, 'cmake_target': None, 'cmake_target_skip_unavailable': False, 'install_base': '/home/sudhindra/irc_2025/rover_essentials/install/bio_package', 'merge_install': False, 'path': '/home/sudhindra/irc_2025/rover_essentials/src/bio_package', 'symlink_install': False, 'test_result_base': None}
[0.348s] Level 5:colcon.colcon_core.verb:set package 'fpv_pkg' build argument 'cmake_args' from command line to 'None'
[0.348s] Level 5:colcon.colcon_core.verb:set package 'fpv_pkg' build argument 'cmake_target' from command line to 'None'
[0.348s] Level 5:colcon.colcon_core.verb:set package 'fpv_pkg' build argument 'cmake_target_skip_unavailable' from command line to 'False'
[0.348s] Level 5:colcon.colcon_core.verb:set package 'fpv_pkg' build argument 'cmake_clean_cache' from command line to 'False'
[0.348s] Level 5:colcon.colcon_core.verb:set package 'fpv_pkg' build argument 'cmake_clean_first' from command line to 'False'
[0.348s] Level 5:colcon.colcon_core.verb:set package 'fpv_pkg' build argument 'cmake_force_configure' from command line to 'False'
[0.348s] Level 5:colcon.colcon_core.verb:set package 'fpv_pkg' build argument 'ament_cmake_args' from command line to 'None'
[0.348s] Level 5:colcon.colcon_core.verb:set package 'fpv_pkg' build argument 'catkin_cmake_args' from command line to 'None'
[0.348s] Level 5:colcon.colcon_core.verb:set package 'fpv_pkg' build argument 'catkin_skip_building_tests' from command line to 'False'
[0.348s] DEBUG:colcon.colcon_core.verb:Building package 'fpv_pkg' with the following arguments: {'ament_cmake_args': None, 'build_base': '/home/sudhindra/irc_2025/rover_essentials/build/fpv_pkg', 'catkin_cmake_args': None, 'catkin_skip_building_tests': False, 'cmake_args': None, 'cmake_clean_cache': False, 'cmake_clean_first': False, 'cmake_force_configure': False, 'cmake_target': None, 'cmake_target_skip_unavailable': False, 'install_base': '/home/sudhindra/irc_2025/rover_essentials/install/fpv_pkg', 'merge_install': False, 'path': '/home/sudhindra/irc_2025/rover_essentials/src/fpv_pkg', 'symlink_install': False, 'test_result_base': None}
[0.349s] Level 5:colcon.colcon_core.verb:set package 'joy_can' build argument 'cmake_args' from command line to 'None'
[0.349s] Level 5:colcon.colcon_core.verb:set package 'joy_can' build argument 'cmake_target' from command line to 'None'
[0.349s] Level 5:colcon.colcon_core.verb:set package 'joy_can' build argument 'cmake_target_skip_unavailable' from command line to 'False'
[0.349s] Level 5:colcon.colcon_core.verb:set package 'joy_can' build argument 'cmake_clean_cache' from command line to 'False'
[0.349s] Level 5:colcon.colcon_core.verb:set package 'joy_can' build argument 'cmake_clean_first' from command line to 'False'
[0.349s] Level 5:colcon.colcon_core.verb:set package 'joy_can' build argument 'cmake_force_configure' from command line to 'False'
[0.349s] Level 5:colcon.colcon_core.verb:set package 'joy_can' build argument 'ament_cmake_args' from command line to 'None'
[0.349s] Level 5:colcon.colcon_core.verb:set package 'joy_can' build argument 'catkin_cmake_args' from command line to 'None'
[0.349s] Level 5:colcon.colcon_core.verb:set package 'joy_can' build argument 'catkin_skip_building_tests' from command line to 'False'
[0.349s] DEBUG:colcon.colcon_core.verb:Building package 'joy_can' with the following arguments: {'ament_cmake_args': None, 'build_base': '/home/sudhindra/irc_2025/rover_essentials/build/joy_can', 'catkin_cmake_args': None, 'catkin_skip_building_tests': False, 'cmake_args': None, 'cmake_clean_cache': False, 'cmake_clean_first': False, 'cmake_force_configure': False, 'cmake_target': None, 'cmake_target_skip_unavailable': False, 'install_base': '/home/sudhindra/irc_2025/rover_essentials/install/joy_can', 'merge_install': False, 'path': '/home/sudhindra/irc_2025/rover_essentials/src/joy_can', 'symlink_install': False, 'test_result_base': None}
[0.349s] Level 5:colcon.colcon_core.verb:set package 'msg_interfaces' build argument 'cmake_args' from command line to 'None'
[0.349s] Level 5:colcon.colcon_core.verb:set package 'msg_interfaces' build argument 'cmake_target' from command line to 'None'
[0.349s] Level 5:colcon.colcon_core.verb:set package 'msg_interfaces' build argument 'cmake_target_skip_unavailable' from command line to 'False'
[0.349s] Level 5:colcon.colcon_core.verb:set package 'msg_interfaces' build argument 'cmake_clean_cache' from command line to 'False'
[0.349s] Level 5:colcon.colcon_core.verb:set package 'msg_interfaces' build argument 'cmake_clean_first' from command line to 'False'
[0.349s] Level 5:colcon.colcon_core.verb:set package 'msg_interfaces' build argument 'cmake_force_configure' from command line to 'False'
[0.349s] Level 5:colcon.colcon_core.verb:set package 'msg_interfaces' build argument 'ament_cmake_args' from command line to 'None'
[0.349s] Level 5:colcon.colcon_core.verb:set package 'msg_interfaces' build argument 'catkin_cmake_args' from command line to 'None'
[0.349s] Level 5:colcon.colcon_core.verb:set package 'msg_interfaces' build argument 'catkin_skip_building_tests' from command line to 'False'
[0.349s] DEBUG:colcon.colcon_core.verb:Building package 'msg_interfaces' with the following arguments: {'ament_cmake_args': None, 'build_base': '/home/sudhindra/irc_2025/rover_essentials/build/msg_interfaces', 'catkin_cmake_args': None, 'catkin_skip_building_tests': False, 'cmake_args': None, 'cmake_clean_cache': False, 'cmake_clean_first': False, 'cmake_force_configure': False, 'cmake_target': None, 'cmake_target_skip_unavailable': False, 'install_base': '/home/sudhindra/irc_2025/rover_essentials/install/msg_interfaces', 'merge_install': False, 'path': '/home/sudhindra/irc_2025/rover_essentials/src/msg_interfaces', 'symlink_install': False, 'test_result_base': None}
[0.350s] Level 5:colcon.colcon_core.verb:set package 'realsense_servo' build argument 'cmake_args' from command line to 'None'
[0.350s] Level 5:colcon.colcon_core.verb:set package 'realsense_servo' build argument 'cmake_target' from command line to 'None'
[0.350s] Level 5:colcon.colcon_core.verb:set package 'realsense_servo' build argument 'cmake_target_skip_unavailable' from command line to 'False'
[0.350s] Level 5:colcon.colcon_core.verb:set package 'realsense_servo' build argument 'cmake_clean_cache' from command line to 'False'
[0.350s] Level 5:colcon.colcon_core.verb:set package 'realsense_servo' build argument 'cmake_clean_first' from command line to 'False'
[0.350s] Level 5:colcon.colcon_core.verb:set package 'realsense_servo' build argument 'cmake_force_configure' from command line to 'False'
[0.350s] Level 5:colcon.colcon_core.verb:set package 'realsense_servo' build argument 'ament_cmake_args' from command line to 'None'
[0.350s] Level 5:colcon.colcon_core.verb:set package 'realsense_servo' build argument 'catkin_cmake_args' from command line to 'None'
[0.350s] Level 5:colcon.colcon_core.verb:set package 'realsense_servo' build argument 'catkin_skip_building_tests' from command line to 'False'
[0.350s] DEBUG:colcon.colcon_core.verb:Building package 'realsense_servo' with the following arguments: {'ament_cmake_args': None, 'build_base': '/home/sudhindra/irc_2025/rover_essentials/build/realsense_servo', 'catkin_cmake_args': None, 'catkin_skip_building_tests': False, 'cmake_args': None, 'cmake_clean_cache': False, 'cmake_clean_first': False, 'cmake_force_configure': False, 'cmake_target': None, 'cmake_target_skip_unavailable': False, 'install_base': '/home/sudhindra/irc_2025/rover_essentials/install/realsense_servo', 'merge_install': False, 'path': '/home/sudhindra/irc_2025/rover_essentials/src/realsense_servo', 'symlink_install': False, 'test_result_base': None}
[0.350s] INFO:colcon.colcon_core.executor:Executing jobs using 'parallel' executor
[0.351s] DEBUG:colcon.colcon_parallel_executor.executor.parallel:run_until_complete
[0.351s] INFO:colcon.colcon_ros.task.ament_python.build:Building ROS package in '/home/sudhindra/irc_2025/rover_essentials/src/auto_bridge' with build type 'ament_python'
[0.351s] Level 1:colcon.colcon_core.shell:create_environment_hook('auto_bridge', 'ament_prefix_path')
[0.353s] INFO:colcon.colcon_core.plugin_system:Skipping extension 'colcon_core.shell.bat': Not used on non-Windows systems
[0.353s] INFO:colcon.colcon_core.shell:Creating environment hook '/home/sudhindra/irc_2025/rover_essentials/install/auto_bridge/share/auto_bridge/hook/ament_prefix_path.ps1'
[0.354s] INFO:colcon.colcon_core.shell:Creating environment descriptor '/home/sudhindra/irc_2025/rover_essentials/install/auto_bridge/share/auto_bridge/hook/ament_prefix_path.dsv'
[0.354s] INFO:colcon.colcon_core.shell:Creating environment hook '/home/sudhindra/irc_2025/rover_essentials/install/auto_bridge/share/auto_bridge/hook/ament_prefix_path.sh'
[0.355s] INFO:colcon.colcon_core.shell:Skip shell extension 'powershell' for command environment: Not usable outside of PowerShell
[0.355s] DEBUG:colcon.colcon_core.shell:Skip shell extension 'dsv' for command environment
[0.358s] INFO:colcon.colcon_ros.task.ament_python.build:Building ROS package in '/home/sudhindra/irc_2025/rover_essentials/src/bio_drill' with build type 'ament_python'
[0.358s] Level 1:colcon.colcon_core.shell:create_environment_hook('bio_drill', 'ament_prefix_path')
[0.358s] INFO:colcon.colcon_core.shell:Creating environment hook '/home/sudhindra/irc_2025/rover_essentials/install/bio_drill/share/bio_drill/hook/ament_prefix_path.ps1'
[0.359s] INFO:colcon.colcon_core.shell:Creating environment descriptor '/home/sudhindra/irc_2025/rover_essentials/install/bio_drill/share/bio_drill/hook/ament_prefix_path.dsv'
[0.359s] INFO:colcon.colcon_core.shell:Creating environment hook '/home/sudhindra/irc_2025/rover_essentials/install/bio_drill/share/bio_drill/hook/ament_prefix_path.sh'
[0.360s] INFO:colcon.colcon_core.shell:Skip shell extension 'powershell' for command environment: Not usable outside of PowerShell
[0.360s] DEBUG:colcon.colcon_core.shell:Skip shell extension 'dsv' for command environment
[0.362s] INFO:colcon.colcon_ros.task.ament_python.build:Building ROS package in '/home/sudhindra/irc_2025/rover_essentials/src/bio_package' with build type 'ament_python'
[0.362s] Level 1:colcon.colcon_core.shell:create_environment_hook('bio_package', 'ament_prefix_path')
[0.362s] INFO:colcon.colcon_core.shell:Creating environment hook '/home/sudhindra/irc_2025/rover_essentials/install/bio_package/share/bio_package/hook/ament_prefix_path.ps1'
[0.362s] INFO:colcon.colcon_core.shell:Creating environment descriptor '/home/sudhindra/irc_2025/rover_essentials/install/bio_package/share/bio_package/hook/ament_prefix_path.dsv'
[0.363s] INFO:colcon.colcon_core.shell:Creating environment hook '/home/sudhindra/irc_2025/rover_essentials/install/bio_package/share/bio_package/hook/ament_prefix_path.sh'
[0.363s] INFO:colcon.colcon_core.shell:Skip shell extension 'powershell' for command environment: Not usable outside of PowerShell
[0.363s] DEBUG:colcon.colcon_core.shell:Skip shell extension 'dsv' for command environment
[0.366s] INFO:colcon.colcon_ros.task.ament_python.build:Building ROS package in '/home/sudhindra/irc_2025/rover_essentials/src/fpv_pkg' with build type 'ament_python'
[0.366s] Level 1:colcon.colcon_core.shell:create_environment_hook('fpv_pkg', 'ament_prefix_path')
[0.366s] INFO:colcon.colcon_core.shell:Creating environment hook '/home/sudhindra/irc_2025/rover_essentials/install/fpv_pkg/share/fpv_pkg/hook/ament_prefix_path.ps1'
[0.367s] INFO:colcon.colcon_core.shell:Creating environment descriptor '/home/sudhindra/irc_2025/rover_essentials/install/fpv_pkg/share/fpv_pkg/hook/ament_prefix_path.dsv'
[0.367s] INFO:colcon.colcon_core.shell:Creating environment hook '/home/sudhindra/irc_2025/rover_essentials/install/fpv_pkg/share/fpv_pkg/hook/ament_prefix_path.sh'
[0.368s] INFO:colcon.colcon_core.shell:Skip shell extension 'powershell' for command environment: Not usable outside of PowerShell
[0.368s] DEBUG:colcon.colcon_core.shell:Skip shell extension 'dsv' for command environment
[0.370s] INFO:colcon.colcon_ros.task.ament_python.build:Building ROS package in '/home/sudhindra/irc_2025/rover_essentials/src/joy_can' with build type 'ament_python'
[0.370s] Level 1:colcon.colcon_core.shell:create_environment_hook('joy_can', 'ament_prefix_path')
[0.370s] INFO:colcon.colcon_core.shell:Creating environment hook '/home/sudhindra/irc_2025/rover_essentials/install/joy_can/share/joy_can/hook/ament_prefix_path.ps1'
[0.371s] INFO:colcon.colcon_core.shell:Creating environment descriptor '/home/sudhindra/irc_2025/rover_essentials/install/joy_can/share/joy_can/hook/ament_prefix_path.dsv'
[0.371s] INFO:colcon.colcon_core.shell:Creating environment hook '/home/sudhindra/irc_2025/rover_essentials/install/joy_can/share/joy_can/hook/ament_prefix_path.sh'
[0.372s] INFO:colcon.colcon_core.shell:Skip shell extension 'powershell' for command environment: Not usable outside of PowerShell
[0.372s] DEBUG:colcon.colcon_core.shell:Skip shell extension 'dsv' for command environment
[0.375s] INFO:colcon.colcon_ros.task.ament_cmake.build:Building ROS package in '/home/sudhindra/irc_2025/rover_essentials/src/msg_interfaces' with build type 'ament_cmake'
[0.375s] INFO:colcon.colcon_cmake.task.cmake.build:Building CMake package in '/home/sudhindra/irc_2025/rover_essentials/src/msg_interfaces'
[0.375s] INFO:colcon.colcon_core.shell:Skip shell extension 'powershell' for command environment: Not usable outside of PowerShell
[0.375s] DEBUG:colcon.colcon_core.shell:Skip shell extension 'dsv' for command environment
[0.378s] INFO:colcon.colcon_ros.task.ament_python.build:Building ROS package in '/home/sudhindra/irc_2025/rover_essentials/src/realsense_servo' with build type 'ament_python'
[0.378s] Level 1:colcon.colcon_core.shell:create_environment_hook('realsense_servo', 'ament_prefix_path')
[0.379s] INFO:colcon.colcon_core.shell:Creating environment hook '/home/sudhindra/irc_2025/rover_essentials/install/realsense_servo/share/realsense_servo/hook/ament_prefix_path.ps1'
[0.379s] INFO:colcon.colcon_core.shell:Creating environment descriptor '/home/sudhindra/irc_2025/rover_essentials/install/realsense_servo/share/realsense_servo/hook/ament_prefix_path.dsv'
[0.380s] INFO:colcon.colcon_core.shell:Creating environment hook '/home/sudhindra/irc_2025/rover_essentials/install/realsense_servo/share/realsense_servo/hook/ament_prefix_path.sh'
[0.380s] INFO:colcon.colcon_core.shell:Skip shell extension 'powershell' for command environment: Not usable outside of PowerShell
[0.380s] DEBUG:colcon.colcon_core.shell:Skip shell extension 'dsv' for command environment
[0.619s] INFO:colcon.colcon_core.task.python.build:Building Python package in '/home/sudhindra/irc_2025/rover_essentials/src/auto_bridge'
[0.620s] INFO:colcon.colcon_core.shell:Skip shell extension 'powershell' for command environment: Not usable outside of PowerShell
[0.620s] DEBUG:colcon.colcon_core.shell:Skip shell extension 'dsv' for command environment
[0.885s] INFO:colcon.colcon_core.task.python.build:Building Python package in '/home/sudhindra/irc_2025/rover_essentials/src/bio_drill'
[0.885s] INFO:colcon.colcon_core.shell:Skip shell extension 'powershell' for command environment: Not usable outside of PowerShell
[0.886s] DEBUG:colcon.colcon_core.shell:Skip shell extension 'dsv' for command environment
[1.119s] INFO:colcon.colcon_core.task.python.build:Building Python package in '/home/sudhindra/irc_2025/rover_essentials/src/bio_package'
[1.119s] INFO:colcon.colcon_core.shell:Skip shell extension 'powershell' for command environment: Not usable outside of PowerShell
[1.119s] DEBUG:colcon.colcon_core.shell:Skip shell extension 'dsv' for command environment
[1.352s] INFO:colcon.colcon_core.task.python.build:Building Python package in '/home/sudhindra/irc_2025/rover_essentials/src/fpv_pkg'
[1.352s] INFO:colcon.colcon_core.shell:Skip shell extension 'powershell' for command environment: Not usable outside of PowerShell
[1.352s] DEBUG:colcon.colcon_core.shell:Skip shell extension 'dsv' for command environment
[1.585s] INFO:colcon.colcon_core.task.python.build:Building Python package in '/home/sudhindra/irc_2025/rover_essentials/src/joy_can'
[1.586s] INFO:colcon.colcon_core.shell:Skip shell extension 'powershell' for command environment: Not usable outside of PowerShell
[1.586s] DEBUG:colcon.colcon_core.shell:Skip shell extension 'dsv' for command environment
[1.592s] DEBUG:colcon.colcon_core.event_handler.log_command:Invoking command in '/home/sudhindra/irc_2025/rover_essentials/build/msg_interfaces': CMAKE_PREFIX_PATH=${CMAKE_PREFIX_PATH}:/opt/ros/humble /usr/bin/cmake /home/sudhindra/irc_2025/rover_essentials/src/msg_interfaces -DCMAKE_INSTALL_PREFIX=/home/sudhindra/irc_2025/rover_essentials/install/msg_interfaces
[1.873s] INFO:colcon.colcon_core.task.python.build:Building Python package in '/home/sudhindra/irc_2025/rover_essentials/src/realsense_servo'
[1.873s] INFO:colcon.colcon_core.shell:Skip shell extension 'powershell' for command environment: Not usable outside of PowerShell
[1.873s] DEBUG:colcon.colcon_core.shell:Skip shell extension 'dsv' for command environment
[2.437s] DEBUG:colcon.colcon_core.event_handler.log_command:Invoking command in '/home/sudhindra/irc_2025/rover_essentials/src/bio_package': PYTHONPATH=/home/sudhindra/irc_2025/rover_essentials/build/bio_package/prefix_override:/usr/lib/python3/dist-packages/colcon_core/task/python/colcon_distutils_commands:/home/sudhindra/irc_2025/rover_essentials/install/bio_package/lib/python3.10/site-packages:${PYTHONPATH} /usr/bin/python3 -W ignore:setup.py install is deprecated setup.py egg_info --egg-base ../../build/bio_package build --build-base /home/sudhindra/irc_2025/rover_essentials/build/bio_package/build install --record /home/sudhindra/irc_2025/rover_essentials/build/bio_package/install.log --single-version-externally-managed install_data
[2.556s] DEBUG:colcon.colcon_core.event_handler.log_command:Invoking command in '/home/sudhindra/irc_2025/rover_essentials/src/fpv_pkg': PYTHONPATH=/home/sudhindra/irc_2025/rover_essentials/build/fpv_pkg/prefix_override:/usr/lib/python3/dist-packages/colcon_core/task/python/colcon_distutils_commands:/home/sudhindra/irc_2025/rover_essentials/install/fpv_pkg/lib/python3.10/site-packages:${PYTHONPATH} /usr/bin/python3 -W ignore:setup.py install is deprecated setup.py egg_info --egg-base ../../build/fpv_pkg build --build-base /home/sudhindra/irc_2025/rover_essentials/build/fpv_pkg/build install --record /home/sudhindra/irc_2025/rover_essentials/build/fpv_pkg/install.log --single-version-externally-managed install_data
[2.675s] DEBUG:colcon.colcon_core.event_handler.log_command:Invoking command in '/home/sudhindra/irc_2025/rover_essentials/src/auto_bridge': PYTHONPATH=/home/sudhindra/irc_2025/rover_essentials/build/auto_bridge/prefix_override:/usr/lib/python3/dist-packages/colcon_core/task/python/colcon_distutils_commands:/home/sudhindra/irc_2025/rover_essentials/install/auto_bridge/lib/python3.10/site-packages:${PYTHONPATH} /usr/bin/python3 -W ignore:setup.py install is deprecated setup.py egg_info --egg-base ../../build/auto_bridge build --build-base /home/sudhindra/irc_2025/rover_essentials/build/auto_bridge/build install --record /home/sudhindra/irc_2025/rover_essentials/build/auto_bridge/install.log --single-version-externally-managed install_data
[2.705s] DEBUG:colcon.colcon_core.event_handler.log_command:Invoking command in '/home/sudhindra/irc_2025/rover_essentials/src/bio_drill': PYTHONPATH=/home/sudhindra/irc_2025/rover_essentials/build/bio_drill/prefix_override:/usr/lib/python3/dist-packages/colcon_core/task/python/colcon_distutils_commands:/home/sudhindra/irc_2025/rover_essentials/install/bio_drill/lib/python3.10/site-packages:${PYTHONPATH} /usr/bin/python3 -W ignore:setup.py install is deprecated setup.py egg_info --egg-base ../../build/bio_drill build --build-base /home/sudhindra/irc_2025/rover_essentials/build/bio_drill/build install --record /home/sudhindra/irc_2025/rover_essentials/build/bio_drill/install.log --single-version-externally-managed install_data
[2.710s] DEBUG:colcon.colcon_core.event_handler.log_command:Invoking command in '/home/sudhindra/irc_2025/rover_essentials/src/joy_can': PYTHONPATH=/home/sudhindra/irc_2025/rover_essentials/build/joy_can/prefix_override:/usr/lib/python3/dist-packages/colcon_core/task/python/colcon_distutils_commands:/home/sudhindra/irc_2025/rover_essentials/install/joy_can/lib/python3.10/site-packages:${PYTHONPATH} /usr/bin/python3 -W ignore:setup.py install is deprecated setup.py egg_info --egg-base ../../build/joy_can build --build-base /home/sudhindra/irc_2025/rover_essentials/build/joy_can/build install --record /home/sudhindra/irc_2025/rover_essentials/build/joy_can/install.log --single-version-externally-managed install_data
[2.724s] DEBUG:colcon.colcon_core.event_handler.log_command:Invoking command in '/home/sudhindra/irc_2025/rover_essentials/src/realsense_servo': PYTHONPATH=/home/sudhindra/irc_2025/rover_essentials/build/realsense_servo/prefix_override:/usr/lib/python3/dist-packages/colcon_core/task/python/colcon_distutils_commands:/home/sudhindra/irc_2025/rover_essentials/install/realsense_servo/lib/python3.10/site-packages:${PYTHONPATH} /usr/bin/python3 -W ignore:setup.py install is deprecated setup.py egg_info --egg-base ../../build/realsense_servo build --build-base /home/sudhindra/irc_2025/rover_essentials/build/realsense_servo/build install --record /home/sudhindra/irc_2025/rover_essentials/build/realsense_servo/install.log --single-version-externally-managed install_data
[3.380s] DEBUG:colcon.colcon_core.event_handler.log_command:Invoked command in '/home/sudhindra/irc_2025/rover_essentials/src/bio_package' returned '0': PYTHONPATH=/home/sudhindra/irc_2025/rover_essentials/build/bio_package/prefix_override:/usr/lib/python3/dist-packages/colcon_core/task/python/colcon_distutils_commands:/home/sudhindra/irc_2025/rover_essentials/install/bio_package/lib/python3.10/site-packages:${PYTHONPATH} /usr/bin/python3 -W ignore:setup.py install is deprecated setup.py egg_info --egg-base ../../build/bio_package build --build-base /home/sudhindra/irc_2025/rover_essentials/build/bio_package/build install --record /home/sudhindra/irc_2025/rover_essentials/build/bio_package/install.log --single-version-externally-managed install_data
[3.382s] Level 1:colcon.colcon_core.environment:checking '/home/sudhindra/irc_2025/rover_essentials/install/bio_package' for CMake module files
[3.384s] Level 1:colcon.colcon_core.environment:checking '/home/sudhindra/irc_2025/rover_essentials/install/bio_package' for CMake config files
[3.386s] Level 1:colcon.colcon_core.environment:checking '/home/sudhindra/irc_2025/rover_essentials/install/bio_package/lib'
[3.386s] Level 1:colcon.colcon_core.environment:checking '/home/sudhindra/irc_2025/rover_essentials/install/bio_package/bin'
[3.386s] Level 1:colcon.colcon_core.environment:checking '/home/sudhindra/irc_2025/rover_essentials/install/bio_package/lib/pkgconfig/bio_package.pc'
[3.387s] Level 1:colcon.colcon_core.environment:checking '/home/sudhindra/irc_2025/rover_essentials/install/bio_package/lib/python3.10/site-packages'
[3.389s] Level 1:colcon.colcon_core.shell:create_environment_hook('bio_package', 'pythonpath')
[3.390s] INFO:colcon.colcon_core.shell:Creating environment hook '/home/sudhindra/irc_2025/rover_essentials/install/bio_package/share/bio_package/hook/pythonpath.ps1'
[3.391s] INFO:colcon.colcon_core.shell:Creating environment descriptor '/home/sudhindra/irc_2025/rover_essentials/install/bio_package/share/bio_package/hook/pythonpath.dsv'
[3.393s] INFO:colcon.colcon_core.shell:Creating environment hook '/home/sudhindra/irc_2025/rover_essentials/install/bio_package/share/bio_package/hook/pythonpath.sh'
[3.394s] Level 1:colcon.colcon_core.environment:checking '/home/sudhindra/irc_2025/rover_essentials/install/bio_package/bin'
[3.395s] Level 1:colcon.colcon_core.environment:create_environment_scripts_only(bio_package)
[3.396s] INFO:colcon.colcon_core.shell:Creating package script '/home/sudhindra/irc_2025/rover_essentials/install/bio_package/share/bio_package/package.ps1'
[3.400s] INFO:colcon.colcon_core.shell:Creating package descriptor '/home/sudhindra/irc_2025/rover_essentials/install/bio_package/share/bio_package/package.dsv'
[3.402s] INFO:colcon.colcon_core.shell:Creating package script '/home/sudhindra/irc_2025/rover_essentials/install/bio_package/share/bio_package/package.sh'
[3.405s] INFO:colcon.colcon_core.shell:Creating package script '/home/sudhindra/irc_2025/rover_essentials/install/bio_package/share/bio_package/package.bash'
[3.407s] INFO:colcon.colcon_core.shell:Creating package script '/home/sudhindra/irc_2025/rover_essentials/install/bio_package/share/bio_package/package.zsh'
[3.409s] Level 1:colcon.colcon_core.environment:create_file_with_runtime_dependencies(/home/sudhindra/irc_2025/rover_essentials/install/bio_package/share/colcon-core/packages/bio_package)
[3.412s] Level 1:colcon.colcon_core.environment:checking '/home/sudhindra/irc_2025/rover_essentials/install/auto_bridge' for CMake module files
[3.414s] DEBUG:colcon.colcon_core.event_handler.log_command:Invoked command in '/home/sudhindra/irc_2025/rover_essentials/src/auto_bridge' returned '0': PYTHONPATH=/home/sudhindra/irc_2025/rover_essentials/build/auto_bridge/prefix_override:/usr/lib/python3/dist-packages/colcon_core/task/python/colcon_distutils_commands:/home/sudhindra/irc_2025/rover_essentials/install/auto_bridge/lib/python3.10/site-packages:${PYTHONPATH} /usr/bin/python3 -W ignore:setup.py install is deprecated setup.py egg_info --egg-base ../../build/auto_bridge build --build-base /home/sudhindra/irc_2025/rover_essentials/build/auto_bridge/build install --record /home/sudhindra/irc_2025/rover_essentials/build/auto_bridge/install.log --single-version-externally-managed install_data
[3.414s] Level 1:colcon.colcon_core.environment:checking '/home/sudhindra/irc_2025/rover_essentials/install/auto_bridge' for CMake config files
[3.416s] Level 1:colcon.colcon_core.environment:checking '/home/sudhindra/irc_2025/rover_essentials/install/auto_bridge/lib'
[3.416s] Level 1:colcon.colcon_core.environment:checking '/home/sudhindra/irc_2025/rover_essentials/install/auto_bridge/bin'
[3.416s] Level 1:colcon.colcon_core.environment:checking '/home/sudhindra/irc_2025/rover_essentials/install/auto_bridge/lib/pkgconfig/auto_bridge.pc'
[3.417s] Level 1:colcon.colcon_core.environment:checking '/home/sudhindra/irc_2025/rover_essentials/install/auto_bridge/lib/python3.10/site-packages'
[3.417s] Level 1:colcon.colcon_core.shell:create_environment_hook('auto_bridge', 'pythonpath')
[3.417s] INFO:colcon.colcon_core.shell:Creating environment hook '/home/sudhindra/irc_2025/rover_essentials/install/auto_bridge/share/auto_bridge/hook/pythonpath.ps1'
[3.418s] INFO:colcon.colcon_core.shell:Creating environment descriptor '/home/sudhindra/irc_2025/rover_essentials/install/auto_bridge/share/auto_bridge/hook/pythonpath.dsv'
[3.419s] INFO:colcon.colcon_core.shell:Creating environment hook '/home/sudhindra/irc_2025/rover_essentials/install/auto_bridge/share/auto_bridge/hook/pythonpath.sh'
[3.421s] Level 1:colcon.colcon_core.environment:checking '/home/sudhindra/irc_2025/rover_essentials/install/auto_bridge/bin'
[3.421s] Level 1:colcon.colcon_core.environment:create_environment_scripts_only(auto_bridge)
[3.422s] INFO:colcon.colcon_core.shell:Creating package script '/home/sudhindra/irc_2025/rover_essentials/install/auto_bridge/share/auto_bridge/package.ps1'
[3.423s] INFO:colcon.colcon_core.shell:Creating package descriptor '/home/sudhindra/irc_2025/rover_essentials/install/auto_bridge/share/auto_bridge/package.dsv'
[3.424s] INFO:colcon.colcon_core.shell:Creating package script '/home/sudhindra/irc_2025/rover_essentials/install/auto_bridge/share/auto_bridge/package.sh'
[3.425s] INFO:colcon.colcon_core.shell:Creating package script '/home/sudhindra/irc_2025/rover_essentials/install/auto_bridge/share/auto_bridge/package.bash'
[3.426s] INFO:colcon.colcon_core.shell:Creating package script '/home/sudhindra/irc_2025/rover_essentials/install/auto_bridge/share/auto_bridge/package.zsh'
[3.427s] Level 1:colcon.colcon_core.environment:create_file_with_runtime_dependencies(/home/sudhindra/irc_2025/rover_essentials/install/auto_bridge/share/colcon-core/packages/auto_bridge)
[3.515s] Level 1:colcon.colcon_core.environment:checking '/home/sudhindra/irc_2025/rover_essentials/install/fpv_pkg' for CMake module files
[3.517s] DEBUG:colcon.colcon_core.event_handler.log_command:Invoked command in '/home/sudhindra/irc_2025/rover_essentials/src/fpv_pkg' returned '0': PYTHONPATH=/home/sudhindra/irc_2025/rover_essentials/build/fpv_pkg/prefix_override:/usr/lib/python3/dist-packages/colcon_core/task/python/colcon_distutils_commands:/home/sudhindra/irc_2025/rover_essentials/install/fpv_pkg/lib/python3.10/site-packages:${PYTHONPATH} /usr/bin/python3 -W ignore:setup.py install is deprecated setup.py egg_info --egg-base ../../build/fpv_pkg build --build-base /home/sudhindra/irc_2025/rover_essentials/build/fpv_pkg/build install --record /home/sudhindra/irc_2025/rover_essentials/build/fpv_pkg/install.log --single-version-externally-managed install_data
[3.519s] Level 1:colcon.colcon_core.environment:checking '/home/sudhindra/irc_2025/rover_essentials/install/fpv_pkg' for CMake config files
[3.521s] Level 1:colcon.colcon_core.environment:checking '/home/sudhindra/irc_2025/rover_essentials/install/fpv_pkg/lib'
[3.521s] Level 1:colcon.colcon_core.environment:checking '/home/sudhindra/irc_2025/rover_essentials/install/fpv_pkg/bin'
[3.522s] Level 1:colcon.colcon_core.environment:checking '/home/sudhindra/irc_2025/rover_essentials/install/fpv_pkg/lib/pkgconfig/fpv_pkg.pc'
[3.522s] Level 1:colcon.colcon_core.environment:checking '/home/sudhindra/irc_2025/rover_essentials/install/fpv_pkg/lib/python3.10/site-packages'
[3.522s] Level 1:colcon.colcon_core.shell:create_environment_hook('fpv_pkg', 'pythonpath')
[3.523s] INFO:colcon.colcon_core.shell:Creating environment hook '/home/sudhindra/irc_2025/rover_essentials/install/fpv_pkg/share/fpv_pkg/hook/pythonpath.ps1'
[3.527s] INFO:colcon.colcon_core.shell:Creating environment descriptor '/home/sudhindra/irc_2025/rover_essentials/install/fpv_pkg/share/fpv_pkg/hook/pythonpath.dsv'
[3.528s] INFO:colcon.colcon_core.shell:Creating environment hook '/home/sudhindra/irc_2025/rover_essentials/install/fpv_pkg/share/fpv_pkg/hook/pythonpath.sh'
[3.531s] Level 1:colcon.colcon_core.environment:checking '/home/sudhindra/irc_2025/rover_essentials/install/fpv_pkg/bin'
[3.531s] Level 1:colcon.colcon_core.environment:create_environment_scripts_only(fpv_pkg)
[3.532s] INFO:colcon.colcon_core.shell:Creating package script '/home/sudhindra/irc_2025/rover_essentials/install/fpv_pkg/share/fpv_pkg/package.ps1'
[3.534s] INFO:colcon.colcon_core.shell:Creating package descriptor '/home/sudhindra/irc_2025/rover_essentials/install/fpv_pkg/share/fpv_pkg/package.dsv'
[3.536s] INFO:colcon.colcon_core.shell:Creating package script '/home/sudhindra/irc_2025/rover_essentials/install/fpv_pkg/share/fpv_pkg/package.sh'
[3.537s] INFO:colcon.colcon_core.shell:Creating package script '/home/sudhindra/irc_2025/rover_essentials/install/fpv_pkg/share/fpv_pkg/package.bash'
[3.538s] INFO:colcon.colcon_core.shell:Creating package script '/home/sudhindra/irc_2025/rover_essentials/install/fpv_pkg/share/fpv_pkg/package.zsh'
[3.540s] Level 1:colcon.colcon_core.environment:create_file_with_runtime_dependencies(/home/sudhindra/irc_2025/rover_essentials/install/fpv_pkg/share/colcon-core/packages/fpv_pkg)
[3.612s] Level 1:colcon.colcon_core.environment:checking '/home/sudhindra/irc_2025/rover_essentials/install/joy_can' for CMake module files
[3.613s] DEBUG:colcon.colcon_core.event_handler.log_command:Invoked command in '/home/sudhindra/irc_2025/rover_essentials/src/joy_can' returned '0': PYTHONPATH=/home/sudhindra/irc_2025/rover_essentials/build/joy_can/prefix_override:/usr/lib/python3/dist-packages/colcon_core/task/python/colcon_distutils_commands:/home/sudhindra/irc_2025/rover_essentials/install/joy_can/lib/python3.10/site-packages:${PYTHONPATH} /usr/bin/python3 -W ignore:setup.py install is deprecated setup.py egg_info --egg-base ../../build/joy_can build --build-base /home/sudhindra/irc_2025/rover_essentials/build/joy_can/build install --record /home/sudhindra/irc_2025/rover_essentials/build/joy_can/install.log --single-version-externally-managed install_data
[3.614s] Level 1:colcon.colcon_core.environment:checking '/home/sudhindra/irc_2025/rover_essentials/install/joy_can' for CMake config files
[3.615s] Level 1:colcon.colcon_core.environment:checking '/home/sudhindra/irc_2025/rover_essentials/install/joy_can/lib'
[3.615s] Level 1:colcon.colcon_core.environment:checking '/home/sudhindra/irc_2025/rover_essentials/install/joy_can/bin'
[3.616s] Level 1:colcon.colcon_core.environment:checking '/home/sudhindra/irc_2025/rover_essentials/install/joy_can/lib/pkgconfig/joy_can.pc'
[3.616s] Level 1:colcon.colcon_core.environment:checking '/home/sudhindra/irc_2025/rover_essentials/install/joy_can/lib/python3.10/site-packages'
[3.616s] Level 1:colcon.colcon_core.shell:create_environment_hook('joy_can', 'pythonpath')
[3.617s] INFO:colcon.colcon_core.shell:Creating environment hook '/home/sudhindra/irc_2025/rover_essentials/install/joy_can/share/joy_can/hook/pythonpath.ps1'
[3.618s] INFO:colcon.colcon_core.shell:Creating environment descriptor '/home/sudhindra/irc_2025/rover_essentials/install/joy_can/share/joy_can/hook/pythonpath.dsv'
[3.619s] INFO:colcon.colcon_core.shell:Creating environment hook '/home/sudhindra/irc_2025/rover_essentials/install/joy_can/share/joy_can/hook/pythonpath.sh'
[3.621s] Level 1:colcon.colcon_core.environment:checking '/home/sudhindra/irc_2025/rover_essentials/install/joy_can/bin'
[3.621s] Level 1:colcon.colcon_core.environment:create_environment_scripts_only(joy_can)
[3.622s] INFO:colcon.colcon_core.shell:Creating package script '/home/sudhindra/irc_2025/rover_essentials/install/joy_can/share/joy_can/package.ps1'
[3.624s] INFO:colcon.colcon_core.shell:Creating package descriptor '/home/sudhindra/irc_2025/rover_essentials/install/joy_can/share/joy_can/package.dsv'
[3.625s] INFO:colcon.colcon_core.shell:Creating package script '/home/sudhindra/irc_2025/rover_essentials/install/joy_can/share/joy_can/package.sh'
[3.626s] INFO:colcon.colcon_core.shell:Creating package script '/home/sudhindra/irc_2025/rover_essentials/install/joy_can/share/joy_can/package.bash'
[3.627s] INFO:colcon.colcon_core.shell:Creating package script '/home/sudhindra/irc_2025/rover_essentials/install/joy_can/share/joy_can/package.zsh'
[3.627s] Level 1:colcon.colcon_core.environment:create_file_with_runtime_dependencies(/home/sudhindra/irc_2025/rover_essentials/install/joy_can/share/colcon-core/packages/joy_can)
[3.659s] Level 1:colcon.colcon_core.environment:checking '/home/sudhindra/irc_2025/rover_essentials/install/bio_drill' for CMake module files
[3.660s] DEBUG:colcon.colcon_core.event_handler.log_command:Invoked command in '/home/sudhindra/irc_2025/rover_essentials/src/bio_drill' returned '0': PYTHONPATH=/home/sudhindra/irc_2025/rover_essentials/build/bio_drill/prefix_override:/usr/lib/python3/dist-packages/colcon_core/task/python/colcon_distutils_commands:/home/sudhindra/irc_2025/rover_essentials/install/bio_drill/lib/python3.10/site-packages:${PYTHONPATH} /usr/bin/python3 -W ignore:setup.py install is deprecated setup.py egg_info --egg-base ../../build/bio_drill build --build-base /home/sudhindra/irc_2025/rover_essentials/build/bio_drill/build install --record /home/sudhindra/irc_2025/rover_essentials/build/bio_drill/install.log --single-version-externally-managed install_data
[3.661s] Level 1:colcon.colcon_core.environment:checking '/home/sudhindra/irc_2025/rover_essentials/install/bio_drill' for CMake config files
[3.662s] Level 1:colcon.colcon_core.environment:checking '/home/sudhindra/irc_2025/rover_essentials/install/bio_drill/lib'
[3.662s] Level 1:colcon.colcon_core.environment:checking '/home/sudhindra/irc_2025/rover_essentials/install/bio_drill/bin'
[3.662s] Level 1:colcon.colcon_core.environment:checking '/home/sudhindra/irc_2025/rover_essentials/install/bio_drill/lib/pkgconfig/bio_drill.pc'
[3.662s] Level 1:colcon.colcon_core.environment:checking '/home/sudhindra/irc_2025/rover_essentials/install/bio_drill/lib/python3.10/site-packages'
[3.663s] Level 1:colcon.colcon_core.shell:create_environment_hook('bio_drill', 'pythonpath')
[3.663s] INFO:colcon.colcon_core.shell:Creating environment hook '/home/sudhindra/irc_2025/rover_essentials/install/bio_drill/share/bio_drill/hook/pythonpath.ps1'
[3.664s] INFO:colcon.colcon_core.shell:Creating environment descriptor '/home/sudhindra/irc_2025/rover_essentials/install/bio_drill/share/bio_drill/hook/pythonpath.dsv'
[3.664s] INFO:colcon.colcon_core.shell:Creating environment hook '/home/sudhindra/irc_2025/rover_essentials/install/bio_drill/share/bio_drill/hook/pythonpath.sh'
[3.665s] Level 1:colcon.colcon_core.environment:checking '/home/sudhindra/irc_2025/rover_essentials/install/bio_drill/bin'
[3.665s] Level 1:colcon.colcon_core.environment:create_environment_scripts_only(bio_drill)
[3.666s] INFO:colcon.colcon_core.shell:Creating package script '/home/sudhindra/irc_2025/rover_essentials/install/bio_drill/share/bio_drill/package.ps1'
[3.667s] INFO:colcon.colcon_core.shell:Creating package descriptor '/home/sudhindra/irc_2025/rover_essentials/install/bio_drill/share/bio_drill/package.dsv'
[3.668s] INFO:colcon.colcon_core.shell:Creating package script '/home/sudhindra/irc_2025/rover_essentials/install/bio_drill/share/bio_drill/package.sh'
[3.669s] INFO:colcon.colcon_core.shell:Creating package script '/home/sudhindra/irc_2025/rover_essentials/install/bio_drill/share/bio_drill/package.bash'
[3.669s] INFO:colcon.colcon_core.shell:Creating package script '/home/sudhindra/irc_2025/rover_essentials/install/bio_drill/share/bio_drill/package.zsh'
[3.670s] Level 1:colcon.colcon_core.environment:create_file_with_runtime_dependencies(/home/sudhindra/irc_2025/rover_essentials/install/bio_drill/share/colcon-core/packages/bio_drill)
[3.681s] Level 1:colcon.colcon_core.environment:checking '/home/sudhindra/irc_2025/rover_essentials/install/realsense_servo' for CMake module files
[3.682s] DEBUG:colcon.colcon_core.event_handler.log_command:Invoked command in '/home/sudhindra/irc_2025/rover_essentials/src/realsense_servo' returned '0': PYTHONPATH=/home/sudhindra/irc_2025/rover_essentials/build/realsense_servo/prefix_override:/usr/lib/python3/dist-packages/colcon_core/task/python/colcon_distutils_commands:/home/sudhindra/irc_2025/rover_essentials/install/realsense_servo/lib/python3.10/site-packages:${PYTHONPATH} /usr/bin/python3 -W ignore:setup.py install is deprecated setup.py egg_info --egg-base ../../build/realsense_servo build --build-base /home/sudhindra/irc_2025/rover_essentials/build/realsense_servo/build install --record /home/sudhindra/irc_2025/rover_essentials/build/realsense_servo/install.log --single-version-externally-managed install_data
[3.683s] Level 1:colcon.colcon_core.environment:checking '/home/sudhindra/irc_2025/rover_essentials/install/realsense_servo' for CMake config files
[3.684s] Level 1:colcon.colcon_core.environment:checking '/home/sudhindra/irc_2025/rover_essentials/install/realsense_servo/lib'
[3.684s] Level 1:colcon.colcon_core.environment:checking '/home/sudhindra/irc_2025/rover_essentials/install/realsense_servo/bin'
[3.684s] Level 1:colcon.colcon_core.environment:checking '/home/sudhindra/irc_2025/rover_essentials/install/realsense_servo/lib/pkgconfig/realsense_servo.pc'
[3.684s] Level 1:colcon.colcon_core.environment:checking '/home/sudhindra/irc_2025/rover_essentials/install/realsense_servo/lib/python3.10/site-packages'
[3.685s] Level 1:colcon.colcon_core.shell:create_environment_hook('realsense_servo', 'pythonpath')
[3.685s] INFO:colcon.colcon_core.shell:Creating environment hook '/home/sudhindra/irc_2025/rover_essentials/install/realsense_servo/share/realsense_servo/hook/pythonpath.ps1'
[3.686s] INFO:colcon.colcon_core.shell:Creating environment descriptor '/home/sudhindra/irc_2025/rover_essentials/install/realsense_servo/share/realsense_servo/hook/pythonpath.dsv'
[3.687s] INFO:colcon.colcon_core.shell:Creating environment hook '/home/sudhindra/irc_2025/rover_essentials/install/realsense_servo/share/realsense_servo/hook/pythonpath.sh'
[3.688s] Level 1:colcon.colcon_core.environment:checking '/home/sudhindra/irc_2025/rover_essentials/install/realsense_servo/bin'
[3.688s] Level 1:colcon.colcon_core.environment:create_environment_scripts_only(realsense_servo)
[3.689s] INFO:colcon.colcon_core.shell:Creating package script '/home/sudhindra/irc_2025/rover_essentials/install/realsense_servo/share/realsense_servo/package.ps1'
[3.689s] INFO:colcon.colcon_core.shell:Creating package descriptor '/home/sudhindra/irc_2025/rover_essentials/install/realsense_servo/share/realsense_servo/package.dsv'
[3.690s] INFO:colcon.colcon_core.shell:Creating package script '/home/sudhindra/irc_2025/rover_essentials/install/realsense_servo/share/realsense_servo/package.sh'
[3.691s] INFO:colcon.colcon_core.shell:Creating package script '/home/sudhindra/irc_2025/rover_essentials/install/realsense_servo/share/realsense_servo/package.bash'
[3.692s] INFO:colcon.colcon_core.shell:Creating package script '/home/sudhindra/irc_2025/rover_essentials/install/realsense_servo/share/realsense_servo/package.zsh'
[3.692s] Level 1:colcon.colcon_core.environment:create_file_with_runtime_dependencies(/home/sudhindra/irc_2025/rover_essentials/install/realsense_servo/share/colcon-core/packages/realsense_servo)
[4.695s] DEBUG:colcon.colcon_core.event_handler.log_command:Invoked command in '/home/sudhindra/irc_2025/rover_essentials/build/msg_interfaces' returned '0': CMAKE_PREFIX_PATH=${CMAKE_PREFIX_PATH}:/opt/ros/humble /usr/bin/cmake /home/sudhindra/irc_2025/rover_essentials/src/msg_interfaces -DCMAKE_INSTALL_PREFIX=/home/sudhindra/irc_2025/rover_essentials/install/msg_interfaces
[4.697s] DEBUG:colcon.colcon_core.event_handler.log_command:Invoking command in '/home/sudhindra/irc_2025/rover_essentials/build/msg_interfaces': CMAKE_PREFIX_PATH=${CMAKE_PREFIX_PATH}:/opt/ros/humble /usr/bin/cmake --build /home/sudhindra/irc_2025/rover_essentials/build/msg_interfaces -- -j8 -l8
[13.236s] DEBUG:colcon.colcon_core.event_handler.log_command:Invoked command in '/home/sudhindra/irc_2025/rover_essentials/build/msg_interfaces' returned '0': CMAKE_PREFIX_PATH=${CMAKE_PREFIX_PATH}:/opt/ros/humble /usr/bin/cmake --build /home/sudhindra/irc_2025/rover_essentials/build/msg_interfaces -- -j8 -l8
[13.415s] DEBUG:colcon.colcon_core.event_handler.log_command:Invoking command in '/home/sudhindra/irc_2025/rover_essentials/build/msg_interfaces': CMAKE_PREFIX_PATH=${CMAKE_PREFIX_PATH}:/opt/ros/humble /usr/bin/cmake --install /home/sudhindra/irc_2025/rover_essentials/build/msg_interfaces
[13.513s] Level 1:colcon.colcon_core.environment:create_environment_scripts_only(msg_interfaces)
[13.514s] Level 1:colcon.colcon_core.environment:checking '/home/sudhindra/irc_2025/rover_essentials/install/msg_interfaces' for CMake module files
[13.514s] DEBUG:colcon.colcon_core.event_handler.log_command:Invoked command in '/home/sudhindra/irc_2025/rover_essentials/build/msg_interfaces' returned '0': CMAKE_PREFIX_PATH=${CMAKE_PREFIX_PATH}:/opt/ros/humble /usr/bin/cmake --install /home/sudhindra/irc_2025/rover_essentials/build/msg_interfaces
[13.515s] Level 1:colcon.colcon_core.environment:checking '/home/sudhindra/irc_2025/rover_essentials/install/msg_interfaces' for CMake config files
[13.515s] Level 1:colcon.colcon_core.shell:create_environment_hook('msg_interfaces', 'cmake_prefix_path')
[13.516s] INFO:colcon.colcon_core.shell:Creating environment hook '/home/sudhindra/irc_2025/rover_essentials/install/msg_interfaces/share/msg_interfaces/hook/cmake_prefix_path.ps1'
[13.516s] INFO:colcon.colcon_core.shell:Creating environment descriptor '/home/sudhindra/irc_2025/rover_essentials/install/msg_interfaces/share/msg_interfaces/hook/cmake_prefix_path.dsv'
[13.517s] INFO:colcon.colcon_core.shell:Creating environment hook '/home/sudhindra/irc_2025/rover_essentials/install/msg_interfaces/share/msg_interfaces/hook/cmake_prefix_path.sh'
[13.517s] Level 1:colcon.colcon_core.environment:checking '/home/sudhindra/irc_2025/rover_essentials/install/msg_interfaces/lib'
[13.517s] Level 1:colcon.colcon_core.shell:create_environment_hook('msg_interfaces', 'ld_library_path_lib')
[13.518s] INFO:colcon.colcon_core.shell:Creating environment hook '/home/sudhindra/irc_2025/rover_essentials/install/msg_interfaces/share/msg_interfaces/hook/ld_library_path_lib.ps1'
[13.518s] INFO:colcon.colcon_core.shell:Creating environment descriptor '/home/sudhindra/irc_2025/rover_essentials/install/msg_interfaces/share/msg_interfaces/hook/ld_library_path_lib.dsv'
[13.518s] INFO:colcon.colcon_core.shell:Creating environment hook '/home/sudhindra/irc_2025/rover_essentials/install/msg_interfaces/share/msg_interfaces/hook/ld_library_path_lib.sh'
[13.519s] Level 1:colcon.colcon_core.environment:checking '/home/sudhindra/irc_2025/rover_essentials/install/msg_interfaces/bin'
[13.519s] Level 1:colcon.colcon_core.environment:checking '/home/sudhindra/irc_2025/rover_essentials/install/msg_interfaces/lib/pkgconfig/msg_interfaces.pc'
[13.519s] Level 1:colcon.colcon_core.environment:checking '/home/sudhindra/irc_2025/rover_essentials/install/msg_interfaces/lib/python3.10/site-packages'
[13.519s] Level 1:colcon.colcon_core.shell:create_environment_hook('msg_interfaces', 'pythonpath')
[13.520s] INFO:colcon.colcon_core.shell:Creating environment hook '/home/sudhindra/irc_2025/rover_essentials/install/msg_interfaces/share/msg_interfaces/hook/pythonpath.ps1'
[13.520s] INFO:colcon.colcon_core.shell:Creating environment descriptor '/home/sudhindra/irc_2025/rover_essentials/install/msg_interfaces/share/msg_interfaces/hook/pythonpath.dsv'
[13.520s] INFO:colcon.colcon_core.shell:Creating environment hook '/home/sudhindra/irc_2025/rover_essentials/install/msg_interfaces/share/msg_interfaces/hook/pythonpath.sh'
[13.521s] Level 1:colcon.colcon_core.environment:checking '/home/sudhindra/irc_2025/rover_essentials/install/msg_interfaces/bin'
[13.522s] INFO:colcon.colcon_core.shell:Creating package script '/home/sudhindra/irc_2025/rover_essentials/install/msg_interfaces/share/msg_interfaces/package.ps1'
[13.522s] INFO:colcon.colcon_core.shell:Creating package descriptor '/home/sudhindra/irc_2025/rover_essentials/install/msg_interfaces/share/msg_interfaces/package.dsv'
[13.523s] INFO:colcon.colcon_core.shell:Creating package script '/home/sudhindra/irc_2025/rover_essentials/install/msg_interfaces/share/msg_interfaces/package.sh'
[13.523s] INFO:colcon.colcon_core.shell:Creating package script '/home/sudhindra/irc_2025/rover_essentials/install/msg_interfaces/share/msg_interfaces/package.bash'
[13.524s] INFO:colcon.colcon_core.shell:Creating package script '/home/sudhindra/irc_2025/rover_essentials/install/msg_interfaces/share/msg_interfaces/package.zsh'
[13.524s] Level 1:colcon.colcon_core.environment:create_file_with_runtime_dependencies(/home/sudhindra/irc_2025/rover_essentials/install/msg_interfaces/share/colcon-core/packages/msg_interfaces)
[13.735s] Level 1:colcon.colcon_core.environment:create_environment_scripts_only(msg_interfaces)
[13.735s] Level 1:colcon.colcon_core.environment:checking '/home/sudhindra/irc_2025/rover_essentials/install/msg_interfaces' for CMake module files
[13.736s] Level 1:colcon.colcon_core.environment:checking '/home/sudhindra/irc_2025/rover_essentials/install/msg_interfaces' for CMake config files
[13.737s] Level 1:colcon.colcon_core.shell:create_environment_hook('msg_interfaces', 'cmake_prefix_path')
[13.737s] INFO:colcon.colcon_core.shell:Creating environment hook '/home/sudhindra/irc_2025/rover_essentials/install/msg_interfaces/share/msg_interfaces/hook/cmake_prefix_path.ps1'
[13.738s] INFO:colcon.colcon_core.shell:Creating environment descriptor '/home/sudhindra/irc_2025/rover_essentials/install/msg_interfaces/share/msg_interfaces/hook/cmake_prefix_path.dsv'
[13.738s] INFO:colcon.colcon_core.shell:Creating environment hook '/home/sudhindra/irc_2025/rover_essentials/install/msg_interfaces/share/msg_interfaces/hook/cmake_prefix_path.sh'
[13.739s] Level 1:colcon.colcon_core.environment:checking '/home/sudhindra/irc_2025/rover_essentials/install/msg_interfaces/lib'
[13.739s] Level 1:colcon.colcon_core.shell:create_environment_hook('msg_interfaces', 'ld_library_path_lib')
[13.739s] INFO:colcon.colcon_core.shell:Creating environment hook '/home/sudhindra/irc_2025/rover_essentials/install/msg_interfaces/share/msg_interfaces/hook/ld_library_path_lib.ps1'
[13.740s] INFO:colcon.colcon_core.shell:Creating environment descriptor '/home/sudhindra/irc_2025/rover_essentials/install/msg_interfaces/share/msg_interfaces/hook/ld_library_path_lib.dsv'
[13.740s] INFO:colcon.colcon_core.shell:Creating environment hook '/home/sudhindra/irc_2025/rover_essentials/install/msg_interfaces/share/msg_interfaces/hook/ld_library_path_lib.sh'
[13.740s] Level 1:colcon.colcon_core.environment:checking '/home/sudhindra/irc_2025/rover_essentials/install/msg_interfaces/bin'
[13.740s] Level 1:colcon.colcon_core.environment:checking '/home/sudhindra/irc_2025/rover_essentials/install/msg_interfaces/lib/pkgconfig/msg_interfaces.pc'
[13.741s] Level 1:colcon.colcon_core.environment:checking '/home/sudhindra/irc_2025/rover_essentials/install/msg_interfaces/lib/python3.10/site-packages'
[13.741s] Level 1:colcon.colcon_core.shell:create_environment_hook('msg_interfaces', 'pythonpath')
[13.741s] INFO:colcon.colcon_core.shell:Creating environment hook '/home/sudhindra/irc_2025/rover_essentials/install/msg_interfaces/share/msg_interfaces/hook/pythonpath.ps1'
[13.742s] INFO:colcon.colcon_core.shell:Creating environment descriptor '/home/sudhindra/irc_2025/rover_essentials/install/msg_interfaces/share/msg_interfaces/hook/pythonpath.dsv'
[13.742s] INFO:colcon.colcon_core.shell:Creating environment hook '/home/sudhindra/irc_2025/rover_essentials/install/msg_interfaces/share/msg_interfaces/hook/pythonpath.sh'
[13.743s] Level 1:colcon.colcon_core.environment:checking '/home/sudhindra/irc_2025/rover_essentials/install/msg_interfaces/bin'
[13.743s] INFO:colcon.colcon_core.shell:Creating package script '/home/sudhindra/irc_2025/rover_essentials/install/msg_interfaces/share/msg_interfaces/package.ps1'
[13.744s] INFO:colcon.colcon_core.shell:Creating package descriptor '/home/sudhindra/irc_2025/rover_essentials/install/msg_interfaces/share/msg_interfaces/package.dsv'
[13.745s] INFO:colcon.colcon_core.shell:Creating package script '/home/sudhindra/irc_2025/rover_essentials/install/msg_interfaces/share/msg_interfaces/package.sh'
[13.745s] INFO:colcon.colcon_core.shell:Creating package script '/home/sudhindra/irc_2025/rover_essentials/install/msg_interfaces/share/msg_interfaces/package.bash'
[13.746s] INFO:colcon.colcon_core.shell:Creating package script '/home/sudhindra/irc_2025/rover_essentials/install/msg_interfaces/share/msg_interfaces/package.zsh'
[13.746s] Level 1:colcon.colcon_core.environment:create_file_with_runtime_dependencies(/home/sudhindra/irc_2025/rover_essentials/install/msg_interfaces/share/colcon-core/packages/msg_interfaces)
[13.747s] DEBUG:colcon.colcon_parallel_executor.executor.parallel:closing loop
[13.747s] DEBUG:colcon.colcon_parallel_executor.executor.parallel:loop closed
[13.747s] DEBUG:colcon.colcon_parallel_executor.executor.parallel:run_until_complete finished with '0'
[13.748s] DEBUG:colcon.colcon_core.event_reactor:joining thread
[13.754s] INFO:colcon.colcon_core.plugin_system:Skipping extension 'colcon_notification.desktop_notification.terminal_notifier': Not used on non-Darwin systems
[13.754s] INFO:colcon.colcon_core.plugin_system:Skipping extension 'colcon_notification.desktop_notification.win32': Not used on non-Windows systems
[13.754s] INFO:colcon.colcon_notification.desktop_notification:Sending desktop notification using 'notify2'
[13.768s] DEBUG:colcon.colcon_core.event_reactor:joined thread
[13.768s] INFO:colcon.colcon_core.shell:Creating prefix script '/home/sudhindra/irc_2025/rover_essentials/install/local_setup.ps1'
[13.769s] INFO:colcon.colcon_core.shell:Creating prefix util module '/home/sudhindra/irc_2025/rover_essentials/install/_local_setup_util_ps1.py'
[13.772s] INFO:colcon.colcon_core.shell:Creating prefix chain script '/home/sudhindra/irc_2025/rover_essentials/install/setup.ps1'
[13.773s] INFO:colcon.colcon_core.shell:Creating prefix script '/home/sudhindra/irc_2025/rover_essentials/install/local_setup.sh'
[13.774s] INFO:colcon.colcon_core.shell:Creating prefix util module '/home/sudhindra/irc_2025/rover_essentials/install/_local_setup_util_sh.py'
[13.775s] INFO:colcon.colcon_core.shell:Creating prefix chain script '/home/sudhindra/irc_2025/rover_essentials/install/setup.sh'
[13.776s] INFO:colcon.colcon_core.shell:Creating prefix script '/home/sudhindra/irc_2025/rover_essentials/install/local_setup.bash'
[13.777s] INFO:colcon.colcon_core.shell:Creating prefix chain script '/home/sudhindra/irc_2025/rover_essentials/install/setup.bash'
[13.778s] INFO:colcon.colcon_core.shell:Creating prefix script '/home/sudhindra/irc_2025/rover_essentials/install/local_setup.zsh'
[13.779s] INFO:colcon.colcon_core.shell:Creating prefix chain script '/home/sudhindra/irc_2025/rover_essentials/install/setup.zsh'
