[2.345s] Invoking command in '/home/sudhindra/irc_2025/rover_essentials/src/realsense_servo': PYTHONPATH=/home/sudhindra/irc_2025/rover_essentials/build/realsense_servo/prefix_override:/usr/lib/python3/dist-packages/colcon_core/task/python/colcon_distutils_commands:/home/sudhindra/irc_2025/rover_essentials/install/realsense_servo/lib/python3.10/site-packages:${PYTHONPATH} /usr/bin/python3 -W ignore:setup.py install is deprecated setup.py egg_info --egg-base ../../build/realsense_servo build --build-base /home/sudhindra/irc_2025/rover_essentials/build/realsense_servo/build install --record /home/sudhindra/irc_2025/rover_essentials/build/realsense_servo/install.log --single-version-externally-managed install_data
[3.172s] running egg_info
[3.174s] writing ../../build/realsense_servo/realsense_servo.egg-info/PKG-INFO
[3.175s] writing dependency_links to ../../build/realsense_servo/realsense_servo.egg-info/dependency_links.txt
[3.175s] writing entry points to ../../build/realsense_servo/realsense_servo.egg-info/entry_points.txt
[3.175s] writing requirements to ../../build/realsense_servo/realsense_servo.egg-info/requires.txt
[3.175s] writing top-level names to ../../build/realsense_servo/realsense_servo.egg-info/top_level.txt
[3.180s] reading manifest file '../../build/realsense_servo/realsense_servo.egg-info/SOURCES.txt'
[3.183s] writing manifest file '../../build/realsense_servo/realsense_servo.egg-info/SOURCES.txt'
[3.183s] running build
[3.184s] running build_py
[3.184s] copying realsense_servo/real_servo.py -> /home/sudhindra/irc_2025/rover_essentials/build/realsense_servo/build/lib/realsense_servo
[3.184s] running install
[3.185s] running install_lib
[3.187s] copying /home/sudhindra/irc_2025/rover_essentials/build/realsense_servo/build/lib/realsense_servo/real_servo.py -> /home/sudhindra/irc_2025/rover_essentials/install/realsense_servo/lib/python3.10/site-packages/realsense_servo
[3.188s] byte-compiling /home/sudhindra/irc_2025/rover_essentials/install/realsense_servo/lib/python3.10/site-packages/realsense_servo/real_servo.py to real_servo.cpython-310.pyc
[3.190s] running install_data
[3.190s] running install_egg_info
[3.195s] removing '/home/sudhindra/irc_2025/rover_essentials/install/realsense_servo/lib/python3.10/site-packages/realsense_servo-0.0.0-py3.10.egg-info' (and everything under it)
[3.196s] Copying ../../build/realsense_servo/realsense_servo.egg-info to /home/sudhindra/irc_2025/rover_essentials/install/realsense_servo/lib/python3.10/site-packages/realsense_servo-0.0.0-py3.10.egg-info
[3.198s] running install_scripts
[3.256s] Installing real_servo script to /home/sudhindra/irc_2025/rover_essentials/install/realsense_servo/lib/realsense_servo
[3.257s] writing list of installed files to '/home/sudhindra/irc_2025/rover_essentials/build/realsense_servo/install.log'
[3.303s] Invoked command in '/home/sudhindra/irc_2025/rover_essentials/src/realsense_servo' returned '0': PYTHONPATH=/home/sudhindra/irc_2025/rover_essentials/build/realsense_servo/prefix_override:/usr/lib/python3/dist-packages/colcon_core/task/python/colcon_distutils_commands:/home/sudhindra/irc_2025/rover_essentials/install/realsense_servo/lib/python3.10/site-packages:${PYTHONPATH} /usr/bin/python3 -W ignore:setup.py install is deprecated setup.py egg_info --egg-base ../../build/realsense_servo build --build-base /home/sudhindra/irc_2025/rover_essentials/build/realsense_servo/build install --record /home/sudhindra/irc_2025/rover_essentials/build/realsense_servo/install.log --single-version-externally-managed install_data
