running egg_info
writing ../../build/bio_drill/bio_drill.egg-info/PKG-INFO
writing dependency_links to ../../build/bio_drill/bio_drill.egg-info/dependency_links.txt
writing entry points to ../../build/bio_drill/bio_drill.egg-info/entry_points.txt
writing requirements to ../../build/bio_drill/bio_drill.egg-info/requires.txt
writing top-level names to ../../build/bio_drill/bio_drill.egg-info/top_level.txt
reading manifest file '../../build/bio_drill/bio_drill.egg-info/SOURCES.txt'
adding license file 'LICENSE'
writing manifest file '../../build/bio_drill/bio_drill.egg-info/SOURCES.txt'
running build
running build_py
running install
running install_lib
running install_data
running install_egg_info
removing '/home/sudhindra/irc/rover_essentials/install/bio_drill/lib/python3.10/site-packages/bio_drill-0.0.0-py3.10.egg-info' (and everything under it)
Copying ../../build/bio_drill/bio_drill.egg-info to /home/sudhindra/irc/rover_essentials/install/bio_drill/lib/python3.10/site-packages/bio_drill-0.0.0-py3.10.egg-info
running install_scripts
Installing auto_drill script to /home/sudhindra/irc/rover_essentials/install/bio_drill/lib/bio_drill
Installing cache_box script to /home/sudhindra/irc/rover_essentials/install/bio_drill/lib/bio_drill
Installing drill script to /home/sudhindra/irc/rover_essentials/install/bio_drill/lib/bio_drill
writing list of installed files to '/home/sudhindra/irc/rover_essentials/build/bio_drill/install.log'
