[2.191s] Invoking command in '/home/sudhindra/irc/rover_essentials/src/bio_drill': PYTHONPATH=/home/sudhindra/irc/rover_essentials/build/bio_drill/prefix_override:/usr/lib/python3/dist-packages/colcon_core/task/python/colcon_distutils_commands:/home/sudhindra/irc/rover_essentials/install/bio_drill/lib/python3.10/site-packages:${PYTHONPATH} /usr/bin/python3 -W ignore:setup.py install is deprecated setup.py egg_info --egg-base ../../build/bio_drill build --build-base /home/sudhindra/irc/rover_essentials/build/bio_drill/build install --record /home/sudhindra/irc/rover_essentials/build/bio_drill/install.log --single-version-externally-managed install_data
[2.543s] running egg_info
[2.544s] writing ../../build/bio_drill/bio_drill.egg-info/PKG-INFO
[2.544s] writing dependency_links to ../../build/bio_drill/bio_drill.egg-info/dependency_links.txt
[2.544s] writing entry points to ../../build/bio_drill/bio_drill.egg-info/entry_points.txt
[2.544s] writing requirements to ../../build/bio_drill/bio_drill.egg-info/requires.txt
[2.544s] writing top-level names to ../../build/bio_drill/bio_drill.egg-info/top_level.txt
[2.546s] reading manifest file '../../build/bio_drill/bio_drill.egg-info/SOURCES.txt'
[2.546s] adding license file 'LICENSE'
[2.547s] writing manifest file '../../build/bio_drill/bio_drill.egg-info/SOURCES.txt'
[2.548s] running build
[2.548s] running build_py
[2.548s] running install
[2.548s] running install_lib
[2.550s] running install_data
[2.550s] running install_egg_info
[2.552s] removing '/home/sudhindra/irc/rover_essentials/install/bio_drill/lib/python3.10/site-packages/bio_drill-0.0.0-py3.10.egg-info' (and everything under it)
[2.552s] Copying ../../build/bio_drill/bio_drill.egg-info to /home/sudhindra/irc/rover_essentials/install/bio_drill/lib/python3.10/site-packages/bio_drill-0.0.0-py3.10.egg-info
[2.553s] running install_scripts
[2.575s] Installing auto_drill script to /home/sudhindra/irc/rover_essentials/install/bio_drill/lib/bio_drill
[2.575s] Installing cache_box script to /home/sudhindra/irc/rover_essentials/install/bio_drill/lib/bio_drill
[2.575s] Installing drill script to /home/sudhindra/irc/rover_essentials/install/bio_drill/lib/bio_drill
[2.575s] writing list of installed files to '/home/sudhindra/irc/rover_essentials/build/bio_drill/install.log'
[2.615s] Invoked command in '/home/sudhindra/irc/rover_essentials/src/bio_drill' returned '0': PYTHONPATH=/home/sudhindra/irc/rover_essentials/build/bio_drill/prefix_override:/usr/lib/python3/dist-packages/colcon_core/task/python/colcon_distutils_commands:/home/sudhindra/irc/rover_essentials/install/bio_drill/lib/python3.10/site-packages:${PYTHONPATH} /usr/bin/python3 -W ignore:setup.py install is deprecated setup.py egg_info --egg-base ../../build/bio_drill build --build-base /home/sudhindra/irc/rover_essentials/build/bio_drill/build install --record /home/sudhindra/irc/rover_essentials/build/bio_drill/install.log --single-version-externally-managed install_data
